[0.064s] DEBUG:colcon:Command line arguments: ['/usr/bin/colcon', 'build']
[0.064s] DEBUG:colcon:Parsed command line arguments: Namespace(log_base=None, log_level=None, verb_name='build', build_base='build', install_base='install', merge_install=False, symlink_install=False, test_result_base=None, continue_on_error=False, executor='parallel', parallel_workers=12, event_handlers=None, ignore_user_meta=False, metas=['./colcon.meta'], base_paths=['.'], packages_ignore=None, packages_ignore_regex=None, paths=None, packages_up_to=None, packages_up_to_regex=None, packages_above=None, packages_above_and_dependencies=None, packages_above_depth=None, packages_select_by_dep=None, packages_skip_by_dep=None, packages_skip_up_to=None, packages_select_build_failed=False, packages_skip_build_finished=False, packages_select_test_failures=False, packages_skip_test_passed=False, packages_select=None, packages_skip=None, packages_select_regex=None, packages_skip_regex=None, packages_start=None, packages_end=None, allow_overriding=[], cmake_args=None, cmake_target=None, cmake_target_skip_unavailable=False, cmake_clean_cache=False, cmake_clean_first=False, cmake_force_configure=False, ament_cmake_args=None, catkin_cmake_args=None, catkin_skip_building_tests=False, mixin_files=None, mixin=None, verb_parser=<colcon_mixin.mixin.mixin_argument.MixinArgumentDecorator object at 0x7d857167cd60>, verb_extension=<colcon_core.verb.build.BuildVerb object at 0x7d857167c850>, main=<bound method BuildVerb.main of <colcon_core.verb.build.BuildVerb object at 0x7d857167c850>>, mixin_verb=('build',))
[0.165s] Level 1:colcon.colcon_core.package_discovery:discover_packages(colcon_meta) check parameters
[0.165s] Level 1:colcon.colcon_core.package_discovery:discover_packages(recursive) check parameters
[0.165s] Level 1:colcon.colcon_core.package_discovery:discover_packages(ignore) check parameters
[0.165s] Level 1:colcon.colcon_core.package_discovery:discover_packages(path) check parameters
[0.165s] Level 1:colcon.colcon_core.package_discovery:discover_packages(colcon_meta) discover
[0.165s] Level 1:colcon.colcon_core.package_discovery:discover_packages(recursive) discover
[0.165s] INFO:colcon.colcon_core.package_discovery:Crawling recursively for packages in '/home/mscrobotics2425laptop3/Robotics_Team2'
[0.165s] Level 1:colcon.colcon_core.package_identification:_identify(.) by extensions ['ignore', 'ignore_ament_install']
[0.165s] Level 1:colcon.colcon_core.package_identification:_identify(.) by extension 'ignore'
[0.165s] Level 1:colcon.colcon_core.package_identification:_identify(.) by extension 'ignore_ament_install'
[0.165s] Level 1:colcon.colcon_core.package_identification:_identify(.) by extensions ['colcon_pkg']
[0.165s] Level 1:colcon.colcon_core.package_identification:_identify(.) by extension 'colcon_pkg'
[0.165s] Level 1:colcon.colcon_core.package_identification:_identify(.) by extensions ['colcon_meta']
[0.165s] Level 1:colcon.colcon_core.package_identification:_identify(.) by extension 'colcon_meta'
[0.165s] Level 1:colcon.colcon_core.package_identification:_identify(.) by extensions ['ros']
[0.165s] Level 1:colcon.colcon_core.package_identification:_identify(.) by extension 'ros'
[0.178s] Level 1:colcon.colcon_core.package_identification:_identify(.) by extensions ['cmake', 'python']
[0.178s] Level 1:colcon.colcon_core.package_identification:_identify(.) by extension 'cmake'
[0.178s] Level 1:colcon.colcon_core.package_identification:_identify(.) by extension 'python'
[0.178s] Level 1:colcon.colcon_core.package_identification:_identify(.) by extensions ['python_setup_py']
[0.178s] Level 1:colcon.colcon_core.package_identification:_identify(.) by extension 'python_setup_py'
[0.179s] Level 1:colcon.colcon_core.package_identification:_identify(build) by extensions ['ignore', 'ignore_ament_install']
[0.179s] Level 1:colcon.colcon_core.package_identification:_identify(build) by extension 'ignore'
[0.179s] Level 1:colcon.colcon_core.package_identification:_identify(build) ignored
[0.179s] Level 1:colcon.colcon_core.package_identification:_identify(install) by extensions ['ignore', 'ignore_ament_install']
[0.179s] Level 1:colcon.colcon_core.package_identification:_identify(install) by extension 'ignore'
[0.179s] Level 1:colcon.colcon_core.package_identification:_identify(install) ignored
[0.179s] Level 1:colcon.colcon_core.package_identification:_identify(log) by extensions ['ignore', 'ignore_ament_install']
[0.179s] Level 1:colcon.colcon_core.package_identification:_identify(log) by extension 'ignore'
[0.179s] Level 1:colcon.colcon_core.package_identification:_identify(log) ignored
[0.179s] Level 1:colcon.colcon_core.package_identification:_identify(src) by extensions ['ignore', 'ignore_ament_install']
[0.179s] Level 1:colcon.colcon_core.package_identification:_identify(src) by extension 'ignore'
[0.179s] Level 1:colcon.colcon_core.package_identification:_identify(src) by extension 'ignore_ament_install'
[0.179s] Level 1:colcon.colcon_core.package_identification:_identify(src) by extensions ['colcon_pkg']
[0.179s] Level 1:colcon.colcon_core.package_identification:_identify(src) by extension 'colcon_pkg'
[0.179s] Level 1:colcon.colcon_core.package_identification:_identify(src) by extensions ['colcon_meta']
[0.179s] Level 1:colcon.colcon_core.package_identification:_identify(src) by extension 'colcon_meta'
[0.179s] Level 1:colcon.colcon_core.package_identification:_identify(src) by extensions ['ros']
[0.179s] Level 1:colcon.colcon_core.package_identification:_identify(src) by extension 'ros'
[0.179s] Level 1:colcon.colcon_core.package_identification:_identify(src) by extensions ['cmake', 'python']
[0.179s] Level 1:colcon.colcon_core.package_identification:_identify(src) by extension 'cmake'
[0.179s] Level 1:colcon.colcon_core.package_identification:_identify(src) by extension 'python'
[0.179s] Level 1:colcon.colcon_core.package_identification:_identify(src) by extensions ['python_setup_py']
[0.179s] Level 1:colcon.colcon_core.package_identification:_identify(src) by extension 'python_setup_py'
[0.179s] Level 1:colcon.colcon_core.package_identification:_identify(src/controller) by extensions ['ignore', 'ignore_ament_install']
[0.179s] Level 1:colcon.colcon_core.package_identification:_identify(src/controller) by extension 'ignore'
[0.179s] Level 1:colcon.colcon_core.package_identification:_identify(src/controller) by extension 'ignore_ament_install'
[0.179s] Level 1:colcon.colcon_core.package_identification:_identify(src/controller) by extensions ['colcon_pkg']
[0.179s] Level 1:colcon.colcon_core.package_identification:_identify(src/controller) by extension 'colcon_pkg'
[0.179s] Level 1:colcon.colcon_core.package_identification:_identify(src/controller) by extensions ['colcon_meta']
[0.179s] Level 1:colcon.colcon_core.package_identification:_identify(src/controller) by extension 'colcon_meta'
[0.179s] Level 1:colcon.colcon_core.package_identification:_identify(src/controller) by extensions ['ros']
[0.179s] Level 1:colcon.colcon_core.package_identification:_identify(src/controller) by extension 'ros'
[0.181s] DEBUG:colcon.colcon_core.package_identification:Package 'src/controller' with type 'ros.ament_python' and name 'controller'
[0.181s] Level 1:colcon.colcon_core.package_identification:_identify(src/documents) by extensions ['ignore', 'ignore_ament_install']
[0.181s] Level 1:colcon.colcon_core.package_identification:_identify(src/documents) by extension 'ignore'
[0.181s] Level 1:colcon.colcon_core.package_identification:_identify(src/documents) by extension 'ignore_ament_install'
[0.181s] Level 1:colcon.colcon_core.package_identification:_identify(src/documents) by extensions ['colcon_pkg']
[0.181s] Level 1:colcon.colcon_core.package_identification:_identify(src/documents) by extension 'colcon_pkg'
[0.181s] Level 1:colcon.colcon_core.package_identification:_identify(src/documents) by extensions ['colcon_meta']
[0.181s] Level 1:colcon.colcon_core.package_identification:_identify(src/documents) by extension 'colcon_meta'
[0.181s] Level 1:colcon.colcon_core.package_identification:_identify(src/documents) by extensions ['ros']
[0.181s] Level 1:colcon.colcon_core.package_identification:_identify(src/documents) by extension 'ros'
[0.181s] Level 1:colcon.colcon_core.package_identification:_identify(src/documents) by extensions ['cmake', 'python']
[0.181s] Level 1:colcon.colcon_core.package_identification:_identify(src/documents) by extension 'cmake'
[0.181s] Level 1:colcon.colcon_core.package_identification:_identify(src/documents) by extension 'python'
[0.181s] Level 1:colcon.colcon_core.package_identification:_identify(src/documents) by extensions ['python_setup_py']
[0.181s] Level 1:colcon.colcon_core.package_identification:_identify(src/documents) by extension 'python_setup_py'
[0.181s] Level 1:colcon.colcon_core.package_identification:_identify(src/fake_arm) by extensions ['ignore', 'ignore_ament_install']
[0.181s] Level 1:colcon.colcon_core.package_identification:_identify(src/fake_arm) by extension 'ignore'
[0.181s] Level 1:colcon.colcon_core.package_identification:_identify(src/fake_arm) by extension 'ignore_ament_install'
[0.181s] Level 1:colcon.colcon_core.package_identification:_identify(src/fake_arm) by extensions ['colcon_pkg']
[0.181s] Level 1:colcon.colcon_core.package_identification:_identify(src/fake_arm) by extension 'colcon_pkg'
[0.181s] Level 1:colcon.colcon_core.package_identification:_identify(src/fake_arm) by extensions ['colcon_meta']
[0.181s] Level 1:colcon.colcon_core.package_identification:_identify(src/fake_arm) by extension 'colcon_meta'
[0.181s] Level 1:colcon.colcon_core.package_identification:_identify(src/fake_arm) by extensions ['ros']
[0.181s] Level 1:colcon.colcon_core.package_identification:_identify(src/fake_arm) by extension 'ros'
[0.182s] DEBUG:colcon.colcon_core.package_identification:Package 'src/fake_arm' with type 'ros.ament_python' and name 'fake_arm'
[0.182s] Level 1:colcon.colcon_core.package_identification:_identify(src/images) by extensions ['ignore', 'ignore_ament_install']
[0.182s] Level 1:colcon.colcon_core.package_identification:_identify(src/images) by extension 'ignore'
[0.182s] Level 1:colcon.colcon_core.package_identification:_identify(src/images) by extension 'ignore_ament_install'
[0.182s] Level 1:colcon.colcon_core.package_identification:_identify(src/images) by extensions ['colcon_pkg']
[0.182s] Level 1:colcon.colcon_core.package_identification:_identify(src/images) by extension 'colcon_pkg'
[0.182s] Level 1:colcon.colcon_core.package_identification:_identify(src/images) by extensions ['colcon_meta']
[0.182s] Level 1:colcon.colcon_core.package_identification:_identify(src/images) by extension 'colcon_meta'
[0.182s] Level 1:colcon.colcon_core.package_identification:_identify(src/images) by extensions ['ros']
[0.182s] Level 1:colcon.colcon_core.package_identification:_identify(src/images) by extension 'ros'
[0.182s] Level 1:colcon.colcon_core.package_identification:_identify(src/images) by extensions ['cmake', 'python']
[0.182s] Level 1:colcon.colcon_core.package_identification:_identify(src/images) by extension 'cmake'
[0.182s] Level 1:colcon.colcon_core.package_identification:_identify(src/images) by extension 'python'
[0.182s] Level 1:colcon.colcon_core.package_identification:_identify(src/images) by extensions ['python_setup_py']
[0.182s] Level 1:colcon.colcon_core.package_identification:_identify(src/images) by extension 'python_setup_py'
[0.182s] Level 1:colcon.colcon_core.package_identification:_identify(src/manipulator) by extensions ['ignore', 'ignore_ament_install']
[0.182s] Level 1:colcon.colcon_core.package_identification:_identify(src/manipulator) by extension 'ignore'
[0.182s] Level 1:colcon.colcon_core.package_identification:_identify(src/manipulator) by extension 'ignore_ament_install'
[0.182s] Level 1:colcon.colcon_core.package_identification:_identify(src/manipulator) by extensions ['colcon_pkg']
[0.182s] Level 1:colcon.colcon_core.package_identification:_identify(src/manipulator) by extension 'colcon_pkg'
[0.182s] Level 1:colcon.colcon_core.package_identification:_identify(src/manipulator) by extensions ['colcon_meta']
[0.182s] Level 1:colcon.colcon_core.package_identification:_identify(src/manipulator) by extension 'colcon_meta'
[0.182s] Level 1:colcon.colcon_core.package_identification:_identify(src/manipulator) by extensions ['ros']
[0.182s] Level 1:colcon.colcon_core.package_identification:_identify(src/manipulator) by extension 'ros'
[0.183s] DEBUG:colcon.colcon_core.package_identification:Package 'src/manipulator' with type 'ros.ament_python' and name 'manipulator'
[0.183s] Level 1:colcon.colcon_core.package_identification:_identify(src/object_detection) by extensions ['ignore', 'ignore_ament_install']
[0.183s] Level 1:colcon.colcon_core.package_identification:_identify(src/object_detection) by extension 'ignore'
[0.183s] Level 1:colcon.colcon_core.package_identification:_identify(src/object_detection) by extension 'ignore_ament_install'
[0.183s] Level 1:colcon.colcon_core.package_identification:_identify(src/object_detection) by extensions ['colcon_pkg']
[0.183s] Level 1:colcon.colcon_core.package_identification:_identify(src/object_detection) by extension 'colcon_pkg'
[0.183s] Level 1:colcon.colcon_core.package_identification:_identify(src/object_detection) by extensions ['colcon_meta']
[0.183s] Level 1:colcon.colcon_core.package_identification:_identify(src/object_detection) by extension 'colcon_meta'
[0.183s] Level 1:colcon.colcon_core.package_identification:_identify(src/object_detection) by extensions ['ros']
[0.183s] Level 1:colcon.colcon_core.package_identification:_identify(src/object_detection) by extension 'ros'
[0.183s] DEBUG:colcon.colcon_core.package_identification:Package 'src/object_detection' with type 'ros.ament_python' and name 'object_detection'
[0.183s] Level 1:colcon.colcon_core.package_identification:_identify(src/package_with_interfaces) by extensions ['ignore', 'ignore_ament_install']
[0.183s] Level 1:colcon.colcon_core.package_identification:_identify(src/package_with_interfaces) by extension 'ignore'
[0.183s] Level 1:colcon.colcon_core.package_identification:_identify(src/package_with_interfaces) by extension 'ignore_ament_install'
[0.183s] Level 1:colcon.colcon_core.package_identification:_identify(src/package_with_interfaces) by extensions ['colcon_pkg']
[0.183s] Level 1:colcon.colcon_core.package_identification:_identify(src/package_with_interfaces) by extension 'colcon_pkg'
[0.183s] Level 1:colcon.colcon_core.package_identification:_identify(src/package_with_interfaces) by extensions ['colcon_meta']
[0.183s] Level 1:colcon.colcon_core.package_identification:_identify(src/package_with_interfaces) by extension 'colcon_meta'
[0.183s] Level 1:colcon.colcon_core.package_identification:_identify(src/package_with_interfaces) by extensions ['ros']
[0.183s] Level 1:colcon.colcon_core.package_identification:_identify(src/package_with_interfaces) by extension 'ros'
[0.184s] DEBUG:colcon.colcon_core.package_identification:Package 'src/package_with_interfaces' with type 'ros.ament_cmake' and name 'package_with_interfaces'
[0.184s] Level 1:colcon.colcon_core.package_identification:_identify(src/rpLidar_lab) by extensions ['ignore', 'ignore_ament_install']
[0.184s] Level 1:colcon.colcon_core.package_identification:_identify(src/rpLidar_lab) by extension 'ignore'
[0.184s] Level 1:colcon.colcon_core.package_identification:_identify(src/rpLidar_lab) by extension 'ignore_ament_install'
[0.184s] Level 1:colcon.colcon_core.package_identification:_identify(src/rpLidar_lab) by extensions ['colcon_pkg']
[0.184s] Level 1:colcon.colcon_core.package_identification:_identify(src/rpLidar_lab) by extension 'colcon_pkg'
[0.184s] Level 1:colcon.colcon_core.package_identification:_identify(src/rpLidar_lab) by extensions ['colcon_meta']
[0.184s] Level 1:colcon.colcon_core.package_identification:_identify(src/rpLidar_lab) by extension 'colcon_meta'
[0.184s] Level 1:colcon.colcon_core.package_identification:_identify(src/rpLidar_lab) by extensions ['ros']
[0.184s] Level 1:colcon.colcon_core.package_identification:_identify(src/rpLidar_lab) by extension 'ros'
[0.184s] DEBUG:colcon.colcon_core.package_identification:Package 'src/rpLidar_lab' with type 'ros.ament_python' and name 'rpLidar_lab'
[0.184s] Level 1:colcon.colcon_core.package_identification:_identify(src/start_node) by extensions ['ignore', 'ignore_ament_install']
[0.184s] Level 1:colcon.colcon_core.package_identification:_identify(src/start_node) by extension 'ignore'
[0.185s] Level 1:colcon.colcon_core.package_identification:_identify(src/start_node) by extension 'ignore_ament_install'
[0.185s] Level 1:colcon.colcon_core.package_identification:_identify(src/start_node) by extensions ['colcon_pkg']
[0.185s] Level 1:colcon.colcon_core.package_identification:_identify(src/start_node) by extension 'colcon_pkg'
[0.185s] Level 1:colcon.colcon_core.package_identification:_identify(src/start_node) by extensions ['colcon_meta']
[0.185s] Level 1:colcon.colcon_core.package_identification:_identify(src/start_node) by extension 'colcon_meta'
[0.185s] Level 1:colcon.colcon_core.package_identification:_identify(src/start_node) by extensions ['ros']
[0.185s] Level 1:colcon.colcon_core.package_identification:_identify(src/start_node) by extension 'ros'
[0.185s] DEBUG:colcon.colcon_core.package_identification:Package 'src/start_node' with type 'ros.ament_python' and name 'start_node'
[0.185s] Level 1:colcon.colcon_core.package_identification:_identify(src/team2_nav) by extensions ['ignore', 'ignore_ament_install']
[0.185s] Level 1:colcon.colcon_core.package_identification:_identify(src/team2_nav) by extension 'ignore'
[0.185s] Level 1:colcon.colcon_core.package_identification:_identify(src/team2_nav) by extension 'ignore_ament_install'
[0.185s] Level 1:colcon.colcon_core.package_identification:_identify(src/team2_nav) by extensions ['colcon_pkg']
[0.185s] Level 1:colcon.colcon_core.package_identification:_identify(src/team2_nav) by extension 'colcon_pkg'
[0.185s] Level 1:colcon.colcon_core.package_identification:_identify(src/team2_nav) by extensions ['colcon_meta']
[0.185s] Level 1:colcon.colcon_core.package_identification:_identify(src/team2_nav) by extension 'colcon_meta'
[0.185s] Level 1:colcon.colcon_core.package_identification:_identify(src/team2_nav) by extensions ['ros']
[0.185s] Level 1:colcon.colcon_core.package_identification:_identify(src/team2_nav) by extension 'ros'
[0.186s] DEBUG:colcon.colcon_core.package_identification:Package 'src/team2_nav' with type 'ros.ament_python' and name 'team2_nav'
[0.186s] Level 1:colcon.colcon_core.package_discovery:discover_packages(recursive) using defaults
[0.186s] Level 1:colcon.colcon_core.package_discovery:discover_packages(ignore) discover
[0.186s] Level 1:colcon.colcon_core.package_discovery:discover_packages(ignore) using defaults
[0.186s] Level 1:colcon.colcon_core.package_discovery:discover_packages(path) discover
[0.186s] Level 1:colcon.colcon_core.package_discovery:discover_packages(path) using defaults
[0.198s] Level 1:colcon.colcon_core.package_discovery:discover_packages(prefix_path) check parameters
[0.198s] Level 1:colcon.colcon_core.package_discovery:discover_packages(prefix_path) discover
[0.200s] DEBUG:colcon.colcon_installed_package_information.package_discovery:Found 8 installed packages in /home/mscrobotics2425laptop3/Robotics_Team2/install
[0.200s] DEBUG:colcon.colcon_installed_package_information.package_discovery:Found 34 installed packages in /home/mscrobotics2425laptop3/interbotix_ws/install
[0.201s] DEBUG:colcon.colcon_installed_package_information.package_discovery:Found 1 installed packages in /home/mscrobotics2425laptop3/apriltag_ws/install
[0.202s] DEBUG:colcon.colcon_installed_package_information.package_discovery:Found 406 installed packages in /opt/ros/humble
[0.203s] Level 1:colcon.colcon_core.package_discovery:discover_packages(prefix_path) using defaults
[0.235s] Level 5:colcon.colcon_core.verb:set package 'controller' build argument 'cmake_args' from command line to 'None'
[0.235s] Level 5:colcon.colcon_core.verb:set package 'controller' build argument 'cmake_target' from command line to 'None'
[0.235s] Level 5:colcon.colcon_core.verb:set package 'controller' build argument 'cmake_target_skip_unavailable' from command line to 'False'
[0.235s] Level 5:colcon.colcon_core.verb:set package 'controller' build argument 'cmake_clean_cache' from command line to 'False'
[0.235s] Level 5:colcon.colcon_core.verb:set package 'controller' build argument 'cmake_clean_first' from command line to 'False'
[0.235s] Level 5:colcon.colcon_core.verb:set package 'controller' build argument 'cmake_force_configure' from command line to 'False'
[0.235s] Level 5:colcon.colcon_core.verb:set package 'controller' build argument 'ament_cmake_args' from command line to 'None'
[0.235s] Level 5:colcon.colcon_core.verb:set package 'controller' build argument 'catkin_cmake_args' from command line to 'None'
[0.235s] Level 5:colcon.colcon_core.verb:set package 'controller' build argument 'catkin_skip_building_tests' from command line to 'False'
[0.235s] DEBUG:colcon.colcon_core.verb:Building package 'controller' with the following arguments: {'ament_cmake_args': None, 'build_base': '/home/mscrobotics2425laptop3/Robotics_Team2/build/controller', 'catkin_cmake_args': None, 'catkin_skip_building_tests': False, 'cmake_args': None, 'cmake_clean_cache': False, 'cmake_clean_first': False, 'cmake_force_configure': False, 'cmake_target': None, 'cmake_target_skip_unavailable': False, 'install_base': '/home/mscrobotics2425laptop3/Robotics_Team2/install/controller', 'merge_install': False, 'path': '/home/mscrobotics2425laptop3/Robotics_Team2/src/controller', 'symlink_install': False, 'test_result_base': None}
[0.235s] Level 5:colcon.colcon_core.verb:set package 'fake_arm' build argument 'cmake_args' from command line to 'None'
[0.235s] Level 5:colcon.colcon_core.verb:set package 'fake_arm' build argument 'cmake_target' from command line to 'None'
[0.235s] Level 5:colcon.colcon_core.verb:set package 'fake_arm' build argument 'cmake_target_skip_unavailable' from command line to 'False'
[0.235s] Level 5:colcon.colcon_core.verb:set package 'fake_arm' build argument 'cmake_clean_cache' from command line to 'False'
[0.235s] Level 5:colcon.colcon_core.verb:set package 'fake_arm' build argument 'cmake_clean_first' from command line to 'False'
[0.235s] Level 5:colcon.colcon_core.verb:set package 'fake_arm' build argument 'cmake_force_configure' from command line to 'False'
[0.235s] Level 5:colcon.colcon_core.verb:set package 'fake_arm' build argument 'ament_cmake_args' from command line to 'None'
[0.235s] Level 5:colcon.colcon_core.verb:set package 'fake_arm' build argument 'catkin_cmake_args' from command line to 'None'
[0.235s] Level 5:colcon.colcon_core.verb:set package 'fake_arm' build argument 'catkin_skip_building_tests' from command line to 'False'
[0.235s] DEBUG:colcon.colcon_core.verb:Building package 'fake_arm' with the following arguments: {'ament_cmake_args': None, 'build_base': '/home/mscrobotics2425laptop3/Robotics_Team2/build/fake_arm', 'catkin_cmake_args': None, 'catkin_skip_building_tests': False, 'cmake_args': None, 'cmake_clean_cache': False, 'cmake_clean_first': False, 'cmake_force_configure': False, 'cmake_target': None, 'cmake_target_skip_unavailable': False, 'install_base': '/home/mscrobotics2425laptop3/Robotics_Team2/install/fake_arm', 'merge_install': False, 'path': '/home/mscrobotics2425laptop3/Robotics_Team2/src/fake_arm', 'symlink_install': False, 'test_result_base': None}
[0.236s] Level 5:colcon.colcon_core.verb:set package 'object_detection' build argument 'cmake_args' from command line to 'None'
[0.236s] Level 5:colcon.colcon_core.verb:set package 'object_detection' build argument 'cmake_target' from command line to 'None'
[0.236s] Level 5:colcon.colcon_core.verb:set package 'object_detection' build argument 'cmake_target_skip_unavailable' from command line to 'False'
[0.236s] Level 5:colcon.colcon_core.verb:set package 'object_detection' build argument 'cmake_clean_cache' from command line to 'False'
[0.236s] Level 5:colcon.colcon_core.verb:set package 'object_detection' build argument 'cmake_clean_first' from command line to 'False'
[0.236s] Level 5:colcon.colcon_core.verb:set package 'object_detection' build argument 'cmake_force_configure' from command line to 'False'
[0.236s] Level 5:colcon.colcon_core.verb:set package 'object_detection' build argument 'ament_cmake_args' from command line to 'None'
[0.236s] Level 5:colcon.colcon_core.verb:set package 'object_detection' build argument 'catkin_cmake_args' from command line to 'None'
[0.236s] Level 5:colcon.colcon_core.verb:set package 'object_detection' build argument 'catkin_skip_building_tests' from command line to 'False'
[0.236s] DEBUG:colcon.colcon_core.verb:Building package 'object_detection' with the following arguments: {'ament_cmake_args': None, 'build_base': '/home/mscrobotics2425laptop3/Robotics_Team2/build/object_detection', 'catkin_cmake_args': None, 'catkin_skip_building_tests': False, 'cmake_args': None, 'cmake_clean_cache': False, 'cmake_clean_first': False, 'cmake_force_configure': False, 'cmake_target': None, 'cmake_target_skip_unavailable': False, 'install_base': '/home/mscrobotics2425laptop3/Robotics_Team2/install/object_detection', 'merge_install': False, 'path': '/home/mscrobotics2425laptop3/Robotics_Team2/src/object_detection', 'symlink_install': False, 'test_result_base': None}
[0.236s] Level 5:colcon.colcon_core.verb:set package 'package_with_interfaces' build argument 'cmake_args' from command line to 'None'
[0.236s] Level 5:colcon.colcon_core.verb:set package 'package_with_interfaces' build argument 'cmake_target' from command line to 'None'
[0.236s] Level 5:colcon.colcon_core.verb:set package 'package_with_interfaces' build argument 'cmake_target_skip_unavailable' from command line to 'False'
[0.236s] Level 5:colcon.colcon_core.verb:set package 'package_with_interfaces' build argument 'cmake_clean_cache' from command line to 'False'
[0.236s] Level 5:colcon.colcon_core.verb:set package 'package_with_interfaces' build argument 'cmake_clean_first' from command line to 'False'
[0.236s] Level 5:colcon.colcon_core.verb:set package 'package_with_interfaces' build argument 'cmake_force_configure' from command line to 'False'
[0.236s] Level 5:colcon.colcon_core.verb:set package 'package_with_interfaces' build argument 'ament_cmake_args' from command line to 'None'
[0.236s] Level 5:colcon.colcon_core.verb:set package 'package_with_interfaces' build argument 'catkin_cmake_args' from command line to 'None'
[0.236s] Level 5:colcon.colcon_core.verb:set package 'package_with_interfaces' build argument 'catkin_skip_building_tests' from command line to 'False'
[0.236s] DEBUG:colcon.colcon_core.verb:Building package 'package_with_interfaces' with the following arguments: {'ament_cmake_args': None, 'build_base': '/home/mscrobotics2425laptop3/Robotics_Team2/build/package_with_interfaces', 'catkin_cmake_args': None, 'catkin_skip_building_tests': False, 'cmake_args': None, 'cmake_clean_cache': False, 'cmake_clean_first': False, 'cmake_force_configure': False, 'cmake_target': None, 'cmake_target_skip_unavailable': False, 'install_base': '/home/mscrobotics2425laptop3/Robotics_Team2/install/package_with_interfaces', 'merge_install': False, 'path': '/home/mscrobotics2425laptop3/Robotics_Team2/src/package_with_interfaces', 'symlink_install': False, 'test_result_base': None}
[0.236s] Level 5:colcon.colcon_core.verb:set package 'rpLidar_lab' build argument 'cmake_args' from command line to 'None'
[0.236s] Level 5:colcon.colcon_core.verb:set package 'rpLidar_lab' build argument 'cmake_target' from command line to 'None'
[0.236s] Level 5:colcon.colcon_core.verb:set package 'rpLidar_lab' build argument 'cmake_target_skip_unavailable' from command line to 'False'
[0.236s] Level 5:colcon.colcon_core.verb:set package 'rpLidar_lab' build argument 'cmake_clean_cache' from command line to 'False'
[0.236s] Level 5:colcon.colcon_core.verb:set package 'rpLidar_lab' build argument 'cmake_clean_first' from command line to 'False'
[0.236s] Level 5:colcon.colcon_core.verb:set package 'rpLidar_lab' build argument 'cmake_force_configure' from command line to 'False'
[0.236s] Level 5:colcon.colcon_core.verb:set package 'rpLidar_lab' build argument 'ament_cmake_args' from command line to 'None'
[0.236s] Level 5:colcon.colcon_core.verb:set package 'rpLidar_lab' build argument 'catkin_cmake_args' from command line to 'None'
[0.236s] Level 5:colcon.colcon_core.verb:set package 'rpLidar_lab' build argument 'catkin_skip_building_tests' from command line to 'False'
[0.236s] DEBUG:colcon.colcon_core.verb:Building package 'rpLidar_lab' with the following arguments: {'ament_cmake_args': None, 'build_base': '/home/mscrobotics2425laptop3/Robotics_Team2/build/rpLidar_lab', 'catkin_cmake_args': None, 'catkin_skip_building_tests': False, 'cmake_args': None, 'cmake_clean_cache': False, 'cmake_clean_first': False, 'cmake_force_configure': False, 'cmake_target': None, 'cmake_target_skip_unavailable': False, 'install_base': '/home/mscrobotics2425laptop3/Robotics_Team2/install/rpLidar_lab', 'merge_install': False, 'path': '/home/mscrobotics2425laptop3/Robotics_Team2/src/rpLidar_lab', 'symlink_install': False, 'test_result_base': None}
[0.236s] Level 5:colcon.colcon_core.verb:set package 'start_node' build argument 'cmake_args' from command line to 'None'
[0.236s] Level 5:colcon.colcon_core.verb:set package 'start_node' build argument 'cmake_target' from command line to 'None'
[0.236s] Level 5:colcon.colcon_core.verb:set package 'start_node' build argument 'cmake_target_skip_unavailable' from command line to 'False'
[0.236s] Level 5:colcon.colcon_core.verb:set package 'start_node' build argument 'cmake_clean_cache' from command line to 'False'
[0.236s] Level 5:colcon.colcon_core.verb:set package 'start_node' build argument 'cmake_clean_first' from command line to 'False'
[0.236s] Level 5:colcon.colcon_core.verb:set package 'start_node' build argument 'cmake_force_configure' from command line to 'False'
[0.236s] Level 5:colcon.colcon_core.verb:set package 'start_node' build argument 'ament_cmake_args' from command line to 'None'
[0.236s] Level 5:colcon.colcon_core.verb:set package 'start_node' build argument 'catkin_cmake_args' from command line to 'None'
[0.236s] Level 5:colcon.colcon_core.verb:set package 'start_node' build argument 'catkin_skip_building_tests' from command line to 'False'
[0.236s] DEBUG:colcon.colcon_core.verb:Building package 'start_node' with the following arguments: {'ament_cmake_args': None, 'build_base': '/home/mscrobotics2425laptop3/Robotics_Team2/build/start_node', 'catkin_cmake_args': None, 'catkin_skip_building_tests': False, 'cmake_args': None, 'cmake_clean_cache': False, 'cmake_clean_first': False, 'cmake_force_configure': False, 'cmake_target': None, 'cmake_target_skip_unavailable': False, 'install_base': '/home/mscrobotics2425laptop3/Robotics_Team2/install/start_node', 'merge_install': False, 'path': '/home/mscrobotics2425laptop3/Robotics_Team2/src/start_node', 'symlink_install': False, 'test_result_base': None}
[0.237s] Level 5:colcon.colcon_core.verb:set package 'team2_nav' build argument 'cmake_args' from command line to 'None'
[0.237s] Level 5:colcon.colcon_core.verb:set package 'team2_nav' build argument 'cmake_target' from command line to 'None'
[0.237s] Level 5:colcon.colcon_core.verb:set package 'team2_nav' build argument 'cmake_target_skip_unavailable' from command line to 'False'
[0.237s] Level 5:colcon.colcon_core.verb:set package 'team2_nav' build argument 'cmake_clean_cache' from command line to 'False'
[0.237s] Level 5:colcon.colcon_core.verb:set package 'team2_nav' build argument 'cmake_clean_first' from command line to 'False'
[0.237s] Level 5:colcon.colcon_core.verb:set package 'team2_nav' build argument 'cmake_force_configure' from command line to 'False'
[0.237s] Level 5:colcon.colcon_core.verb:set package 'team2_nav' build argument 'ament_cmake_args' from command line to 'None'
[0.237s] Level 5:colcon.colcon_core.verb:set package 'team2_nav' build argument 'catkin_cmake_args' from command line to 'None'
[0.237s] Level 5:colcon.colcon_core.verb:set package 'team2_nav' build argument 'catkin_skip_building_tests' from command line to 'False'
[0.237s] DEBUG:colcon.colcon_core.verb:Building package 'team2_nav' with the following arguments: {'ament_cmake_args': None, 'build_base': '/home/mscrobotics2425laptop3/Robotics_Team2/build/team2_nav', 'catkin_cmake_args': None, 'catkin_skip_building_tests': False, 'cmake_args': None, 'cmake_clean_cache': False, 'cmake_clean_first': False, 'cmake_force_configure': False, 'cmake_target': None, 'cmake_target_skip_unavailable': False, 'install_base': '/home/mscrobotics2425laptop3/Robotics_Team2/install/team2_nav', 'merge_install': False, 'path': '/home/mscrobotics2425laptop3/Robotics_Team2/src/team2_nav', 'symlink_install': False, 'test_result_base': None}
[0.237s] Level 5:colcon.colcon_core.verb:set package 'manipulator' build argument 'cmake_args' from command line to 'None'
[0.237s] Level 5:colcon.colcon_core.verb:set package 'manipulator' build argument 'cmake_target' from command line to 'None'
[0.237s] Level 5:colcon.colcon_core.verb:set package 'manipulator' build argument 'cmake_target_skip_unavailable' from command line to 'False'
[0.237s] Level 5:colcon.colcon_core.verb:set package 'manipulator' build argument 'cmake_clean_cache' from command line to 'False'
[0.237s] Level 5:colcon.colcon_core.verb:set package 'manipulator' build argument 'cmake_clean_first' from command line to 'False'
[0.237s] Level 5:colcon.colcon_core.verb:set package 'manipulator' build argument 'cmake_force_configure' from command line to 'False'
[0.237s] Level 5:colcon.colcon_core.verb:set package 'manipulator' build argument 'ament_cmake_args' from command line to 'None'
[0.237s] Level 5:colcon.colcon_core.verb:set package 'manipulator' build argument 'catkin_cmake_args' from command line to 'None'
[0.237s] Level 5:colcon.colcon_core.verb:set package 'manipulator' build argument 'catkin_skip_building_tests' from command line to 'False'
[0.237s] DEBUG:colcon.colcon_core.verb:Building package 'manipulator' with the following arguments: {'ament_cmake_args': None, 'build_base': '/home/mscrobotics2425laptop3/Robotics_Team2/build/manipulator', 'catkin_cmake_args': None, 'catkin_skip_building_tests': False, 'cmake_args': None, 'cmake_clean_cache': False, 'cmake_clean_first': False, 'cmake_force_configure': False, 'cmake_target': None, 'cmake_target_skip_unavailable': False, 'install_base': '/home/mscrobotics2425laptop3/Robotics_Team2/install/manipulator', 'merge_install': False, 'path': '/home/mscrobotics2425laptop3/Robotics_Team2/src/manipulator', 'symlink_install': False, 'test_result_base': None}
[0.237s] INFO:colcon.colcon_core.executor:Executing jobs using 'parallel' executor
[0.238s] DEBUG:colcon.colcon_parallel_executor.executor.parallel:run_until_complete
[0.238s] INFO:colcon.colcon_ros.task.ament_cmake.build:Building ROS package in '/home/mscrobotics2425laptop3/Robotics_Team2/src/package_with_interfaces' with build type 'ament_cmake'
[0.238s] INFO:colcon.colcon_cmake.task.cmake.build:Building CMake package in '/home/mscrobotics2425laptop3/Robotics_Team2/src/package_with_interfaces'
[0.240s] INFO:colcon.colcon_core.plugin_system:Skipping extension 'colcon_core.shell.bat': Not used on non-Windows systems
[0.240s] INFO:colcon.colcon_core.shell:Skip shell extension 'powershell' for command environment: Not usable outside of PowerShell
[0.240s] DEBUG:colcon.colcon_core.shell:Skip shell extension 'dsv' for command environment
[0.243s] INFO:colcon.colcon_ros.task.ament_python.build:Building ROS package in '/home/mscrobotics2425laptop3/Robotics_Team2/src/controller' with build type 'ament_python'
[0.244s] Level 1:colcon.colcon_core.shell:create_environment_hook('controller', 'ament_prefix_path')
[0.244s] INFO:colcon.colcon_core.shell:Creating environment hook '/home/mscrobotics2425laptop3/Robotics_Team2/install/controller/share/controller/hook/ament_prefix_path.ps1'
[0.245s] INFO:colcon.colcon_core.shell:Creating environment descriptor '/home/mscrobotics2425laptop3/Robotics_Team2/install/controller/share/controller/hook/ament_prefix_path.dsv'
[0.246s] INFO:colcon.colcon_core.shell:Creating environment hook '/home/mscrobotics2425laptop3/Robotics_Team2/install/controller/share/controller/hook/ament_prefix_path.sh'
[0.247s] INFO:colcon.colcon_core.shell:Skip shell extension 'powershell' for command environment: Not usable outside of PowerShell
[0.247s] DEBUG:colcon.colcon_core.shell:Skip shell extension 'dsv' for command environment
[0.255s] INFO:colcon.colcon_ros.task.ament_python.build:Building ROS package in '/home/mscrobotics2425laptop3/Robotics_Team2/src/fake_arm' with build type 'ament_python'
[0.256s] Level 1:colcon.colcon_core.shell:create_environment_hook('fake_arm', 'ament_prefix_path')
[0.256s] INFO:colcon.colcon_core.shell:Creating environment hook '/home/mscrobotics2425laptop3/Robotics_Team2/install/fake_arm/share/fake_arm/hook/ament_prefix_path.ps1'
[0.257s] INFO:colcon.colcon_core.shell:Creating environment descriptor '/home/mscrobotics2425laptop3/Robotics_Team2/install/fake_arm/share/fake_arm/hook/ament_prefix_path.dsv'
[0.257s] INFO:colcon.colcon_core.shell:Creating environment hook '/home/mscrobotics2425laptop3/Robotics_Team2/install/fake_arm/share/fake_arm/hook/ament_prefix_path.sh'
[0.258s] INFO:colcon.colcon_core.shell:Skip shell extension 'powershell' for command environment: Not usable outside of PowerShell
[0.258s] DEBUG:colcon.colcon_core.shell:Skip shell extension 'dsv' for command environment
[0.265s] INFO:colcon.colcon_ros.task.ament_python.build:Building ROS package in '/home/mscrobotics2425laptop3/Robotics_Team2/src/object_detection' with build type 'ament_python'
[0.266s] Level 1:colcon.colcon_core.shell:create_environment_hook('object_detection', 'ament_prefix_path')
[0.266s] INFO:colcon.colcon_core.shell:Creating environment hook '/home/mscrobotics2425laptop3/Robotics_Team2/install/object_detection/share/object_detection/hook/ament_prefix_path.ps1'
[0.267s] INFO:colcon.colcon_core.shell:Creating environment descriptor '/home/mscrobotics2425laptop3/Robotics_Team2/install/object_detection/share/object_detection/hook/ament_prefix_path.dsv'
[0.268s] INFO:colcon.colcon_core.shell:Creating environment hook '/home/mscrobotics2425laptop3/Robotics_Team2/install/object_detection/share/object_detection/hook/ament_prefix_path.sh'
[0.268s] INFO:colcon.colcon_core.shell:Skip shell extension 'powershell' for command environment: Not usable outside of PowerShell
[0.268s] DEBUG:colcon.colcon_core.shell:Skip shell extension 'dsv' for command environment
[0.272s] INFO:colcon.colcon_ros.task.ament_python.build:Building ROS package in '/home/mscrobotics2425laptop3/Robotics_Team2/src/rpLidar_lab' with build type 'ament_python'
[0.272s] Level 1:colcon.colcon_core.shell:create_environment_hook('rpLidar_lab', 'ament_prefix_path')
[0.272s] INFO:colcon.colcon_core.shell:Creating environment hook '/home/mscrobotics2425laptop3/Robotics_Team2/install/rpLidar_lab/share/rpLidar_lab/hook/ament_prefix_path.ps1'
[0.272s] INFO:colcon.colcon_core.shell:Creating environment descriptor '/home/mscrobotics2425laptop3/Robotics_Team2/install/rpLidar_lab/share/rpLidar_lab/hook/ament_prefix_path.dsv'
[0.273s] INFO:colcon.colcon_core.shell:Creating environment hook '/home/mscrobotics2425laptop3/Robotics_Team2/install/rpLidar_lab/share/rpLidar_lab/hook/ament_prefix_path.sh'
[0.273s] INFO:colcon.colcon_core.shell:Skip shell extension 'powershell' for command environment: Not usable outside of PowerShell
[0.273s] DEBUG:colcon.colcon_core.shell:Skip shell extension 'dsv' for command environment
[0.278s] INFO:colcon.colcon_ros.task.ament_python.build:Building ROS package in '/home/mscrobotics2425laptop3/Robotics_Team2/src/start_node' with build type 'ament_python'
[0.278s] Level 1:colcon.colcon_core.shell:create_environment_hook('start_node', 'ament_prefix_path')
[0.279s] INFO:colcon.colcon_core.shell:Creating environment hook '/home/mscrobotics2425laptop3/Robotics_Team2/install/start_node/share/start_node/hook/ament_prefix_path.ps1'
[0.280s] INFO:colcon.colcon_core.shell:Creating environment descriptor '/home/mscrobotics2425laptop3/Robotics_Team2/install/start_node/share/start_node/hook/ament_prefix_path.dsv'
[0.281s] INFO:colcon.colcon_core.shell:Creating environment hook '/home/mscrobotics2425laptop3/Robotics_Team2/install/start_node/share/start_node/hook/ament_prefix_path.sh'
[0.281s] INFO:colcon.colcon_core.shell:Skip shell extension 'powershell' for command environment: Not usable outside of PowerShell
[0.281s] DEBUG:colcon.colcon_core.shell:Skip shell extension 'dsv' for command environment
[0.286s] INFO:colcon.colcon_ros.task.ament_python.build:Building ROS package in '/home/mscrobotics2425laptop3/Robotics_Team2/src/team2_nav' with build type 'ament_python'
[0.287s] Level 1:colcon.colcon_core.shell:create_environment_hook('team2_nav', 'ament_prefix_path')
[0.287s] INFO:colcon.colcon_core.shell:Creating environment hook '/home/mscrobotics2425laptop3/Robotics_Team2/install/team2_nav/share/team2_nav/hook/ament_prefix_path.ps1'
[0.288s] INFO:colcon.colcon_core.shell:Creating environment descriptor '/home/mscrobotics2425laptop3/Robotics_Team2/install/team2_nav/share/team2_nav/hook/ament_prefix_path.dsv'
[0.289s] INFO:colcon.colcon_core.shell:Creating environment hook '/home/mscrobotics2425laptop3/Robotics_Team2/install/team2_nav/share/team2_nav/hook/ament_prefix_path.sh'
[0.289s] INFO:colcon.colcon_core.shell:Skip shell extension 'powershell' for command environment: Not usable outside of PowerShell
[0.289s] DEBUG:colcon.colcon_core.shell:Skip shell extension 'dsv' for command environment
[0.300s] DEBUG:colcon.colcon_core.event_handler.log_command:Invoking command in '/home/mscrobotics2425laptop3/Robotics_Team2/build/package_with_interfaces': CMAKE_PREFIX_PATH=${CMAKE_PREFIX_PATH}:/home/mscrobotics2425laptop3/Robotics_Team2/install/team2_nav:/home/mscrobotics2425laptop3/Robotics_Team2/install/start_node:/home/mscrobotics2425laptop3/Robotics_Team2/install/rpLidar_lab:/home/mscrobotics2425laptop3/Robotics_Team2/install/manipulator:/home/mscrobotics2425laptop3/Robotics_Team2/install/object_detection:/home/mscrobotics2425laptop3/Robotics_Team2/install/fake_arm:/home/mscrobotics2425laptop3/Robotics_Team2/install/controller:/home/mscrobotics2425laptop3/interbotix_ws/install/interbotix_xs_modules:/home/mscrobotics2425laptop3/interbotix_ws/install/interbotix_perception_modules:/home/mscrobotics2425laptop3/interbotix_ws/install/interbotix_common_modules:/opt/ros/humble /usr/bin/cmake --build /home/mscrobotics2425laptop3/Robotics_Team2/build/package_with_interfaces -- -j12 -l12
[0.513s] INFO:colcon.colcon_core.task.python.build:Building Python package in '/home/mscrobotics2425laptop3/Robotics_Team2/src/controller'
[0.513s] INFO:colcon.colcon_core.shell:Skip shell extension 'powershell' for command environment: Not usable outside of PowerShell
[0.513s] DEBUG:colcon.colcon_core.shell:Skip shell extension 'dsv' for command environment
[0.714s] INFO:colcon.colcon_core.task.python.build:Building Python package in '/home/mscrobotics2425laptop3/Robotics_Team2/src/fake_arm'
[0.714s] INFO:colcon.colcon_core.shell:Skip shell extension 'powershell' for command environment: Not usable outside of PowerShell
[0.714s] DEBUG:colcon.colcon_core.shell:Skip shell extension 'dsv' for command environment
[0.870s] INFO:colcon.colcon_core.task.python.build:Building Python package in '/home/mscrobotics2425laptop3/Robotics_Team2/src/object_detection'
[0.870s] INFO:colcon.colcon_core.shell:Skip shell extension 'powershell' for command environment: Not usable outside of PowerShell
[0.870s] DEBUG:colcon.colcon_core.shell:Skip shell extension 'dsv' for command environment
[1.030s] INFO:colcon.colcon_core.task.python.build:Building Python package in '/home/mscrobotics2425laptop3/Robotics_Team2/src/rpLidar_lab'
[1.031s] INFO:colcon.colcon_core.shell:Skip shell extension 'powershell' for command environment: Not usable outside of PowerShell
[1.031s] DEBUG:colcon.colcon_core.shell:Skip shell extension 'dsv' for command environment
[1.189s] INFO:colcon.colcon_core.task.python.build:Building Python package in '/home/mscrobotics2425laptop3/Robotics_Team2/src/start_node'
[1.190s] INFO:colcon.colcon_core.shell:Skip shell extension 'powershell' for command environment: Not usable outside of PowerShell
[1.190s] DEBUG:colcon.colcon_core.shell:Skip shell extension 'dsv' for command environment
[1.197s] DEBUG:colcon.colcon_core.event_handler.log_command:Invoked command in '/home/mscrobotics2425laptop3/Robotics_Team2/build/package_with_interfaces' returned '0': CMAKE_PREFIX_PATH=${CMAKE_PREFIX_PATH}:/home/mscrobotics2425laptop3/Robotics_Team2/install/team2_nav:/home/mscrobotics2425laptop3/Robotics_Team2/install/start_node:/home/mscrobotics2425laptop3/Robotics_Team2/install/rpLidar_lab:/home/mscrobotics2425laptop3/Robotics_Team2/install/manipulator:/home/mscrobotics2425laptop3/Robotics_Team2/install/object_detection:/home/mscrobotics2425laptop3/Robotics_Team2/install/fake_arm:/home/mscrobotics2425laptop3/Robotics_Team2/install/controller:/home/mscrobotics2425laptop3/interbotix_ws/install/interbotix_xs_modules:/home/mscrobotics2425laptop3/interbotix_ws/install/interbotix_perception_modules:/home/mscrobotics2425laptop3/interbotix_ws/install/interbotix_common_modules:/opt/ros/humble /usr/bin/cmake --build /home/mscrobotics2425laptop3/Robotics_Team2/build/package_with_interfaces -- -j12 -l12
[1.206s] DEBUG:colcon.colcon_core.event_handler.log_command:Invoking command in '/home/mscrobotics2425laptop3/Robotics_Team2/build/package_with_interfaces': CMAKE_PREFIX_PATH=${CMAKE_PREFIX_PATH}:/home/mscrobotics2425laptop3/Robotics_Team2/install/team2_nav:/home/mscrobotics2425laptop3/Robotics_Team2/install/start_node:/home/mscrobotics2425laptop3/Robotics_Team2/install/rpLidar_lab:/home/mscrobotics2425laptop3/Robotics_Team2/install/manipulator:/home/mscrobotics2425laptop3/Robotics_Team2/install/object_detection:/home/mscrobotics2425laptop3/Robotics_Team2/install/fake_arm:/home/mscrobotics2425laptop3/Robotics_Team2/install/controller:/home/mscrobotics2425laptop3/interbotix_ws/install/interbotix_xs_modules:/home/mscrobotics2425laptop3/interbotix_ws/install/interbotix_perception_modules:/home/mscrobotics2425laptop3/interbotix_ws/install/interbotix_common_modules:/opt/ros/humble /usr/bin/cmake --install /home/mscrobotics2425laptop3/Robotics_Team2/build/package_with_interfaces
[1.356s] INFO:colcon.colcon_core.task.python.build:Building Python package in '/home/mscrobotics2425laptop3/Robotics_Team2/src/team2_nav'
[1.356s] INFO:colcon.colcon_core.shell:Skip shell extension 'powershell' for command environment: Not usable outside of PowerShell
[1.356s] DEBUG:colcon.colcon_core.shell:Skip shell extension 'dsv' for command environment
[1.428s] Level 1:colcon.colcon_core.environment:create_environment_scripts_only(package_with_interfaces)
[1.428s] DEBUG:colcon.colcon_core.event_handler.log_command:Invoked command in '/home/mscrobotics2425laptop3/Robotics_Team2/build/package_with_interfaces' returned '0': CMAKE_PREFIX_PATH=${CMAKE_PREFIX_PATH}:/home/mscrobotics2425laptop3/Robotics_Team2/install/team2_nav:/home/mscrobotics2425laptop3/Robotics_Team2/install/start_node:/home/mscrobotics2425laptop3/Robotics_Team2/install/rpLidar_lab:/home/mscrobotics2425laptop3/Robotics_Team2/install/manipulator:/home/mscrobotics2425laptop3/Robotics_Team2/install/object_detection:/home/mscrobotics2425laptop3/Robotics_Team2/install/fake_arm:/home/mscrobotics2425laptop3/Robotics_Team2/install/controller:/home/mscrobotics2425laptop3/interbotix_ws/install/interbotix_xs_modules:/home/mscrobotics2425laptop3/interbotix_ws/install/interbotix_perception_modules:/home/mscrobotics2425laptop3/interbotix_ws/install/interbotix_common_modules:/opt/ros/humble /usr/bin/cmake --install /home/mscrobotics2425laptop3/Robotics_Team2/build/package_with_interfaces
[1.431s] Level 1:colcon.colcon_core.environment:checking '/home/mscrobotics2425laptop3/Robotics_Team2/install/package_with_interfaces' for CMake module files
[1.431s] Level 1:colcon.colcon_core.environment:checking '/home/mscrobotics2425laptop3/Robotics_Team2/install/package_with_interfaces' for CMake config files
[1.432s] Level 1:colcon.colcon_core.shell:create_environment_hook('package_with_interfaces', 'cmake_prefix_path')
[1.432s] INFO:colcon.colcon_core.shell:Creating environment hook '/home/mscrobotics2425laptop3/Robotics_Team2/install/package_with_interfaces/share/package_with_interfaces/hook/cmake_prefix_path.ps1'
[1.433s] INFO:colcon.colcon_core.shell:Creating environment descriptor '/home/mscrobotics2425laptop3/Robotics_Team2/install/package_with_interfaces/share/package_with_interfaces/hook/cmake_prefix_path.dsv'
[1.434s] INFO:colcon.colcon_core.shell:Creating environment hook '/home/mscrobotics2425laptop3/Robotics_Team2/install/package_with_interfaces/share/package_with_interfaces/hook/cmake_prefix_path.sh'
[1.436s] Level 1:colcon.colcon_core.environment:checking '/home/mscrobotics2425laptop3/Robotics_Team2/install/package_with_interfaces/lib'
[1.436s] Level 1:colcon.colcon_core.shell:create_environment_hook('package_with_interfaces', 'ld_library_path_lib')
[1.436s] INFO:colcon.colcon_core.shell:Creating environment hook '/home/mscrobotics2425laptop3/Robotics_Team2/install/package_with_interfaces/share/package_with_interfaces/hook/ld_library_path_lib.ps1'
[1.437s] INFO:colcon.colcon_core.shell:Creating environment descriptor '/home/mscrobotics2425laptop3/Robotics_Team2/install/package_with_interfaces/share/package_with_interfaces/hook/ld_library_path_lib.dsv'
[1.438s] INFO:colcon.colcon_core.shell:Creating environment hook '/home/mscrobotics2425laptop3/Robotics_Team2/install/package_with_interfaces/share/package_with_interfaces/hook/ld_library_path_lib.sh'
[1.439s] Level 1:colcon.colcon_core.environment:checking '/home/mscrobotics2425laptop3/Robotics_Team2/install/package_with_interfaces/bin'
[1.439s] Level 1:colcon.colcon_core.environment:checking '/home/mscrobotics2425laptop3/Robotics_Team2/install/package_with_interfaces/lib/pkgconfig/package_with_interfaces.pc'
[1.439s] Level 1:colcon.colcon_core.environment:checking '/home/mscrobotics2425laptop3/Robotics_Team2/install/package_with_interfaces/lib/python3.10/site-packages'
[1.439s] Level 1:colcon.colcon_core.environment:checking '/home/mscrobotics2425laptop3/Robotics_Team2/install/package_with_interfaces/bin'
[1.440s] INFO:colcon.colcon_core.shell:Creating package script '/home/mscrobotics2425laptop3/Robotics_Team2/install/package_with_interfaces/share/package_with_interfaces/package.ps1'
[1.441s] INFO:colcon.colcon_core.shell:Creating package descriptor '/home/mscrobotics2425laptop3/Robotics_Team2/install/package_with_interfaces/share/package_with_interfaces/package.dsv'
[1.442s] INFO:colcon.colcon_core.shell:Creating package script '/home/mscrobotics2425laptop3/Robotics_Team2/install/package_with_interfaces/share/package_with_interfaces/package.sh'
[1.444s] INFO:colcon.colcon_core.shell:Creating package script '/home/mscrobotics2425laptop3/Robotics_Team2/install/package_with_interfaces/share/package_with_interfaces/package.bash'
[1.445s] INFO:colcon.colcon_core.shell:Creating package script '/home/mscrobotics2425laptop3/Robotics_Team2/install/package_with_interfaces/share/package_with_interfaces/package.zsh'
[1.446s] Level 1:colcon.colcon_core.environment:create_file_with_runtime_dependencies(/home/mscrobotics2425laptop3/Robotics_Team2/install/package_with_interfaces/share/colcon-core/packages/package_with_interfaces)
[1.447s] Level 1:colcon.colcon_core.environment:create_environment_scripts_only(package_with_interfaces)
[1.447s] Level 1:colcon.colcon_core.environment:checking '/home/mscrobotics2425laptop3/Robotics_Team2/install/package_with_interfaces' for CMake module files
[1.448s] Level 1:colcon.colcon_core.environment:checking '/home/mscrobotics2425laptop3/Robotics_Team2/install/package_with_interfaces' for CMake config files
[1.448s] Level 1:colcon.colcon_core.shell:create_environment_hook('package_with_interfaces', 'cmake_prefix_path')
[1.449s] INFO:colcon.colcon_core.shell:Creating environment hook '/home/mscrobotics2425laptop3/Robotics_Team2/install/package_with_interfaces/share/package_with_interfaces/hook/cmake_prefix_path.ps1'
[1.449s] INFO:colcon.colcon_core.shell:Creating environment descriptor '/home/mscrobotics2425laptop3/Robotics_Team2/install/package_with_interfaces/share/package_with_interfaces/hook/cmake_prefix_path.dsv'
[1.449s] INFO:colcon.colcon_core.shell:Creating environment hook '/home/mscrobotics2425laptop3/Robotics_Team2/install/package_with_interfaces/share/package_with_interfaces/hook/cmake_prefix_path.sh'
[1.450s] Level 1:colcon.colcon_core.environment:checking '/home/mscrobotics2425laptop3/Robotics_Team2/install/package_with_interfaces/lib'
[1.450s] Level 1:colcon.colcon_core.shell:create_environment_hook('package_with_interfaces', 'ld_library_path_lib')
[1.451s] INFO:colcon.colcon_core.shell:Creating environment hook '/home/mscrobotics2425laptop3/Robotics_Team2/install/package_with_interfaces/share/package_with_interfaces/hook/ld_library_path_lib.ps1'
[1.451s] INFO:colcon.colcon_core.shell:Creating environment descriptor '/home/mscrobotics2425laptop3/Robotics_Team2/install/package_with_interfaces/share/package_with_interfaces/hook/ld_library_path_lib.dsv'
[1.451s] INFO:colcon.colcon_core.shell:Creating environment hook '/home/mscrobotics2425laptop3/Robotics_Team2/install/package_with_interfaces/share/package_with_interfaces/hook/ld_library_path_lib.sh'
[1.452s] Level 1:colcon.colcon_core.environment:checking '/home/mscrobotics2425laptop3/Robotics_Team2/install/package_with_interfaces/bin'
[1.452s] Level 1:colcon.colcon_core.environment:checking '/home/mscrobotics2425laptop3/Robotics_Team2/install/package_with_interfaces/lib/pkgconfig/package_with_interfaces.pc'
[1.452s] Level 1:colcon.colcon_core.environment:checking '/home/mscrobotics2425laptop3/Robotics_Team2/install/package_with_interfaces/lib/python3.10/site-packages'
[1.452s] Level 1:colcon.colcon_core.environment:checking '/home/mscrobotics2425laptop3/Robotics_Team2/install/package_with_interfaces/bin'
[1.453s] INFO:colcon.colcon_core.shell:Creating package script '/home/mscrobotics2425laptop3/Robotics_Team2/install/package_with_interfaces/share/package_with_interfaces/package.ps1'
[1.453s] INFO:colcon.colcon_core.shell:Creating package descriptor '/home/mscrobotics2425laptop3/Robotics_Team2/install/package_with_interfaces/share/package_with_interfaces/package.dsv'
[1.454s] INFO:colcon.colcon_core.shell:Creating package script '/home/mscrobotics2425laptop3/Robotics_Team2/install/package_with_interfaces/share/package_with_interfaces/package.sh'
[1.455s] INFO:colcon.colcon_core.shell:Creating package script '/home/mscrobotics2425laptop3/Robotics_Team2/install/package_with_interfaces/share/package_with_interfaces/package.bash'
[1.456s] INFO:colcon.colcon_core.shell:Creating package script '/home/mscrobotics2425laptop3/Robotics_Team2/install/package_with_interfaces/share/package_with_interfaces/package.zsh'
[1.456s] Level 1:colcon.colcon_core.environment:create_file_with_runtime_dependencies(/home/mscrobotics2425laptop3/Robotics_Team2/install/package_with_interfaces/share/colcon-core/packages/package_with_interfaces)
[1.457s] INFO:colcon.colcon_ros.task.ament_python.build:Building ROS package in '/home/mscrobotics2425laptop3/Robotics_Team2/src/manipulator' with build type 'ament_python'
[1.457s] Level 1:colcon.colcon_core.shell:create_environment_hook('manipulator', 'ament_prefix_path')
[1.457s] INFO:colcon.colcon_core.shell:Creating environment hook '/home/mscrobotics2425laptop3/Robotics_Team2/install/manipulator/share/manipulator/hook/ament_prefix_path.ps1'
[1.458s] INFO:colcon.colcon_core.shell:Creating environment descriptor '/home/mscrobotics2425laptop3/Robotics_Team2/install/manipulator/share/manipulator/hook/ament_prefix_path.dsv'
[1.458s] INFO:colcon.colcon_core.shell:Creating environment hook '/home/mscrobotics2425laptop3/Robotics_Team2/install/manipulator/share/manipulator/hook/ament_prefix_path.sh'
[1.459s] INFO:colcon.colcon_core.shell:Skip shell extension 'powershell' for command environment: Not usable outside of PowerShell
[1.459s] DEBUG:colcon.colcon_core.shell:Skip shell extension 'dsv' for command environment
[1.742s] INFO:colcon.colcon_core.task.python.build:Building Python package in '/home/mscrobotics2425laptop3/Robotics_Team2/src/manipulator'
[1.743s] INFO:colcon.colcon_core.shell:Skip shell extension 'powershell' for command environment: Not usable outside of PowerShell
[1.743s] DEBUG:colcon.colcon_core.shell:Skip shell extension 'dsv' for command environment
[1.751s] DEBUG:colcon.colcon_core.event_handler.log_command:Invoking command in '/home/mscrobotics2425laptop3/Robotics_Team2/src/fake_arm': PYTHONPATH=/home/mscrobotics2425laptop3/Robotics_Team2/build/fake_arm/prefix_override:/usr/lib/python3/dist-packages/colcon_core/task/python/colcon_distutils_commands:/home/mscrobotics2425laptop3/Robotics_Team2/install/fake_arm/lib/python3.10/site-packages:${PYTHONPATH} /usr/bin/python3 -W ignore:setup.py install is deprecated -W ignore:easy_install command is deprecated setup.py egg_info --egg-base ../../build/fake_arm build --build-base /home/mscrobotics2425laptop3/Robotics_Team2/build/fake_arm/build install --record /home/mscrobotics2425laptop3/Robotics_Team2/build/fake_arm/install.log --single-version-externally-managed install_data
[1.756s] DEBUG:colcon.colcon_core.event_handler.log_command:Invoking command in '/home/mscrobotics2425laptop3/Robotics_Team2/src/rpLidar_lab': PYTHONPATH=/home/mscrobotics2425laptop3/Robotics_Team2/build/rpLidar_lab/prefix_override:/usr/lib/python3/dist-packages/colcon_core/task/python/colcon_distutils_commands:/home/mscrobotics2425laptop3/Robotics_Team2/install/rpLidar_lab/lib/python3.10/site-packages:${PYTHONPATH} /usr/bin/python3 -W ignore:setup.py install is deprecated -W ignore:easy_install command is deprecated setup.py egg_info --egg-base ../../build/rpLidar_lab build --build-base /home/mscrobotics2425laptop3/Robotics_Team2/build/rpLidar_lab/build install --record /home/mscrobotics2425laptop3/Robotics_Team2/build/rpLidar_lab/install.log --single-version-externally-managed install_data
[1.757s] DEBUG:colcon.colcon_core.event_handler.log_command:Invoking command in '/home/mscrobotics2425laptop3/Robotics_Team2/src/start_node': PYTHONPATH=/home/mscrobotics2425laptop3/Robotics_Team2/build/start_node/prefix_override:/usr/lib/python3/dist-packages/colcon_core/task/python/colcon_distutils_commands:/home/mscrobotics2425laptop3/Robotics_Team2/install/start_node/lib/python3.10/site-packages:${PYTHONPATH} /usr/bin/python3 -W ignore:setup.py install is deprecated -W ignore:easy_install command is deprecated setup.py egg_info --egg-base ../../build/start_node build --build-base /home/mscrobotics2425laptop3/Robotics_Team2/build/start_node/build install --record /home/mscrobotics2425laptop3/Robotics_Team2/build/start_node/install.log --single-version-externally-managed install_data
[1.832s] DEBUG:colcon.colcon_core.event_handler.log_command:Invoking command in '/home/mscrobotics2425laptop3/Robotics_Team2/src/controller': PYTHONPATH=/home/mscrobotics2425laptop3/Robotics_Team2/build/controller/prefix_override:/usr/lib/python3/dist-packages/colcon_core/task/python/colcon_distutils_commands:/home/mscrobotics2425laptop3/Robotics_Team2/install/controller/lib/python3.10/site-packages:${PYTHONPATH} /usr/bin/python3 -W ignore:setup.py install is deprecated -W ignore:easy_install command is deprecated setup.py egg_info --egg-base ../../build/controller build --build-base /home/mscrobotics2425laptop3/Robotics_Team2/build/controller/build install --record /home/mscrobotics2425laptop3/Robotics_Team2/build/controller/install.log --single-version-externally-managed install_data
[1.860s] DEBUG:colcon.colcon_core.event_handler.log_command:Invoking command in '/home/mscrobotics2425laptop3/Robotics_Team2/src/object_detection': PYTHONPATH=/home/mscrobotics2425laptop3/Robotics_Team2/build/object_detection/prefix_override:/usr/lib/python3/dist-packages/colcon_core/task/python/colcon_distutils_commands:/home/mscrobotics2425laptop3/Robotics_Team2/install/object_detection/lib/python3.10/site-packages:${PYTHONPATH} /usr/bin/python3 -W ignore:setup.py install is deprecated -W ignore:easy_install command is deprecated setup.py egg_info --egg-base ../../build/object_detection build --build-base /home/mscrobotics2425laptop3/Robotics_Team2/build/object_detection/build install --record /home/mscrobotics2425laptop3/Robotics_Team2/build/object_detection/install.log --single-version-externally-managed install_data
[1.864s] DEBUG:colcon.colcon_core.event_handler.log_command:Invoking command in '/home/mscrobotics2425laptop3/Robotics_Team2/src/team2_nav': PYTHONPATH=/home/mscrobotics2425laptop3/Robotics_Team2/build/team2_nav/prefix_override:/usr/lib/python3/dist-packages/colcon_core/task/python/colcon_distutils_commands:/home/mscrobotics2425laptop3/Robotics_Team2/install/team2_nav/lib/python3.10/site-packages:${PYTHONPATH} /usr/bin/python3 -W ignore:setup.py install is deprecated -W ignore:easy_install command is deprecated setup.py egg_info --egg-base ../../build/team2_nav build --build-base /home/mscrobotics2425laptop3/Robotics_Team2/build/team2_nav/build install --record /home/mscrobotics2425laptop3/Robotics_Team2/build/team2_nav/install.log --single-version-externally-managed install_data
[2.066s] Level 1:colcon.colcon_core.environment:checking '/home/mscrobotics2425laptop3/Robotics_Team2/install/controller' for CMake module files
[2.068s] DEBUG:colcon.colcon_core.event_handler.log_command:Invoked command in '/home/mscrobotics2425laptop3/Robotics_Team2/src/controller' returned '0': PYTHONPATH=/home/mscrobotics2425laptop3/Robotics_Team2/build/controller/prefix_override:/usr/lib/python3/dist-packages/colcon_core/task/python/colcon_distutils_commands:/home/mscrobotics2425laptop3/Robotics_Team2/install/controller/lib/python3.10/site-packages:${PYTHONPATH} /usr/bin/python3 -W ignore:setup.py install is deprecated -W ignore:easy_install command is deprecated setup.py egg_info --egg-base ../../build/controller build --build-base /home/mscrobotics2425laptop3/Robotics_Team2/build/controller/build install --record /home/mscrobotics2425laptop3/Robotics_Team2/build/controller/install.log --single-version-externally-managed install_data
[2.068s] Level 1:colcon.colcon_core.environment:checking '/home/mscrobotics2425laptop3/Robotics_Team2/install/controller' for CMake config files
[2.070s] Level 1:colcon.colcon_core.environment:checking '/home/mscrobotics2425laptop3/Robotics_Team2/install/controller/lib'
[2.071s] Level 1:colcon.colcon_core.environment:checking '/home/mscrobotics2425laptop3/Robotics_Team2/install/controller/bin'
[2.071s] Level 1:colcon.colcon_core.environment:checking '/home/mscrobotics2425laptop3/Robotics_Team2/install/controller/lib/pkgconfig/controller.pc'
[2.071s] Level 1:colcon.colcon_core.environment:checking '/home/mscrobotics2425laptop3/Robotics_Team2/install/controller/lib/python3.10/site-packages'
[2.071s] Level 1:colcon.colcon_core.shell:create_environment_hook('controller', 'pythonpath')
[2.072s] INFO:colcon.colcon_core.shell:Creating environment hook '/home/mscrobotics2425laptop3/Robotics_Team2/install/controller/share/controller/hook/pythonpath.ps1'
[2.074s] INFO:colcon.colcon_core.shell:Creating environment descriptor '/home/mscrobotics2425laptop3/Robotics_Team2/install/controller/share/controller/hook/pythonpath.dsv'
[2.075s] INFO:colcon.colcon_core.shell:Creating environment hook '/home/mscrobotics2425laptop3/Robotics_Team2/install/controller/share/controller/hook/pythonpath.sh'
[2.080s] Level 1:colcon.colcon_core.environment:checking '/home/mscrobotics2425laptop3/Robotics_Team2/install/controller/bin'
[2.080s] Level 1:colcon.colcon_core.environment:create_environment_scripts_only(controller)
[2.081s] INFO:colcon.colcon_core.shell:Creating package script '/home/mscrobotics2425laptop3/Robotics_Team2/install/controller/share/controller/package.ps1'
[2.082s] INFO:colcon.colcon_core.shell:Creating package descriptor '/home/mscrobotics2425laptop3/Robotics_Team2/install/controller/share/controller/package.dsv'
[2.087s] INFO:colcon.colcon_core.shell:Creating package script '/home/mscrobotics2425laptop3/Robotics_Team2/install/controller/share/controller/package.sh'
[2.090s] INFO:colcon.colcon_core.shell:Creating package script '/home/mscrobotics2425laptop3/Robotics_Team2/install/controller/share/controller/package.bash'
[2.090s] INFO:colcon.colcon_core.shell:Creating package script '/home/mscrobotics2425laptop3/Robotics_Team2/install/controller/share/controller/package.zsh'
[2.090s] Level 1:colcon.colcon_core.environment:create_file_with_runtime_dependencies(/home/mscrobotics2425laptop3/Robotics_Team2/install/controller/share/colcon-core/packages/controller)
[2.092s] Level 1:colcon.colcon_core.environment:checking '/home/mscrobotics2425laptop3/Robotics_Team2/install/team2_nav' for CMake module files
[2.093s] DEBUG:colcon.colcon_core.event_handler.log_command:Invoked command in '/home/mscrobotics2425laptop3/Robotics_Team2/src/team2_nav' returned '0': PYTHONPATH=/home/mscrobotics2425laptop3/Robotics_Team2/build/team2_nav/prefix_override:/usr/lib/python3/dist-packages/colcon_core/task/python/colcon_distutils_commands:/home/mscrobotics2425laptop3/Robotics_Team2/install/team2_nav/lib/python3.10/site-packages:${PYTHONPATH} /usr/bin/python3 -W ignore:setup.py install is deprecated -W ignore:easy_install command is deprecated setup.py egg_info --egg-base ../../build/team2_nav build --build-base /home/mscrobotics2425laptop3/Robotics_Team2/build/team2_nav/build install --record /home/mscrobotics2425laptop3/Robotics_Team2/build/team2_nav/install.log --single-version-externally-managed install_data
[2.093s] Level 1:colcon.colcon_core.environment:checking '/home/mscrobotics2425laptop3/Robotics_Team2/install/team2_nav' for CMake config files
[2.093s] Level 1:colcon.colcon_core.environment:checking '/home/mscrobotics2425laptop3/Robotics_Team2/install/team2_nav/lib'
[2.094s] Level 1:colcon.colcon_core.environment:checking '/home/mscrobotics2425laptop3/Robotics_Team2/install/team2_nav/bin'
[2.094s] Level 1:colcon.colcon_core.environment:checking '/home/mscrobotics2425laptop3/Robotics_Team2/install/team2_nav/lib/pkgconfig/team2_nav.pc'
[2.094s] Level 1:colcon.colcon_core.environment:checking '/home/mscrobotics2425laptop3/Robotics_Team2/install/team2_nav/lib/python3.10/site-packages'
[2.094s] Level 1:colcon.colcon_core.shell:create_environment_hook('team2_nav', 'pythonpath')
[2.094s] INFO:colcon.colcon_core.shell:Creating environment hook '/home/mscrobotics2425laptop3/Robotics_Team2/install/team2_nav/share/team2_nav/hook/pythonpath.ps1'
[2.095s] INFO:colcon.colcon_core.shell:Creating environment descriptor '/home/mscrobotics2425laptop3/Robotics_Team2/install/team2_nav/share/team2_nav/hook/pythonpath.dsv'
[2.095s] INFO:colcon.colcon_core.shell:Creating environment hook '/home/mscrobotics2425laptop3/Robotics_Team2/install/team2_nav/share/team2_nav/hook/pythonpath.sh'
[2.096s] Level 1:colcon.colcon_core.environment:checking '/home/mscrobotics2425laptop3/Robotics_Team2/install/team2_nav/bin'
[2.096s] Level 1:colcon.colcon_core.environment:create_environment_scripts_only(team2_nav)
[2.096s] INFO:colcon.colcon_core.shell:Creating package script '/home/mscrobotics2425laptop3/Robotics_Team2/install/team2_nav/share/team2_nav/package.ps1'
[2.097s] INFO:colcon.colcon_core.shell:Creating package descriptor '/home/mscrobotics2425laptop3/Robotics_Team2/install/team2_nav/share/team2_nav/package.dsv'
[2.098s] INFO:colcon.colcon_core.shell:Creating package script '/home/mscrobotics2425laptop3/Robotics_Team2/install/team2_nav/share/team2_nav/package.sh'
[2.099s] INFO:colcon.colcon_core.shell:Creating package script '/home/mscrobotics2425laptop3/Robotics_Team2/install/team2_nav/share/team2_nav/package.bash'
[2.100s] INFO:colcon.colcon_core.shell:Creating package script '/home/mscrobotics2425laptop3/Robotics_Team2/install/team2_nav/share/team2_nav/package.zsh'
[2.102s] Level 1:colcon.colcon_core.environment:create_file_with_runtime_dependencies(/home/mscrobotics2425laptop3/Robotics_Team2/install/team2_nav/share/colcon-core/packages/team2_nav)
[2.155s] Level 1:colcon.colcon_core.environment:checking '/home/mscrobotics2425laptop3/Robotics_Team2/install/start_node' for CMake module files
[2.155s] DEBUG:colcon.colcon_core.event_handler.log_command:Invoked command in '/home/mscrobotics2425laptop3/Robotics_Team2/src/start_node' returned '0': PYTHONPATH=/home/mscrobotics2425laptop3/Robotics_Team2/build/start_node/prefix_override:/usr/lib/python3/dist-packages/colcon_core/task/python/colcon_distutils_commands:/home/mscrobotics2425laptop3/Robotics_Team2/install/start_node/lib/python3.10/site-packages:${PYTHONPATH} /usr/bin/python3 -W ignore:setup.py install is deprecated -W ignore:easy_install command is deprecated setup.py egg_info --egg-base ../../build/start_node build --build-base /home/mscrobotics2425laptop3/Robotics_Team2/build/start_node/build install --record /home/mscrobotics2425laptop3/Robotics_Team2/build/start_node/install.log --single-version-externally-managed install_data
[2.156s] Level 1:colcon.colcon_core.environment:checking '/home/mscrobotics2425laptop3/Robotics_Team2/install/start_node' for CMake config files
[2.156s] Level 1:colcon.colcon_core.environment:checking '/home/mscrobotics2425laptop3/Robotics_Team2/install/start_node/lib'
[2.156s] Level 1:colcon.colcon_core.environment:checking '/home/mscrobotics2425laptop3/Robotics_Team2/install/start_node/bin'
[2.156s] Level 1:colcon.colcon_core.environment:checking '/home/mscrobotics2425laptop3/Robotics_Team2/install/start_node/lib/pkgconfig/start_node.pc'
[2.157s] Level 1:colcon.colcon_core.environment:checking '/home/mscrobotics2425laptop3/Robotics_Team2/install/start_node/lib/python3.10/site-packages'
[2.157s] Level 1:colcon.colcon_core.shell:create_environment_hook('start_node', 'pythonpath')
[2.157s] INFO:colcon.colcon_core.shell:Creating environment hook '/home/mscrobotics2425laptop3/Robotics_Team2/install/start_node/share/start_node/hook/pythonpath.ps1'
[2.158s] INFO:colcon.colcon_core.shell:Creating environment descriptor '/home/mscrobotics2425laptop3/Robotics_Team2/install/start_node/share/start_node/hook/pythonpath.dsv'
[2.158s] INFO:colcon.colcon_core.shell:Creating environment hook '/home/mscrobotics2425laptop3/Robotics_Team2/install/start_node/share/start_node/hook/pythonpath.sh'
[2.159s] Level 1:colcon.colcon_core.environment:checking '/home/mscrobotics2425laptop3/Robotics_Team2/install/start_node/bin'
[2.159s] Level 1:colcon.colcon_core.environment:create_environment_scripts_only(start_node)
[2.159s] INFO:colcon.colcon_core.shell:Creating package script '/home/mscrobotics2425laptop3/Robotics_Team2/install/start_node/share/start_node/package.ps1'
[2.159s] INFO:colcon.colcon_core.shell:Creating package descriptor '/home/mscrobotics2425laptop3/Robotics_Team2/install/start_node/share/start_node/package.dsv'
[2.160s] INFO:colcon.colcon_core.shell:Creating package script '/home/mscrobotics2425laptop3/Robotics_Team2/install/start_node/share/start_node/package.sh'
[2.160s] INFO:colcon.colcon_core.shell:Creating package script '/home/mscrobotics2425laptop3/Robotics_Team2/install/start_node/share/start_node/package.bash'
[2.160s] INFO:colcon.colcon_core.shell:Creating package script '/home/mscrobotics2425laptop3/Robotics_Team2/install/start_node/share/start_node/package.zsh'
[2.160s] Level 1:colcon.colcon_core.environment:create_file_with_runtime_dependencies(/home/mscrobotics2425laptop3/Robotics_Team2/install/start_node/share/colcon-core/packages/start_node)
[2.161s] Level 1:colcon.colcon_core.environment:checking '/home/mscrobotics2425laptop3/Robotics_Team2/install/rpLidar_lab' for CMake module files
[2.162s] DEBUG:colcon.colcon_core.event_handler.log_command:Invoked command in '/home/mscrobotics2425laptop3/Robotics_Team2/src/rpLidar_lab' returned '0': PYTHONPATH=/home/mscrobotics2425laptop3/Robotics_Team2/build/rpLidar_lab/prefix_override:/usr/lib/python3/dist-packages/colcon_core/task/python/colcon_distutils_commands:/home/mscrobotics2425laptop3/Robotics_Team2/install/rpLidar_lab/lib/python3.10/site-packages:${PYTHONPATH} /usr/bin/python3 -W ignore:setup.py install is deprecated -W ignore:easy_install command is deprecated setup.py egg_info --egg-base ../../build/rpLidar_lab build --build-base /home/mscrobotics2425laptop3/Robotics_Team2/build/rpLidar_lab/build install --record /home/mscrobotics2425laptop3/Robotics_Team2/build/rpLidar_lab/install.log --single-version-externally-managed install_data
[2.162s] Level 1:colcon.colcon_core.environment:checking '/home/mscrobotics2425laptop3/Robotics_Team2/install/rpLidar_lab' for CMake config files
[2.163s] Level 1:colcon.colcon_core.environment:checking '/home/mscrobotics2425laptop3/Robotics_Team2/install/rpLidar_lab/lib'
[2.163s] Level 1:colcon.colcon_core.environment:checking '/home/mscrobotics2425laptop3/Robotics_Team2/install/rpLidar_lab/bin'
[2.163s] Level 1:colcon.colcon_core.environment:checking '/home/mscrobotics2425laptop3/Robotics_Team2/install/rpLidar_lab/lib/pkgconfig/rpLidar_lab.pc'
[2.163s] Level 1:colcon.colcon_core.environment:checking '/home/mscrobotics2425laptop3/Robotics_Team2/install/rpLidar_lab/lib/python3.10/site-packages'
[2.163s] Level 1:colcon.colcon_core.shell:create_environment_hook('rpLidar_lab', 'pythonpath')
[2.164s] INFO:colcon.colcon_core.shell:Creating environment hook '/home/mscrobotics2425laptop3/Robotics_Team2/install/rpLidar_lab/share/rpLidar_lab/hook/pythonpath.ps1'
[2.164s] INFO:colcon.colcon_core.shell:Creating environment descriptor '/home/mscrobotics2425laptop3/Robotics_Team2/install/rpLidar_lab/share/rpLidar_lab/hook/pythonpath.dsv'
[2.165s] INFO:colcon.colcon_core.shell:Creating environment hook '/home/mscrobotics2425laptop3/Robotics_Team2/install/rpLidar_lab/share/rpLidar_lab/hook/pythonpath.sh'
[2.165s] Level 1:colcon.colcon_core.environment:checking '/home/mscrobotics2425laptop3/Robotics_Team2/install/rpLidar_lab/bin'
[2.165s] Level 1:colcon.colcon_core.environment:create_environment_scripts_only(rpLidar_lab)
[2.166s] INFO:colcon.colcon_core.shell:Creating package script '/home/mscrobotics2425laptop3/Robotics_Team2/install/rpLidar_lab/share/rpLidar_lab/package.ps1'
[2.167s] INFO:colcon.colcon_core.shell:Creating package descriptor '/home/mscrobotics2425laptop3/Robotics_Team2/install/rpLidar_lab/share/rpLidar_lab/package.dsv'
[2.167s] INFO:colcon.colcon_core.shell:Creating package script '/home/mscrobotics2425laptop3/Robotics_Team2/install/rpLidar_lab/share/rpLidar_lab/package.sh'
[2.168s] INFO:colcon.colcon_core.shell:Creating package script '/home/mscrobotics2425laptop3/Robotics_Team2/install/rpLidar_lab/share/rpLidar_lab/package.bash'
[2.168s] INFO:colcon.colcon_core.shell:Creating package script '/home/mscrobotics2425laptop3/Robotics_Team2/install/rpLidar_lab/share/rpLidar_lab/package.zsh'
[2.168s] Level 1:colcon.colcon_core.environment:create_file_with_runtime_dependencies(/home/mscrobotics2425laptop3/Robotics_Team2/install/rpLidar_lab/share/colcon-core/packages/rpLidar_lab)
[2.170s] Level 1:colcon.colcon_core.environment:checking '/home/mscrobotics2425laptop3/Robotics_Team2/install/fake_arm' for CMake module files
[2.170s] DEBUG:colcon.colcon_core.event_handler.log_command:Invoked command in '/home/mscrobotics2425laptop3/Robotics_Team2/src/fake_arm' returned '0': PYTHONPATH=/home/mscrobotics2425laptop3/Robotics_Team2/build/fake_arm/prefix_override:/usr/lib/python3/dist-packages/colcon_core/task/python/colcon_distutils_commands:/home/mscrobotics2425laptop3/Robotics_Team2/install/fake_arm/lib/python3.10/site-packages:${PYTHONPATH} /usr/bin/python3 -W ignore:setup.py install is deprecated -W ignore:easy_install command is deprecated setup.py egg_info --egg-base ../../build/fake_arm build --build-base /home/mscrobotics2425laptop3/Robotics_Team2/build/fake_arm/build install --record /home/mscrobotics2425laptop3/Robotics_Team2/build/fake_arm/install.log --single-version-externally-managed install_data
[2.170s] Level 1:colcon.colcon_core.environment:checking '/home/mscrobotics2425laptop3/Robotics_Team2/install/fake_arm' for CMake config files
[2.171s] Level 1:colcon.colcon_core.environment:checking '/home/mscrobotics2425laptop3/Robotics_Team2/install/fake_arm/lib'
[2.171s] Level 1:colcon.colcon_core.environment:checking '/home/mscrobotics2425laptop3/Robotics_Team2/install/fake_arm/bin'
[2.171s] Level 1:colcon.colcon_core.environment:checking '/home/mscrobotics2425laptop3/Robotics_Team2/install/fake_arm/lib/pkgconfig/fake_arm.pc'
[2.171s] Level 1:colcon.colcon_core.environment:checking '/home/mscrobotics2425laptop3/Robotics_Team2/install/fake_arm/lib/python3.10/site-packages'
[2.171s] Level 1:colcon.colcon_core.shell:create_environment_hook('fake_arm', 'pythonpath')
[2.171s] INFO:colcon.colcon_core.shell:Creating environment hook '/home/mscrobotics2425laptop3/Robotics_Team2/install/fake_arm/share/fake_arm/hook/pythonpath.ps1'
[2.172s] INFO:colcon.colcon_core.shell:Creating environment descriptor '/home/mscrobotics2425laptop3/Robotics_Team2/install/fake_arm/share/fake_arm/hook/pythonpath.dsv'
[2.172s] INFO:colcon.colcon_core.shell:Creating environment hook '/home/mscrobotics2425laptop3/Robotics_Team2/install/fake_arm/share/fake_arm/hook/pythonpath.sh'
[2.172s] Level 1:colcon.colcon_core.environment:checking '/home/mscrobotics2425laptop3/Robotics_Team2/install/fake_arm/bin'
[2.172s] Level 1:colcon.colcon_core.environment:create_environment_scripts_only(fake_arm)
[2.172s] INFO:colcon.colcon_core.shell:Creating package script '/home/mscrobotics2425laptop3/Robotics_Team2/install/fake_arm/share/fake_arm/package.ps1'
[2.172s] INFO:colcon.colcon_core.shell:Creating package descriptor '/home/mscrobotics2425laptop3/Robotics_Team2/install/fake_arm/share/fake_arm/package.dsv'
[2.173s] INFO:colcon.colcon_core.shell:Creating package script '/home/mscrobotics2425laptop3/Robotics_Team2/install/fake_arm/share/fake_arm/package.sh'
[2.173s] INFO:colcon.colcon_core.shell:Creating package script '/home/mscrobotics2425laptop3/Robotics_Team2/install/fake_arm/share/fake_arm/package.bash'
[2.173s] INFO:colcon.colcon_core.shell:Creating package script '/home/mscrobotics2425laptop3/Robotics_Team2/install/fake_arm/share/fake_arm/package.zsh'
[2.173s] Level 1:colcon.colcon_core.environment:create_file_with_runtime_dependencies(/home/mscrobotics2425laptop3/Robotics_Team2/install/fake_arm/share/colcon-core/packages/fake_arm)
[2.231s] Level 1:colcon.colcon_core.environment:checking '/home/mscrobotics2425laptop3/Robotics_Team2/install/object_detection' for CMake module files
[2.232s] DEBUG:colcon.colcon_core.event_handler.log_command:Invoked command in '/home/mscrobotics2425laptop3/Robotics_Team2/src/object_detection' returned '0': PYTHONPATH=/home/mscrobotics2425laptop3/Robotics_Team2/build/object_detection/prefix_override:/usr/lib/python3/dist-packages/colcon_core/task/python/colcon_distutils_commands:/home/mscrobotics2425laptop3/Robotics_Team2/install/object_detection/lib/python3.10/site-packages:${PYTHONPATH} /usr/bin/python3 -W ignore:setup.py install is deprecated -W ignore:easy_install command is deprecated setup.py egg_info --egg-base ../../build/object_detection build --build-base /home/mscrobotics2425laptop3/Robotics_Team2/build/object_detection/build install --record /home/mscrobotics2425laptop3/Robotics_Team2/build/object_detection/install.log --single-version-externally-managed install_data
[2.232s] Level 1:colcon.colcon_core.environment:checking '/home/mscrobotics2425laptop3/Robotics_Team2/install/object_detection' for CMake config files
[2.233s] Level 1:colcon.colcon_core.environment:checking '/home/mscrobotics2425laptop3/Robotics_Team2/install/object_detection/lib'
[2.233s] Level 1:colcon.colcon_core.environment:checking '/home/mscrobotics2425laptop3/Robotics_Team2/install/object_detection/bin'
[2.233s] Level 1:colcon.colcon_core.environment:checking '/home/mscrobotics2425laptop3/Robotics_Team2/install/object_detection/lib/pkgconfig/object_detection.pc'
[2.233s] Level 1:colcon.colcon_core.environment:checking '/home/mscrobotics2425laptop3/Robotics_Team2/install/object_detection/lib/python3.10/site-packages'
[2.233s] Level 1:colcon.colcon_core.shell:create_environment_hook('object_detection', 'pythonpath')
[2.233s] INFO:colcon.colcon_core.shell:Creating environment hook '/home/mscrobotics2425laptop3/Robotics_Team2/install/object_detection/share/object_detection/hook/pythonpath.ps1'
[2.234s] INFO:colcon.colcon_core.shell:Creating environment descriptor '/home/mscrobotics2425laptop3/Robotics_Team2/install/object_detection/share/object_detection/hook/pythonpath.dsv'
[2.234s] INFO:colcon.colcon_core.shell:Creating environment hook '/home/mscrobotics2425laptop3/Robotics_Team2/install/object_detection/share/object_detection/hook/pythonpath.sh'
[2.235s] Level 1:colcon.colcon_core.environment:checking '/home/mscrobotics2425laptop3/Robotics_Team2/install/object_detection/bin'
[2.235s] Level 1:colcon.colcon_core.environment:create_environment_scripts_only(object_detection)
[2.235s] INFO:colcon.colcon_core.shell:Creating package script '/home/mscrobotics2425laptop3/Robotics_Team2/install/object_detection/share/object_detection/package.ps1'
[2.235s] INFO:colcon.colcon_core.shell:Creating package descriptor '/home/mscrobotics2425laptop3/Robotics_Team2/install/object_detection/share/object_detection/package.dsv'
[2.236s] INFO:colcon.colcon_core.shell:Creating package script '/home/mscrobotics2425laptop3/Robotics_Team2/install/object_detection/share/object_detection/package.sh'
[2.236s] INFO:colcon.colcon_core.shell:Creating package script '/home/mscrobotics2425laptop3/Robotics_Team2/install/object_detection/share/object_detection/package.bash'
[2.237s] INFO:colcon.colcon_core.shell:Creating package script '/home/mscrobotics2425laptop3/Robotics_Team2/install/object_detection/share/object_detection/package.zsh'
[2.237s] Level 1:colcon.colcon_core.environment:create_file_with_runtime_dependencies(/home/mscrobotics2425laptop3/Robotics_Team2/install/object_detection/share/colcon-core/packages/object_detection)
[2.248s] DEBUG:colcon.colcon_core.event_handler.log_command:Invoking command in '/home/mscrobotics2425laptop3/Robotics_Team2/src/manipulator': PYTHONPATH=/home/mscrobotics2425laptop3/Robotics_Team2/build/manipulator/prefix_override:/usr/lib/python3/dist-packages/colcon_core/task/python/colcon_distutils_commands:/home/mscrobotics2425laptop3/Robotics_Team2/install/manipulator/lib/python3.10/site-packages:${PYTHONPATH} /usr/bin/python3 -W ignore:setup.py install is deprecated -W ignore:easy_install command is deprecated setup.py egg_info --egg-base ../../build/manipulator build --build-base /home/mscrobotics2425laptop3/Robotics_Team2/build/manipulator/build install --record /home/mscrobotics2425laptop3/Robotics_Team2/build/manipulator/install.log --single-version-externally-managed install_data
[2.453s] Level 1:colcon.colcon_core.environment:checking '/home/mscrobotics2425laptop3/Robotics_Team2/install/manipulator' for CMake module files
[2.454s] DEBUG:colcon.colcon_core.event_handler.log_command:Invoked command in '/home/mscrobotics2425laptop3/Robotics_Team2/src/manipulator' returned '0': PYTHONPATH=/home/mscrobotics2425laptop3/Robotics_Team2/build/manipulator/prefix_override:/usr/lib/python3/dist-packages/colcon_core/task/python/colcon_distutils_commands:/home/mscrobotics2425laptop3/Robotics_Team2/install/manipulator/lib/python3.10/site-packages:${PYTHONPATH} /usr/bin/python3 -W ignore:setup.py install is deprecated -W ignore:easy_install command is deprecated setup.py egg_info --egg-base ../../build/manipulator build --build-base /home/mscrobotics2425laptop3/Robotics_Team2/build/manipulator/build install --record /home/mscrobotics2425laptop3/Robotics_Team2/build/manipulator/install.log --single-version-externally-managed install_data
[2.454s] Level 1:colcon.colcon_core.environment:checking '/home/mscrobotics2425laptop3/Robotics_Team2/install/manipulator' for CMake config files
[2.454s] Level 1:colcon.colcon_core.environment:checking '/home/mscrobotics2425laptop3/Robotics_Team2/install/manipulator/lib'
[2.454s] Level 1:colcon.colcon_core.environment:checking '/home/mscrobotics2425laptop3/Robotics_Team2/install/manipulator/bin'
[2.454s] Level 1:colcon.colcon_core.environment:checking '/home/mscrobotics2425laptop3/Robotics_Team2/install/manipulator/lib/pkgconfig/manipulator.pc'
[2.454s] Level 1:colcon.colcon_core.environment:checking '/home/mscrobotics2425laptop3/Robotics_Team2/install/manipulator/lib/python3.10/site-packages'
[2.454s] Level 1:colcon.colcon_core.shell:create_environment_hook('manipulator', 'pythonpath')
[2.454s] INFO:colcon.colcon_core.shell:Creating environment hook '/home/mscrobotics2425laptop3/Robotics_Team2/install/manipulator/share/manipulator/hook/pythonpath.ps1'
[2.455s] INFO:colcon.colcon_core.shell:Creating environment descriptor '/home/mscrobotics2425laptop3/Robotics_Team2/install/manipulator/share/manipulator/hook/pythonpath.dsv'
[2.455s] INFO:colcon.colcon_core.shell:Creating environment hook '/home/mscrobotics2425laptop3/Robotics_Team2/install/manipulator/share/manipulator/hook/pythonpath.sh'
[2.455s] Level 1:colcon.colcon_core.environment:checking '/home/mscrobotics2425laptop3/Robotics_Team2/install/manipulator/bin'
[2.455s] Level 1:colcon.colcon_core.environment:create_environment_scripts_only(manipulator)
[2.456s] INFO:colcon.colcon_core.shell:Creating package script '/home/mscrobotics2425laptop3/Robotics_Team2/install/manipulator/share/manipulator/package.ps1'
[2.456s] INFO:colcon.colcon_core.shell:Creating package descriptor '/home/mscrobotics2425laptop3/Robotics_Team2/install/manipulator/share/manipulator/package.dsv'
[2.456s] INFO:colcon.colcon_core.shell:Creating package script '/home/mscrobotics2425laptop3/Robotics_Team2/install/manipulator/share/manipulator/package.sh'
[2.456s] INFO:colcon.colcon_core.shell:Creating package script '/home/mscrobotics2425laptop3/Robotics_Team2/install/manipulator/share/manipulator/package.bash'
[2.456s] INFO:colcon.colcon_core.shell:Creating package script '/home/mscrobotics2425laptop3/Robotics_Team2/install/manipulator/share/manipulator/package.zsh'
[2.457s] Level 1:colcon.colcon_core.environment:create_file_with_runtime_dependencies(/home/mscrobotics2425laptop3/Robotics_Team2/install/manipulator/share/colcon-core/packages/manipulator)
[2.457s] DEBUG:colcon.colcon_parallel_executor.executor.parallel:closing loop
[2.457s] DEBUG:colcon.colcon_parallel_executor.executor.parallel:loop closed
[2.457s] DEBUG:colcon.colcon_parallel_executor.executor.parallel:run_until_complete finished with '0'
[2.457s] DEBUG:colcon.colcon_core.event_reactor:joining thread
[2.461s] INFO:colcon.colcon_core.plugin_system:Skipping extension 'colcon_notification.desktop_notification.terminal_notifier': Not used on non-Darwin systems
[2.461s] INFO:colcon.colcon_core.plugin_system:Skipping extension 'colcon_notification.desktop_notification.win32': Not used on non-Windows systems
[2.461s] INFO:colcon.colcon_notification.desktop_notification:Sending desktop notification using 'notify2'
[2.473s] DEBUG:colcon.colcon_core.event_reactor:joined thread
[2.474s] INFO:colcon.colcon_core.shell:Creating prefix script '/home/mscrobotics2425laptop3/Robotics_Team2/install/local_setup.ps1'
[2.474s] INFO:colcon.colcon_core.shell:Creating prefix util module '/home/mscrobotics2425laptop3/Robotics_Team2/install/_local_setup_util_ps1.py'
[2.475s] INFO:colcon.colcon_core.shell:Creating prefix chain script '/home/mscrobotics2425laptop3/Robotics_Team2/install/setup.ps1'
[2.476s] INFO:colcon.colcon_core.shell:Creating prefix script '/home/mscrobotics2425laptop3/Robotics_Team2/install/local_setup.sh'
[2.477s] INFO:colcon.colcon_core.shell:Creating prefix util module '/home/mscrobotics2425laptop3/Robotics_Team2/install/_local_setup_util_sh.py'
[2.477s] INFO:colcon.colcon_core.shell:Creating prefix chain script '/home/mscrobotics2425laptop3/Robotics_Team2/install/setup.sh'
[2.478s] INFO:colcon.colcon_core.shell:Creating prefix script '/home/mscrobotics2425laptop3/Robotics_Team2/install/local_setup.bash'
[2.479s] INFO:colcon.colcon_core.shell:Creating prefix chain script '/home/mscrobotics2425laptop3/Robotics_Team2/install/setup.bash'
[2.480s] INFO:colcon.colcon_core.shell:Creating prefix script '/home/mscrobotics2425laptop3/Robotics_Team2/install/local_setup.zsh'
[2.480s] INFO:colcon.colcon_core.shell:Creating prefix chain script '/home/mscrobotics2425laptop3/Robotics_Team2/install/setup.zsh'
