[1.576s] Invoking command in '/home/mscrobotics2425laptop3/Robotics_Team2/src/team2_nav': PYTHONPATH=/home/mscrobotics2425laptop3/Robotics_Team2/build/team2_nav/prefix_override:/usr/lib/python3/dist-packages/colcon_core/task/python/colcon_distutils_commands:/home/mscrobotics2425laptop3/Robotics_Team2/install/team2_nav/lib/python3.10/site-packages:${PYTHONPATH} /usr/bin/python3 -W ignore:setup.py install is deprecated -W ignore:easy_install command is deprecated setup.py egg_info --egg-base ../../build/team2_nav build --build-base /home/mscrobotics2425laptop3/Robotics_Team2/build/team2_nav/build install --record /home/mscrobotics2425laptop3/Robotics_Team2/build/team2_nav/install.log --single-version-externally-managed install_data
[1.733s] running egg_info
[1.733s] writing ../../build/team2_nav/team2_nav.egg-info/PKG-INFO
[1.734s] writing dependency_links to ../../build/team2_nav/team2_nav.egg-info/dependency_links.txt
[1.734s] writing entry points to ../../build/team2_nav/team2_nav.egg-info/entry_points.txt
[1.734s] writing requirements to ../../build/team2_nav/team2_nav.egg-info/requires.txt
[1.735s] writing top-level names to ../../build/team2_nav/team2_nav.egg-info/top_level.txt
[1.736s] reading manifest file '../../build/team2_nav/team2_nav.egg-info/SOURCES.txt'
[1.737s] writing manifest file '../../build/team2_nav/team2_nav.egg-info/SOURCES.txt'
[1.737s] running build
[1.737s] running build_py
[1.737s] running install
[1.737s] running install_lib
[1.739s] running install_data
[1.739s] running install_egg_info
[1.740s] removing '/home/mscrobotics2425laptop3/Robotics_Team2/install/team2_nav/lib/python3.10/site-packages/team2_nav-0.0.0-py3.10.egg-info' (and everything under it)
[1.741s] Copying ../../build/team2_nav/team2_nav.egg-info to /home/mscrobotics2425laptop3/Robotics_Team2/install/team2_nav/lib/python3.10/site-packages/team2_nav-0.0.0-py3.10.egg-info
[1.741s] running install_scripts
[1.761s] Installing explorer script to /home/mscrobotics2425laptop3/Robotics_Team2/install/team2_nav/lib/team2_nav
[1.761s] writing list of installed files to '/home/mscrobotics2425laptop3/Robotics_Team2/build/team2_nav/install.log'
[1.805s] Invoked command in '/home/mscrobotics2425laptop3/Robotics_Team2/src/team2_nav' returned '0': PYTHONPATH=/home/mscrobotics2425laptop3/Robotics_Team2/build/team2_nav/prefix_override:/usr/lib/python3/dist-packages/colcon_core/task/python/colcon_distutils_commands:/home/mscrobotics2425laptop3/Robotics_Team2/install/team2_nav/lib/python3.10/site-packages:${PYTHONPATH} /usr/bin/python3 -W ignore:setup.py install is deprecated -W ignore:easy_install command is deprecated setup.py egg_info --egg-base ../../build/team2_nav build --build-base /home/mscrobotics2425laptop3/Robotics_Team2/build/team2_nav/build install --record /home/mscrobotics2425laptop3/Robotics_Team2/build/team2_nav/install.log --single-version-externally-managed install_data
