running egg_info
creating ../../build/Object_Detection/Object_Detection.egg-info
writing ../../build/Object_Detection/Object_Detection.egg-info/PKG-INFO
writing dependency_links to ../../build/Object_Detection/Object_Detection.egg-info/dependency_links.txt
writing entry points to ../../build/Object_Detection/Object_Detection.egg-info/entry_points.txt
writing requirements to ../../build/Object_Detection/Object_Detection.egg-info/requires.txt
writing top-level names to ../../build/Object_Detection/Object_Detection.egg-info/top_level.txt
writing manifest file '../../build/Object_Detection/Object_Detection.egg-info/SOURCES.txt'
reading manifest file '../../build/Object_Detection/Object_Detection.egg-info/SOURCES.txt'
writing manifest file '../../build/Object_Detection/Object_Detection.egg-info/SOURCES.txt'
running build
running build_py
creating /home/mscrobotics2425laptop21/Team2_Workspace/build/Object_Detection/build
creating /home/mscrobotics2425laptop21/Team2_Workspace/build/Object_Detection/build/lib
creating /home/mscrobotics2425laptop21/Team2_Workspace/build/Object_Detection/build/lib/Object_Detection
copying Object_Detection/__init__.py -> /home/mscrobotics2425laptop21/Team2_Workspace/build/Object_Detection/build/lib/Object_Detection
copying Object_Detection/collect_data.py -> /home/mscrobotics2425laptop21/Team2_Workspace/build/Object_Detection/build/lib/Object_Detection
running install
running install_lib
creating /home/mscrobotics2425laptop21/Team2_Workspace/install/Object_Detection/lib/python3.10/site-packages/Object_Detection
copying /home/mscrobotics2425laptop21/Team2_Workspace/build/Object_Detection/build/lib/Object_Detection/__init__.py -> /home/mscrobotics2425laptop21/Team2_Workspace/install/Object_Detection/lib/python3.10/site-packages/Object_Detection
copying /home/mscrobotics2425laptop21/Team2_Workspace/build/Object_Detection/build/lib/Object_Detection/collect_data.py -> /home/mscrobotics2425laptop21/Team2_Workspace/install/Object_Detection/lib/python3.10/site-packages/Object_Detection
byte-compiling /home/mscrobotics2425laptop21/Team2_Workspace/install/Object_Detection/lib/python3.10/site-packages/Object_Detection/__init__.py to __init__.cpython-310.pyc
byte-compiling /home/mscrobotics2425laptop21/Team2_Workspace/install/Object_Detection/lib/python3.10/site-packages/Object_Detection/collect_data.py to collect_data.cpython-310.pyc
running install_data
creating /home/mscrobotics2425laptop21/Team2_Workspace/install/Object_Detection/share/ament_index
creating /home/mscrobotics2425laptop21/Team2_Workspace/install/Object_Detection/share/ament_index/resource_index
creating /home/mscrobotics2425laptop21/Team2_Workspace/install/Object_Detection/share/ament_index/resource_index/packages
copying resource/Object_Detection -> /home/mscrobotics2425laptop21/Team2_Workspace/install/Object_Detection/share/ament_index/resource_index/packages
copying package.xml -> /home/mscrobotics2425laptop21/Team2_Workspace/install/Object_Detection/share/Object_Detection
running install_egg_info
Copying ../../build/Object_Detection/Object_Detection.egg-info to /home/mscrobotics2425laptop21/Team2_Workspace/install/Object_Detection/lib/python3.10/site-packages/Object_Detection-0.0.0-py3.10.egg-info
running install_scripts
Installing collect_data script to /home/mscrobotics2425laptop21/Team2_Workspace/install/Object_Detection/lib/Object_Detection
writing list of installed files to '/home/mscrobotics2425laptop21/Team2_Workspace/build/Object_Detection/install.log'
