[0.640s] Invoking command in '/home/mscrobotics2425laptop21/Team2_Workspace/src/Object_Detection': PYTHONPATH=/home/mscrobotics2425laptop21/Team2_Workspace/build/Object_Detection/prefix_override:/usr/lib/python3/dist-packages/colcon_core/task/python/colcon_distutils_commands:/home/mscrobotics2425laptop21/Team2_Workspace/install/Object_Detection/lib/python3.10/site-packages:${PYTHONPATH} /usr/bin/python3 -W ignore:setup.py install is deprecated setup.py egg_info --egg-base ../../build/Object_Detection build --build-base /home/mscrobotics2425laptop21/Team2_Workspace/build/Object_Detection/build install --record /home/mscrobotics2425laptop21/Team2_Workspace/build/Object_Detection/install.log --single-version-externally-managed install_data
[0.830s] running egg_info
[0.831s] creating ../../build/Object_Detection/Object_Detection.egg-info
[0.831s] writing ../../build/Object_Detection/Object_Detection.egg-info/PKG-INFO
[0.832s] writing dependency_links to ../../build/Object_Detection/Object_Detection.egg-info/dependency_links.txt
[0.833s] writing entry points to ../../build/Object_Detection/Object_Detection.egg-info/entry_points.txt
[0.833s] writing requirements to ../../build/Object_Detection/Object_Detection.egg-info/requires.txt
[0.833s] writing top-level names to ../../build/Object_Detection/Object_Detection.egg-info/top_level.txt
[0.834s] writing manifest file '../../build/Object_Detection/Object_Detection.egg-info/SOURCES.txt'
[0.836s] reading manifest file '../../build/Object_Detection/Object_Detection.egg-info/SOURCES.txt'
[0.838s] writing manifest file '../../build/Object_Detection/Object_Detection.egg-info/SOURCES.txt'
[0.839s] running build
[0.839s] running build_py
[0.839s] creating /home/mscrobotics2425laptop21/Team2_Workspace/build/Object_Detection/build
[0.840s] creating /home/mscrobotics2425laptop21/Team2_Workspace/build/Object_Detection/build/lib
[0.840s] creating /home/mscrobotics2425laptop21/Team2_Workspace/build/Object_Detection/build/lib/Object_Detection
[0.841s] copying Object_Detection/__init__.py -> /home/mscrobotics2425laptop21/Team2_Workspace/build/Object_Detection/build/lib/Object_Detection
[0.841s] copying Object_Detection/collect_data.py -> /home/mscrobotics2425laptop21/Team2_Workspace/build/Object_Detection/build/lib/Object_Detection
[0.841s] running install
[0.841s] running install_lib
[0.844s] creating /home/mscrobotics2425laptop21/Team2_Workspace/install/Object_Detection/lib/python3.10/site-packages/Object_Detection
[0.844s] copying /home/mscrobotics2425laptop21/Team2_Workspace/build/Object_Detection/build/lib/Object_Detection/__init__.py -> /home/mscrobotics2425laptop21/Team2_Workspace/install/Object_Detection/lib/python3.10/site-packages/Object_Detection
[0.844s] copying /home/mscrobotics2425laptop21/Team2_Workspace/build/Object_Detection/build/lib/Object_Detection/collect_data.py -> /home/mscrobotics2425laptop21/Team2_Workspace/install/Object_Detection/lib/python3.10/site-packages/Object_Detection
[0.845s] byte-compiling /home/mscrobotics2425laptop21/Team2_Workspace/install/Object_Detection/lib/python3.10/site-packages/Object_Detection/__init__.py to __init__.cpython-310.pyc
[0.846s] byte-compiling /home/mscrobotics2425laptop21/Team2_Workspace/install/Object_Detection/lib/python3.10/site-packages/Object_Detection/collect_data.py to collect_data.cpython-310.pyc
[0.846s] running install_data
[0.847s] creating /home/mscrobotics2425laptop21/Team2_Workspace/install/Object_Detection/share/ament_index
[0.847s] creating /home/mscrobotics2425laptop21/Team2_Workspace/install/Object_Detection/share/ament_index/resource_index
[0.847s] creating /home/mscrobotics2425laptop21/Team2_Workspace/install/Object_Detection/share/ament_index/resource_index/packages
[0.847s] copying resource/Object_Detection -> /home/mscrobotics2425laptop21/Team2_Workspace/install/Object_Detection/share/ament_index/resource_index/packages
[0.847s] copying package.xml -> /home/mscrobotics2425laptop21/Team2_Workspace/install/Object_Detection/share/Object_Detection
[0.848s] running install_egg_info
[0.850s] Copying ../../build/Object_Detection/Object_Detection.egg-info to /home/mscrobotics2425laptop21/Team2_Workspace/install/Object_Detection/lib/python3.10/site-packages/Object_Detection-0.0.0-py3.10.egg-info
[0.851s] running install_scripts
[0.876s] Installing collect_data script to /home/mscrobotics2425laptop21/Team2_Workspace/install/Object_Detection/lib/Object_Detection
[0.877s] writing list of installed files to '/home/mscrobotics2425laptop21/Team2_Workspace/build/Object_Detection/install.log'
[0.899s] Invoked command in '/home/mscrobotics2425laptop21/Team2_Workspace/src/Object_Detection' returned '0': PYTHONPATH=/home/mscrobotics2425laptop21/Team2_Workspace/build/Object_Detection/prefix_override:/usr/lib/python3/dist-packages/colcon_core/task/python/colcon_distutils_commands:/home/mscrobotics2425laptop21/Team2_Workspace/install/Object_Detection/lib/python3.10/site-packages:${PYTHONPATH} /usr/bin/python3 -W ignore:setup.py install is deprecated setup.py egg_info --egg-base ../../build/Object_Detection build --build-base /home/mscrobotics2425laptop21/Team2_Workspace/build/Object_Detection/build install --record /home/mscrobotics2425laptop21/Team2_Workspace/build/Object_Detection/install.log --single-version-externally-managed install_data
