[1.022s] Invoking command in '/home/mscrobotics2425laptop21/Team2_Workspace/src/rpLidar_lab': PYTHONPATH=/home/mscrobotics2425laptop21/Team2_Workspace/build/rpLidar_lab/prefix_override:/usr/lib/python3/dist-packages/colcon_core/task/python/colcon_distutils_commands:/home/mscrobotics2425laptop21/Team2_Workspace/install/rpLidar_lab/lib/python3.10/site-packages:${PYTHONPATH} /usr/bin/python3 -W ignore:setup.py install is deprecated setup.py egg_info --egg-base ../../build/rpLidar_lab build --build-base /home/mscrobotics2425laptop21/Team2_Workspace/build/rpLidar_lab/build install --record /home/mscrobotics2425laptop21/Team2_Workspace/build/rpLidar_lab/install.log --single-version-externally-managed install_data
[1.339s] running egg_info
[1.339s] writing ../../build/rpLidar_lab/rpLidar_lab.egg-info/PKG-INFO
[1.340s] writing dependency_links to ../../build/rpLidar_lab/rpLidar_lab.egg-info/dependency_links.txt
[1.340s] writing entry points to ../../build/rpLidar_lab/rpLidar_lab.egg-info/entry_points.txt
[1.341s] writing requirements to ../../build/rpLidar_lab/rpLidar_lab.egg-info/requires.txt
[1.341s] writing top-level names to ../../build/rpLidar_lab/rpLidar_lab.egg-info/top_level.txt
[1.345s] reading manifest file '../../build/rpLidar_lab/rpLidar_lab.egg-info/SOURCES.txt'
[1.347s] writing manifest file '../../build/rpLidar_lab/rpLidar_lab.egg-info/SOURCES.txt'
[1.348s] running build
[1.348s] running build_py
[1.348s] running install
[1.349s] running install_lib
[1.352s] running install_data
[1.353s] running install_egg_info
[1.356s] removing '/home/mscrobotics2425laptop21/Team2_Workspace/install/rpLidar_lab/lib/python3.10/site-packages/rpLidar_lab-0.0.0-py3.10.egg-info' (and everything under it)
[1.356s] Copying ../../build/rpLidar_lab/rpLidar_lab.egg-info to /home/mscrobotics2425laptop21/Team2_Workspace/install/rpLidar_lab/lib/python3.10/site-packages/rpLidar_lab-0.0.0-py3.10.egg-info
[1.358s] running install_scripts
[1.392s] writing list of installed files to '/home/mscrobotics2425laptop21/Team2_Workspace/build/rpLidar_lab/install.log'
[1.426s] Invoked command in '/home/mscrobotics2425laptop21/Team2_Workspace/src/rpLidar_lab' returned '0': PYTHONPATH=/home/mscrobotics2425laptop21/Team2_Workspace/build/rpLidar_lab/prefix_override:/usr/lib/python3/dist-packages/colcon_core/task/python/colcon_distutils_commands:/home/mscrobotics2425laptop21/Team2_Workspace/install/rpLidar_lab/lib/python3.10/site-packages:${PYTHONPATH} /usr/bin/python3 -W ignore:setup.py install is deprecated setup.py egg_info --egg-base ../../build/rpLidar_lab build --build-base /home/mscrobotics2425laptop21/Team2_Workspace/build/rpLidar_lab/build install --record /home/mscrobotics2425laptop21/Team2_Workspace/build/rpLidar_lab/install.log --single-version-externally-managed install_data
