running egg_info
writing ../../build/Object_Detection/Object_Detection.egg-info/PKG-INFO
writing dependency_links to ../../build/Object_Detection/Object_Detection.egg-info/dependency_links.txt
writing entry points to ../../build/Object_Detection/Object_Detection.egg-info/entry_points.txt
writing requirements to ../../build/Object_Detection/Object_Detection.egg-info/requires.txt
writing top-level names to ../../build/Object_Detection/Object_Detection.egg-info/top_level.txt
reading manifest file '../../build/Object_Detection/Object_Detection.egg-info/SOURCES.txt'
writing manifest file '../../build/Object_Detection/Object_Detection.egg-info/SOURCES.txt'
running build
running build_py
copying Object_Detection/test.py -> /home/mscrobotics2425laptop21/Team2_Workspace/build/Object_Detection/build/lib/Object_Detection
running install
running install_lib
copying /home/mscrobotics2425laptop21/Team2_Workspace/build/Object_Detection/build/lib/Object_Detection/test.py -> /home/mscrobotics2425laptop21/Team2_Workspace/install/Object_Detection/lib/python3.10/site-packages/Object_Detection
byte-compiling /home/mscrobotics2425laptop21/Team2_Workspace/install/Object_Detection/lib/python3.10/site-packages/Object_Detection/test.py to test.cpython-310.pyc
running install_data
copying package.xml -> /home/mscrobotics2425laptop21/Team2_Workspace/install/Object_Detection/share/Object_Detection
running install_egg_info
removing '/home/mscrobotics2425laptop21/Team2_Workspace/install/Object_Detection/lib/python3.10/site-packages/Object_Detection-0.0.0-py3.10.egg-info' (and everything under it)
Copying ../../build/Object_Detection/Object_Detection.egg-info to /home/mscrobotics2425laptop21/Team2_Workspace/install/Object_Detection/lib/python3.10/site-packages/Object_Detection-0.0.0-py3.10.egg-info
running install_scripts
Installing collect_data script to /home/mscrobotics2425laptop21/Team2_Workspace/install/Object_Detection/lib/Object_Detection
Installing predict script to /home/mscrobotics2425laptop21/Team2_Workspace/install/Object_Detection/lib/Object_Detection
Installing test script to /home/mscrobotics2425laptop21/Team2_Workspace/install/Object_Detection/lib/Object_Detection
writing list of installed files to '/home/mscrobotics2425laptop21/Team2_Workspace/build/Object_Detection/install.log'
