[5.780s] Invoking command in '/home/mscrobotics2425laptop16/Robotics_Team2/src/manipulator': AMENT_PREFIX_PATH=/home/mscrobotics2425laptop16/Robotics_Team2/install/package_with_interfaces:${AMENT_PREFIX_PATH} CMAKE_PREFIX_PATH=/home/mscrobotics2425laptop16/Robotics_Team2/install/package_with_interfaces:${CMAKE_PREFIX_PATH} LD_LIBRARY_PATH=/home/mscrobotics2425laptop16/Robotics_Team2/install/package_with_interfaces/lib:${LD_LIBRARY_PATH} PYTHONPATH=/home/mscrobotics2425laptop16/Robotics_Team2/build/manipulator/prefix_override:/usr/lib/python3/dist-packages/colcon_core/task/python/colcon_distutils_commands:/home/mscrobotics2425laptop16/Robotics_Team2/install/manipulator/lib/python3.10/site-packages:/home/mscrobotics2425laptop16/Robotics_Team2/install/package_with_interfaces/local/lib/python3.10/dist-packages:${PYTHONPATH} /usr/bin/python3 -W ignore:setup.py install is deprecated -W ignore:easy_install command is deprecated setup.py egg_info --egg-base ../../build/manipulator build --build-base /home/mscrobotics2425laptop16/Robotics_Team2/build/manipulator/build install --record /home/mscrobotics2425laptop16/Robotics_Team2/build/manipulator/install.log --single-version-externally-managed install_data
[7.034s] /home/mscrobotics2425laptop16/.local/lib/python3.10/site-packages/setuptools/_distutils/dist.py:261: UserWarning: Unknown distribution option: 'tests_require'
[7.035s]   warnings.warn(msg)
[8.388s] running egg_info
[8.489s] writing ../../build/manipulator/manipulator.egg-info/PKG-INFO
[8.498s] writing dependency_links to ../../build/manipulator/manipulator.egg-info/dependency_links.txt
[8.498s] writing entry points to ../../build/manipulator/manipulator.egg-info/entry_points.txt
[8.498s] writing requirements to ../../build/manipulator/manipulator.egg-info/requires.txt
[8.498s] writing top-level names to ../../build/manipulator/manipulator.egg-info/top_level.txt
[8.676s] reading manifest file '../../build/manipulator/manipulator.egg-info/SOURCES.txt'
[8.676s] writing manifest file '../../build/manipulator/manipulator.egg-info/SOURCES.txt'
[8.677s] running build
[8.677s] running build_py
[8.677s] copying manipulator/server_of_perception_for_grasp.py -> /home/mscrobotics2425laptop16/Robotics_Team2/build/manipulator/build/lib/manipulator
[8.677s] copying manipulator/garsp_test.py -> /home/mscrobotics2425laptop16/Robotics_Team2/build/manipulator/build/lib/manipulator
[8.677s] copying manipulator/__init__.py -> /home/mscrobotics2425laptop16/Robotics_Team2/build/manipulator/build/lib/manipulator
[8.678s] copying manipulator/ee_pose.py -> /home/mscrobotics2425laptop16/Robotics_Team2/build/manipulator/build/lib/manipulator
[8.679s] running install
[8.693s] running install_lib
[8.780s] running install_data
[8.781s] copying resource/manipulator -> /home/mscrobotics2425laptop16/Robotics_Team2/install/manipulator/share/ament_index/resource_index/packages
[8.785s] copying package.xml -> /home/mscrobotics2425laptop16/Robotics_Team2/install/manipulator/share/manipulator
[8.786s] running install_egg_info
[8.877s] removing '/home/mscrobotics2425laptop16/Robotics_Team2/install/manipulator/lib/python3.10/site-packages/manipulator-0.0.0-py3.10.egg-info' (and everything under it)
[8.877s] Copying ../../build/manipulator/manipulator.egg-info to /home/mscrobotics2425laptop16/Robotics_Team2/install/manipulator/lib/python3.10/site-packages/manipulator-0.0.0-py3.10.egg-info
[8.880s] running install_scripts
[9.450s] Installing ServerOfPerceptionAndGrasp script to /home/mscrobotics2425laptop16/Robotics_Team2/install/manipulator/lib/manipulator
[9.451s] writing list of installed files to '/home/mscrobotics2425laptop16/Robotics_Team2/build/manipulator/install.log'
[9.540s] Invoked command in '/home/mscrobotics2425laptop16/Robotics_Team2/src/manipulator' returned '0': AMENT_PREFIX_PATH=/home/mscrobotics2425laptop16/Robotics_Team2/install/package_with_interfaces:${AMENT_PREFIX_PATH} CMAKE_PREFIX_PATH=/home/mscrobotics2425laptop16/Robotics_Team2/install/package_with_interfaces:${CMAKE_PREFIX_PATH} LD_LIBRARY_PATH=/home/mscrobotics2425laptop16/Robotics_Team2/install/package_with_interfaces/lib:${LD_LIBRARY_PATH} PYTHONPATH=/home/mscrobotics2425laptop16/Robotics_Team2/build/manipulator/prefix_override:/usr/lib/python3/dist-packages/colcon_core/task/python/colcon_distutils_commands:/home/mscrobotics2425laptop16/Robotics_Team2/install/manipulator/lib/python3.10/site-packages:/home/mscrobotics2425laptop16/Robotics_Team2/install/package_with_interfaces/local/lib/python3.10/dist-packages:${PYTHONPATH} /usr/bin/python3 -W ignore:setup.py install is deprecated -W ignore:easy_install command is deprecated setup.py egg_info --egg-base ../../build/manipulator build --build-base /home/mscrobotics2425laptop16/Robotics_Team2/build/manipulator/build install --record /home/mscrobotics2425laptop16/Robotics_Team2/build/manipulator/install.log --single-version-externally-managed install_data
