[1.767s] Invoking command in '/home/mscrobotics2425laptop3/Robotics_Team2/src/controller': PYTHONPATH=/home/mscrobotics2425laptop3/Robotics_Team2/build/controller/prefix_override:/usr/lib/python3/dist-packages/colcon_core/task/python/colcon_distutils_commands:/home/mscrobotics2425laptop3/Robotics_Team2/install/controller/lib/python3.10/site-packages:${PYTHONPATH} /usr/bin/python3 -W ignore:setup.py install is deprecated -W ignore:easy_install command is deprecated setup.py egg_info --egg-base ../../build/controller build --build-base /home/mscrobotics2425laptop3/Robotics_Team2/build/controller/build install --record /home/mscrobotics2425laptop3/Robotics_Team2/build/controller/install.log --single-version-externally-managed install_data
[2.229s] running egg_info
[2.230s] creating ../../build/controller/controller.egg-info
[2.230s] writing ../../build/controller/controller.egg-info/PKG-INFO
[2.230s] writing dependency_links to ../../build/controller/controller.egg-info/dependency_links.txt
[2.230s] writing entry points to ../../build/controller/controller.egg-info/entry_points.txt
[2.230s] writing requirements to ../../build/controller/controller.egg-info/requires.txt
[2.230s] writing top-level names to ../../build/controller/controller.egg-info/top_level.txt
[2.231s] writing manifest file '../../build/controller/controller.egg-info/SOURCES.txt'
[2.233s] reading manifest file '../../build/controller/controller.egg-info/SOURCES.txt'
[2.234s] writing manifest file '../../build/controller/controller.egg-info/SOURCES.txt'
[2.235s] running build
[2.235s] running build_py
[2.235s] creating /home/mscrobotics2425laptop3/Robotics_Team2/build/controller/build
[2.235s] creating /home/mscrobotics2425laptop3/Robotics_Team2/build/controller/build/lib
[2.235s] creating /home/mscrobotics2425laptop3/Robotics_Team2/build/controller/build/lib/controller
[2.235s] copying controller/__init__.py -> /home/mscrobotics2425laptop3/Robotics_Team2/build/controller/build/lib/controller
[2.235s] copying controller/controller.py -> /home/mscrobotics2425laptop3/Robotics_Team2/build/controller/build/lib/controller
[2.235s] running install
[2.236s] running install_lib
[2.237s] creating /home/mscrobotics2425laptop3/Robotics_Team2/install/controller/lib/python3.10/site-packages/controller
[2.237s] copying /home/mscrobotics2425laptop3/Robotics_Team2/build/controller/build/lib/controller/__init__.py -> /home/mscrobotics2425laptop3/Robotics_Team2/install/controller/lib/python3.10/site-packages/controller
[2.238s] copying /home/mscrobotics2425laptop3/Robotics_Team2/build/controller/build/lib/controller/controller.py -> /home/mscrobotics2425laptop3/Robotics_Team2/install/controller/lib/python3.10/site-packages/controller
[2.239s] byte-compiling /home/mscrobotics2425laptop3/Robotics_Team2/install/controller/lib/python3.10/site-packages/controller/__init__.py to __init__.cpython-310.pyc
[2.239s] byte-compiling /home/mscrobotics2425laptop3/Robotics_Team2/install/controller/lib/python3.10/site-packages/controller/controller.py to controller.cpython-310.pyc
[2.240s] running install_data
[2.240s] creating /home/mscrobotics2425laptop3/Robotics_Team2/install/controller/share/ament_index
[2.240s] creating /home/mscrobotics2425laptop3/Robotics_Team2/install/controller/share/ament_index/resource_index
[2.240s] creating /home/mscrobotics2425laptop3/Robotics_Team2/install/controller/share/ament_index/resource_index/packages
[2.240s] copying resource/controller -> /home/mscrobotics2425laptop3/Robotics_Team2/install/controller/share/ament_index/resource_index/packages
[2.241s] copying package.xml -> /home/mscrobotics2425laptop3/Robotics_Team2/install/controller/share/controller
[2.241s] running install_egg_info
[2.244s] Copying ../../build/controller/controller.egg-info to /home/mscrobotics2425laptop3/Robotics_Team2/install/controller/lib/python3.10/site-packages/controller-0.0.0-py3.10.egg-info
[2.245s] running install_scripts
[2.278s] Installing controller script to /home/mscrobotics2425laptop3/Robotics_Team2/install/controller/lib/controller
[2.278s] writing list of installed files to '/home/mscrobotics2425laptop3/Robotics_Team2/build/controller/install.log'
[2.319s] Invoked command in '/home/mscrobotics2425laptop3/Robotics_Team2/src/controller' returned '0': PYTHONPATH=/home/mscrobotics2425laptop3/Robotics_Team2/build/controller/prefix_override:/usr/lib/python3/dist-packages/colcon_core/task/python/colcon_distutils_commands:/home/mscrobotics2425laptop3/Robotics_Team2/install/controller/lib/python3.10/site-packages:${PYTHONPATH} /usr/bin/python3 -W ignore:setup.py install is deprecated -W ignore:easy_install command is deprecated setup.py egg_info --egg-base ../../build/controller build --build-base /home/mscrobotics2425laptop3/Robotics_Team2/build/controller/build install --record /home/mscrobotics2425laptop3/Robotics_Team2/build/controller/install.log --single-version-externally-managed install_data
