running egg_info
creating ../../../build/team2_nav/team2_nav.egg-info
writing ../../../build/team2_nav/team2_nav.egg-info/PKG-INFO
writing dependency_links to ../../../build/team2_nav/team2_nav.egg-info/dependency_links.txt
writing entry points to ../../../build/team2_nav/team2_nav.egg-info/entry_points.txt
writing requirements to ../../../build/team2_nav/team2_nav.egg-info/requires.txt
writing top-level names to ../../../build/team2_nav/team2_nav.egg-info/top_level.txt
writing manifest file '../../../build/team2_nav/team2_nav.egg-info/SOURCES.txt'
reading manifest file '../../../build/team2_nav/team2_nav.egg-info/SOURCES.txt'
writing manifest file '../../../build/team2_nav/team2_nav.egg-info/SOURCES.txt'
running build
running build_py
creating /home/mscrobotics2425laptop3/Robotics_Team2/build/team2_nav/build
creating /home/mscrobotics2425laptop3/Robotics_Team2/build/team2_nav/build/lib
creating /home/mscrobotics2425laptop3/Robotics_Team2/build/team2_nav/build/lib/team2_nav
copying team2_nav/__init__.py -> /home/mscrobotics2425laptop3/Robotics_Team2/build/team2_nav/build/lib/team2_nav
running install
running install_lib
creating /home/mscrobotics2425laptop3/Robotics_Team2/install/team2_nav/lib/python3.10/site-packages/team2_nav
copying /home/mscrobotics2425laptop3/Robotics_Team2/build/team2_nav/build/lib/team2_nav/__init__.py -> /home/mscrobotics2425laptop3/Robotics_Team2/install/team2_nav/lib/python3.10/site-packages/team2_nav
byte-compiling /home/mscrobotics2425laptop3/Robotics_Team2/install/team2_nav/lib/python3.10/site-packages/team2_nav/__init__.py to __init__.cpython-310.pyc
running install_data
creating /home/mscrobotics2425laptop3/Robotics_Team2/install/team2_nav/share/ament_index
creating /home/mscrobotics2425laptop3/Robotics_Team2/install/team2_nav/share/ament_index/resource_index
creating /home/mscrobotics2425laptop3/Robotics_Team2/install/team2_nav/share/ament_index/resource_index/packages
copying resource/team2_nav -> /home/mscrobotics2425laptop3/Robotics_Team2/install/team2_nav/share/ament_index/resource_index/packages
copying package.xml -> /home/mscrobotics2425laptop3/Robotics_Team2/install/team2_nav/share/team2_nav
creating /home/mscrobotics2425laptop3/Robotics_Team2/install/team2_nav/share/team2_nav/launch
copying launch/leo_rover.launch.py -> /home/mscrobotics2425laptop3/Robotics_Team2/install/team2_nav/share/team2_nav/launch
copying launch/nav.launch.py -> /home/mscrobotics2425laptop3/Robotics_Team2/install/team2_nav/share/team2_nav/launch
creating /home/mscrobotics2425laptop3/Robotics_Team2/install/team2_nav/share/team2_nav/config
copying config/bt_nav.yaml -> /home/mscrobotics2425laptop3/Robotics_Team2/install/team2_nav/share/team2_nav/config
copying config/planner.yaml -> /home/mscrobotics2425laptop3/Robotics_Team2/install/team2_nav/share/team2_nav/config
copying config/controller.yaml -> /home/mscrobotics2425laptop3/Robotics_Team2/install/team2_nav/share/team2_nav/config
copying config/localization_params.yaml -> /home/mscrobotics2425laptop3/Robotics_Team2/install/team2_nav/share/team2_nav/config
copying config/imu_filter_params.yaml -> /home/mscrobotics2425laptop3/Robotics_Team2/install/team2_nav/share/team2_nav/config
creating /home/mscrobotics2425laptop3/Robotics_Team2/install/team2_nav/share/team2_nav/urdf
copying urdf/leo.urdf -> /home/mscrobotics2425laptop3/Robotics_Team2/install/team2_nav/share/team2_nav/urdf
creating /home/mscrobotics2425laptop3/Robotics_Team2/install/team2_nav/share/team2_nav/meshes
copying meshes/Generic_100mm_lidar.stl -> /home/mscrobotics2425laptop3/Robotics_Team2/install/team2_nav/share/team2_nav/meshes
creating /home/mscrobotics2425laptop3/Robotics_Team2/install/team2_nav/share/team2_nav/models
copying models/Mecanum_wheel_outline.stl -> /home/mscrobotics2425laptop3/Robotics_Team2/install/team2_nav/share/team2_nav/models
copying models/Chassis_outline.stl -> /home/mscrobotics2425laptop3/Robotics_Team2/install/team2_nav/share/team2_nav/models
copying models/Wheel_outline.stl -> /home/mscrobotics2425laptop3/Robotics_Team2/install/team2_nav/share/team2_nav/models
copying models/Rocker_outline.stl -> /home/mscrobotics2425laptop3/Robotics_Team2/install/team2_nav/share/team2_nav/models
copying models/WheelMecanumB.dae -> /home/mscrobotics2425laptop3/Robotics_Team2/install/team2_nav/share/team2_nav/models
copying models/Chassis.dae -> /home/mscrobotics2425laptop3/Robotics_Team2/install/team2_nav/share/team2_nav/models
copying models/Antenna.dae -> /home/mscrobotics2425laptop3/Robotics_Team2/install/team2_nav/share/team2_nav/models
copying models/WheelB.dae -> /home/mscrobotics2425laptop3/Robotics_Team2/install/team2_nav/share/team2_nav/models
copying models/WheelMecanumA.dae -> /home/mscrobotics2425laptop3/Robotics_Team2/install/team2_nav/share/team2_nav/models
copying models/Rocker.dae -> /home/mscrobotics2425laptop3/Robotics_Team2/install/team2_nav/share/team2_nav/models
copying models/WheelA.dae -> /home/mscrobotics2425laptop3/Robotics_Team2/install/team2_nav/share/team2_nav/models
running install_egg_info
Copying ../../../build/team2_nav/team2_nav.egg-info to /home/mscrobotics2425laptop3/Robotics_Team2/install/team2_nav/lib/python3.10/site-packages/team2_nav-0.0.0-py3.10.egg-info
running install_scripts
writing list of installed files to '/home/mscrobotics2425laptop3/Robotics_Team2/build/team2_nav/install.log'
