[1.156s] Invoking command in '/home/mscrobotics2425laptop3/Robotics_Team2/src/nav/team2_nav': PYTHONPATH=/home/mscrobotics2425laptop3/Robotics_Team2/build/team2_nav/prefix_override:/usr/lib/python3/dist-packages/colcon_core/task/python/colcon_distutils_commands:/home/mscrobotics2425laptop3/Robotics_Team2/install/team2_nav/lib/python3.10/site-packages:${PYTHONPATH} /usr/bin/python3 -W ignore:setup.py install is deprecated -W ignore:easy_install command is deprecated setup.py egg_info --egg-base ../../../build/team2_nav build --build-base /home/mscrobotics2425laptop3/Robotics_Team2/build/team2_nav/build install --record /home/mscrobotics2425laptop3/Robotics_Team2/build/team2_nav/install.log --single-version-externally-managed install_data
[1.324s] running egg_info
[1.325s] creating ../../../build/team2_nav/team2_nav.egg-info
[1.325s] writing ../../../build/team2_nav/team2_nav.egg-info/PKG-INFO
[1.325s] writing dependency_links to ../../../build/team2_nav/team2_nav.egg-info/dependency_links.txt
[1.326s] writing entry points to ../../../build/team2_nav/team2_nav.egg-info/entry_points.txt
[1.326s] writing requirements to ../../../build/team2_nav/team2_nav.egg-info/requires.txt
[1.326s] writing top-level names to ../../../build/team2_nav/team2_nav.egg-info/top_level.txt
[1.326s] writing manifest file '../../../build/team2_nav/team2_nav.egg-info/SOURCES.txt'
[1.328s] reading manifest file '../../../build/team2_nav/team2_nav.egg-info/SOURCES.txt'
[1.329s] writing manifest file '../../../build/team2_nav/team2_nav.egg-info/SOURCES.txt'
[1.329s] running build
[1.329s] running build_py
[1.329s] creating /home/mscrobotics2425laptop3/Robotics_Team2/build/team2_nav/build
[1.329s] creating /home/mscrobotics2425laptop3/Robotics_Team2/build/team2_nav/build/lib
[1.329s] creating /home/mscrobotics2425laptop3/Robotics_Team2/build/team2_nav/build/lib/team2_nav
[1.329s] copying team2_nav/__init__.py -> /home/mscrobotics2425laptop3/Robotics_Team2/build/team2_nav/build/lib/team2_nav
[1.329s] running install
[1.330s] running install_lib
[1.330s] creating /home/mscrobotics2425laptop3/Robotics_Team2/install/team2_nav/lib/python3.10/site-packages/team2_nav
[1.330s] copying /home/mscrobotics2425laptop3/Robotics_Team2/build/team2_nav/build/lib/team2_nav/__init__.py -> /home/mscrobotics2425laptop3/Robotics_Team2/install/team2_nav/lib/python3.10/site-packages/team2_nav
[1.331s] byte-compiling /home/mscrobotics2425laptop3/Robotics_Team2/install/team2_nav/lib/python3.10/site-packages/team2_nav/__init__.py to __init__.cpython-310.pyc
[1.331s] running install_data
[1.331s] creating /home/mscrobotics2425laptop3/Robotics_Team2/install/team2_nav/share/ament_index
[1.331s] creating /home/mscrobotics2425laptop3/Robotics_Team2/install/team2_nav/share/ament_index/resource_index
[1.332s] creating /home/mscrobotics2425laptop3/Robotics_Team2/install/team2_nav/share/ament_index/resource_index/packages
[1.332s] copying resource/team2_nav -> /home/mscrobotics2425laptop3/Robotics_Team2/install/team2_nav/share/ament_index/resource_index/packages
[1.332s] copying package.xml -> /home/mscrobotics2425laptop3/Robotics_Team2/install/team2_nav/share/team2_nav
[1.332s] creating /home/mscrobotics2425laptop3/Robotics_Team2/install/team2_nav/share/team2_nav/launch
[1.332s] copying launch/leo_rover.launch.py -> /home/mscrobotics2425laptop3/Robotics_Team2/install/team2_nav/share/team2_nav/launch
[1.334s] copying launch/nav.launch.py -> /home/mscrobotics2425laptop3/Robotics_Team2/install/team2_nav/share/team2_nav/launch
[1.334s] creating /home/mscrobotics2425laptop3/Robotics_Team2/install/team2_nav/share/team2_nav/config
[1.334s] copying config/bt_nav.yaml -> /home/mscrobotics2425laptop3/Robotics_Team2/install/team2_nav/share/team2_nav/config
[1.335s] copying config/planner.yaml -> /home/mscrobotics2425laptop3/Robotics_Team2/install/team2_nav/share/team2_nav/config
[1.336s] copying config/controller.yaml -> /home/mscrobotics2425laptop3/Robotics_Team2/install/team2_nav/share/team2_nav/config
[1.336s] copying config/localization_params.yaml -> /home/mscrobotics2425laptop3/Robotics_Team2/install/team2_nav/share/team2_nav/config
[1.336s] copying config/imu_filter_params.yaml -> /home/mscrobotics2425laptop3/Robotics_Team2/install/team2_nav/share/team2_nav/config
[1.336s] creating /home/mscrobotics2425laptop3/Robotics_Team2/install/team2_nav/share/team2_nav/urdf
[1.336s] copying urdf/leo.urdf -> /home/mscrobotics2425laptop3/Robotics_Team2/install/team2_nav/share/team2_nav/urdf
[1.337s] creating /home/mscrobotics2425laptop3/Robotics_Team2/install/team2_nav/share/team2_nav/meshes
[1.337s] copying meshes/Generic_100mm_lidar.stl -> /home/mscrobotics2425laptop3/Robotics_Team2/install/team2_nav/share/team2_nav/meshes
[1.337s] creating /home/mscrobotics2425laptop3/Robotics_Team2/install/team2_nav/share/team2_nav/models
[1.337s] copying models/Mecanum_wheel_outline.stl -> /home/mscrobotics2425laptop3/Robotics_Team2/install/team2_nav/share/team2_nav/models
[1.337s] copying models/Chassis_outline.stl -> /home/mscrobotics2425laptop3/Robotics_Team2/install/team2_nav/share/team2_nav/models
[1.338s] copying models/Wheel_outline.stl -> /home/mscrobotics2425laptop3/Robotics_Team2/install/team2_nav/share/team2_nav/models
[1.338s] copying models/Rocker_outline.stl -> /home/mscrobotics2425laptop3/Robotics_Team2/install/team2_nav/share/team2_nav/models
[1.338s] copying models/WheelMecanumB.dae -> /home/mscrobotics2425laptop3/Robotics_Team2/install/team2_nav/share/team2_nav/models
[1.351s] copying models/Chassis.dae -> /home/mscrobotics2425laptop3/Robotics_Team2/install/team2_nav/share/team2_nav/models
[1.369s] copying models/Antenna.dae -> /home/mscrobotics2425laptop3/Robotics_Team2/install/team2_nav/share/team2_nav/models
[1.369s] copying models/WheelB.dae -> /home/mscrobotics2425laptop3/Robotics_Team2/install/team2_nav/share/team2_nav/models
[1.374s] copying models/WheelMecanumA.dae -> /home/mscrobotics2425laptop3/Robotics_Team2/install/team2_nav/share/team2_nav/models
[1.384s] copying models/Rocker.dae -> /home/mscrobotics2425laptop3/Robotics_Team2/install/team2_nav/share/team2_nav/models
[1.390s] copying models/WheelA.dae -> /home/mscrobotics2425laptop3/Robotics_Team2/install/team2_nav/share/team2_nav/models
[1.395s] running install_egg_info
[1.397s] Copying ../../../build/team2_nav/team2_nav.egg-info to /home/mscrobotics2425laptop3/Robotics_Team2/install/team2_nav/lib/python3.10/site-packages/team2_nav-0.0.0-py3.10.egg-info
[1.401s] running install_scripts
[1.421s] writing list of installed files to '/home/mscrobotics2425laptop3/Robotics_Team2/build/team2_nav/install.log'
[1.448s] Invoked command in '/home/mscrobotics2425laptop3/Robotics_Team2/src/nav/team2_nav' returned '0': PYTHONPATH=/home/mscrobotics2425laptop3/Robotics_Team2/build/team2_nav/prefix_override:/usr/lib/python3/dist-packages/colcon_core/task/python/colcon_distutils_commands:/home/mscrobotics2425laptop3/Robotics_Team2/install/team2_nav/lib/python3.10/site-packages:${PYTHONPATH} /usr/bin/python3 -W ignore:setup.py install is deprecated -W ignore:easy_install command is deprecated setup.py egg_info --egg-base ../../../build/team2_nav build --build-base /home/mscrobotics2425laptop3/Robotics_Team2/build/team2_nav/build install --record /home/mscrobotics2425laptop3/Robotics_Team2/build/team2_nav/install.log --single-version-externally-managed install_data
