[9.215s] Invoking command in '/home/mscrobotics2425laptop16/Robotics_Team2/src/object_detection': PYTHONPATH=/home/mscrobotics2425laptop16/Robotics_Team2/build/object_detection/prefix_override:/usr/lib/python3/dist-packages/colcon_core/task/python/colcon_distutils_commands:/home/mscrobotics2425laptop16/Robotics_Team2/install/object_detection/lib/python3.10/site-packages:${PYTHONPATH} /usr/bin/python3 -W ignore:setup.py install is deprecated -W ignore:easy_install command is deprecated setup.py egg_info --egg-base ../../build/object_detection build --build-base /home/mscrobotics2425laptop16/Robotics_Team2/build/object_detection/build install --record /home/mscrobotics2425laptop16/Robotics_Team2/build/object_detection/install.log --single-version-externally-managed install_data
[9.997s] /home/mscrobotics2425laptop16/.local/lib/python3.10/site-packages/setuptools/_distutils/dist.py:261: UserWarning: Unknown distribution option: 'tests_require'
[9.997s]   warnings.warn(msg)
[11.200s] running egg_info
[11.377s] writing ../../build/object_detection/object_detection.egg-info/PKG-INFO
[11.380s] writing dependency_links to ../../build/object_detection/object_detection.egg-info/dependency_links.txt
[11.380s] writing entry points to ../../build/object_detection/object_detection.egg-info/entry_points.txt
[11.381s] writing requirements to ../../build/object_detection/object_detection.egg-info/requires.txt
[11.381s] writing top-level names to ../../build/object_detection/object_detection.egg-info/top_level.txt
[11.507s] reading manifest file '../../build/object_detection/object_detection.egg-info/SOURCES.txt'
[11.511s] writing manifest file '../../build/object_detection/object_detection.egg-info/SOURCES.txt'
[11.517s] running build
[11.518s] running build_py
[11.518s] copying object_detection/collect_data.py -> /home/mscrobotics2425laptop16/Robotics_Team2/build/object_detection/build/lib/object_detection
[11.518s] copying object_detection/__init__.py -> /home/mscrobotics2425laptop16/Robotics_Team2/build/object_detection/build/lib/object_detection
[11.518s] copying object_detection/predict.py -> /home/mscrobotics2425laptop16/Robotics_Team2/build/object_detection/build/lib/object_detection
[11.518s] running install
[11.533s] running install_lib
[11.605s] running install_data
[11.605s] copying resource/object_detection -> /home/mscrobotics2425laptop16/Robotics_Team2/install/object_detection/share/ament_index/resource_index/packages
[11.605s] copying package.xml -> /home/mscrobotics2425laptop16/Robotics_Team2/install/object_detection/share/object_detection
[11.605s] running install_egg_info
[11.673s] removing '/home/mscrobotics2425laptop16/Robotics_Team2/install/object_detection/lib/python3.10/site-packages/object_detection-0.0.0-py3.10.egg-info' (and everything under it)
[11.674s] Copying ../../build/object_detection/object_detection.egg-info to /home/mscrobotics2425laptop16/Robotics_Team2/install/object_detection/lib/python3.10/site-packages/object_detection-0.0.0-py3.10.egg-info
[11.677s] running install_scripts
[12.149s] Installing collect_data script to /home/mscrobotics2425laptop16/Robotics_Team2/install/object_detection/lib/object_detection
[12.158s] Installing predict script to /home/mscrobotics2425laptop16/Robotics_Team2/install/object_detection/lib/object_detection
[12.158s] Installing test script to /home/mscrobotics2425laptop16/Robotics_Team2/install/object_detection/lib/object_detection
[12.159s] writing list of installed files to '/home/mscrobotics2425laptop16/Robotics_Team2/build/object_detection/install.log'
[12.298s] Invoked command in '/home/mscrobotics2425laptop16/Robotics_Team2/src/object_detection' returned '0': PYTHONPATH=/home/mscrobotics2425laptop16/Robotics_Team2/build/object_detection/prefix_override:/usr/lib/python3/dist-packages/colcon_core/task/python/colcon_distutils_commands:/home/mscrobotics2425laptop16/Robotics_Team2/install/object_detection/lib/python3.10/site-packages:${PYTHONPATH} /usr/bin/python3 -W ignore:setup.py install is deprecated -W ignore:easy_install command is deprecated setup.py egg_info --egg-base ../../build/object_detection build --build-base /home/mscrobotics2425laptop16/Robotics_Team2/build/object_detection/build install --record /home/mscrobotics2425laptop16/Robotics_Team2/build/object_detection/install.log --single-version-externally-managed install_data
