[1.534s] Invoking command in '/home/mscrobotics2425laptop3/Robotics_Team2/src/fake_arm': PYTHONPATH=/home/mscrobotics2425laptop3/Robotics_Team2/build/fake_arm/prefix_override:/usr/lib/python3/dist-packages/colcon_core/task/python/colcon_distutils_commands:/home/mscrobotics2425laptop3/Robotics_Team2/install/fake_arm/lib/python3.10/site-packages:${PYTHONPATH} /usr/bin/python3 -W ignore:setup.py install is deprecated -W ignore:easy_install command is deprecated setup.py egg_info --egg-base ../../build/fake_arm build --build-base /home/mscrobotics2425laptop3/Robotics_Team2/build/fake_arm/build install --record /home/mscrobotics2425laptop3/Robotics_Team2/build/fake_arm/install.log --single-version-externally-managed install_data
[1.812s] running egg_info
[1.812s] writing ../../build/fake_arm/fake_arm.egg-info/PKG-INFO
[1.813s] writing dependency_links to ../../build/fake_arm/fake_arm.egg-info/dependency_links.txt
[1.813s] writing entry points to ../../build/fake_arm/fake_arm.egg-info/entry_points.txt
[1.813s] writing requirements to ../../build/fake_arm/fake_arm.egg-info/requires.txt
[1.813s] writing top-level names to ../../build/fake_arm/fake_arm.egg-info/top_level.txt
[1.815s] reading manifest file '../../build/fake_arm/fake_arm.egg-info/SOURCES.txt'
[1.816s] writing manifest file '../../build/fake_arm/fake_arm.egg-info/SOURCES.txt'
[1.816s] running build
[1.817s] running build_py
[1.817s] running install
[1.817s] running install_lib
[1.820s] running install_data
[1.820s] running install_egg_info
[1.823s] removing '/home/mscrobotics2425laptop3/Robotics_Team2/install/fake_arm/lib/python3.10/site-packages/fake_arm-0.0.0-py3.10.egg-info' (and everything under it)
[1.824s] Copying ../../build/fake_arm/fake_arm.egg-info to /home/mscrobotics2425laptop3/Robotics_Team2/install/fake_arm/lib/python3.10/site-packages/fake_arm-0.0.0-py3.10.egg-info
[1.825s] running install_scripts
[1.855s] Installing fake script to /home/mscrobotics2425laptop3/Robotics_Team2/install/fake_arm/lib/fake_arm
[1.855s] writing list of installed files to '/home/mscrobotics2425laptop3/Robotics_Team2/build/fake_arm/install.log'
[1.903s] Invoked command in '/home/mscrobotics2425laptop3/Robotics_Team2/src/fake_arm' returned '0': PYTHONPATH=/home/mscrobotics2425laptop3/Robotics_Team2/build/fake_arm/prefix_override:/usr/lib/python3/dist-packages/colcon_core/task/python/colcon_distutils_commands:/home/mscrobotics2425laptop3/Robotics_Team2/install/fake_arm/lib/python3.10/site-packages:${PYTHONPATH} /usr/bin/python3 -W ignore:setup.py install is deprecated -W ignore:easy_install command is deprecated setup.py egg_info --egg-base ../../build/fake_arm build --build-base /home/mscrobotics2425laptop3/Robotics_Team2/build/fake_arm/build install --record /home/mscrobotics2425laptop3/Robotics_Team2/build/fake_arm/install.log --single-version-externally-managed install_data
