[4.171s] Invoking command in '/home/mscrobotics2425laptop16/Robotics_Team2/src/rpLidar_lab': PYTHONPATH=/home/mscrobotics2425laptop16/Robotics_Team2/build/rpLidar_lab/prefix_override:/usr/lib/python3/dist-packages/colcon_core/task/python/colcon_distutils_commands:/home/mscrobotics2425laptop16/Robotics_Team2/install/rpLidar_lab/lib/python3.10/site-packages:${PYTHONPATH} /usr/bin/python3 -W ignore:setup.py install is deprecated -W ignore:easy_install command is deprecated setup.py egg_info --egg-base ../../build/rpLidar_lab build --build-base /home/mscrobotics2425laptop16/Robotics_Team2/build/rpLidar_lab/build install --record /home/mscrobotics2425laptop16/Robotics_Team2/build/rpLidar_lab/install.log --single-version-externally-managed install_data
[4.766s] /home/mscrobotics2425laptop16/.local/lib/python3.10/site-packages/setuptools/_distutils/dist.py:261: UserWarning: Unknown distribution option: 'tests_require'
[4.766s]   warnings.warn(msg)
[5.263s] running egg_info
[5.340s] writing ../../build/rpLidar_lab/rpLidar_lab.egg-info/PKG-INFO
[5.345s] writing dependency_links to ../../build/rpLidar_lab/rpLidar_lab.egg-info/dependency_links.txt
[5.345s] writing entry points to ../../build/rpLidar_lab/rpLidar_lab.egg-info/entry_points.txt
[5.346s] writing requirements to ../../build/rpLidar_lab/rpLidar_lab.egg-info/requires.txt
[5.346s] writing top-level names to ../../build/rpLidar_lab/rpLidar_lab.egg-info/top_level.txt
[5.510s] reading manifest file '../../build/rpLidar_lab/rpLidar_lab.egg-info/SOURCES.txt'
[5.513s] writing manifest file '../../build/rpLidar_lab/rpLidar_lab.egg-info/SOURCES.txt'
[5.513s] running build
[5.514s] running build_py
[5.517s] copying rpLidar_lab/lidar_data_collector.py -> /home/mscrobotics2425laptop16/Robotics_Team2/build/rpLidar_lab/build/lib/rpLidar_lab
[5.517s] copying rpLidar_lab/__init__.py -> /home/mscrobotics2425laptop16/Robotics_Team2/build/rpLidar_lab/build/lib/rpLidar_lab
[5.519s] running install
[5.535s] running install_lib
[5.625s] running install_data
[5.626s] copying resource/rpLidar_lab -> /home/mscrobotics2425laptop16/Robotics_Team2/install/rpLidar_lab/share/ament_index/resource_index/packages
[5.627s] copying package.xml -> /home/mscrobotics2425laptop16/Robotics_Team2/install/rpLidar_lab/share/rpLidar_lab
[5.628s] running install_egg_info
[5.710s] removing '/home/mscrobotics2425laptop16/Robotics_Team2/install/rpLidar_lab/lib/python3.10/site-packages/rpLidar_lab-0.0.0-py3.10.egg-info' (and everything under it)
[5.711s] Copying ../../build/rpLidar_lab/rpLidar_lab.egg-info to /home/mscrobotics2425laptop16/Robotics_Team2/install/rpLidar_lab/lib/python3.10/site-packages/rpLidar_lab-0.0.0-py3.10.egg-info
[5.716s] running install_scripts
[6.314s] Installing lidar_lab script to /home/mscrobotics2425laptop16/Robotics_Team2/install/rpLidar_lab/lib/rpLidar_lab
[6.316s] writing list of installed files to '/home/mscrobotics2425laptop16/Robotics_Team2/build/rpLidar_lab/install.log'
[6.415s] Invoked command in '/home/mscrobotics2425laptop16/Robotics_Team2/src/rpLidar_lab' returned '0': PYTHONPATH=/home/mscrobotics2425laptop16/Robotics_Team2/build/rpLidar_lab/prefix_override:/usr/lib/python3/dist-packages/colcon_core/task/python/colcon_distutils_commands:/home/mscrobotics2425laptop16/Robotics_Team2/install/rpLidar_lab/lib/python3.10/site-packages:${PYTHONPATH} /usr/bin/python3 -W ignore:setup.py install is deprecated -W ignore:easy_install command is deprecated setup.py egg_info --egg-base ../../build/rpLidar_lab build --build-base /home/mscrobotics2425laptop16/Robotics_Team2/build/rpLidar_lab/build install --record /home/mscrobotics2425laptop16/Robotics_Team2/build/rpLidar_lab/install.log --single-version-externally-managed install_data
