/home/mscrobotics2425laptop16/Robotics_Team2/install/team2_nav/lib/python3.10/site-packages/team2_nav/__init__.py
/home/mscrobotics2425laptop16/Robotics_Team2/install/team2_nav/lib/python3.10/site-packages/team2_nav/__pycache__/__init__.cpython-310.pyc
/home/mscrobotics2425laptop16/Robotics_Team2/install/team2_nav/share/ament_index/resource_index/packages/team2_nav
/home/mscrobotics2425laptop16/Robotics_Team2/install/team2_nav/share/team2_nav/package.xml
/home/mscrobotics2425laptop16/Robotics_Team2/install/team2_nav/share/team2_nav/launch/leo_rover.launch.py
/home/mscrobotics2425laptop16/Robotics_Team2/install/team2_nav/share/team2_nav/launch/nav.launch.py
/home/mscrobotics2425laptop16/Robotics_Team2/install/team2_nav/share/team2_nav/config/controller.yaml
/home/mscrobotics2425laptop16/Robotics_Team2/install/team2_nav/share/team2_nav/config/bt_nav.yaml
/home/mscrobotics2425laptop16/Robotics_Team2/install/team2_nav/share/team2_nav/config/imu_filter_params.yaml
/home/mscrobotics2425laptop16/Robotics_Team2/install/team2_nav/share/team2_nav/config/localization_params.yaml
/home/mscrobotics2425laptop16/Robotics_Team2/install/team2_nav/share/team2_nav/config/planner.yaml
/home/mscrobotics2425laptop16/Robotics_Team2/install/team2_nav/share/team2_nav/urdf/leo.urdf
/home/mscrobotics2425laptop16/Robotics_Team2/install/team2_nav/share/team2_nav/meshes/Generic_100mm_lidar.stl
/home/mscrobotics2425laptop16/Robotics_Team2/install/team2_nav/share/team2_nav/models/Wheel_outline.stl
/home/mscrobotics2425laptop16/Robotics_Team2/install/team2_nav/share/team2_nav/models/Mecanum_wheel_outline.stl
/home/mscrobotics2425laptop16/Robotics_Team2/install/team2_nav/share/team2_nav/models/Rocker_outline.stl
/home/mscrobotics2425laptop16/Robotics_Team2/install/team2_nav/share/team2_nav/models/Chassis_outline.stl
/home/mscrobotics2425laptop16/Robotics_Team2/install/team2_nav/share/team2_nav/models/WheelMecanumA.dae
/home/mscrobotics2425laptop16/Robotics_Team2/install/team2_nav/share/team2_nav/models/Chassis.dae
/home/mscrobotics2425laptop16/Robotics_Team2/install/team2_nav/share/team2_nav/models/Antenna.dae
/home/mscrobotics2425laptop16/Robotics_Team2/install/team2_nav/share/team2_nav/models/WheelA.dae
/home/mscrobotics2425laptop16/Robotics_Team2/install/team2_nav/share/team2_nav/models/Rocker.dae
/home/mscrobotics2425laptop16/Robotics_Team2/install/team2_nav/share/team2_nav/models/WheelMecanumB.dae
/home/mscrobotics2425laptop16/Robotics_Team2/install/team2_nav/share/team2_nav/models/WheelB.dae
/home/mscrobotics2425laptop16/Robotics_Team2/install/team2_nav/lib/python3.10/site-packages/team2_nav-0.0.0-py3.10.egg-info/requires.txt
/home/mscrobotics2425laptop16/Robotics_Team2/install/team2_nav/lib/python3.10/site-packages/team2_nav-0.0.0-py3.10.egg-info/dependency_links.txt
/home/mscrobotics2425laptop16/Robotics_Team2/install/team2_nav/lib/python3.10/site-packages/team2_nav-0.0.0-py3.10.egg-info/PKG-INFO
/home/mscrobotics2425laptop16/Robotics_Team2/install/team2_nav/lib/python3.10/site-packages/team2_nav-0.0.0-py3.10.egg-info/top_level.txt
/home/mscrobotics2425laptop16/Robotics_Team2/install/team2_nav/lib/python3.10/site-packages/team2_nav-0.0.0-py3.10.egg-info/SOURCES.txt
/home/mscrobotics2425laptop16/Robotics_Team2/install/team2_nav/lib/python3.10/site-packages/team2_nav-0.0.0-py3.10.egg-info/zip-safe
