running egg_info
creating ../../build/fake_arm/fake_arm.egg-info
writing ../../build/fake_arm/fake_arm.egg-info/PKG-INFO
writing dependency_links to ../../build/fake_arm/fake_arm.egg-info/dependency_links.txt
writing entry points to ../../build/fake_arm/fake_arm.egg-info/entry_points.txt
writing requirements to ../../build/fake_arm/fake_arm.egg-info/requires.txt
writing top-level names to ../../build/fake_arm/fake_arm.egg-info/top_level.txt
writing manifest file '../../build/fake_arm/fake_arm.egg-info/SOURCES.txt'
reading manifest file '../../build/fake_arm/fake_arm.egg-info/SOURCES.txt'
writing manifest file '../../build/fake_arm/fake_arm.egg-info/SOURCES.txt'
running build
running build_py
creating /home/mscrobotics2425laptop3/Robotics_Team2/build/fake_arm/build
creating /home/mscrobotics2425laptop3/Robotics_Team2/build/fake_arm/build/lib
creating /home/mscrobotics2425laptop3/Robotics_Team2/build/fake_arm/build/lib/fake_arm
copying fake_arm/__init__.py -> /home/mscrobotics2425laptop3/Robotics_Team2/build/fake_arm/build/lib/fake_arm
copying fake_arm/fake.py -> /home/mscrobotics2425laptop3/Robotics_Team2/build/fake_arm/build/lib/fake_arm
running install
running install_lib
creating /home/mscrobotics2425laptop3/Robotics_Team2/install/fake_arm/lib/python3.10/site-packages/fake_arm
copying /home/mscrobotics2425laptop3/Robotics_Team2/build/fake_arm/build/lib/fake_arm/__init__.py -> /home/mscrobotics2425laptop3/Robotics_Team2/install/fake_arm/lib/python3.10/site-packages/fake_arm
copying /home/mscrobotics2425laptop3/Robotics_Team2/build/fake_arm/build/lib/fake_arm/fake.py -> /home/mscrobotics2425laptop3/Robotics_Team2/install/fake_arm/lib/python3.10/site-packages/fake_arm
byte-compiling /home/mscrobotics2425laptop3/Robotics_Team2/install/fake_arm/lib/python3.10/site-packages/fake_arm/__init__.py to __init__.cpython-310.pyc
byte-compiling /home/mscrobotics2425laptop3/Robotics_Team2/install/fake_arm/lib/python3.10/site-packages/fake_arm/fake.py to fake.cpython-310.pyc
running install_data
creating /home/mscrobotics2425laptop3/Robotics_Team2/install/fake_arm/share/ament_index
creating /home/mscrobotics2425laptop3/Robotics_Team2/install/fake_arm/share/ament_index/resource_index
creating /home/mscrobotics2425laptop3/Robotics_Team2/install/fake_arm/share/ament_index/resource_index/packages
copying resource/fake_arm -> /home/mscrobotics2425laptop3/Robotics_Team2/install/fake_arm/share/ament_index/resource_index/packages
copying package.xml -> /home/mscrobotics2425laptop3/Robotics_Team2/install/fake_arm/share/fake_arm
running install_egg_info
Copying ../../build/fake_arm/fake_arm.egg-info to /home/mscrobotics2425laptop3/Robotics_Team2/install/fake_arm/lib/python3.10/site-packages/fake_arm-0.0.0-py3.10.egg-info
running install_scripts
Installing object_grab_server script to /home/mscrobotics2425laptop3/Robotics_Team2/install/fake_arm/lib/fake_arm
writing list of installed files to '/home/mscrobotics2425laptop3/Robotics_Team2/build/fake_arm/install.log'
