[1.450s] Invoking command in '/home/mscrobotics2425laptop3/Robotics_Team2/src/fake_arm': PYTHONPATH=/home/mscrobotics2425laptop3/Robotics_Team2/build/fake_arm/prefix_override:/usr/lib/python3/dist-packages/colcon_core/task/python/colcon_distutils_commands:/home/mscrobotics2425laptop3/Robotics_Team2/install/fake_arm/lib/python3.10/site-packages:${PYTHONPATH} /usr/bin/python3 -W ignore:setup.py install is deprecated -W ignore:easy_install command is deprecated setup.py egg_info --egg-base ../../build/fake_arm build --build-base /home/mscrobotics2425laptop3/Robotics_Team2/build/fake_arm/build install --record /home/mscrobotics2425laptop3/Robotics_Team2/build/fake_arm/install.log --single-version-externally-managed install_data
[1.698s] running egg_info
[1.699s] creating ../../build/fake_arm/fake_arm.egg-info
[1.699s] writing ../../build/fake_arm/fake_arm.egg-info/PKG-INFO
[1.700s] writing dependency_links to ../../build/fake_arm/fake_arm.egg-info/dependency_links.txt
[1.701s] writing entry points to ../../build/fake_arm/fake_arm.egg-info/entry_points.txt
[1.701s] writing requirements to ../../build/fake_arm/fake_arm.egg-info/requires.txt
[1.701s] writing top-level names to ../../build/fake_arm/fake_arm.egg-info/top_level.txt
[1.701s] writing manifest file '../../build/fake_arm/fake_arm.egg-info/SOURCES.txt'
[1.704s] reading manifest file '../../build/fake_arm/fake_arm.egg-info/SOURCES.txt'
[1.705s] writing manifest file '../../build/fake_arm/fake_arm.egg-info/SOURCES.txt'
[1.705s] running build
[1.705s] running build_py
[1.705s] creating /home/mscrobotics2425laptop3/Robotics_Team2/build/fake_arm/build
[1.705s] creating /home/mscrobotics2425laptop3/Robotics_Team2/build/fake_arm/build/lib
[1.705s] creating /home/mscrobotics2425laptop3/Robotics_Team2/build/fake_arm/build/lib/fake_arm
[1.705s] copying fake_arm/__init__.py -> /home/mscrobotics2425laptop3/Robotics_Team2/build/fake_arm/build/lib/fake_arm
[1.705s] copying fake_arm/fake.py -> /home/mscrobotics2425laptop3/Robotics_Team2/build/fake_arm/build/lib/fake_arm
[1.705s] running install
[1.706s] running install_lib
[1.707s] creating /home/mscrobotics2425laptop3/Robotics_Team2/install/fake_arm/lib/python3.10/site-packages/fake_arm
[1.707s] copying /home/mscrobotics2425laptop3/Robotics_Team2/build/fake_arm/build/lib/fake_arm/__init__.py -> /home/mscrobotics2425laptop3/Robotics_Team2/install/fake_arm/lib/python3.10/site-packages/fake_arm
[1.707s] copying /home/mscrobotics2425laptop3/Robotics_Team2/build/fake_arm/build/lib/fake_arm/fake.py -> /home/mscrobotics2425laptop3/Robotics_Team2/install/fake_arm/lib/python3.10/site-packages/fake_arm
[1.708s] byte-compiling /home/mscrobotics2425laptop3/Robotics_Team2/install/fake_arm/lib/python3.10/site-packages/fake_arm/__init__.py to __init__.cpython-310.pyc
[1.708s] byte-compiling /home/mscrobotics2425laptop3/Robotics_Team2/install/fake_arm/lib/python3.10/site-packages/fake_arm/fake.py to fake.cpython-310.pyc
[1.709s] running install_data
[1.709s] creating /home/mscrobotics2425laptop3/Robotics_Team2/install/fake_arm/share/ament_index
[1.709s] creating /home/mscrobotics2425laptop3/Robotics_Team2/install/fake_arm/share/ament_index/resource_index
[1.709s] creating /home/mscrobotics2425laptop3/Robotics_Team2/install/fake_arm/share/ament_index/resource_index/packages
[1.709s] copying resource/fake_arm -> /home/mscrobotics2425laptop3/Robotics_Team2/install/fake_arm/share/ament_index/resource_index/packages
[1.709s] copying package.xml -> /home/mscrobotics2425laptop3/Robotics_Team2/install/fake_arm/share/fake_arm
[1.709s] running install_egg_info
[1.712s] Copying ../../build/fake_arm/fake_arm.egg-info to /home/mscrobotics2425laptop3/Robotics_Team2/install/fake_arm/lib/python3.10/site-packages/fake_arm-0.0.0-py3.10.egg-info
[1.713s] running install_scripts
[1.741s] Installing object_grab_server script to /home/mscrobotics2425laptop3/Robotics_Team2/install/fake_arm/lib/fake_arm
[1.742s] writing list of installed files to '/home/mscrobotics2425laptop3/Robotics_Team2/build/fake_arm/install.log'
[1.785s] Invoked command in '/home/mscrobotics2425laptop3/Robotics_Team2/src/fake_arm' returned '0': PYTHONPATH=/home/mscrobotics2425laptop3/Robotics_Team2/build/fake_arm/prefix_override:/usr/lib/python3/dist-packages/colcon_core/task/python/colcon_distutils_commands:/home/mscrobotics2425laptop3/Robotics_Team2/install/fake_arm/lib/python3.10/site-packages:${PYTHONPATH} /usr/bin/python3 -W ignore:setup.py install is deprecated -W ignore:easy_install command is deprecated setup.py egg_info --egg-base ../../build/fake_arm build --build-base /home/mscrobotics2425laptop3/Robotics_Team2/build/fake_arm/build install --record /home/mscrobotics2425laptop3/Robotics_Team2/build/fake_arm/install.log --single-version-externally-managed install_data
