[0.258s] DEBUG:colcon:Command line arguments: ['/usr/bin/colcon', 'build']
[0.258s] DEBUG:colcon:Parsed command line arguments: Namespace(log_base=None, log_level=None, verb_name='build', build_base='build', install_base='install', merge_install=False, symlink_install=False, test_result_base=None, continue_on_error=False, executor='parallel', parallel_workers=12, event_handlers=None, ignore_user_meta=False, metas=['./colcon.meta'], base_paths=['.'], packages_ignore=None, packages_ignore_regex=None, paths=None, packages_up_to=None, packages_up_to_regex=None, packages_above=None, packages_above_and_dependencies=None, packages_above_depth=None, packages_select_by_dep=None, packages_skip_by_dep=None, packages_skip_up_to=None, packages_select_build_failed=False, packages_skip_build_finished=False, packages_select_test_failures=False, packages_skip_test_passed=False, packages_select=None, packages_skip=None, packages_select_regex=None, packages_skip_regex=None, packages_start=None, packages_end=None, allow_overriding=[], cmake_args=None, cmake_target=None, cmake_target_skip_unavailable=False, cmake_clean_cache=False, cmake_clean_first=False, cmake_force_configure=False, ament_cmake_args=None, catkin_cmake_args=None, catkin_skip_building_tests=False, mixin_files=None, mixin=None, verb_parser=<colcon_mixin.mixin.mixin_argument.MixinArgumentDecorator object at 0x7f9306b87ee0>, verb_extension=<colcon_core.verb.build.BuildVerb object at 0x7f9306b87910>, main=<bound method BuildVerb.main of <colcon_core.verb.build.BuildVerb object at 0x7f9306b87910>>, mixin_verb=('build',))
[0.366s] Level 1:colcon.colcon_core.package_discovery:discover_packages(colcon_meta) check parameters
[0.367s] Level 1:colcon.colcon_core.package_discovery:discover_packages(recursive) check parameters
[0.367s] Level 1:colcon.colcon_core.package_discovery:discover_packages(ignore) check parameters
[0.367s] Level 1:colcon.colcon_core.package_discovery:discover_packages(path) check parameters
[0.367s] Level 1:colcon.colcon_core.package_discovery:discover_packages(colcon_meta) discover
[0.367s] Level 1:colcon.colcon_core.package_discovery:discover_packages(recursive) discover
[0.368s] INFO:colcon.colcon_core.package_discovery:Crawling recursively for packages in '/home/mscrobotics2425laptop16/Robotics_Team2'
[0.368s] Level 1:colcon.colcon_core.package_identification:_identify(.) by extensions ['ignore', 'ignore_ament_install']
[0.368s] Level 1:colcon.colcon_core.package_identification:_identify(.) by extension 'ignore'
[0.369s] Level 1:colcon.colcon_core.package_identification:_identify(.) by extension 'ignore_ament_install'
[0.369s] Level 1:colcon.colcon_core.package_identification:_identify(.) by extensions ['colcon_pkg']
[0.369s] Level 1:colcon.colcon_core.package_identification:_identify(.) by extension 'colcon_pkg'
[0.369s] Level 1:colcon.colcon_core.package_identification:_identify(.) by extensions ['colcon_meta']
[0.369s] Level 1:colcon.colcon_core.package_identification:_identify(.) by extension 'colcon_meta'
[0.369s] Level 1:colcon.colcon_core.package_identification:_identify(.) by extensions ['ros']
[0.369s] Level 1:colcon.colcon_core.package_identification:_identify(.) by extension 'ros'
[0.415s] Level 1:colcon.colcon_core.package_identification:_identify(.) by extensions ['cmake', 'python']
[0.415s] Level 1:colcon.colcon_core.package_identification:_identify(.) by extension 'cmake'
[0.415s] Level 1:colcon.colcon_core.package_identification:_identify(.) by extension 'python'
[0.415s] Level 1:colcon.colcon_core.package_identification:_identify(.) by extensions ['python_setup_py']
[0.415s] Level 1:colcon.colcon_core.package_identification:_identify(.) by extension 'python_setup_py'
[0.416s] Level 1:colcon.colcon_core.package_identification:_identify(build) by extensions ['ignore', 'ignore_ament_install']
[0.416s] Level 1:colcon.colcon_core.package_identification:_identify(build) by extension 'ignore'
[0.416s] Level 1:colcon.colcon_core.package_identification:_identify(build) ignored
[0.416s] Level 1:colcon.colcon_core.package_identification:_identify(image) by extensions ['ignore', 'ignore_ament_install']
[0.417s] Level 1:colcon.colcon_core.package_identification:_identify(image) by extension 'ignore'
[0.417s] Level 1:colcon.colcon_core.package_identification:_identify(image) by extension 'ignore_ament_install'
[0.417s] Level 1:colcon.colcon_core.package_identification:_identify(image) by extensions ['colcon_pkg']
[0.417s] Level 1:colcon.colcon_core.package_identification:_identify(image) by extension 'colcon_pkg'
[0.417s] Level 1:colcon.colcon_core.package_identification:_identify(image) by extensions ['colcon_meta']
[0.417s] Level 1:colcon.colcon_core.package_identification:_identify(image) by extension 'colcon_meta'
[0.418s] Level 1:colcon.colcon_core.package_identification:_identify(image) by extensions ['ros']
[0.418s] Level 1:colcon.colcon_core.package_identification:_identify(image) by extension 'ros'
[0.418s] Level 1:colcon.colcon_core.package_identification:_identify(image) by extensions ['cmake', 'python']
[0.418s] Level 1:colcon.colcon_core.package_identification:_identify(image) by extension 'cmake'
[0.418s] Level 1:colcon.colcon_core.package_identification:_identify(image) by extension 'python'
[0.418s] Level 1:colcon.colcon_core.package_identification:_identify(image) by extensions ['python_setup_py']
[0.418s] Level 1:colcon.colcon_core.package_identification:_identify(image) by extension 'python_setup_py'
[0.419s] Level 1:colcon.colcon_core.package_identification:_identify(install) by extensions ['ignore', 'ignore_ament_install']
[0.419s] Level 1:colcon.colcon_core.package_identification:_identify(install) by extension 'ignore'
[0.419s] Level 1:colcon.colcon_core.package_identification:_identify(install) ignored
[0.419s] Level 1:colcon.colcon_core.package_identification:_identify(log) by extensions ['ignore', 'ignore_ament_install']
[0.419s] Level 1:colcon.colcon_core.package_identification:_identify(log) by extension 'ignore'
[0.419s] Level 1:colcon.colcon_core.package_identification:_identify(log) ignored
[0.420s] Level 1:colcon.colcon_core.package_identification:_identify(src) by extensions ['ignore', 'ignore_ament_install']
[0.420s] Level 1:colcon.colcon_core.package_identification:_identify(src) by extension 'ignore'
[0.420s] Level 1:colcon.colcon_core.package_identification:_identify(src) by extension 'ignore_ament_install'
[0.420s] Level 1:colcon.colcon_core.package_identification:_identify(src) by extensions ['colcon_pkg']
[0.420s] Level 1:colcon.colcon_core.package_identification:_identify(src) by extension 'colcon_pkg'
[0.420s] Level 1:colcon.colcon_core.package_identification:_identify(src) by extensions ['colcon_meta']
[0.420s] Level 1:colcon.colcon_core.package_identification:_identify(src) by extension 'colcon_meta'
[0.420s] Level 1:colcon.colcon_core.package_identification:_identify(src) by extensions ['ros']
[0.421s] Level 1:colcon.colcon_core.package_identification:_identify(src) by extension 'ros'
[0.421s] Level 1:colcon.colcon_core.package_identification:_identify(src) by extensions ['cmake', 'python']
[0.421s] Level 1:colcon.colcon_core.package_identification:_identify(src) by extension 'cmake'
[0.421s] Level 1:colcon.colcon_core.package_identification:_identify(src) by extension 'python'
[0.421s] Level 1:colcon.colcon_core.package_identification:_identify(src) by extensions ['python_setup_py']
[0.421s] Level 1:colcon.colcon_core.package_identification:_identify(src) by extension 'python_setup_py'
[0.421s] Level 1:colcon.colcon_core.package_identification:_identify(src/fake_arm) by extensions ['ignore', 'ignore_ament_install']
[0.422s] Level 1:colcon.colcon_core.package_identification:_identify(src/fake_arm) by extension 'ignore'
[0.422s] Level 1:colcon.colcon_core.package_identification:_identify(src/fake_arm) by extension 'ignore_ament_install'
[0.422s] Level 1:colcon.colcon_core.package_identification:_identify(src/fake_arm) by extensions ['colcon_pkg']
[0.422s] Level 1:colcon.colcon_core.package_identification:_identify(src/fake_arm) by extension 'colcon_pkg'
[0.422s] Level 1:colcon.colcon_core.package_identification:_identify(src/fake_arm) by extensions ['colcon_meta']
[0.422s] Level 1:colcon.colcon_core.package_identification:_identify(src/fake_arm) by extension 'colcon_meta'
[0.422s] Level 1:colcon.colcon_core.package_identification:_identify(src/fake_arm) by extensions ['ros']
[0.422s] Level 1:colcon.colcon_core.package_identification:_identify(src/fake_arm) by extension 'ros'
[0.430s] DEBUG:colcon.colcon_core.package_identification:Package 'src/fake_arm' with type 'ros.ament_python' and name 'fake_arm'
[0.430s] Level 1:colcon.colcon_core.package_identification:_identify(src/manipulator) by extensions ['ignore', 'ignore_ament_install']
[0.431s] Level 1:colcon.colcon_core.package_identification:_identify(src/manipulator) by extension 'ignore'
[0.431s] Level 1:colcon.colcon_core.package_identification:_identify(src/manipulator) by extension 'ignore_ament_install'
[0.431s] Level 1:colcon.colcon_core.package_identification:_identify(src/manipulator) by extensions ['colcon_pkg']
[0.431s] Level 1:colcon.colcon_core.package_identification:_identify(src/manipulator) by extension 'colcon_pkg'
[0.431s] Level 1:colcon.colcon_core.package_identification:_identify(src/manipulator) by extensions ['colcon_meta']
[0.431s] Level 1:colcon.colcon_core.package_identification:_identify(src/manipulator) by extension 'colcon_meta'
[0.431s] Level 1:colcon.colcon_core.package_identification:_identify(src/manipulator) by extensions ['ros']
[0.431s] Level 1:colcon.colcon_core.package_identification:_identify(src/manipulator) by extension 'ros'
[0.434s] DEBUG:colcon.colcon_core.package_identification:Package 'src/manipulator' with type 'ros.ament_python' and name 'manipulator'
[0.434s] Level 1:colcon.colcon_core.package_identification:_identify(src/nav) by extensions ['ignore', 'ignore_ament_install']
[0.435s] Level 1:colcon.colcon_core.package_identification:_identify(src/nav) by extension 'ignore'
[0.435s] Level 1:colcon.colcon_core.package_identification:_identify(src/nav) by extension 'ignore_ament_install'
[0.435s] Level 1:colcon.colcon_core.package_identification:_identify(src/nav) by extensions ['colcon_pkg']
[0.435s] Level 1:colcon.colcon_core.package_identification:_identify(src/nav) by extension 'colcon_pkg'
[0.435s] Level 1:colcon.colcon_core.package_identification:_identify(src/nav) by extensions ['colcon_meta']
[0.435s] Level 1:colcon.colcon_core.package_identification:_identify(src/nav) by extension 'colcon_meta'
[0.436s] Level 1:colcon.colcon_core.package_identification:_identify(src/nav) by extensions ['ros']
[0.436s] Level 1:colcon.colcon_core.package_identification:_identify(src/nav) by extension 'ros'
[0.436s] Level 1:colcon.colcon_core.package_identification:_identify(src/nav) by extensions ['cmake', 'python']
[0.436s] Level 1:colcon.colcon_core.package_identification:_identify(src/nav) by extension 'cmake'
[0.436s] Level 1:colcon.colcon_core.package_identification:_identify(src/nav) by extension 'python'
[0.436s] Level 1:colcon.colcon_core.package_identification:_identify(src/nav) by extensions ['python_setup_py']
[0.436s] Level 1:colcon.colcon_core.package_identification:_identify(src/nav) by extension 'python_setup_py'
[0.437s] Level 1:colcon.colcon_core.package_identification:_identify(src/nav/build) by extensions ['ignore', 'ignore_ament_install']
[0.437s] Level 1:colcon.colcon_core.package_identification:_identify(src/nav/build) by extension 'ignore'
[0.437s] Level 1:colcon.colcon_core.package_identification:_identify(src/nav/build) ignored
[0.437s] Level 1:colcon.colcon_core.package_identification:_identify(src/nav/install) by extensions ['ignore', 'ignore_ament_install']
[0.437s] Level 1:colcon.colcon_core.package_identification:_identify(src/nav/install) by extension 'ignore'
[0.437s] Level 1:colcon.colcon_core.package_identification:_identify(src/nav/install) ignored
[0.438s] Level 1:colcon.colcon_core.package_identification:_identify(src/nav/log) by extensions ['ignore', 'ignore_ament_install']
[0.438s] Level 1:colcon.colcon_core.package_identification:_identify(src/nav/log) by extension 'ignore'
[0.438s] Level 1:colcon.colcon_core.package_identification:_identify(src/nav/log) ignored
[0.438s] Level 1:colcon.colcon_core.package_identification:_identify(src/nav/team2_nav) by extensions ['ignore', 'ignore_ament_install']
[0.439s] Level 1:colcon.colcon_core.package_identification:_identify(src/nav/team2_nav) by extension 'ignore'
[0.439s] Level 1:colcon.colcon_core.package_identification:_identify(src/nav/team2_nav) by extension 'ignore_ament_install'
[0.439s] Level 1:colcon.colcon_core.package_identification:_identify(src/nav/team2_nav) by extensions ['colcon_pkg']
[0.439s] Level 1:colcon.colcon_core.package_identification:_identify(src/nav/team2_nav) by extension 'colcon_pkg'
[0.439s] Level 1:colcon.colcon_core.package_identification:_identify(src/nav/team2_nav) by extensions ['colcon_meta']
[0.439s] Level 1:colcon.colcon_core.package_identification:_identify(src/nav/team2_nav) by extension 'colcon_meta'
[0.440s] Level 1:colcon.colcon_core.package_identification:_identify(src/nav/team2_nav) by extensions ['ros']
[0.440s] Level 1:colcon.colcon_core.package_identification:_identify(src/nav/team2_nav) by extension 'ros'
[0.442s] DEBUG:colcon.colcon_core.package_identification:Package 'src/nav/team2_nav' with type 'ros.ament_python' and name 'team2_nav'
[0.443s] Level 1:colcon.colcon_core.package_identification:_identify(src/object_detection) by extensions ['ignore', 'ignore_ament_install']
[0.443s] Level 1:colcon.colcon_core.package_identification:_identify(src/object_detection) by extension 'ignore'
[0.443s] Level 1:colcon.colcon_core.package_identification:_identify(src/object_detection) by extension 'ignore_ament_install'
[0.443s] Level 1:colcon.colcon_core.package_identification:_identify(src/object_detection) by extensions ['colcon_pkg']
[0.444s] Level 1:colcon.colcon_core.package_identification:_identify(src/object_detection) by extension 'colcon_pkg'
[0.444s] Level 1:colcon.colcon_core.package_identification:_identify(src/object_detection) by extensions ['colcon_meta']
[0.444s] Level 1:colcon.colcon_core.package_identification:_identify(src/object_detection) by extension 'colcon_meta'
[0.444s] Level 1:colcon.colcon_core.package_identification:_identify(src/object_detection) by extensions ['ros']
[0.444s] Level 1:colcon.colcon_core.package_identification:_identify(src/object_detection) by extension 'ros'
[0.446s] DEBUG:colcon.colcon_core.package_identification:Package 'src/object_detection' with type 'ros.ament_python' and name 'object_detection'
[0.447s] Level 1:colcon.colcon_core.package_identification:_identify(src/package_with_interfaces) by extensions ['ignore', 'ignore_ament_install']
[0.447s] Level 1:colcon.colcon_core.package_identification:_identify(src/package_with_interfaces) by extension 'ignore'
[0.447s] Level 1:colcon.colcon_core.package_identification:_identify(src/package_with_interfaces) by extension 'ignore_ament_install'
[0.447s] Level 1:colcon.colcon_core.package_identification:_identify(src/package_with_interfaces) by extensions ['colcon_pkg']
[0.447s] Level 1:colcon.colcon_core.package_identification:_identify(src/package_with_interfaces) by extension 'colcon_pkg'
[0.448s] Level 1:colcon.colcon_core.package_identification:_identify(src/package_with_interfaces) by extensions ['colcon_meta']
[0.448s] Level 1:colcon.colcon_core.package_identification:_identify(src/package_with_interfaces) by extension 'colcon_meta'
[0.448s] Level 1:colcon.colcon_core.package_identification:_identify(src/package_with_interfaces) by extensions ['ros']
[0.448s] Level 1:colcon.colcon_core.package_identification:_identify(src/package_with_interfaces) by extension 'ros'
[0.449s] DEBUG:colcon.colcon_core.package_identification:Package 'src/package_with_interfaces' with type 'ros.ament_cmake' and name 'package_with_interfaces'
[0.450s] Level 1:colcon.colcon_core.package_identification:_identify(src/rpLidar_lab) by extensions ['ignore', 'ignore_ament_install']
[0.450s] Level 1:colcon.colcon_core.package_identification:_identify(src/rpLidar_lab) by extension 'ignore'
[0.450s] Level 1:colcon.colcon_core.package_identification:_identify(src/rpLidar_lab) by extension 'ignore_ament_install'
[0.451s] Level 1:colcon.colcon_core.package_identification:_identify(src/rpLidar_lab) by extensions ['colcon_pkg']
[0.451s] Level 1:colcon.colcon_core.package_identification:_identify(src/rpLidar_lab) by extension 'colcon_pkg'
[0.451s] Level 1:colcon.colcon_core.package_identification:_identify(src/rpLidar_lab) by extensions ['colcon_meta']
[0.451s] Level 1:colcon.colcon_core.package_identification:_identify(src/rpLidar_lab) by extension 'colcon_meta'
[0.451s] Level 1:colcon.colcon_core.package_identification:_identify(src/rpLidar_lab) by extensions ['ros']
[0.451s] Level 1:colcon.colcon_core.package_identification:_identify(src/rpLidar_lab) by extension 'ros'
[0.453s] DEBUG:colcon.colcon_core.package_identification:Package 'src/rpLidar_lab' with type 'ros.ament_python' and name 'rpLidar_lab'
[0.453s] Level 1:colcon.colcon_core.package_discovery:discover_packages(recursive) using defaults
[0.453s] Level 1:colcon.colcon_core.package_discovery:discover_packages(ignore) discover
[0.453s] Level 1:colcon.colcon_core.package_discovery:discover_packages(ignore) using defaults
[0.453s] Level 1:colcon.colcon_core.package_discovery:discover_packages(path) discover
[0.453s] Level 1:colcon.colcon_core.package_discovery:discover_packages(path) using defaults
[0.509s] Level 1:colcon.colcon_core.package_discovery:discover_packages(prefix_path) check parameters
[0.509s] Level 1:colcon.colcon_core.package_discovery:discover_packages(prefix_path) discover
[0.511s] WARNING:colcon.colcon_ros.prefix_path.ament:The path '/home/mscrobotics2425laptop16/Robotics_Team2/install/team2_nav' in the environment variable AMENT_PREFIX_PATH doesn't exist
[0.511s] WARNING:colcon.colcon_ros.prefix_path.ament:The path '/home/mscrobotics2425laptop16/Robotics_Team2/install/rpLidar_lab' in the environment variable AMENT_PREFIX_PATH doesn't exist
[0.511s] WARNING:colcon.colcon_ros.prefix_path.ament:The path '/home/mscrobotics2425laptop16/Robotics_Team2/install/manipulator' in the environment variable AMENT_PREFIX_PATH doesn't exist
[0.511s] WARNING:colcon.colcon_ros.prefix_path.ament:The path '/home/mscrobotics2425laptop16/Robotics_Team2/install/package_with_interfaces' in the environment variable AMENT_PREFIX_PATH doesn't exist
[0.511s] WARNING:colcon.colcon_ros.prefix_path.ament:The path '/home/mscrobotics2425laptop16/Robotics_Team2/install/object_detection' in the environment variable AMENT_PREFIX_PATH doesn't exist
[0.512s] WARNING:colcon.colcon_ros.prefix_path.ament:The path '/home/mscrobotics2425laptop16/Robotics_Team2/install/interfaces' in the environment variable AMENT_PREFIX_PATH doesn't exist
[0.512s] WARNING:colcon.colcon_ros.prefix_path.ament:The path '/home/mscrobotics2425laptop16/Robotics_Team2/install/fake_arm' in the environment variable AMENT_PREFIX_PATH doesn't exist
[0.513s] WARNING:colcon.colcon_ros.prefix_path.catkin:The path '/home/mscrobotics2425laptop16/Robotics_Team2/install/package_with_interfaces' in the environment variable CMAKE_PREFIX_PATH doesn't exist
[0.513s] WARNING:colcon.colcon_ros.prefix_path.catkin:The path '/home/mscrobotics2425laptop16/Robotics_Team2/install/interfaces' in the environment variable CMAKE_PREFIX_PATH doesn't exist
[0.515s] DEBUG:colcon.colcon_installed_package_information.package_discovery:Found 0 installed packages in /home/mscrobotics2425laptop16/Robotics_Team2/install
[0.518s] DEBUG:colcon.colcon_installed_package_information.package_discovery:Found 35 installed packages in /home/mscrobotics2425laptop16/interbotix_ws/install
[0.519s] DEBUG:colcon.colcon_installed_package_information.package_discovery:Found 1 installed packages in /home/mscrobotics2425laptop16/apriltag_ws/install
[0.522s] DEBUG:colcon.colcon_installed_package_information.package_discovery:Found 433 installed packages in /opt/ros/humble
[0.526s] Level 1:colcon.colcon_core.package_discovery:discover_packages(prefix_path) using defaults
[0.675s] Level 5:colcon.colcon_core.verb:set package 'fake_arm' build argument 'cmake_args' from command line to 'None'
[0.675s] Level 5:colcon.colcon_core.verb:set package 'fake_arm' build argument 'cmake_target' from command line to 'None'
[0.675s] Level 5:colcon.colcon_core.verb:set package 'fake_arm' build argument 'cmake_target_skip_unavailable' from command line to 'False'
[0.675s] Level 5:colcon.colcon_core.verb:set package 'fake_arm' build argument 'cmake_clean_cache' from command line to 'False'
[0.675s] Level 5:colcon.colcon_core.verb:set package 'fake_arm' build argument 'cmake_clean_first' from command line to 'False'
[0.676s] Level 5:colcon.colcon_core.verb:set package 'fake_arm' build argument 'cmake_force_configure' from command line to 'False'
[0.676s] Level 5:colcon.colcon_core.verb:set package 'fake_arm' build argument 'ament_cmake_args' from command line to 'None'
[0.676s] Level 5:colcon.colcon_core.verb:set package 'fake_arm' build argument 'catkin_cmake_args' from command line to 'None'
[0.676s] Level 5:colcon.colcon_core.verb:set package 'fake_arm' build argument 'catkin_skip_building_tests' from command line to 'False'
[0.676s] DEBUG:colcon.colcon_core.verb:Building package 'fake_arm' with the following arguments: {'ament_cmake_args': None, 'build_base': '/home/mscrobotics2425laptop16/Robotics_Team2/build/fake_arm', 'catkin_cmake_args': None, 'catkin_skip_building_tests': False, 'cmake_args': None, 'cmake_clean_cache': False, 'cmake_clean_first': False, 'cmake_force_configure': False, 'cmake_target': None, 'cmake_target_skip_unavailable': False, 'install_base': '/home/mscrobotics2425laptop16/Robotics_Team2/install/fake_arm', 'merge_install': False, 'path': '/home/mscrobotics2425laptop16/Robotics_Team2/src/fake_arm', 'symlink_install': False, 'test_result_base': None}
[0.677s] Level 5:colcon.colcon_core.verb:set package 'object_detection' build argument 'cmake_args' from command line to 'None'
[0.677s] Level 5:colcon.colcon_core.verb:set package 'object_detection' build argument 'cmake_target' from command line to 'None'
[0.677s] Level 5:colcon.colcon_core.verb:set package 'object_detection' build argument 'cmake_target_skip_unavailable' from command line to 'False'
[0.677s] Level 5:colcon.colcon_core.verb:set package 'object_detection' build argument 'cmake_clean_cache' from command line to 'False'
[0.677s] Level 5:colcon.colcon_core.verb:set package 'object_detection' build argument 'cmake_clean_first' from command line to 'False'
[0.677s] Level 5:colcon.colcon_core.verb:set package 'object_detection' build argument 'cmake_force_configure' from command line to 'False'
[0.677s] Level 5:colcon.colcon_core.verb:set package 'object_detection' build argument 'ament_cmake_args' from command line to 'None'
[0.677s] Level 5:colcon.colcon_core.verb:set package 'object_detection' build argument 'catkin_cmake_args' from command line to 'None'
[0.677s] Level 5:colcon.colcon_core.verb:set package 'object_detection' build argument 'catkin_skip_building_tests' from command line to 'False'
[0.677s] DEBUG:colcon.colcon_core.verb:Building package 'object_detection' with the following arguments: {'ament_cmake_args': None, 'build_base': '/home/mscrobotics2425laptop16/Robotics_Team2/build/object_detection', 'catkin_cmake_args': None, 'catkin_skip_building_tests': False, 'cmake_args': None, 'cmake_clean_cache': False, 'cmake_clean_first': False, 'cmake_force_configure': False, 'cmake_target': None, 'cmake_target_skip_unavailable': False, 'install_base': '/home/mscrobotics2425laptop16/Robotics_Team2/install/object_detection', 'merge_install': False, 'path': '/home/mscrobotics2425laptop16/Robotics_Team2/src/object_detection', 'symlink_install': False, 'test_result_base': None}
[0.678s] Level 5:colcon.colcon_core.verb:set package 'package_with_interfaces' build argument 'cmake_args' from command line to 'None'
[0.678s] Level 5:colcon.colcon_core.verb:set package 'package_with_interfaces' build argument 'cmake_target' from command line to 'None'
[0.678s] Level 5:colcon.colcon_core.verb:set package 'package_with_interfaces' build argument 'cmake_target_skip_unavailable' from command line to 'False'
[0.678s] Level 5:colcon.colcon_core.verb:set package 'package_with_interfaces' build argument 'cmake_clean_cache' from command line to 'False'
[0.678s] Level 5:colcon.colcon_core.verb:set package 'package_with_interfaces' build argument 'cmake_clean_first' from command line to 'False'
[0.678s] Level 5:colcon.colcon_core.verb:set package 'package_with_interfaces' build argument 'cmake_force_configure' from command line to 'False'
[0.678s] Level 5:colcon.colcon_core.verb:set package 'package_with_interfaces' build argument 'ament_cmake_args' from command line to 'None'
[0.678s] Level 5:colcon.colcon_core.verb:set package 'package_with_interfaces' build argument 'catkin_cmake_args' from command line to 'None'
[0.678s] Level 5:colcon.colcon_core.verb:set package 'package_with_interfaces' build argument 'catkin_skip_building_tests' from command line to 'False'
[0.678s] DEBUG:colcon.colcon_core.verb:Building package 'package_with_interfaces' with the following arguments: {'ament_cmake_args': None, 'build_base': '/home/mscrobotics2425laptop16/Robotics_Team2/build/package_with_interfaces', 'catkin_cmake_args': None, 'catkin_skip_building_tests': False, 'cmake_args': None, 'cmake_clean_cache': False, 'cmake_clean_first': False, 'cmake_force_configure': False, 'cmake_target': None, 'cmake_target_skip_unavailable': False, 'install_base': '/home/mscrobotics2425laptop16/Robotics_Team2/install/package_with_interfaces', 'merge_install': False, 'path': '/home/mscrobotics2425laptop16/Robotics_Team2/src/package_with_interfaces', 'symlink_install': False, 'test_result_base': None}
[0.679s] Level 5:colcon.colcon_core.verb:set package 'rpLidar_lab' build argument 'cmake_args' from command line to 'None'
[0.679s] Level 5:colcon.colcon_core.verb:set package 'rpLidar_lab' build argument 'cmake_target' from command line to 'None'
[0.679s] Level 5:colcon.colcon_core.verb:set package 'rpLidar_lab' build argument 'cmake_target_skip_unavailable' from command line to 'False'
[0.679s] Level 5:colcon.colcon_core.verb:set package 'rpLidar_lab' build argument 'cmake_clean_cache' from command line to 'False'
[0.679s] Level 5:colcon.colcon_core.verb:set package 'rpLidar_lab' build argument 'cmake_clean_first' from command line to 'False'
[0.679s] Level 5:colcon.colcon_core.verb:set package 'rpLidar_lab' build argument 'cmake_force_configure' from command line to 'False'
[0.679s] Level 5:colcon.colcon_core.verb:set package 'rpLidar_lab' build argument 'ament_cmake_args' from command line to 'None'
[0.679s] Level 5:colcon.colcon_core.verb:set package 'rpLidar_lab' build argument 'catkin_cmake_args' from command line to 'None'
[0.679s] Level 5:colcon.colcon_core.verb:set package 'rpLidar_lab' build argument 'catkin_skip_building_tests' from command line to 'False'
[0.679s] DEBUG:colcon.colcon_core.verb:Building package 'rpLidar_lab' with the following arguments: {'ament_cmake_args': None, 'build_base': '/home/mscrobotics2425laptop16/Robotics_Team2/build/rpLidar_lab', 'catkin_cmake_args': None, 'catkin_skip_building_tests': False, 'cmake_args': None, 'cmake_clean_cache': False, 'cmake_clean_first': False, 'cmake_force_configure': False, 'cmake_target': None, 'cmake_target_skip_unavailable': False, 'install_base': '/home/mscrobotics2425laptop16/Robotics_Team2/install/rpLidar_lab', 'merge_install': False, 'path': '/home/mscrobotics2425laptop16/Robotics_Team2/src/rpLidar_lab', 'symlink_install': False, 'test_result_base': None}
[0.680s] Level 5:colcon.colcon_core.verb:set package 'team2_nav' build argument 'cmake_args' from command line to 'None'
[0.680s] Level 5:colcon.colcon_core.verb:set package 'team2_nav' build argument 'cmake_target' from command line to 'None'
[0.680s] Level 5:colcon.colcon_core.verb:set package 'team2_nav' build argument 'cmake_target_skip_unavailable' from command line to 'False'
[0.680s] Level 5:colcon.colcon_core.verb:set package 'team2_nav' build argument 'cmake_clean_cache' from command line to 'False'
[0.680s] Level 5:colcon.colcon_core.verb:set package 'team2_nav' build argument 'cmake_clean_first' from command line to 'False'
[0.680s] Level 5:colcon.colcon_core.verb:set package 'team2_nav' build argument 'cmake_force_configure' from command line to 'False'
[0.680s] Level 5:colcon.colcon_core.verb:set package 'team2_nav' build argument 'ament_cmake_args' from command line to 'None'
[0.680s] Level 5:colcon.colcon_core.verb:set package 'team2_nav' build argument 'catkin_cmake_args' from command line to 'None'
[0.680s] Level 5:colcon.colcon_core.verb:set package 'team2_nav' build argument 'catkin_skip_building_tests' from command line to 'False'
[0.680s] DEBUG:colcon.colcon_core.verb:Building package 'team2_nav' with the following arguments: {'ament_cmake_args': None, 'build_base': '/home/mscrobotics2425laptop16/Robotics_Team2/build/team2_nav', 'catkin_cmake_args': None, 'catkin_skip_building_tests': False, 'cmake_args': None, 'cmake_clean_cache': False, 'cmake_clean_first': False, 'cmake_force_configure': False, 'cmake_target': None, 'cmake_target_skip_unavailable': False, 'install_base': '/home/mscrobotics2425laptop16/Robotics_Team2/install/team2_nav', 'merge_install': False, 'path': '/home/mscrobotics2425laptop16/Robotics_Team2/src/nav/team2_nav', 'symlink_install': False, 'test_result_base': None}
[0.681s] Level 5:colcon.colcon_core.verb:set package 'manipulator' build argument 'cmake_args' from command line to 'None'
[0.681s] Level 5:colcon.colcon_core.verb:set package 'manipulator' build argument 'cmake_target' from command line to 'None'
[0.681s] Level 5:colcon.colcon_core.verb:set package 'manipulator' build argument 'cmake_target_skip_unavailable' from command line to 'False'
[0.681s] Level 5:colcon.colcon_core.verb:set package 'manipulator' build argument 'cmake_clean_cache' from command line to 'False'
[0.681s] Level 5:colcon.colcon_core.verb:set package 'manipulator' build argument 'cmake_clean_first' from command line to 'False'
[0.681s] Level 5:colcon.colcon_core.verb:set package 'manipulator' build argument 'cmake_force_configure' from command line to 'False'
[0.681s] Level 5:colcon.colcon_core.verb:set package 'manipulator' build argument 'ament_cmake_args' from command line to 'None'
[0.681s] Level 5:colcon.colcon_core.verb:set package 'manipulator' build argument 'catkin_cmake_args' from command line to 'None'
[0.681s] Level 5:colcon.colcon_core.verb:set package 'manipulator' build argument 'catkin_skip_building_tests' from command line to 'False'
[0.681s] DEBUG:colcon.colcon_core.verb:Building package 'manipulator' with the following arguments: {'ament_cmake_args': None, 'build_base': '/home/mscrobotics2425laptop16/Robotics_Team2/build/manipulator', 'catkin_cmake_args': None, 'catkin_skip_building_tests': False, 'cmake_args': None, 'cmake_clean_cache': False, 'cmake_clean_first': False, 'cmake_force_configure': False, 'cmake_target': None, 'cmake_target_skip_unavailable': False, 'install_base': '/home/mscrobotics2425laptop16/Robotics_Team2/install/manipulator', 'merge_install': False, 'path': '/home/mscrobotics2425laptop16/Robotics_Team2/src/manipulator', 'symlink_install': False, 'test_result_base': None}
[0.682s] INFO:colcon.colcon_core.executor:Executing jobs using 'parallel' executor
[0.684s] DEBUG:colcon.colcon_parallel_executor.executor.parallel:run_until_complete
[0.684s] INFO:colcon.colcon_ros.task.ament_cmake.build:Building ROS package in '/home/mscrobotics2425laptop16/Robotics_Team2/src/package_with_interfaces' with build type 'ament_cmake'
[0.685s] INFO:colcon.colcon_cmake.task.cmake.build:Building CMake package in '/home/mscrobotics2425laptop16/Robotics_Team2/src/package_with_interfaces'
[0.689s] INFO:colcon.colcon_core.plugin_system:Skipping extension 'colcon_core.shell.bat': Not used on non-Windows systems
[0.690s] INFO:colcon.colcon_core.shell:Skip shell extension 'powershell' for command environment: Not usable outside of PowerShell
[0.690s] DEBUG:colcon.colcon_core.shell:Skip shell extension 'dsv' for command environment
[0.705s] INFO:colcon.colcon_ros.task.ament_python.build:Building ROS package in '/home/mscrobotics2425laptop16/Robotics_Team2/src/fake_arm' with build type 'ament_python'
[0.706s] Level 1:colcon.colcon_core.shell:create_environment_hook('fake_arm', 'ament_prefix_path')
[0.707s] INFO:colcon.colcon_core.shell:Creating environment hook '/home/mscrobotics2425laptop16/Robotics_Team2/install/fake_arm/share/fake_arm/hook/ament_prefix_path.ps1'
[0.710s] INFO:colcon.colcon_core.shell:Creating environment descriptor '/home/mscrobotics2425laptop16/Robotics_Team2/install/fake_arm/share/fake_arm/hook/ament_prefix_path.dsv'
[0.712s] INFO:colcon.colcon_core.shell:Creating environment hook '/home/mscrobotics2425laptop16/Robotics_Team2/install/fake_arm/share/fake_arm/hook/ament_prefix_path.sh'
[0.716s] INFO:colcon.colcon_core.shell:Skip shell extension 'powershell' for command environment: Not usable outside of PowerShell
[0.716s] DEBUG:colcon.colcon_core.shell:Skip shell extension 'dsv' for command environment
[0.736s] INFO:colcon.colcon_ros.task.ament_python.build:Building ROS package in '/home/mscrobotics2425laptop16/Robotics_Team2/src/object_detection' with build type 'ament_python'
[0.736s] Level 1:colcon.colcon_core.shell:create_environment_hook('object_detection', 'ament_prefix_path')
[0.737s] INFO:colcon.colcon_core.shell:Creating environment hook '/home/mscrobotics2425laptop16/Robotics_Team2/install/object_detection/share/object_detection/hook/ament_prefix_path.ps1'
[0.739s] INFO:colcon.colcon_core.shell:Creating environment descriptor '/home/mscrobotics2425laptop16/Robotics_Team2/install/object_detection/share/object_detection/hook/ament_prefix_path.dsv'
[0.741s] INFO:colcon.colcon_core.shell:Creating environment hook '/home/mscrobotics2425laptop16/Robotics_Team2/install/object_detection/share/object_detection/hook/ament_prefix_path.sh'
[0.746s] INFO:colcon.colcon_core.shell:Skip shell extension 'powershell' for command environment: Not usable outside of PowerShell
[0.746s] DEBUG:colcon.colcon_core.shell:Skip shell extension 'dsv' for command environment
[0.774s] INFO:colcon.colcon_ros.task.ament_python.build:Building ROS package in '/home/mscrobotics2425laptop16/Robotics_Team2/src/rpLidar_lab' with build type 'ament_python'
[0.775s] Level 1:colcon.colcon_core.shell:create_environment_hook('rpLidar_lab', 'ament_prefix_path')
[0.777s] INFO:colcon.colcon_core.shell:Creating environment hook '/home/mscrobotics2425laptop16/Robotics_Team2/install/rpLidar_lab/share/rpLidar_lab/hook/ament_prefix_path.ps1'
[0.780s] INFO:colcon.colcon_core.shell:Creating environment descriptor '/home/mscrobotics2425laptop16/Robotics_Team2/install/rpLidar_lab/share/rpLidar_lab/hook/ament_prefix_path.dsv'
[0.782s] INFO:colcon.colcon_core.shell:Creating environment hook '/home/mscrobotics2425laptop16/Robotics_Team2/install/rpLidar_lab/share/rpLidar_lab/hook/ament_prefix_path.sh'
[0.787s] INFO:colcon.colcon_core.shell:Skip shell extension 'powershell' for command environment: Not usable outside of PowerShell
[0.787s] DEBUG:colcon.colcon_core.shell:Skip shell extension 'dsv' for command environment
[0.818s] INFO:colcon.colcon_ros.task.ament_python.build:Building ROS package in '/home/mscrobotics2425laptop16/Robotics_Team2/src/nav/team2_nav' with build type 'ament_python'
[0.819s] Level 1:colcon.colcon_core.shell:create_environment_hook('team2_nav', 'ament_prefix_path')
[0.820s] INFO:colcon.colcon_core.shell:Creating environment hook '/home/mscrobotics2425laptop16/Robotics_Team2/install/team2_nav/share/team2_nav/hook/ament_prefix_path.ps1'
[0.825s] INFO:colcon.colcon_core.shell:Creating environment descriptor '/home/mscrobotics2425laptop16/Robotics_Team2/install/team2_nav/share/team2_nav/hook/ament_prefix_path.dsv'
[0.828s] INFO:colcon.colcon_core.shell:Creating environment hook '/home/mscrobotics2425laptop16/Robotics_Team2/install/team2_nav/share/team2_nav/hook/ament_prefix_path.sh'
[0.831s] INFO:colcon.colcon_core.shell:Skip shell extension 'powershell' for command environment: Not usable outside of PowerShell
[0.832s] DEBUG:colcon.colcon_core.shell:Skip shell extension 'dsv' for command environment
[0.889s] DEBUG:colcon.colcon_core.event_handler.log_command:Invoking command in '/home/mscrobotics2425laptop16/Robotics_Team2/build/package_with_interfaces': CMAKE_PREFIX_PATH=${CMAKE_PREFIX_PATH}:/home/mscrobotics2425laptop16/Robotics_Team2/install/team2_nav:/home/mscrobotics2425laptop16/Robotics_Team2/install/rpLidar_lab:/home/mscrobotics2425laptop16/Robotics_Team2/install/manipulator:/home/mscrobotics2425laptop16/Robotics_Team2/install/object_detection:/home/mscrobotics2425laptop16/Robotics_Team2/install/fake_arm:/home/mscrobotics2425laptop16/interbotix_ws/install/interbotix_xs_modules:/home/mscrobotics2425laptop16/interbotix_ws/install/interbotix_perception_modules:/home/mscrobotics2425laptop16/interbotix_ws/install/interbotix_common_modules:/home/mscrobotics2425laptop16/interbotix_ws/install/control_pkg:/opt/ros/humble /usr/bin/cmake /home/mscrobotics2425laptop16/Robotics_Team2/src/package_with_interfaces -DCMAKE_INSTALL_PREFIX=/home/mscrobotics2425laptop16/Robotics_Team2/install/package_with_interfaces
[2.067s] INFO:colcon.colcon_core.task.python.build:Building Python package in '/home/mscrobotics2425laptop16/Robotics_Team2/src/fake_arm'
[2.068s] INFO:colcon.colcon_core.shell:Skip shell extension 'powershell' for command environment: Not usable outside of PowerShell
[2.068s] DEBUG:colcon.colcon_core.shell:Skip shell extension 'dsv' for command environment
[2.823s] INFO:colcon.colcon_core.task.python.build:Building Python package in '/home/mscrobotics2425laptop16/Robotics_Team2/src/object_detection'
[2.824s] INFO:colcon.colcon_core.shell:Skip shell extension 'powershell' for command environment: Not usable outside of PowerShell
[2.824s] DEBUG:colcon.colcon_core.shell:Skip shell extension 'dsv' for command environment
[3.433s] INFO:colcon.colcon_core.task.python.build:Building Python package in '/home/mscrobotics2425laptop16/Robotics_Team2/src/rpLidar_lab'
[3.434s] INFO:colcon.colcon_core.shell:Skip shell extension 'powershell' for command environment: Not usable outside of PowerShell
[3.434s] DEBUG:colcon.colcon_core.shell:Skip shell extension 'dsv' for command environment
[4.073s] INFO:colcon.colcon_core.task.python.build:Building Python package in '/home/mscrobotics2425laptop16/Robotics_Team2/src/nav/team2_nav'
[4.074s] INFO:colcon.colcon_core.shell:Skip shell extension 'powershell' for command environment: Not usable outside of PowerShell
[4.074s] DEBUG:colcon.colcon_core.shell:Skip shell extension 'dsv' for command environment
[6.356s] DEBUG:colcon.colcon_core.event_handler.log_command:Invoking command in '/home/mscrobotics2425laptop16/Robotics_Team2/src/rpLidar_lab': PYTHONPATH=/home/mscrobotics2425laptop16/Robotics_Team2/build/rpLidar_lab/prefix_override:/usr/lib/python3/dist-packages/colcon_core/task/python/colcon_distutils_commands:/home/mscrobotics2425laptop16/Robotics_Team2/install/rpLidar_lab/lib/python3.10/site-packages:${PYTHONPATH} /usr/bin/python3 -W ignore:setup.py install is deprecated -W ignore:easy_install command is deprecated setup.py egg_info --egg-base ../../build/rpLidar_lab build --build-base /home/mscrobotics2425laptop16/Robotics_Team2/build/rpLidar_lab/build install --record /home/mscrobotics2425laptop16/Robotics_Team2/build/rpLidar_lab/install.log --single-version-externally-managed install_data
[6.480s] DEBUG:colcon.colcon_core.event_handler.log_command:Invoking command in '/home/mscrobotics2425laptop16/Robotics_Team2/src/object_detection': PYTHONPATH=/home/mscrobotics2425laptop16/Robotics_Team2/build/object_detection/prefix_override:/usr/lib/python3/dist-packages/colcon_core/task/python/colcon_distutils_commands:/home/mscrobotics2425laptop16/Robotics_Team2/install/object_detection/lib/python3.10/site-packages:${PYTHONPATH} /usr/bin/python3 -W ignore:setup.py install is deprecated -W ignore:easy_install command is deprecated setup.py egg_info --egg-base ../../build/object_detection build --build-base /home/mscrobotics2425laptop16/Robotics_Team2/build/object_detection/build install --record /home/mscrobotics2425laptop16/Robotics_Team2/build/object_detection/install.log --single-version-externally-managed install_data
[6.491s] DEBUG:colcon.colcon_core.event_handler.log_command:Invoking command in '/home/mscrobotics2425laptop16/Robotics_Team2/src/fake_arm': PYTHONPATH=/home/mscrobotics2425laptop16/Robotics_Team2/build/fake_arm/prefix_override:/usr/lib/python3/dist-packages/colcon_core/task/python/colcon_distutils_commands:/home/mscrobotics2425laptop16/Robotics_Team2/install/fake_arm/lib/python3.10/site-packages:${PYTHONPATH} /usr/bin/python3 -W ignore:setup.py install is deprecated -W ignore:easy_install command is deprecated setup.py egg_info --egg-base ../../build/fake_arm build --build-base /home/mscrobotics2425laptop16/Robotics_Team2/build/fake_arm/build install --record /home/mscrobotics2425laptop16/Robotics_Team2/build/fake_arm/install.log --single-version-externally-managed install_data
[6.538s] DEBUG:colcon.colcon_core.event_handler.log_command:Invoking command in '/home/mscrobotics2425laptop16/Robotics_Team2/src/nav/team2_nav': PYTHONPATH=/home/mscrobotics2425laptop16/Robotics_Team2/build/team2_nav/prefix_override:/usr/lib/python3/dist-packages/colcon_core/task/python/colcon_distutils_commands:/home/mscrobotics2425laptop16/Robotics_Team2/install/team2_nav/lib/python3.10/site-packages:${PYTHONPATH} /usr/bin/python3 -W ignore:setup.py install is deprecated -W ignore:easy_install command is deprecated setup.py egg_info --egg-base ../../../build/team2_nav build --build-base /home/mscrobotics2425laptop16/Robotics_Team2/build/team2_nav/build install --record /home/mscrobotics2425laptop16/Robotics_Team2/build/team2_nav/install.log --single-version-externally-managed install_data
[7.876s] DEBUG:colcon.colcon_core.event_handler.log_command:Invoked command in '/home/mscrobotics2425laptop16/Robotics_Team2/build/package_with_interfaces' returned '0': CMAKE_PREFIX_PATH=${CMAKE_PREFIX_PATH}:/home/mscrobotics2425laptop16/Robotics_Team2/install/team2_nav:/home/mscrobotics2425laptop16/Robotics_Team2/install/rpLidar_lab:/home/mscrobotics2425laptop16/Robotics_Team2/install/manipulator:/home/mscrobotics2425laptop16/Robotics_Team2/install/object_detection:/home/mscrobotics2425laptop16/Robotics_Team2/install/fake_arm:/home/mscrobotics2425laptop16/interbotix_ws/install/interbotix_xs_modules:/home/mscrobotics2425laptop16/interbotix_ws/install/interbotix_perception_modules:/home/mscrobotics2425laptop16/interbotix_ws/install/interbotix_common_modules:/home/mscrobotics2425laptop16/interbotix_ws/install/control_pkg:/opt/ros/humble /usr/bin/cmake /home/mscrobotics2425laptop16/Robotics_Team2/src/package_with_interfaces -DCMAKE_INSTALL_PREFIX=/home/mscrobotics2425laptop16/Robotics_Team2/install/package_with_interfaces
[7.881s] DEBUG:colcon.colcon_core.event_handler.log_command:Invoking command in '/home/mscrobotics2425laptop16/Robotics_Team2/build/package_with_interfaces': CMAKE_PREFIX_PATH=${CMAKE_PREFIX_PATH}:/home/mscrobotics2425laptop16/Robotics_Team2/install/team2_nav:/home/mscrobotics2425laptop16/Robotics_Team2/install/rpLidar_lab:/home/mscrobotics2425laptop16/Robotics_Team2/install/manipulator:/home/mscrobotics2425laptop16/Robotics_Team2/install/object_detection:/home/mscrobotics2425laptop16/Robotics_Team2/install/fake_arm:/home/mscrobotics2425laptop16/interbotix_ws/install/interbotix_xs_modules:/home/mscrobotics2425laptop16/interbotix_ws/install/interbotix_perception_modules:/home/mscrobotics2425laptop16/interbotix_ws/install/interbotix_common_modules:/home/mscrobotics2425laptop16/interbotix_ws/install/control_pkg:/opt/ros/humble /usr/bin/cmake --build /home/mscrobotics2425laptop16/Robotics_Team2/build/package_with_interfaces -- -j12 -l12
[8.746s] DEBUG:colcon.colcon_core.event_handler.log_command:Invoked command in '/home/mscrobotics2425laptop16/Robotics_Team2/src/fake_arm' returned '0': PYTHONPATH=/home/mscrobotics2425laptop16/Robotics_Team2/build/fake_arm/prefix_override:/usr/lib/python3/dist-packages/colcon_core/task/python/colcon_distutils_commands:/home/mscrobotics2425laptop16/Robotics_Team2/install/fake_arm/lib/python3.10/site-packages:${PYTHONPATH} /usr/bin/python3 -W ignore:setup.py install is deprecated -W ignore:easy_install command is deprecated setup.py egg_info --egg-base ../../build/fake_arm build --build-base /home/mscrobotics2425laptop16/Robotics_Team2/build/fake_arm/build install --record /home/mscrobotics2425laptop16/Robotics_Team2/build/fake_arm/install.log --single-version-externally-managed install_data
[8.759s] Level 1:colcon.colcon_core.environment:checking '/home/mscrobotics2425laptop16/Robotics_Team2/install/fake_arm' for CMake module files
[8.760s] Level 1:colcon.colcon_core.environment:checking '/home/mscrobotics2425laptop16/Robotics_Team2/install/fake_arm' for CMake config files
[8.765s] Level 1:colcon.colcon_core.environment:checking '/home/mscrobotics2425laptop16/Robotics_Team2/install/fake_arm/lib'
[8.766s] Level 1:colcon.colcon_core.environment:checking '/home/mscrobotics2425laptop16/Robotics_Team2/install/fake_arm/bin'
[8.767s] Level 1:colcon.colcon_core.environment:checking '/home/mscrobotics2425laptop16/Robotics_Team2/install/fake_arm/lib/pkgconfig/fake_arm.pc'
[8.768s] Level 1:colcon.colcon_core.environment:checking '/home/mscrobotics2425laptop16/Robotics_Team2/install/fake_arm/lib/python3.10/site-packages'
[8.768s] Level 1:colcon.colcon_core.shell:create_environment_hook('fake_arm', 'pythonpath')
[8.769s] INFO:colcon.colcon_core.shell:Creating environment hook '/home/mscrobotics2425laptop16/Robotics_Team2/install/fake_arm/share/fake_arm/hook/pythonpath.ps1'
[8.774s] INFO:colcon.colcon_core.shell:Creating environment descriptor '/home/mscrobotics2425laptop16/Robotics_Team2/install/fake_arm/share/fake_arm/hook/pythonpath.dsv'
[8.775s] INFO:colcon.colcon_core.shell:Creating environment hook '/home/mscrobotics2425laptop16/Robotics_Team2/install/fake_arm/share/fake_arm/hook/pythonpath.sh'
[8.781s] Level 1:colcon.colcon_core.environment:checking '/home/mscrobotics2425laptop16/Robotics_Team2/install/fake_arm/bin'
[8.782s] Level 1:colcon.colcon_core.environment:create_environment_scripts_only(fake_arm)
[8.785s] INFO:colcon.colcon_core.shell:Creating package script '/home/mscrobotics2425laptop16/Robotics_Team2/install/fake_arm/share/fake_arm/package.ps1'
[8.788s] INFO:colcon.colcon_core.shell:Creating package descriptor '/home/mscrobotics2425laptop16/Robotics_Team2/install/fake_arm/share/fake_arm/package.dsv'
[8.791s] INFO:colcon.colcon_core.shell:Creating package script '/home/mscrobotics2425laptop16/Robotics_Team2/install/fake_arm/share/fake_arm/package.sh'
[8.794s] INFO:colcon.colcon_core.shell:Creating package script '/home/mscrobotics2425laptop16/Robotics_Team2/install/fake_arm/share/fake_arm/package.bash'
[8.818s] INFO:colcon.colcon_core.shell:Creating package script '/home/mscrobotics2425laptop16/Robotics_Team2/install/fake_arm/share/fake_arm/package.zsh'
[8.831s] Level 1:colcon.colcon_core.environment:create_file_with_runtime_dependencies(/home/mscrobotics2425laptop16/Robotics_Team2/install/fake_arm/share/colcon-core/packages/fake_arm)
[9.327s] Level 1:colcon.colcon_core.environment:checking '/home/mscrobotics2425laptop16/Robotics_Team2/install/rpLidar_lab' for CMake module files
[9.332s] Level 1:colcon.colcon_core.environment:checking '/home/mscrobotics2425laptop16/Robotics_Team2/install/rpLidar_lab' for CMake config files
[9.334s] Level 1:colcon.colcon_core.environment:checking '/home/mscrobotics2425laptop16/Robotics_Team2/install/rpLidar_lab/lib'
[9.338s] Level 1:colcon.colcon_core.environment:checking '/home/mscrobotics2425laptop16/Robotics_Team2/install/rpLidar_lab/bin'
[9.339s] DEBUG:colcon.colcon_core.event_handler.log_command:Invoked command in '/home/mscrobotics2425laptop16/Robotics_Team2/src/rpLidar_lab' returned '0': PYTHONPATH=/home/mscrobotics2425laptop16/Robotics_Team2/build/rpLidar_lab/prefix_override:/usr/lib/python3/dist-packages/colcon_core/task/python/colcon_distutils_commands:/home/mscrobotics2425laptop16/Robotics_Team2/install/rpLidar_lab/lib/python3.10/site-packages:${PYTHONPATH} /usr/bin/python3 -W ignore:setup.py install is deprecated -W ignore:easy_install command is deprecated setup.py egg_info --egg-base ../../build/rpLidar_lab build --build-base /home/mscrobotics2425laptop16/Robotics_Team2/build/rpLidar_lab/build install --record /home/mscrobotics2425laptop16/Robotics_Team2/build/rpLidar_lab/install.log --single-version-externally-managed install_data
[9.340s] Level 1:colcon.colcon_core.environment:checking '/home/mscrobotics2425laptop16/Robotics_Team2/install/rpLidar_lab/lib/pkgconfig/rpLidar_lab.pc'
[9.344s] Level 1:colcon.colcon_core.environment:checking '/home/mscrobotics2425laptop16/Robotics_Team2/install/rpLidar_lab/lib/python3.10/site-packages'
[9.345s] Level 1:colcon.colcon_core.shell:create_environment_hook('rpLidar_lab', 'pythonpath')
[9.347s] INFO:colcon.colcon_core.shell:Creating environment hook '/home/mscrobotics2425laptop16/Robotics_Team2/install/rpLidar_lab/share/rpLidar_lab/hook/pythonpath.ps1'
[9.351s] INFO:colcon.colcon_core.shell:Creating environment descriptor '/home/mscrobotics2425laptop16/Robotics_Team2/install/rpLidar_lab/share/rpLidar_lab/hook/pythonpath.dsv'
[9.355s] INFO:colcon.colcon_core.shell:Creating environment hook '/home/mscrobotics2425laptop16/Robotics_Team2/install/rpLidar_lab/share/rpLidar_lab/hook/pythonpath.sh'
[9.359s] Level 1:colcon.colcon_core.environment:checking '/home/mscrobotics2425laptop16/Robotics_Team2/install/rpLidar_lab/bin'
[9.359s] Level 1:colcon.colcon_core.environment:create_environment_scripts_only(rpLidar_lab)
[9.361s] INFO:colcon.colcon_core.shell:Creating package script '/home/mscrobotics2425laptop16/Robotics_Team2/install/rpLidar_lab/share/rpLidar_lab/package.ps1'
[9.363s] INFO:colcon.colcon_core.shell:Creating package descriptor '/home/mscrobotics2425laptop16/Robotics_Team2/install/rpLidar_lab/share/rpLidar_lab/package.dsv'
[9.365s] INFO:colcon.colcon_core.shell:Creating package script '/home/mscrobotics2425laptop16/Robotics_Team2/install/rpLidar_lab/share/rpLidar_lab/package.sh'
[9.367s] INFO:colcon.colcon_core.shell:Creating package script '/home/mscrobotics2425laptop16/Robotics_Team2/install/rpLidar_lab/share/rpLidar_lab/package.bash'
[9.368s] INFO:colcon.colcon_core.shell:Creating package script '/home/mscrobotics2425laptop16/Robotics_Team2/install/rpLidar_lab/share/rpLidar_lab/package.zsh'
[9.374s] Level 1:colcon.colcon_core.environment:create_file_with_runtime_dependencies(/home/mscrobotics2425laptop16/Robotics_Team2/install/rpLidar_lab/share/colcon-core/packages/rpLidar_lab)
[9.406s] Level 1:colcon.colcon_core.environment:checking '/home/mscrobotics2425laptop16/Robotics_Team2/install/object_detection' for CMake module files
[9.410s] DEBUG:colcon.colcon_core.event_handler.log_command:Invoked command in '/home/mscrobotics2425laptop16/Robotics_Team2/src/object_detection' returned '0': PYTHONPATH=/home/mscrobotics2425laptop16/Robotics_Team2/build/object_detection/prefix_override:/usr/lib/python3/dist-packages/colcon_core/task/python/colcon_distutils_commands:/home/mscrobotics2425laptop16/Robotics_Team2/install/object_detection/lib/python3.10/site-packages:${PYTHONPATH} /usr/bin/python3 -W ignore:setup.py install is deprecated -W ignore:easy_install command is deprecated setup.py egg_info --egg-base ../../build/object_detection build --build-base /home/mscrobotics2425laptop16/Robotics_Team2/build/object_detection/build install --record /home/mscrobotics2425laptop16/Robotics_Team2/build/object_detection/install.log --single-version-externally-managed install_data
[9.420s] Level 1:colcon.colcon_core.environment:checking '/home/mscrobotics2425laptop16/Robotics_Team2/install/object_detection' for CMake config files
[9.424s] Level 1:colcon.colcon_core.environment:checking '/home/mscrobotics2425laptop16/Robotics_Team2/install/object_detection/lib'
[9.424s] Level 1:colcon.colcon_core.environment:checking '/home/mscrobotics2425laptop16/Robotics_Team2/install/object_detection/bin'
[9.425s] Level 1:colcon.colcon_core.environment:checking '/home/mscrobotics2425laptop16/Robotics_Team2/install/object_detection/lib/pkgconfig/object_detection.pc'
[9.432s] Level 1:colcon.colcon_core.environment:checking '/home/mscrobotics2425laptop16/Robotics_Team2/install/object_detection/lib/python3.10/site-packages'
[9.432s] Level 1:colcon.colcon_core.shell:create_environment_hook('object_detection', 'pythonpath')
[9.434s] INFO:colcon.colcon_core.shell:Creating environment hook '/home/mscrobotics2425laptop16/Robotics_Team2/install/object_detection/share/object_detection/hook/pythonpath.ps1'
[9.439s] INFO:colcon.colcon_core.shell:Creating environment descriptor '/home/mscrobotics2425laptop16/Robotics_Team2/install/object_detection/share/object_detection/hook/pythonpath.dsv'
[9.440s] INFO:colcon.colcon_core.shell:Creating environment hook '/home/mscrobotics2425laptop16/Robotics_Team2/install/object_detection/share/object_detection/hook/pythonpath.sh'
[9.442s] Level 1:colcon.colcon_core.environment:checking '/home/mscrobotics2425laptop16/Robotics_Team2/install/object_detection/bin'
[9.442s] Level 1:colcon.colcon_core.environment:create_environment_scripts_only(object_detection)
[9.444s] INFO:colcon.colcon_core.shell:Creating package script '/home/mscrobotics2425laptop16/Robotics_Team2/install/object_detection/share/object_detection/package.ps1'
[9.446s] INFO:colcon.colcon_core.shell:Creating package descriptor '/home/mscrobotics2425laptop16/Robotics_Team2/install/object_detection/share/object_detection/package.dsv'
[9.448s] INFO:colcon.colcon_core.shell:Creating package script '/home/mscrobotics2425laptop16/Robotics_Team2/install/object_detection/share/object_detection/package.sh'
[9.450s] INFO:colcon.colcon_core.shell:Creating package script '/home/mscrobotics2425laptop16/Robotics_Team2/install/object_detection/share/object_detection/package.bash'
[9.452s] INFO:colcon.colcon_core.shell:Creating package script '/home/mscrobotics2425laptop16/Robotics_Team2/install/object_detection/share/object_detection/package.zsh'
[9.455s] Level 1:colcon.colcon_core.environment:create_file_with_runtime_dependencies(/home/mscrobotics2425laptop16/Robotics_Team2/install/object_detection/share/colcon-core/packages/object_detection)
[9.581s] Level 1:colcon.colcon_core.environment:checking '/home/mscrobotics2425laptop16/Robotics_Team2/install/team2_nav' for CMake module files
[9.583s] DEBUG:colcon.colcon_core.event_handler.log_command:Invoked command in '/home/mscrobotics2425laptop16/Robotics_Team2/src/nav/team2_nav' returned '0': PYTHONPATH=/home/mscrobotics2425laptop16/Robotics_Team2/build/team2_nav/prefix_override:/usr/lib/python3/dist-packages/colcon_core/task/python/colcon_distutils_commands:/home/mscrobotics2425laptop16/Robotics_Team2/install/team2_nav/lib/python3.10/site-packages:${PYTHONPATH} /usr/bin/python3 -W ignore:setup.py install is deprecated -W ignore:easy_install command is deprecated setup.py egg_info --egg-base ../../../build/team2_nav build --build-base /home/mscrobotics2425laptop16/Robotics_Team2/build/team2_nav/build install --record /home/mscrobotics2425laptop16/Robotics_Team2/build/team2_nav/install.log --single-version-externally-managed install_data
[9.585s] Level 1:colcon.colcon_core.environment:checking '/home/mscrobotics2425laptop16/Robotics_Team2/install/team2_nav' for CMake config files
[9.587s] Level 1:colcon.colcon_core.environment:checking '/home/mscrobotics2425laptop16/Robotics_Team2/install/team2_nav/lib'
[9.587s] Level 1:colcon.colcon_core.environment:checking '/home/mscrobotics2425laptop16/Robotics_Team2/install/team2_nav/bin'
[9.588s] Level 1:colcon.colcon_core.environment:checking '/home/mscrobotics2425laptop16/Robotics_Team2/install/team2_nav/lib/pkgconfig/team2_nav.pc'
[9.589s] Level 1:colcon.colcon_core.environment:checking '/home/mscrobotics2425laptop16/Robotics_Team2/install/team2_nav/lib/python3.10/site-packages'
[9.589s] Level 1:colcon.colcon_core.shell:create_environment_hook('team2_nav', 'pythonpath')
[9.591s] INFO:colcon.colcon_core.shell:Creating environment hook '/home/mscrobotics2425laptop16/Robotics_Team2/install/team2_nav/share/team2_nav/hook/pythonpath.ps1'
[9.597s] INFO:colcon.colcon_core.shell:Creating environment descriptor '/home/mscrobotics2425laptop16/Robotics_Team2/install/team2_nav/share/team2_nav/hook/pythonpath.dsv'
[9.603s] INFO:colcon.colcon_core.shell:Creating environment hook '/home/mscrobotics2425laptop16/Robotics_Team2/install/team2_nav/share/team2_nav/hook/pythonpath.sh'
[9.607s] Level 1:colcon.colcon_core.environment:checking '/home/mscrobotics2425laptop16/Robotics_Team2/install/team2_nav/bin'
[9.607s] Level 1:colcon.colcon_core.environment:create_environment_scripts_only(team2_nav)
[9.609s] INFO:colcon.colcon_core.shell:Creating package script '/home/mscrobotics2425laptop16/Robotics_Team2/install/team2_nav/share/team2_nav/package.ps1'
[9.612s] INFO:colcon.colcon_core.shell:Creating package descriptor '/home/mscrobotics2425laptop16/Robotics_Team2/install/team2_nav/share/team2_nav/package.dsv'
[9.613s] INFO:colcon.colcon_core.shell:Creating package script '/home/mscrobotics2425laptop16/Robotics_Team2/install/team2_nav/share/team2_nav/package.sh'
[9.615s] INFO:colcon.colcon_core.shell:Creating package script '/home/mscrobotics2425laptop16/Robotics_Team2/install/team2_nav/share/team2_nav/package.bash'
[9.617s] INFO:colcon.colcon_core.shell:Creating package script '/home/mscrobotics2425laptop16/Robotics_Team2/install/team2_nav/share/team2_nav/package.zsh'
[9.618s] Level 1:colcon.colcon_core.environment:create_file_with_runtime_dependencies(/home/mscrobotics2425laptop16/Robotics_Team2/install/team2_nav/share/colcon-core/packages/team2_nav)
[16.323s] DEBUG:colcon.colcon_core.event_handler.log_command:Invoked command in '/home/mscrobotics2425laptop16/Robotics_Team2/build/package_with_interfaces' returned '0': CMAKE_PREFIX_PATH=${CMAKE_PREFIX_PATH}:/home/mscrobotics2425laptop16/Robotics_Team2/install/team2_nav:/home/mscrobotics2425laptop16/Robotics_Team2/install/rpLidar_lab:/home/mscrobotics2425laptop16/Robotics_Team2/install/manipulator:/home/mscrobotics2425laptop16/Robotics_Team2/install/object_detection:/home/mscrobotics2425laptop16/Robotics_Team2/install/fake_arm:/home/mscrobotics2425laptop16/interbotix_ws/install/interbotix_xs_modules:/home/mscrobotics2425laptop16/interbotix_ws/install/interbotix_perception_modules:/home/mscrobotics2425laptop16/interbotix_ws/install/interbotix_common_modules:/home/mscrobotics2425laptop16/interbotix_ws/install/control_pkg:/opt/ros/humble /usr/bin/cmake --build /home/mscrobotics2425laptop16/Robotics_Team2/build/package_with_interfaces -- -j12 -l12
[16.353s] DEBUG:colcon.colcon_core.event_handler.log_command:Invoking command in '/home/mscrobotics2425laptop16/Robotics_Team2/build/package_with_interfaces': CMAKE_PREFIX_PATH=${CMAKE_PREFIX_PATH}:/home/mscrobotics2425laptop16/Robotics_Team2/install/team2_nav:/home/mscrobotics2425laptop16/Robotics_Team2/install/rpLidar_lab:/home/mscrobotics2425laptop16/Robotics_Team2/install/manipulator:/home/mscrobotics2425laptop16/Robotics_Team2/install/object_detection:/home/mscrobotics2425laptop16/Robotics_Team2/install/fake_arm:/home/mscrobotics2425laptop16/interbotix_ws/install/interbotix_xs_modules:/home/mscrobotics2425laptop16/interbotix_ws/install/interbotix_perception_modules:/home/mscrobotics2425laptop16/interbotix_ws/install/interbotix_common_modules:/home/mscrobotics2425laptop16/interbotix_ws/install/control_pkg:/opt/ros/humble /usr/bin/cmake --install /home/mscrobotics2425laptop16/Robotics_Team2/build/package_with_interfaces
[16.623s] Level 1:colcon.colcon_core.environment:create_environment_scripts_only(package_with_interfaces)
[16.624s] Level 1:colcon.colcon_core.environment:checking '/home/mscrobotics2425laptop16/Robotics_Team2/install/package_with_interfaces' for CMake module files
[16.627s] DEBUG:colcon.colcon_core.event_handler.log_command:Invoked command in '/home/mscrobotics2425laptop16/Robotics_Team2/build/package_with_interfaces' returned '0': CMAKE_PREFIX_PATH=${CMAKE_PREFIX_PATH}:/home/mscrobotics2425laptop16/Robotics_Team2/install/team2_nav:/home/mscrobotics2425laptop16/Robotics_Team2/install/rpLidar_lab:/home/mscrobotics2425laptop16/Robotics_Team2/install/manipulator:/home/mscrobotics2425laptop16/Robotics_Team2/install/object_detection:/home/mscrobotics2425laptop16/Robotics_Team2/install/fake_arm:/home/mscrobotics2425laptop16/interbotix_ws/install/interbotix_xs_modules:/home/mscrobotics2425laptop16/interbotix_ws/install/interbotix_perception_modules:/home/mscrobotics2425laptop16/interbotix_ws/install/interbotix_common_modules:/home/mscrobotics2425laptop16/interbotix_ws/install/control_pkg:/opt/ros/humble /usr/bin/cmake --install /home/mscrobotics2425laptop16/Robotics_Team2/build/package_with_interfaces
[16.629s] Level 1:colcon.colcon_core.environment:checking '/home/mscrobotics2425laptop16/Robotics_Team2/install/package_with_interfaces' for CMake config files
[16.631s] Level 1:colcon.colcon_core.shell:create_environment_hook('package_with_interfaces', 'cmake_prefix_path')
[16.632s] INFO:colcon.colcon_core.shell:Creating environment hook '/home/mscrobotics2425laptop16/Robotics_Team2/install/package_with_interfaces/share/package_with_interfaces/hook/cmake_prefix_path.ps1'
[16.634s] INFO:colcon.colcon_core.shell:Creating environment descriptor '/home/mscrobotics2425laptop16/Robotics_Team2/install/package_with_interfaces/share/package_with_interfaces/hook/cmake_prefix_path.dsv'
[16.635s] INFO:colcon.colcon_core.shell:Creating environment hook '/home/mscrobotics2425laptop16/Robotics_Team2/install/package_with_interfaces/share/package_with_interfaces/hook/cmake_prefix_path.sh'
[16.637s] Level 1:colcon.colcon_core.environment:checking '/home/mscrobotics2425laptop16/Robotics_Team2/install/package_with_interfaces/lib'
[16.637s] Level 1:colcon.colcon_core.shell:create_environment_hook('package_with_interfaces', 'ld_library_path_lib')
[16.638s] INFO:colcon.colcon_core.shell:Creating environment hook '/home/mscrobotics2425laptop16/Robotics_Team2/install/package_with_interfaces/share/package_with_interfaces/hook/ld_library_path_lib.ps1'
[16.639s] INFO:colcon.colcon_core.shell:Creating environment descriptor '/home/mscrobotics2425laptop16/Robotics_Team2/install/package_with_interfaces/share/package_with_interfaces/hook/ld_library_path_lib.dsv'
[16.640s] INFO:colcon.colcon_core.shell:Creating environment hook '/home/mscrobotics2425laptop16/Robotics_Team2/install/package_with_interfaces/share/package_with_interfaces/hook/ld_library_path_lib.sh'
[16.641s] Level 1:colcon.colcon_core.environment:checking '/home/mscrobotics2425laptop16/Robotics_Team2/install/package_with_interfaces/bin'
[16.641s] Level 1:colcon.colcon_core.environment:checking '/home/mscrobotics2425laptop16/Robotics_Team2/install/package_with_interfaces/lib/pkgconfig/package_with_interfaces.pc'
[16.642s] Level 1:colcon.colcon_core.environment:checking '/home/mscrobotics2425laptop16/Robotics_Team2/install/package_with_interfaces/lib/python3.10/site-packages'
[16.643s] Level 1:colcon.colcon_core.environment:checking '/home/mscrobotics2425laptop16/Robotics_Team2/install/package_with_interfaces/bin'
[16.644s] INFO:colcon.colcon_core.shell:Creating package script '/home/mscrobotics2425laptop16/Robotics_Team2/install/package_with_interfaces/share/package_with_interfaces/package.ps1'
[16.646s] INFO:colcon.colcon_core.shell:Creating package descriptor '/home/mscrobotics2425laptop16/Robotics_Team2/install/package_with_interfaces/share/package_with_interfaces/package.dsv'
[16.648s] INFO:colcon.colcon_core.shell:Creating package script '/home/mscrobotics2425laptop16/Robotics_Team2/install/package_with_interfaces/share/package_with_interfaces/package.sh'
[16.650s] INFO:colcon.colcon_core.shell:Creating package script '/home/mscrobotics2425laptop16/Robotics_Team2/install/package_with_interfaces/share/package_with_interfaces/package.bash'
[16.651s] INFO:colcon.colcon_core.shell:Creating package script '/home/mscrobotics2425laptop16/Robotics_Team2/install/package_with_interfaces/share/package_with_interfaces/package.zsh'
[16.652s] Level 1:colcon.colcon_core.environment:create_file_with_runtime_dependencies(/home/mscrobotics2425laptop16/Robotics_Team2/install/package_with_interfaces/share/colcon-core/packages/package_with_interfaces)
[16.653s] Level 1:colcon.colcon_core.environment:create_environment_scripts_only(package_with_interfaces)
[16.654s] Level 1:colcon.colcon_core.environment:checking '/home/mscrobotics2425laptop16/Robotics_Team2/install/package_with_interfaces' for CMake module files
[16.656s] Level 1:colcon.colcon_core.environment:checking '/home/mscrobotics2425laptop16/Robotics_Team2/install/package_with_interfaces' for CMake config files
[16.658s] Level 1:colcon.colcon_core.shell:create_environment_hook('package_with_interfaces', 'cmake_prefix_path')
[16.658s] INFO:colcon.colcon_core.shell:Creating environment hook '/home/mscrobotics2425laptop16/Robotics_Team2/install/package_with_interfaces/share/package_with_interfaces/hook/cmake_prefix_path.ps1'
[16.660s] INFO:colcon.colcon_core.shell:Creating environment descriptor '/home/mscrobotics2425laptop16/Robotics_Team2/install/package_with_interfaces/share/package_with_interfaces/hook/cmake_prefix_path.dsv'
[16.661s] INFO:colcon.colcon_core.shell:Creating environment hook '/home/mscrobotics2425laptop16/Robotics_Team2/install/package_with_interfaces/share/package_with_interfaces/hook/cmake_prefix_path.sh'
[16.663s] Level 1:colcon.colcon_core.environment:checking '/home/mscrobotics2425laptop16/Robotics_Team2/install/package_with_interfaces/lib'
[16.663s] Level 1:colcon.colcon_core.shell:create_environment_hook('package_with_interfaces', 'ld_library_path_lib')
[16.664s] INFO:colcon.colcon_core.shell:Creating environment hook '/home/mscrobotics2425laptop16/Robotics_Team2/install/package_with_interfaces/share/package_with_interfaces/hook/ld_library_path_lib.ps1'
[16.665s] INFO:colcon.colcon_core.shell:Creating environment descriptor '/home/mscrobotics2425laptop16/Robotics_Team2/install/package_with_interfaces/share/package_with_interfaces/hook/ld_library_path_lib.dsv'
[16.666s] INFO:colcon.colcon_core.shell:Creating environment hook '/home/mscrobotics2425laptop16/Robotics_Team2/install/package_with_interfaces/share/package_with_interfaces/hook/ld_library_path_lib.sh'
[16.667s] Level 1:colcon.colcon_core.environment:checking '/home/mscrobotics2425laptop16/Robotics_Team2/install/package_with_interfaces/bin'
[16.667s] Level 1:colcon.colcon_core.environment:checking '/home/mscrobotics2425laptop16/Robotics_Team2/install/package_with_interfaces/lib/pkgconfig/package_with_interfaces.pc'
[16.668s] Level 1:colcon.colcon_core.environment:checking '/home/mscrobotics2425laptop16/Robotics_Team2/install/package_with_interfaces/lib/python3.10/site-packages'
[16.668s] Level 1:colcon.colcon_core.environment:checking '/home/mscrobotics2425laptop16/Robotics_Team2/install/package_with_interfaces/bin'
[16.669s] INFO:colcon.colcon_core.shell:Creating package script '/home/mscrobotics2425laptop16/Robotics_Team2/install/package_with_interfaces/share/package_with_interfaces/package.ps1'
[16.671s] INFO:colcon.colcon_core.shell:Creating package descriptor '/home/mscrobotics2425laptop16/Robotics_Team2/install/package_with_interfaces/share/package_with_interfaces/package.dsv'
[16.672s] INFO:colcon.colcon_core.shell:Creating package script '/home/mscrobotics2425laptop16/Robotics_Team2/install/package_with_interfaces/share/package_with_interfaces/package.sh'
[16.673s] INFO:colcon.colcon_core.shell:Creating package script '/home/mscrobotics2425laptop16/Robotics_Team2/install/package_with_interfaces/share/package_with_interfaces/package.bash'
[16.675s] INFO:colcon.colcon_core.shell:Creating package script '/home/mscrobotics2425laptop16/Robotics_Team2/install/package_with_interfaces/share/package_with_interfaces/package.zsh'
[16.676s] Level 1:colcon.colcon_core.environment:create_file_with_runtime_dependencies(/home/mscrobotics2425laptop16/Robotics_Team2/install/package_with_interfaces/share/colcon-core/packages/package_with_interfaces)
[16.677s] INFO:colcon.colcon_ros.task.ament_python.build:Building ROS package in '/home/mscrobotics2425laptop16/Robotics_Team2/src/manipulator' with build type 'ament_python'
[16.678s] Level 1:colcon.colcon_core.shell:create_environment_hook('manipulator', 'ament_prefix_path')
[16.678s] INFO:colcon.colcon_core.shell:Creating environment hook '/home/mscrobotics2425laptop16/Robotics_Team2/install/manipulator/share/manipulator/hook/ament_prefix_path.ps1'
[16.681s] INFO:colcon.colcon_core.shell:Creating environment descriptor '/home/mscrobotics2425laptop16/Robotics_Team2/install/manipulator/share/manipulator/hook/ament_prefix_path.dsv'
[16.683s] INFO:colcon.colcon_core.shell:Creating environment hook '/home/mscrobotics2425laptop16/Robotics_Team2/install/manipulator/share/manipulator/hook/ament_prefix_path.sh'
[16.684s] INFO:colcon.colcon_core.shell:Skip shell extension 'powershell' for command environment: Not usable outside of PowerShell
[16.685s] DEBUG:colcon.colcon_core.shell:Skip shell extension 'dsv' for command environment
[17.502s] INFO:colcon.colcon_core.task.python.build:Building Python package in '/home/mscrobotics2425laptop16/Robotics_Team2/src/manipulator'
[17.503s] INFO:colcon.colcon_core.shell:Skip shell extension 'powershell' for command environment: Not usable outside of PowerShell
[17.503s] DEBUG:colcon.colcon_core.shell:Skip shell extension 'dsv' for command environment
[18.969s] DEBUG:colcon.colcon_core.event_handler.log_command:Invoking command in '/home/mscrobotics2425laptop16/Robotics_Team2/src/manipulator': PYTHONPATH=/home/mscrobotics2425laptop16/Robotics_Team2/build/manipulator/prefix_override:/usr/lib/python3/dist-packages/colcon_core/task/python/colcon_distutils_commands:/home/mscrobotics2425laptop16/Robotics_Team2/install/manipulator/lib/python3.10/site-packages:${PYTHONPATH} /usr/bin/python3 -W ignore:setup.py install is deprecated -W ignore:easy_install command is deprecated setup.py egg_info --egg-base ../../build/manipulator build --build-base /home/mscrobotics2425laptop16/Robotics_Team2/build/manipulator/build install --record /home/mscrobotics2425laptop16/Robotics_Team2/build/manipulator/install.log --single-version-externally-managed install_data
[20.742s] Level 1:colcon.colcon_core.environment:checking '/home/mscrobotics2425laptop16/Robotics_Team2/install/manipulator' for CMake module files
[20.744s] DEBUG:colcon.colcon_core.event_handler.log_command:Invoked command in '/home/mscrobotics2425laptop16/Robotics_Team2/src/manipulator' returned '0': PYTHONPATH=/home/mscrobotics2425laptop16/Robotics_Team2/build/manipulator/prefix_override:/usr/lib/python3/dist-packages/colcon_core/task/python/colcon_distutils_commands:/home/mscrobotics2425laptop16/Robotics_Team2/install/manipulator/lib/python3.10/site-packages:${PYTHONPATH} /usr/bin/python3 -W ignore:setup.py install is deprecated -W ignore:easy_install command is deprecated setup.py egg_info --egg-base ../../build/manipulator build --build-base /home/mscrobotics2425laptop16/Robotics_Team2/build/manipulator/build install --record /home/mscrobotics2425laptop16/Robotics_Team2/build/manipulator/install.log --single-version-externally-managed install_data
[20.745s] Level 1:colcon.colcon_core.environment:checking '/home/mscrobotics2425laptop16/Robotics_Team2/install/manipulator' for CMake config files
[20.747s] Level 1:colcon.colcon_core.environment:checking '/home/mscrobotics2425laptop16/Robotics_Team2/install/manipulator/lib'
[20.747s] Level 1:colcon.colcon_core.environment:checking '/home/mscrobotics2425laptop16/Robotics_Team2/install/manipulator/bin'
[20.747s] Level 1:colcon.colcon_core.environment:checking '/home/mscrobotics2425laptop16/Robotics_Team2/install/manipulator/lib/pkgconfig/manipulator.pc'
[20.748s] Level 1:colcon.colcon_core.environment:checking '/home/mscrobotics2425laptop16/Robotics_Team2/install/manipulator/lib/python3.10/site-packages'
[20.748s] Level 1:colcon.colcon_core.shell:create_environment_hook('manipulator', 'pythonpath')
[20.749s] INFO:colcon.colcon_core.shell:Creating environment hook '/home/mscrobotics2425laptop16/Robotics_Team2/install/manipulator/share/manipulator/hook/pythonpath.ps1'
[20.750s] INFO:colcon.colcon_core.shell:Creating environment descriptor '/home/mscrobotics2425laptop16/Robotics_Team2/install/manipulator/share/manipulator/hook/pythonpath.dsv'
[20.752s] INFO:colcon.colcon_core.shell:Creating environment hook '/home/mscrobotics2425laptop16/Robotics_Team2/install/manipulator/share/manipulator/hook/pythonpath.sh'
[20.754s] Level 1:colcon.colcon_core.environment:checking '/home/mscrobotics2425laptop16/Robotics_Team2/install/manipulator/bin'
[20.754s] Level 1:colcon.colcon_core.environment:create_environment_scripts_only(manipulator)
[20.756s] INFO:colcon.colcon_core.shell:Creating package script '/home/mscrobotics2425laptop16/Robotics_Team2/install/manipulator/share/manipulator/package.ps1'
[20.758s] INFO:colcon.colcon_core.shell:Creating package descriptor '/home/mscrobotics2425laptop16/Robotics_Team2/install/manipulator/share/manipulator/package.dsv'
[20.760s] INFO:colcon.colcon_core.shell:Creating package script '/home/mscrobotics2425laptop16/Robotics_Team2/install/manipulator/share/manipulator/package.sh'
[20.762s] INFO:colcon.colcon_core.shell:Creating package script '/home/mscrobotics2425laptop16/Robotics_Team2/install/manipulator/share/manipulator/package.bash'
[20.764s] INFO:colcon.colcon_core.shell:Creating package script '/home/mscrobotics2425laptop16/Robotics_Team2/install/manipulator/share/manipulator/package.zsh'
[20.765s] Level 1:colcon.colcon_core.environment:create_file_with_runtime_dependencies(/home/mscrobotics2425laptop16/Robotics_Team2/install/manipulator/share/colcon-core/packages/manipulator)
[20.767s] DEBUG:colcon.colcon_parallel_executor.executor.parallel:closing loop
[20.768s] DEBUG:colcon.colcon_parallel_executor.executor.parallel:loop closed
[20.768s] DEBUG:colcon.colcon_parallel_executor.executor.parallel:run_until_complete finished with '0'
[20.768s] DEBUG:colcon.colcon_core.event_reactor:joining thread
[20.795s] INFO:colcon.colcon_core.plugin_system:Skipping extension 'colcon_notification.desktop_notification.terminal_notifier': Not used on non-Darwin systems
[20.795s] INFO:colcon.colcon_core.plugin_system:Skipping extension 'colcon_notification.desktop_notification.win32': Not used on non-Windows systems
[20.795s] INFO:colcon.colcon_notification.desktop_notification:Sending desktop notification using 'notify2'
[20.836s] DEBUG:colcon.colcon_core.event_reactor:joined thread
[20.838s] INFO:colcon.colcon_core.shell:Creating prefix script '/home/mscrobotics2425laptop16/Robotics_Team2/install/local_setup.ps1'
[20.840s] INFO:colcon.colcon_core.shell:Creating prefix util module '/home/mscrobotics2425laptop16/Robotics_Team2/install/_local_setup_util_ps1.py'
[20.845s] INFO:colcon.colcon_core.shell:Creating prefix chain script '/home/mscrobotics2425laptop16/Robotics_Team2/install/setup.ps1'
[20.854s] INFO:colcon.colcon_core.shell:Creating prefix script '/home/mscrobotics2425laptop16/Robotics_Team2/install/local_setup.sh'
[20.857s] INFO:colcon.colcon_core.shell:Creating prefix util module '/home/mscrobotics2425laptop16/Robotics_Team2/install/_local_setup_util_sh.py'
[20.859s] INFO:colcon.colcon_core.shell:Creating prefix chain script '/home/mscrobotics2425laptop16/Robotics_Team2/install/setup.sh'
[20.869s] INFO:colcon.colcon_core.shell:Creating prefix script '/home/mscrobotics2425laptop16/Robotics_Team2/install/local_setup.bash'
[20.871s] INFO:colcon.colcon_core.shell:Creating prefix chain script '/home/mscrobotics2425laptop16/Robotics_Team2/install/setup.bash'
[20.881s] INFO:colcon.colcon_core.shell:Creating prefix script '/home/mscrobotics2425laptop16/Robotics_Team2/install/local_setup.zsh'
[20.884s] INFO:colcon.colcon_core.shell:Creating prefix chain script '/home/mscrobotics2425laptop16/Robotics_Team2/install/setup.zsh'
