[2.098s] Invoking command in '/home/mscrobotics2425laptop3/Robotics_Team2/src/fake_arm': PYTHONPATH=/home/mscrobotics2425laptop3/Robotics_Team2/build/fake_arm/prefix_override:/usr/lib/python3/dist-packages/colcon_core/task/python/colcon_distutils_commands:/home/mscrobotics2425laptop3/Robotics_Team2/install/fake_arm/lib/python3.10/site-packages:${PYTHONPATH} /usr/bin/python3 -W ignore:setup.py install is deprecated -W ignore:easy_install command is deprecated setup.py egg_info --egg-base ../../build/fake_arm build --build-base /home/mscrobotics2425laptop3/Robotics_Team2/build/fake_arm/build install --record /home/mscrobotics2425laptop3/Robotics_Team2/build/fake_arm/install.log --single-version-externally-managed install_data
[2.963s] running egg_info
[2.963s] writing ../../build/fake_arm/fake_arm.egg-info/PKG-INFO
[2.964s] writing dependency_links to ../../build/fake_arm/fake_arm.egg-info/dependency_links.txt
[2.964s] writing entry points to ../../build/fake_arm/fake_arm.egg-info/entry_points.txt
[2.964s] writing requirements to ../../build/fake_arm/fake_arm.egg-info/requires.txt
[2.964s] writing top-level names to ../../build/fake_arm/fake_arm.egg-info/top_level.txt
[2.970s] reading manifest file '../../build/fake_arm/fake_arm.egg-info/SOURCES.txt'
[2.972s] writing manifest file '../../build/fake_arm/fake_arm.egg-info/SOURCES.txt'
[2.974s] running build
[2.974s] running build_py
[2.975s] running install
[2.975s] running install_lib
[2.982s] running install_data
[2.982s] running install_egg_info
[2.985s] removing '/home/mscrobotics2425laptop3/Robotics_Team2/install/fake_arm/lib/python3.10/site-packages/fake_arm-0.0.0-py3.10.egg-info' (and everything under it)
[2.985s] Copying ../../build/fake_arm/fake_arm.egg-info to /home/mscrobotics2425laptop3/Robotics_Team2/install/fake_arm/lib/python3.10/site-packages/fake_arm-0.0.0-py3.10.egg-info
[2.989s] running install_scripts
[3.060s] Installing fake script to /home/mscrobotics2425laptop3/Robotics_Team2/install/fake_arm/lib/fake_arm
[3.060s] writing list of installed files to '/home/mscrobotics2425laptop3/Robotics_Team2/build/fake_arm/install.log'
[3.151s] Invoked command in '/home/mscrobotics2425laptop3/Robotics_Team2/src/fake_arm' returned '0': PYTHONPATH=/home/mscrobotics2425laptop3/Robotics_Team2/build/fake_arm/prefix_override:/usr/lib/python3/dist-packages/colcon_core/task/python/colcon_distutils_commands:/home/mscrobotics2425laptop3/Robotics_Team2/install/fake_arm/lib/python3.10/site-packages:${PYTHONPATH} /usr/bin/python3 -W ignore:setup.py install is deprecated -W ignore:easy_install command is deprecated setup.py egg_info --egg-base ../../build/fake_arm build --build-base /home/mscrobotics2425laptop3/Robotics_Team2/build/fake_arm/build install --record /home/mscrobotics2425laptop3/Robotics_Team2/build/fake_arm/install.log --single-version-externally-managed install_data
