[0.396s] Invoking command in '/home/mscrobotics2425laptop21/Team2_Workspace/src/Object_Detection': PYTHONPATH=/home/mscrobotics2425laptop21/Team2_Workspace/build/Object_Detection/prefix_override:/usr/lib/python3/dist-packages/colcon_core/task/python/colcon_distutils_commands:/home/mscrobotics2425laptop21/Team2_Workspace/install/Object_Detection/lib/python3.10/site-packages:${PYTHONPATH} /usr/bin/python3 -W ignore:setup.py install is deprecated setup.py egg_info --egg-base ../../build/Object_Detection build --build-base /home/mscrobotics2425laptop21/Team2_Workspace/build/Object_Detection/build install --record /home/mscrobotics2425laptop21/Team2_Workspace/build/Object_Detection/install.log --single-version-externally-managed install_data
[0.531s] running egg_info
[0.532s] writing ../../build/Object_Detection/Object_Detection.egg-info/PKG-INFO
[0.532s] writing dependency_links to ../../build/Object_Detection/Object_Detection.egg-info/dependency_links.txt
[0.532s] writing entry points to ../../build/Object_Detection/Object_Detection.egg-info/entry_points.txt
[0.532s] writing requirements to ../../build/Object_Detection/Object_Detection.egg-info/requires.txt
[0.532s] writing top-level names to ../../build/Object_Detection/Object_Detection.egg-info/top_level.txt
[0.534s] reading manifest file '../../build/Object_Detection/Object_Detection.egg-info/SOURCES.txt'
[0.535s] writing manifest file '../../build/Object_Detection/Object_Detection.egg-info/SOURCES.txt'
[0.535s] running build
[0.535s] running build_py
[0.535s] copying Object_Detection/collect_data.py -> /home/mscrobotics2425laptop21/Team2_Workspace/build/Object_Detection/build/lib/Object_Detection
[0.535s] running install
[0.536s] running install_lib
[0.536s] copying /home/mscrobotics2425laptop21/Team2_Workspace/build/Object_Detection/build/lib/Object_Detection/collect_data.py -> /home/mscrobotics2425laptop21/Team2_Workspace/install/Object_Detection/lib/python3.10/site-packages/Object_Detection
[0.537s] byte-compiling /home/mscrobotics2425laptop21/Team2_Workspace/install/Object_Detection/lib/python3.10/site-packages/Object_Detection/collect_data.py to collect_data.cpython-310.pyc
[0.537s] running install_data
[0.537s] running install_egg_info
[0.539s] removing '/home/mscrobotics2425laptop21/Team2_Workspace/install/Object_Detection/lib/python3.10/site-packages/Object_Detection-0.0.0-py3.10.egg-info' (and everything under it)
[0.539s] Copying ../../build/Object_Detection/Object_Detection.egg-info to /home/mscrobotics2425laptop21/Team2_Workspace/install/Object_Detection/lib/python3.10/site-packages/Object_Detection-0.0.0-py3.10.egg-info
[0.540s] running install_scripts
[0.557s] Installing collect_data script to /home/mscrobotics2425laptop21/Team2_Workspace/install/Object_Detection/lib/Object_Detection
[0.557s] Installing predict script to /home/mscrobotics2425laptop21/Team2_Workspace/install/Object_Detection/lib/Object_Detection
[0.557s] Installing test script to /home/mscrobotics2425laptop21/Team2_Workspace/install/Object_Detection/lib/Object_Detection
[0.557s] writing list of installed files to '/home/mscrobotics2425laptop21/Team2_Workspace/build/Object_Detection/install.log'
[0.573s] Invoked command in '/home/mscrobotics2425laptop21/Team2_Workspace/src/Object_Detection' returned '0': PYTHONPATH=/home/mscrobotics2425laptop21/Team2_Workspace/build/Object_Detection/prefix_override:/usr/lib/python3/dist-packages/colcon_core/task/python/colcon_distutils_commands:/home/mscrobotics2425laptop21/Team2_Workspace/install/Object_Detection/lib/python3.10/site-packages:${PYTHONPATH} /usr/bin/python3 -W ignore:setup.py install is deprecated setup.py egg_info --egg-base ../../build/Object_Detection build --build-base /home/mscrobotics2425laptop21/Team2_Workspace/build/Object_Detection/build install --record /home/mscrobotics2425laptop21/Team2_Workspace/build/Object_Detection/install.log --single-version-externally-managed install_data
