[4.398s] Invoking command in '/home/mscrobotics2425laptop16/Robotics_Team2/src/fake_arm': PYTHONPATH=/home/mscrobotics2425laptop16/Robotics_Team2/build/fake_arm/prefix_override:/usr/lib/python3/dist-packages/colcon_core/task/python/colcon_distutils_commands:/home/mscrobotics2425laptop16/Robotics_Team2/install/fake_arm/lib/python3.10/site-packages:${PYTHONPATH} /usr/bin/python3 -W ignore:setup.py install is deprecated -W ignore:easy_install command is deprecated setup.py egg_info --egg-base ../../build/fake_arm build --build-base /home/mscrobotics2425laptop16/Robotics_Team2/build/fake_arm/build install --record /home/mscrobotics2425laptop16/Robotics_Team2/build/fake_arm/install.log --single-version-externally-managed install_data
[4.970s] /home/mscrobotics2425laptop16/.local/lib/python3.10/site-packages/setuptools/_distutils/dist.py:261: UserWarning: Unknown distribution option: 'tests_require'
[4.971s]   warnings.warn(msg)
[5.410s] running egg_info
[5.485s] writing ../../build/fake_arm/fake_arm.egg-info/PKG-INFO
[5.487s] writing dependency_links to ../../build/fake_arm/fake_arm.egg-info/dependency_links.txt
[5.487s] writing entry points to ../../build/fake_arm/fake_arm.egg-info/entry_points.txt
[5.488s] writing requirements to ../../build/fake_arm/fake_arm.egg-info/requires.txt
[5.489s] writing top-level names to ../../build/fake_arm/fake_arm.egg-info/top_level.txt
[5.656s] reading manifest file '../../build/fake_arm/fake_arm.egg-info/SOURCES.txt'
[5.660s] writing manifest file '../../build/fake_arm/fake_arm.egg-info/SOURCES.txt'
[5.660s] running build
[5.661s] running build_py
[5.662s] copying fake_arm/fake.py -> /home/mscrobotics2425laptop16/Robotics_Team2/build/fake_arm/build/lib/fake_arm
[5.662s] copying fake_arm/__init__.py -> /home/mscrobotics2425laptop16/Robotics_Team2/build/fake_arm/build/lib/fake_arm
[5.663s] running install
[5.677s] running install_lib
[5.734s] running install_data
[5.735s] copying resource/fake_arm -> /home/mscrobotics2425laptop16/Robotics_Team2/install/fake_arm/share/ament_index/resource_index/packages
[5.737s] copying package.xml -> /home/mscrobotics2425laptop16/Robotics_Team2/install/fake_arm/share/fake_arm
[5.737s] running install_egg_info
[5.779s] removing '/home/mscrobotics2425laptop16/Robotics_Team2/install/fake_arm/lib/python3.10/site-packages/fake_arm-0.0.0-py3.10.egg-info' (and everything under it)
[5.780s] Copying ../../build/fake_arm/fake_arm.egg-info to /home/mscrobotics2425laptop16/Robotics_Team2/install/fake_arm/lib/python3.10/site-packages/fake_arm-0.0.0-py3.10.egg-info
[5.781s] running install_scripts
[6.135s] Installing fake script to /home/mscrobotics2425laptop16/Robotics_Team2/install/fake_arm/lib/fake_arm
[6.136s] writing list of installed files to '/home/mscrobotics2425laptop16/Robotics_Team2/build/fake_arm/install.log'
[6.202s] Invoked command in '/home/mscrobotics2425laptop16/Robotics_Team2/src/fake_arm' returned '0': PYTHONPATH=/home/mscrobotics2425laptop16/Robotics_Team2/build/fake_arm/prefix_override:/usr/lib/python3/dist-packages/colcon_core/task/python/colcon_distutils_commands:/home/mscrobotics2425laptop16/Robotics_Team2/install/fake_arm/lib/python3.10/site-packages:${PYTHONPATH} /usr/bin/python3 -W ignore:setup.py install is deprecated -W ignore:easy_install command is deprecated setup.py egg_info --egg-base ../../build/fake_arm build --build-base /home/mscrobotics2425laptop16/Robotics_Team2/build/fake_arm/build install --record /home/mscrobotics2425laptop16/Robotics_Team2/build/fake_arm/install.log --single-version-externally-managed install_data
