[4.314s] Invoking command in '/home/mscrobotics2425laptop16/Robotics_Team2/src/object_detection': PYTHONPATH=/home/mscrobotics2425laptop16/Robotics_Team2/build/object_detection/prefix_override:/usr/lib/python3/dist-packages/colcon_core/task/python/colcon_distutils_commands:/home/mscrobotics2425laptop16/Robotics_Team2/install/object_detection/lib/python3.10/site-packages:${PYTHONPATH} /usr/bin/python3 -W ignore:setup.py install is deprecated -W ignore:easy_install command is deprecated setup.py egg_info --egg-base ../../build/object_detection build --build-base /home/mscrobotics2425laptop16/Robotics_Team2/build/object_detection/build install --record /home/mscrobotics2425laptop16/Robotics_Team2/build/object_detection/install.log --single-version-externally-managed install_data
[4.897s] /home/mscrobotics2425laptop16/.local/lib/python3.10/site-packages/setuptools/_distutils/dist.py:261: UserWarning: Unknown distribution option: 'tests_require'
[4.897s]   warnings.warn(msg)
[5.382s] running egg_info
[5.447s] writing ../../build/object_detection/object_detection.egg-info/PKG-INFO
[5.448s] writing dependency_links to ../../build/object_detection/object_detection.egg-info/dependency_links.txt
[5.449s] writing entry points to ../../build/object_detection/object_detection.egg-info/entry_points.txt
[5.451s] writing requirements to ../../build/object_detection/object_detection.egg-info/requires.txt
[5.451s] writing top-level names to ../../build/object_detection/object_detection.egg-info/top_level.txt
[5.606s] reading manifest file '../../build/object_detection/object_detection.egg-info/SOURCES.txt'
[5.610s] writing manifest file '../../build/object_detection/object_detection.egg-info/SOURCES.txt'
[5.611s] running build
[5.611s] running build_py
[5.612s] copying object_detection/collect_data.py -> /home/mscrobotics2425laptop16/Robotics_Team2/build/object_detection/build/lib/object_detection
[5.613s] copying object_detection/__init__.py -> /home/mscrobotics2425laptop16/Robotics_Team2/build/object_detection/build/lib/object_detection
[5.614s] copying object_detection/predict.py -> /home/mscrobotics2425laptop16/Robotics_Team2/build/object_detection/build/lib/object_detection
[5.615s] running install
[5.628s] running install_lib
[5.718s] copying /home/mscrobotics2425laptop16/Robotics_Team2/build/object_detection/build/lib/object_detection/predict.py -> /home/mscrobotics2425laptop16/Robotics_Team2/install/object_detection/lib/python3.10/site-packages/object_detection
[5.720s] byte-compiling /home/mscrobotics2425laptop16/Robotics_Team2/install/object_detection/lib/python3.10/site-packages/object_detection/predict.py to predict.cpython-310.pyc
[5.723s] running install_data
[5.724s] copying resource/object_detection -> /home/mscrobotics2425laptop16/Robotics_Team2/install/object_detection/share/ament_index/resource_index/packages
[5.725s] copying package.xml -> /home/mscrobotics2425laptop16/Robotics_Team2/install/object_detection/share/object_detection
[5.725s] running install_egg_info
[5.805s] removing '/home/mscrobotics2425laptop16/Robotics_Team2/install/object_detection/lib/python3.10/site-packages/object_detection-0.0.0-py3.10.egg-info' (and everything under it)
[5.806s] Copying ../../build/object_detection/object_detection.egg-info to /home/mscrobotics2425laptop16/Robotics_Team2/install/object_detection/lib/python3.10/site-packages/object_detection-0.0.0-py3.10.egg-info
[5.809s] running install_scripts
[6.378s] Installing collect_data script to /home/mscrobotics2425laptop16/Robotics_Team2/install/object_detection/lib/object_detection
[6.379s] Installing predict script to /home/mscrobotics2425laptop16/Robotics_Team2/install/object_detection/lib/object_detection
[6.380s] Installing test script to /home/mscrobotics2425laptop16/Robotics_Team2/install/object_detection/lib/object_detection
[6.381s] writing list of installed files to '/home/mscrobotics2425laptop16/Robotics_Team2/build/object_detection/install.log'
[6.495s] Invoked command in '/home/mscrobotics2425laptop16/Robotics_Team2/src/object_detection' returned '0': PYTHONPATH=/home/mscrobotics2425laptop16/Robotics_Team2/build/object_detection/prefix_override:/usr/lib/python3/dist-packages/colcon_core/task/python/colcon_distutils_commands:/home/mscrobotics2425laptop16/Robotics_Team2/install/object_detection/lib/python3.10/site-packages:${PYTHONPATH} /usr/bin/python3 -W ignore:setup.py install is deprecated -W ignore:easy_install command is deprecated setup.py egg_info --egg-base ../../build/object_detection build --build-base /home/mscrobotics2425laptop16/Robotics_Team2/build/object_detection/build install --record /home/mscrobotics2425laptop16/Robotics_Team2/build/object_detection/install.log --single-version-externally-managed install_data
