[0.203s] Invoking command in '/home/mscrobotics2425laptop16/Robotics_Team2/build/package_with_interfaces': CMAKE_PREFIX_PATH=${CMAKE_PREFIX_PATH}:/home/mscrobotics2425laptop16/Robotics_Team2/install/team2_nav:/home/mscrobotics2425laptop16/Robotics_Team2/install/rpLidar_lab:/home/mscrobotics2425laptop16/Robotics_Team2/install/manipulator:/home/mscrobotics2425laptop16/Robotics_Team2/install/object_detection:/home/mscrobotics2425laptop16/Robotics_Team2/install/fake_arm:/home/mscrobotics2425laptop16/interbotix_ws/install/interbotix_xs_modules:/home/mscrobotics2425laptop16/interbotix_ws/install/interbotix_perception_modules:/home/mscrobotics2425laptop16/interbotix_ws/install/interbotix_common_modules:/home/mscrobotics2425laptop16/interbotix_ws/install/control_pkg:/opt/ros/humble /usr/bin/cmake /home/mscrobotics2425laptop16/Robotics_Team2/src/package_with_interfaces -DCMAKE_INSTALL_PREFIX=/home/mscrobotics2425laptop16/Robotics_Team2/install/package_with_interfaces
[2.774s] -- The C compiler identification is GNU 11.4.0
[2.774s] -- The CXX compiler identification is GNU 11.4.0
[2.775s] -- Detecting C compiler ABI info
[2.775s] -- Detecting C compiler ABI info - done
[2.776s] -- Check for working C compiler: /usr/bin/cc - skipped
[2.776s] -- Detecting C compile features
[2.776s] -- Detecting C compile features - done
[2.776s] -- Detecting CXX compiler ABI info
[2.776s] -- Detecting CXX compiler ABI info - done
[2.777s] -- Check for working CXX compiler: /usr/bin/c++ - skipped
[2.777s] -- Detecting CXX compile features
[2.777s] -- Detecting CXX compile features - done
[2.777s] -- Found ament_cmake: 1.3.11 (/opt/ros/humble/share/ament_cmake/cmake)
[2.778s] -- Found Python3: /usr/bin/python3 (found version "3.10.12") found components: Interpreter 
[3.135s] -- Found rosidl_default_generators: 1.2.0 (/opt/ros/humble/share/rosidl_default_generators/cmake)
[3.162s] -- Using all available rosidl_typesupport_c: rosidl_typesupport_fastrtps_c;rosidl_typesupport_introspection_c
[3.196s] -- Found rosidl_adapter: 3.1.6 (/opt/ros/humble/share/rosidl_adapter/cmake)
[3.366s] -- Using all available rosidl_typesupport_cpp: rosidl_typesupport_fastrtps_cpp;rosidl_typesupport_introspection_cpp
[4.504s] -- Found ament_cmake_ros: 0.10.0 (/opt/ros/humble/share/ament_cmake_ros/cmake)
[5.266s] -- Using all available rosidl_typesupport_c: rosidl_typesupport_fastrtps_c;rosidl_typesupport_introspection_c
[6.325s] -- Using all available rosidl_typesupport_cpp: rosidl_typesupport_fastrtps_cpp;rosidl_typesupport_introspection_cpp
[6.423s] -- Found PythonInterp: /usr/bin/python3 (found suitable version "3.10.12", minimum required is "3.6") 
[6.439s] -- Found python_cmake_module: 0.10.0 (/opt/ros/humble/share/python_cmake_module/cmake)
[6.544s] -- Found PythonLibs: /usr/lib/x86_64-linux-gnu/libpython3.10.so (found suitable version "3.10.12", minimum required is "3.5") 
[6.545s] -- Using PYTHON_EXECUTABLE: /usr/bin/python3
[6.545s] -- Using PYTHON_INCLUDE_DIRS: /usr/include/python3.10
[6.545s] -- Using PYTHON_LIBRARIES: /usr/lib/x86_64-linux-gnu/libpython3.10.so
[6.630s] -- Found PythonExtra: .so  
[6.831s] -- Found ament_lint_auto: 0.12.11 (/opt/ros/humble/share/ament_lint_auto/cmake)
[6.987s] -- Added test 'lint_cmake' to check CMake code style
[6.992s] -- Added test 'xmllint' to check XML markup files
[7.000s] -- Configuring done
[7.127s] -- Generating done
[7.170s] -- Build files have been written to: /home/mscrobotics2425laptop16/Robotics_Team2/build/package_with_interfaces
[7.189s] Invoked command in '/home/mscrobotics2425laptop16/Robotics_Team2/build/package_with_interfaces' returned '0': CMAKE_PREFIX_PATH=${CMAKE_PREFIX_PATH}:/home/mscrobotics2425laptop16/Robotics_Team2/install/team2_nav:/home/mscrobotics2425laptop16/Robotics_Team2/install/rpLidar_lab:/home/mscrobotics2425laptop16/Robotics_Team2/install/manipulator:/home/mscrobotics2425laptop16/Robotics_Team2/install/object_detection:/home/mscrobotics2425laptop16/Robotics_Team2/install/fake_arm:/home/mscrobotics2425laptop16/interbotix_ws/install/interbotix_xs_modules:/home/mscrobotics2425laptop16/interbotix_ws/install/interbotix_perception_modules:/home/mscrobotics2425laptop16/interbotix_ws/install/interbotix_common_modules:/home/mscrobotics2425laptop16/interbotix_ws/install/control_pkg:/opt/ros/humble /usr/bin/cmake /home/mscrobotics2425laptop16/Robotics_Team2/src/package_with_interfaces -DCMAKE_INSTALL_PREFIX=/home/mscrobotics2425laptop16/Robotics_Team2/install/package_with_interfaces
[7.195s] Invoking command in '/home/mscrobotics2425laptop16/Robotics_Team2/build/package_with_interfaces': CMAKE_PREFIX_PATH=${CMAKE_PREFIX_PATH}:/home/mscrobotics2425laptop16/Robotics_Team2/install/team2_nav:/home/mscrobotics2425laptop16/Robotics_Team2/install/rpLidar_lab:/home/mscrobotics2425laptop16/Robotics_Team2/install/manipulator:/home/mscrobotics2425laptop16/Robotics_Team2/install/object_detection:/home/mscrobotics2425laptop16/Robotics_Team2/install/fake_arm:/home/mscrobotics2425laptop16/interbotix_ws/install/interbotix_xs_modules:/home/mscrobotics2425laptop16/interbotix_ws/install/interbotix_perception_modules:/home/mscrobotics2425laptop16/interbotix_ws/install/interbotix_common_modules:/home/mscrobotics2425laptop16/interbotix_ws/install/control_pkg:/opt/ros/humble /usr/bin/cmake --build /home/mscrobotics2425laptop16/Robotics_Team2/build/package_with_interfaces -- -j12 -l12
[7.382s] [  2%] [34m[1mGenerating C code for ROS interfaces[0m
[7.419s] [  5%] [34m[1mGenerating C++ code for ROS interfaces[0m
[7.457s] [  5%] Built target ament_cmake_python_copy_package_with_interfaces
[8.546s] running egg_info
[8.663s] creating package_with_interfaces.egg-info
[8.664s] writing package_with_interfaces.egg-info/PKG-INFO
[8.667s] writing dependency_links to package_with_interfaces.egg-info/dependency_links.txt
[8.667s] writing top-level names to package_with_interfaces.egg-info/top_level.txt
[8.668s] writing manifest file 'package_with_interfaces.egg-info/SOURCES.txt'
[8.989s] reading manifest file 'package_with_interfaces.egg-info/SOURCES.txt'
[8.993s] writing manifest file 'package_with_interfaces.egg-info/SOURCES.txt'
[9.092s] [  5%] Built target package_with_interfaces__cpp
[9.137s] [ 12%] [34m[1mGenerating C++ type support for eProsima Fast-RTPS[0m
[9.138s] [ 12%] [34m[1mGenerating C++ introspection for ROS interfaces[0m
[9.138s] [ 12%] [34m[1mGenerating C++ type support dispatch for ROS interfaces[0m
[9.163s] [ 15%] [32mBuilding C object CMakeFiles/package_with_interfaces__rosidl_generator_c.dir/rosidl_generator_c/package_with_interfaces/srv/detail/object_grab__functions.c.o[0m
[9.173s] [ 17%] [32mBuilding C object CMakeFiles/package_with_interfaces__rosidl_generator_c.dir/rosidl_generator_c/package_with_interfaces/msg/detail/object_information__functions.c.o[0m
[9.195s] [ 17%] Built target ament_cmake_python_build_package_with_interfaces_egg
[9.398s] [ 20%] [32m[1mLinking C shared library libpackage_with_interfaces__rosidl_generator_c.so[0m
[9.550s] [ 20%] Built target package_with_interfaces__rosidl_generator_c
[9.595s] [ 23%] [34m[1mGenerating C introspection for ROS interfaces[0m
[9.597s] [ 25%] [34m[1mGenerating C type support for eProsima Fast-RTPS[0m
[9.598s] [ 28%] [34m[1mGenerating C type support dispatch for ROS interfaces[0m
[10.296s] [ 30%] [32mBuilding CXX object CMakeFiles/package_with_interfaces__rosidl_typesupport_cpp.dir/rosidl_typesupport_cpp/package_with_interfaces/msg/object_information__type_support.cpp.o[0m
[10.296s] [ 33%] [32mBuilding CXX object CMakeFiles/package_with_interfaces__rosidl_typesupport_cpp.dir/rosidl_typesupport_cpp/package_with_interfaces/srv/object_grab__type_support.cpp.o[0m
[10.520s] [ 35%] [32mBuilding CXX object CMakeFiles/package_with_interfaces__rosidl_typesupport_fastrtps_cpp.dir/rosidl_typesupport_fastrtps_cpp/package_with_interfaces/srv/detail/dds_fastrtps/object_grab__type_support.cpp.o[0m
[10.529s] [ 38%] [32mBuilding CXX object CMakeFiles/package_with_interfaces__rosidl_typesupport_fastrtps_cpp.dir/rosidl_typesupport_fastrtps_cpp/package_with_interfaces/msg/detail/dds_fastrtps/object_information__type_support.cpp.o[0m
[10.587s] [ 41%] [32mBuilding CXX object CMakeFiles/package_with_interfaces__rosidl_typesupport_introspection_cpp.dir/rosidl_typesupport_introspection_cpp/package_with_interfaces/msg/detail/object_information__type_support.cpp.o[0m
[10.592s] [ 43%] [32mBuilding CXX object CMakeFiles/package_with_interfaces__rosidl_typesupport_introspection_cpp.dir/rosidl_typesupport_introspection_cpp/package_with_interfaces/srv/detail/object_grab__type_support.cpp.o[0m
[11.024s] [ 46%] [32mBuilding C object CMakeFiles/package_with_interfaces__rosidl_typesupport_introspection_c.dir/rosidl_typesupport_introspection_c/package_with_interfaces/msg/detail/object_information__type_support.c.o[0m
[11.052s] [ 48%] [32mBuilding C object CMakeFiles/package_with_interfaces__rosidl_typesupport_introspection_c.dir/rosidl_typesupport_introspection_c/package_with_interfaces/srv/detail/object_grab__type_support.c.o[0m
[11.138s] [ 51%] [32mBuilding CXX object CMakeFiles/package_with_interfaces__rosidl_typesupport_c.dir/rosidl_typesupport_c/package_with_interfaces/msg/object_information__type_support.cpp.o[0m
[11.170s] [ 56%] [32mBuilding CXX object CMakeFiles/package_with_interfaces__rosidl_typesupport_c.dir/rosidl_typesupport_c/package_with_interfaces/srv/object_grab__type_support.cpp.o[0m
[11.171s] [ 56%] [32mBuilding CXX object CMakeFiles/package_with_interfaces__rosidl_typesupport_fastrtps_c.dir/rosidl_typesupport_fastrtps_c/package_with_interfaces/srv/detail/object_grab__type_support_c.cpp.o[0m
[11.237s] [ 58%] [32mBuilding CXX object CMakeFiles/package_with_interfaces__rosidl_typesupport_fastrtps_c.dir/rosidl_typesupport_fastrtps_c/package_with_interfaces/msg/detail/object_information__type_support_c.cpp.o[0m
[11.370s] [ 61%] [32m[1mLinking C shared library libpackage_with_interfaces__rosidl_typesupport_introspection_c.so[0m
[11.406s] [ 64%] [32m[1mLinking CXX shared library libpackage_with_interfaces__rosidl_typesupport_c.so[0m
[11.692s] [ 64%] Built target package_with_interfaces__rosidl_typesupport_c
[11.712s] [ 64%] Built target package_with_interfaces__rosidl_typesupport_introspection_c
[11.799s] [ 66%] [32m[1mLinking CXX shared library libpackage_with_interfaces__rosidl_typesupport_cpp.so[0m
[12.013s] [ 66%] Built target package_with_interfaces__rosidl_typesupport_cpp
[12.585s] [ 69%] [32m[1mLinking CXX shared library libpackage_with_interfaces__rosidl_typesupport_fastrtps_cpp.so[0m
[12.809s] [ 71%] [32m[1mLinking CXX shared library libpackage_with_interfaces__rosidl_typesupport_fastrtps_c.so[0m
[12.851s] [ 74%] [32m[1mLinking CXX shared library libpackage_with_interfaces__rosidl_typesupport_introspection_cpp.so[0m
[12.920s] [ 74%] Built target package_with_interfaces__rosidl_typesupport_fastrtps_cpp
[13.120s] [ 74%] Built target package_with_interfaces__rosidl_typesupport_introspection_cpp
[13.149s] [ 74%] Built target package_with_interfaces__rosidl_typesupport_fastrtps_c
[13.210s] [ 74%] Built target package_with_interfaces
[13.282s] [ 76%] [34m[1mGenerating Python code for ROS interfaces[0m
[14.527s] [ 76%] Built target package_with_interfaces__py
[14.593s] [ 79%] [32mBuilding C object CMakeFiles/package_with_interfaces__rosidl_generator_py.dir/rosidl_generator_py/package_with_interfaces/srv/_object_grab_s.c.o[0m
[14.594s] [ 82%] [32mBuilding C object CMakeFiles/package_with_interfaces__rosidl_generator_py.dir/rosidl_generator_py/package_with_interfaces/msg/_object_information_s.c.o[0m
[14.932s] [ 84%] [32m[1mLinking C shared library rosidl_generator_py/package_with_interfaces/libpackage_with_interfaces__rosidl_generator_py.so[0m
[15.049s] [ 84%] Built target package_with_interfaces__rosidl_generator_py
[15.120s] [ 87%] [32mBuilding C object CMakeFiles/package_with_interfaces__rosidl_typesupport_c__pyext.dir/rosidl_generator_py/package_with_interfaces/_package_with_interfaces_s.ep.rosidl_typesupport_c.c.o[0m
[15.126s] [ 89%] [32mBuilding C object CMakeFiles/package_with_interfaces__rosidl_typesupport_introspection_c__pyext.dir/rosidl_generator_py/package_with_interfaces/_package_with_interfaces_s.ep.rosidl_typesupport_introspection_c.c.o[0m
[15.132s] [ 92%] [32mBuilding C object CMakeFiles/package_with_interfaces__rosidl_typesupport_fastrtps_c__pyext.dir/rosidl_generator_py/package_with_interfaces/_package_with_interfaces_s.ep.rosidl_typesupport_fastrtps_c.c.o[0m
[15.416s] [ 94%] [32m[1mLinking C shared library rosidl_generator_py/package_with_interfaces/package_with_interfaces_s__rosidl_typesupport_c.cpython-310-x86_64-linux-gnu.so[0m
[15.483s] [100%] [32m[1mLinking C shared library rosidl_generator_py/package_with_interfaces/package_with_interfaces_s__rosidl_typesupport_fastrtps_c.cpython-310-x86_64-linux-gnu.so[0m
[15.483s] [100%] [32m[1mLinking C shared library rosidl_generator_py/package_with_interfaces/package_with_interfaces_s__rosidl_typesupport_introspection_c.cpython-310-x86_64-linux-gnu.so[0m
[15.554s] [100%] Built target package_with_interfaces__rosidl_typesupport_c__pyext
[15.600s] [100%] Built target package_with_interfaces__rosidl_typesupport_introspection_c__pyext
[15.601s] [100%] Built target package_with_interfaces__rosidl_typesupport_fastrtps_c__pyext
[15.637s] Invoked command in '/home/mscrobotics2425laptop16/Robotics_Team2/build/package_with_interfaces' returned '0': CMAKE_PREFIX_PATH=${CMAKE_PREFIX_PATH}:/home/mscrobotics2425laptop16/Robotics_Team2/install/team2_nav:/home/mscrobotics2425laptop16/Robotics_Team2/install/rpLidar_lab:/home/mscrobotics2425laptop16/Robotics_Team2/install/manipulator:/home/mscrobotics2425laptop16/Robotics_Team2/install/object_detection:/home/mscrobotics2425laptop16/Robotics_Team2/install/fake_arm:/home/mscrobotics2425laptop16/interbotix_ws/install/interbotix_xs_modules:/home/mscrobotics2425laptop16/interbotix_ws/install/interbotix_perception_modules:/home/mscrobotics2425laptop16/interbotix_ws/install/interbotix_common_modules:/home/mscrobotics2425laptop16/interbotix_ws/install/control_pkg:/opt/ros/humble /usr/bin/cmake --build /home/mscrobotics2425laptop16/Robotics_Team2/build/package_with_interfaces -- -j12 -l12
[15.666s] Invoking command in '/home/mscrobotics2425laptop16/Robotics_Team2/build/package_with_interfaces': CMAKE_PREFIX_PATH=${CMAKE_PREFIX_PATH}:/home/mscrobotics2425laptop16/Robotics_Team2/install/team2_nav:/home/mscrobotics2425laptop16/Robotics_Team2/install/rpLidar_lab:/home/mscrobotics2425laptop16/Robotics_Team2/install/manipulator:/home/mscrobotics2425laptop16/Robotics_Team2/install/object_detection:/home/mscrobotics2425laptop16/Robotics_Team2/install/fake_arm:/home/mscrobotics2425laptop16/interbotix_ws/install/interbotix_xs_modules:/home/mscrobotics2425laptop16/interbotix_ws/install/interbotix_perception_modules:/home/mscrobotics2425laptop16/interbotix_ws/install/interbotix_common_modules:/home/mscrobotics2425laptop16/interbotix_ws/install/control_pkg:/opt/ros/humble /usr/bin/cmake --install /home/mscrobotics2425laptop16/Robotics_Team2/build/package_with_interfaces
[15.689s] -- Install configuration: ""
[15.690s] -- Installing: /home/mscrobotics2425laptop16/Robotics_Team2/install/package_with_interfaces/share/ament_index/resource_index/rosidl_interfaces/package_with_interfaces
[15.691s] -- Installing: /home/mscrobotics2425laptop16/Robotics_Team2/install/package_with_interfaces/include/package_with_interfaces/package_with_interfaces
[15.691s] -- Installing: /home/mscrobotics2425laptop16/Robotics_Team2/install/package_with_interfaces/include/package_with_interfaces/package_with_interfaces/srv
[15.693s] -- Installing: /home/mscrobotics2425laptop16/Robotics_Team2/install/package_with_interfaces/include/package_with_interfaces/package_with_interfaces/srv/detail
[15.693s] -- Installing: /home/mscrobotics2425laptop16/Robotics_Team2/install/package_with_interfaces/include/package_with_interfaces/package_with_interfaces/srv/detail/object_grab__type_support.h
[15.694s] -- Installing: /home/mscrobotics2425laptop16/Robotics_Team2/install/package_with_interfaces/include/package_with_interfaces/package_with_interfaces/srv/detail/object_grab__struct.h
[15.694s] -- Installing: /home/mscrobotics2425laptop16/Robotics_Team2/install/package_with_interfaces/include/package_with_interfaces/package_with_interfaces/srv/detail/object_grab__functions.h
[15.694s] -- Installing: /home/mscrobotics2425laptop16/Robotics_Team2/install/package_with_interfaces/include/package_with_interfaces/package_with_interfaces/srv/detail/object_grab__functions.c
[15.694s] -- Installing: /home/mscrobotics2425laptop16/Robotics_Team2/install/package_with_interfaces/include/package_with_interfaces/package_with_interfaces/srv/object_grab.h
[15.694s] -- Installing: /home/mscrobotics2425laptop16/Robotics_Team2/install/package_with_interfaces/include/package_with_interfaces/package_with_interfaces/msg
[15.695s] -- Installing: /home/mscrobotics2425laptop16/Robotics_Team2/install/package_with_interfaces/include/package_with_interfaces/package_with_interfaces/msg/detail
[15.695s] -- Installing: /home/mscrobotics2425laptop16/Robotics_Team2/install/package_with_interfaces/include/package_with_interfaces/package_with_interfaces/msg/detail/object_information__functions.h
[15.695s] -- Installing: /home/mscrobotics2425laptop16/Robotics_Team2/install/package_with_interfaces/include/package_with_interfaces/package_with_interfaces/msg/detail/object_information__type_support.h
[15.696s] -- Installing: /home/mscrobotics2425laptop16/Robotics_Team2/install/package_with_interfaces/include/package_with_interfaces/package_with_interfaces/msg/detail/object_information__struct.h
[15.696s] -- Installing: /home/mscrobotics2425laptop16/Robotics_Team2/install/package_with_interfaces/include/package_with_interfaces/package_with_interfaces/msg/detail/object_information__functions.c
[15.696s] -- Installing: /home/mscrobotics2425laptop16/Robotics_Team2/install/package_with_interfaces/include/package_with_interfaces/package_with_interfaces/msg/object_information.h
[15.696s] -- Installing: /home/mscrobotics2425laptop16/Robotics_Team2/install/package_with_interfaces/include/package_with_interfaces/package_with_interfaces/msg/rosidl_generator_c__visibility_control.h
[15.697s] -- Installing: /home/mscrobotics2425laptop16/Robotics_Team2/install/package_with_interfaces/share/package_with_interfaces/environment/library_path.sh
[15.697s] -- Installing: /home/mscrobotics2425laptop16/Robotics_Team2/install/package_with_interfaces/share/package_with_interfaces/environment/library_path.dsv
[15.697s] -- Installing: /home/mscrobotics2425laptop16/Robotics_Team2/install/package_with_interfaces/lib/libpackage_with_interfaces__rosidl_generator_c.so
[15.698s] -- Set runtime path of "/home/mscrobotics2425laptop16/Robotics_Team2/install/package_with_interfaces/lib/libpackage_with_interfaces__rosidl_generator_c.so" to ""
[15.698s] -- Up-to-date: /home/mscrobotics2425laptop16/Robotics_Team2/install/package_with_interfaces/include/package_with_interfaces/package_with_interfaces
[15.699s] -- Up-to-date: /home/mscrobotics2425laptop16/Robotics_Team2/install/package_with_interfaces/include/package_with_interfaces/package_with_interfaces/srv
[15.699s] -- Up-to-date: /home/mscrobotics2425laptop16/Robotics_Team2/install/package_with_interfaces/include/package_with_interfaces/package_with_interfaces/srv/detail
[15.699s] -- Installing: /home/mscrobotics2425laptop16/Robotics_Team2/install/package_with_interfaces/include/package_with_interfaces/package_with_interfaces/srv/detail/object_grab__rosidl_typesupport_fastrtps_c.h
[15.699s] -- Up-to-date: /home/mscrobotics2425laptop16/Robotics_Team2/install/package_with_interfaces/include/package_with_interfaces/package_with_interfaces/msg
[15.700s] -- Up-to-date: /home/mscrobotics2425laptop16/Robotics_Team2/install/package_with_interfaces/include/package_with_interfaces/package_with_interfaces/msg/detail
[15.700s] -- Installing: /home/mscrobotics2425laptop16/Robotics_Team2/install/package_with_interfaces/include/package_with_interfaces/package_with_interfaces/msg/detail/object_information__rosidl_typesupport_fastrtps_c.h
[15.700s] -- Installing: /home/mscrobotics2425laptop16/Robotics_Team2/install/package_with_interfaces/include/package_with_interfaces/package_with_interfaces/msg/rosidl_typesupport_fastrtps_c__visibility_control.h
[15.700s] -- Installing: /home/mscrobotics2425laptop16/Robotics_Team2/install/package_with_interfaces/lib/libpackage_with_interfaces__rosidl_typesupport_fastrtps_c.so
[15.701s] -- Set runtime path of "/home/mscrobotics2425laptop16/Robotics_Team2/install/package_with_interfaces/lib/libpackage_with_interfaces__rosidl_typesupport_fastrtps_c.so" to ""
[15.702s] -- Up-to-date: /home/mscrobotics2425laptop16/Robotics_Team2/install/package_with_interfaces/include/package_with_interfaces/package_with_interfaces
[15.702s] -- Up-to-date: /home/mscrobotics2425laptop16/Robotics_Team2/install/package_with_interfaces/include/package_with_interfaces/package_with_interfaces/srv
[15.703s] -- Up-to-date: /home/mscrobotics2425laptop16/Robotics_Team2/install/package_with_interfaces/include/package_with_interfaces/package_with_interfaces/srv/detail
[15.703s] -- Installing: /home/mscrobotics2425laptop16/Robotics_Team2/install/package_with_interfaces/include/package_with_interfaces/package_with_interfaces/srv/detail/object_grab__type_support.c
[15.703s] -- Installing: /home/mscrobotics2425laptop16/Robotics_Team2/install/package_with_interfaces/include/package_with_interfaces/package_with_interfaces/srv/detail/object_grab__rosidl_typesupport_introspection_c.h
[15.704s] -- Up-to-date: /home/mscrobotics2425laptop16/Robotics_Team2/install/package_with_interfaces/include/package_with_interfaces/package_with_interfaces/msg
[15.704s] -- Installing: /home/mscrobotics2425laptop16/Robotics_Team2/install/package_with_interfaces/include/package_with_interfaces/package_with_interfaces/msg/rosidl_typesupport_introspection_c__visibility_control.h
[15.705s] -- Up-to-date: /home/mscrobotics2425laptop16/Robotics_Team2/install/package_with_interfaces/include/package_with_interfaces/package_with_interfaces/msg/detail
[15.705s] -- Installing: /home/mscrobotics2425laptop16/Robotics_Team2/install/package_with_interfaces/include/package_with_interfaces/package_with_interfaces/msg/detail/object_information__type_support.c
[15.705s] -- Installing: /home/mscrobotics2425laptop16/Robotics_Team2/install/package_with_interfaces/include/package_with_interfaces/package_with_interfaces/msg/detail/object_information__rosidl_typesupport_introspection_c.h
[15.705s] -- Installing: /home/mscrobotics2425laptop16/Robotics_Team2/install/package_with_interfaces/lib/libpackage_with_interfaces__rosidl_typesupport_introspection_c.so
[15.706s] -- Set runtime path of "/home/mscrobotics2425laptop16/Robotics_Team2/install/package_with_interfaces/lib/libpackage_with_interfaces__rosidl_typesupport_introspection_c.so" to ""
[15.706s] -- Installing: /home/mscrobotics2425laptop16/Robotics_Team2/install/package_with_interfaces/lib/libpackage_with_interfaces__rosidl_typesupport_c.so
[15.707s] -- Set runtime path of "/home/mscrobotics2425laptop16/Robotics_Team2/install/package_with_interfaces/lib/libpackage_with_interfaces__rosidl_typesupport_c.so" to ""
[15.709s] -- Up-to-date: /home/mscrobotics2425laptop16/Robotics_Team2/install/package_with_interfaces/include/package_with_interfaces/package_with_interfaces
[15.710s] -- Up-to-date: /home/mscrobotics2425laptop16/Robotics_Team2/install/package_with_interfaces/include/package_with_interfaces/package_with_interfaces/srv
[15.710s] -- Installing: /home/mscrobotics2425laptop16/Robotics_Team2/install/package_with_interfaces/include/package_with_interfaces/package_with_interfaces/srv/object_grab.hpp
[15.710s] -- Up-to-date: /home/mscrobotics2425laptop16/Robotics_Team2/install/package_with_interfaces/include/package_with_interfaces/package_with_interfaces/srv/detail
[15.711s] -- Installing: /home/mscrobotics2425laptop16/Robotics_Team2/install/package_with_interfaces/include/package_with_interfaces/package_with_interfaces/srv/detail/object_grab__traits.hpp
[15.712s] -- Installing: /home/mscrobotics2425laptop16/Robotics_Team2/install/package_with_interfaces/include/package_with_interfaces/package_with_interfaces/srv/detail/object_grab__type_support.hpp
[15.712s] -- Installing: /home/mscrobotics2425laptop16/Robotics_Team2/install/package_with_interfaces/include/package_with_interfaces/package_with_interfaces/srv/detail/object_grab__struct.hpp
[15.713s] -- Installing: /home/mscrobotics2425laptop16/Robotics_Team2/install/package_with_interfaces/include/package_with_interfaces/package_with_interfaces/srv/detail/object_grab__builder.hpp
[15.713s] -- Up-to-date: /home/mscrobotics2425laptop16/Robotics_Team2/install/package_with_interfaces/include/package_with_interfaces/package_with_interfaces/msg
[15.713s] -- Up-to-date: /home/mscrobotics2425laptop16/Robotics_Team2/install/package_with_interfaces/include/package_with_interfaces/package_with_interfaces/msg/detail
[15.714s] -- Installing: /home/mscrobotics2425laptop16/Robotics_Team2/install/package_with_interfaces/include/package_with_interfaces/package_with_interfaces/msg/detail/object_information__struct.hpp
[15.714s] -- Installing: /home/mscrobotics2425laptop16/Robotics_Team2/install/package_with_interfaces/include/package_with_interfaces/package_with_interfaces/msg/detail/object_information__builder.hpp
[15.714s] -- Installing: /home/mscrobotics2425laptop16/Robotics_Team2/install/package_with_interfaces/include/package_with_interfaces/package_with_interfaces/msg/detail/object_information__type_support.hpp
[15.714s] -- Installing: /home/mscrobotics2425laptop16/Robotics_Team2/install/package_with_interfaces/include/package_with_interfaces/package_with_interfaces/msg/detail/object_information__traits.hpp
[15.716s] -- Installing: /home/mscrobotics2425laptop16/Robotics_Team2/install/package_with_interfaces/include/package_with_interfaces/package_with_interfaces/msg/object_information.hpp
[15.716s] -- Installing: /home/mscrobotics2425laptop16/Robotics_Team2/install/package_with_interfaces/include/package_with_interfaces/package_with_interfaces/msg/rosidl_generator_cpp__visibility_control.hpp
[15.717s] -- Up-to-date: /home/mscrobotics2425laptop16/Robotics_Team2/install/package_with_interfaces/include/package_with_interfaces/package_with_interfaces
[15.717s] -- Up-to-date: /home/mscrobotics2425laptop16/Robotics_Team2/install/package_with_interfaces/include/package_with_interfaces/package_with_interfaces/srv
[15.717s] -- Up-to-date: /home/mscrobotics2425laptop16/Robotics_Team2/install/package_with_interfaces/include/package_with_interfaces/package_with_interfaces/srv/detail
[15.717s] -- Installing: /home/mscrobotics2425laptop16/Robotics_Team2/install/package_with_interfaces/include/package_with_interfaces/package_with_interfaces/srv/detail/object_grab__rosidl_typesupport_fastrtps_cpp.hpp
[15.718s] -- Installing: /home/mscrobotics2425laptop16/Robotics_Team2/install/package_with_interfaces/include/package_with_interfaces/package_with_interfaces/srv/detail/dds_fastrtps
[15.718s] -- Up-to-date: /home/mscrobotics2425laptop16/Robotics_Team2/install/package_with_interfaces/include/package_with_interfaces/package_with_interfaces/msg
[15.718s] -- Up-to-date: /home/mscrobotics2425laptop16/Robotics_Team2/install/package_with_interfaces/include/package_with_interfaces/package_with_interfaces/msg/detail
[15.718s] -- Installing: /home/mscrobotics2425laptop16/Robotics_Team2/install/package_with_interfaces/include/package_with_interfaces/package_with_interfaces/msg/detail/object_information__rosidl_typesupport_fastrtps_cpp.hpp
[15.719s] -- Installing: /home/mscrobotics2425laptop16/Robotics_Team2/install/package_with_interfaces/include/package_with_interfaces/package_with_interfaces/msg/detail/dds_fastrtps
[15.719s] -- Installing: /home/mscrobotics2425laptop16/Robotics_Team2/install/package_with_interfaces/include/package_with_interfaces/package_with_interfaces/msg/rosidl_typesupport_fastrtps_cpp__visibility_control.h
[15.719s] -- Installing: /home/mscrobotics2425laptop16/Robotics_Team2/install/package_with_interfaces/lib/libpackage_with_interfaces__rosidl_typesupport_fastrtps_cpp.so
[15.721s] -- Set runtime path of "/home/mscrobotics2425laptop16/Robotics_Team2/install/package_with_interfaces/lib/libpackage_with_interfaces__rosidl_typesupport_fastrtps_cpp.so" to ""
[15.721s] -- Up-to-date: /home/mscrobotics2425laptop16/Robotics_Team2/install/package_with_interfaces/include/package_with_interfaces/package_with_interfaces
[15.722s] -- Up-to-date: /home/mscrobotics2425laptop16/Robotics_Team2/install/package_with_interfaces/include/package_with_interfaces/package_with_interfaces/srv
[15.723s] -- Up-to-date: /home/mscrobotics2425laptop16/Robotics_Team2/install/package_with_interfaces/include/package_with_interfaces/package_with_interfaces/srv/detail
[15.724s] -- Installing: /home/mscrobotics2425laptop16/Robotics_Team2/install/package_with_interfaces/include/package_with_interfaces/package_with_interfaces/srv/detail/object_grab__type_support.cpp
[15.724s] -- Installing: /home/mscrobotics2425laptop16/Robotics_Team2/install/package_with_interfaces/include/package_with_interfaces/package_with_interfaces/srv/detail/object_grab__rosidl_typesupport_introspection_cpp.hpp
[15.725s] -- Up-to-date: /home/mscrobotics2425laptop16/Robotics_Team2/install/package_with_interfaces/include/package_with_interfaces/package_with_interfaces/msg
[15.725s] -- Up-to-date: /home/mscrobotics2425laptop16/Robotics_Team2/install/package_with_interfaces/include/package_with_interfaces/package_with_interfaces/msg/detail
[15.725s] -- Installing: /home/mscrobotics2425laptop16/Robotics_Team2/install/package_with_interfaces/include/package_with_interfaces/package_with_interfaces/msg/detail/object_information__type_support.cpp
[15.728s] -- Installing: /home/mscrobotics2425laptop16/Robotics_Team2/install/package_with_interfaces/include/package_with_interfaces/package_with_interfaces/msg/detail/object_information__rosidl_typesupport_introspection_cpp.hpp
[15.728s] -- Installing: /home/mscrobotics2425laptop16/Robotics_Team2/install/package_with_interfaces/lib/libpackage_with_interfaces__rosidl_typesupport_introspection_cpp.so
[15.729s] -- Set runtime path of "/home/mscrobotics2425laptop16/Robotics_Team2/install/package_with_interfaces/lib/libpackage_with_interfaces__rosidl_typesupport_introspection_cpp.so" to ""
[15.730s] -- Installing: /home/mscrobotics2425laptop16/Robotics_Team2/install/package_with_interfaces/lib/libpackage_with_interfaces__rosidl_typesupport_cpp.so
[15.731s] -- Set runtime path of "/home/mscrobotics2425laptop16/Robotics_Team2/install/package_with_interfaces/lib/libpackage_with_interfaces__rosidl_typesupport_cpp.so" to ""
[15.731s] -- Installing: /home/mscrobotics2425laptop16/Robotics_Team2/install/package_with_interfaces/share/package_with_interfaces/environment/pythonpath.sh
[15.731s] -- Installing: /home/mscrobotics2425laptop16/Robotics_Team2/install/package_with_interfaces/share/package_with_interfaces/environment/pythonpath.dsv
[15.732s] -- Installing: /home/mscrobotics2425laptop16/Robotics_Team2/install/package_with_interfaces/local/lib/python3.10/dist-packages/package_with_interfaces-0.0.0-py3.10.egg-info
[15.732s] -- Installing: /home/mscrobotics2425laptop16/Robotics_Team2/install/package_with_interfaces/local/lib/python3.10/dist-packages/package_with_interfaces-0.0.0-py3.10.egg-info/dependency_links.txt
[15.733s] -- Installing: /home/mscrobotics2425laptop16/Robotics_Team2/install/package_with_interfaces/local/lib/python3.10/dist-packages/package_with_interfaces-0.0.0-py3.10.egg-info/PKG-INFO
[15.734s] -- Installing: /home/mscrobotics2425laptop16/Robotics_Team2/install/package_with_interfaces/local/lib/python3.10/dist-packages/package_with_interfaces-0.0.0-py3.10.egg-info/top_level.txt
[15.734s] -- Installing: /home/mscrobotics2425laptop16/Robotics_Team2/install/package_with_interfaces/local/lib/python3.10/dist-packages/package_with_interfaces-0.0.0-py3.10.egg-info/SOURCES.txt
[15.734s] -- Installing: /home/mscrobotics2425laptop16/Robotics_Team2/install/package_with_interfaces/local/lib/python3.10/dist-packages/package_with_interfaces
[15.734s] -- Installing: /home/mscrobotics2425laptop16/Robotics_Team2/install/package_with_interfaces/local/lib/python3.10/dist-packages/package_with_interfaces/libpackage_with_interfaces__rosidl_generator_py.so
[15.735s] -- Installing: /home/mscrobotics2425laptop16/Robotics_Team2/install/package_with_interfaces/local/lib/python3.10/dist-packages/package_with_interfaces/_package_with_interfaces_s.ep.rosidl_typesupport_c.c
[15.735s] -- Installing: /home/mscrobotics2425laptop16/Robotics_Team2/install/package_with_interfaces/local/lib/python3.10/dist-packages/package_with_interfaces/_package_with_interfaces_s.ep.rosidl_typesupport_fastrtps_c.c
[15.735s] -- Installing: /home/mscrobotics2425laptop16/Robotics_Team2/install/package_with_interfaces/local/lib/python3.10/dist-packages/package_with_interfaces/__init__.py
[15.738s] -- Installing: /home/mscrobotics2425laptop16/Robotics_Team2/install/package_with_interfaces/local/lib/python3.10/dist-packages/package_with_interfaces/package_with_interfaces_s__rosidl_typesupport_introspection_c.cpython-310-x86_64-linux-gnu.so
[15.740s] -- Installing: /home/mscrobotics2425laptop16/Robotics_Team2/install/package_with_interfaces/local/lib/python3.10/dist-packages/package_with_interfaces/srv
[15.740s] -- Installing: /home/mscrobotics2425laptop16/Robotics_Team2/install/package_with_interfaces/local/lib/python3.10/dist-packages/package_with_interfaces/srv/__init__.py
[15.740s] -- Installing: /home/mscrobotics2425laptop16/Robotics_Team2/install/package_with_interfaces/local/lib/python3.10/dist-packages/package_with_interfaces/srv/_object_grab_s.c
[15.741s] -- Installing: /home/mscrobotics2425laptop16/Robotics_Team2/install/package_with_interfaces/local/lib/python3.10/dist-packages/package_with_interfaces/srv/_object_grab.py
[15.741s] -- Installing: /home/mscrobotics2425laptop16/Robotics_Team2/install/package_with_interfaces/local/lib/python3.10/dist-packages/package_with_interfaces/msg
[15.741s] -- Installing: /home/mscrobotics2425laptop16/Robotics_Team2/install/package_with_interfaces/local/lib/python3.10/dist-packages/package_with_interfaces/msg/_object_information_s.c
[15.741s] -- Installing: /home/mscrobotics2425laptop16/Robotics_Team2/install/package_with_interfaces/local/lib/python3.10/dist-packages/package_with_interfaces/msg/__init__.py
[15.742s] -- Installing: /home/mscrobotics2425laptop16/Robotics_Team2/install/package_with_interfaces/local/lib/python3.10/dist-packages/package_with_interfaces/msg/_object_information.py
[15.742s] -- Installing: /home/mscrobotics2425laptop16/Robotics_Team2/install/package_with_interfaces/local/lib/python3.10/dist-packages/package_with_interfaces/_package_with_interfaces_s.ep.rosidl_typesupport_introspection_c.c
[15.742s] -- Installing: /home/mscrobotics2425laptop16/Robotics_Team2/install/package_with_interfaces/local/lib/python3.10/dist-packages/package_with_interfaces/package_with_interfaces_s__rosidl_typesupport_fastrtps_c.cpython-310-x86_64-linux-gnu.so
[15.742s] -- Installing: /home/mscrobotics2425laptop16/Robotics_Team2/install/package_with_interfaces/local/lib/python3.10/dist-packages/package_with_interfaces/package_with_interfaces_s__rosidl_typesupport_c.cpython-310-x86_64-linux-gnu.so
[15.874s] Listing '/home/mscrobotics2425laptop16/Robotics_Team2/install/package_with_interfaces/local/lib/python3.10/dist-packages/package_with_interfaces'...
[15.874s] Compiling '/home/mscrobotics2425laptop16/Robotics_Team2/install/package_with_interfaces/local/lib/python3.10/dist-packages/package_with_interfaces/__init__.py'...
[15.874s] Listing '/home/mscrobotics2425laptop16/Robotics_Team2/install/package_with_interfaces/local/lib/python3.10/dist-packages/package_with_interfaces/msg'...
[15.875s] Compiling '/home/mscrobotics2425laptop16/Robotics_Team2/install/package_with_interfaces/local/lib/python3.10/dist-packages/package_with_interfaces/msg/__init__.py'...
[15.875s] Compiling '/home/mscrobotics2425laptop16/Robotics_Team2/install/package_with_interfaces/local/lib/python3.10/dist-packages/package_with_interfaces/msg/_object_information.py'...
[15.875s] Listing '/home/mscrobotics2425laptop16/Robotics_Team2/install/package_with_interfaces/local/lib/python3.10/dist-packages/package_with_interfaces/srv'...
[15.876s] Compiling '/home/mscrobotics2425laptop16/Robotics_Team2/install/package_with_interfaces/local/lib/python3.10/dist-packages/package_with_interfaces/srv/__init__.py'...
[15.876s] Compiling '/home/mscrobotics2425laptop16/Robotics_Team2/install/package_with_interfaces/local/lib/python3.10/dist-packages/package_with_interfaces/srv/_object_grab.py'...
[15.892s] -- Installing: /home/mscrobotics2425laptop16/Robotics_Team2/install/package_with_interfaces/local/lib/python3.10/dist-packages/package_with_interfaces/package_with_interfaces_s__rosidl_typesupport_fastrtps_c.cpython-310-x86_64-linux-gnu.so
[15.894s] -- Set runtime path of "/home/mscrobotics2425laptop16/Robotics_Team2/install/package_with_interfaces/local/lib/python3.10/dist-packages/package_with_interfaces/package_with_interfaces_s__rosidl_typesupport_fastrtps_c.cpython-310-x86_64-linux-gnu.so" to ""
[15.894s] -- Installing: /home/mscrobotics2425laptop16/Robotics_Team2/install/package_with_interfaces/local/lib/python3.10/dist-packages/package_with_interfaces/package_with_interfaces_s__rosidl_typesupport_introspection_c.cpython-310-x86_64-linux-gnu.so
[15.895s] -- Set runtime path of "/home/mscrobotics2425laptop16/Robotics_Team2/install/package_with_interfaces/local/lib/python3.10/dist-packages/package_with_interfaces/package_with_interfaces_s__rosidl_typesupport_introspection_c.cpython-310-x86_64-linux-gnu.so" to ""
[15.895s] -- Installing: /home/mscrobotics2425laptop16/Robotics_Team2/install/package_with_interfaces/local/lib/python3.10/dist-packages/package_with_interfaces/package_with_interfaces_s__rosidl_typesupport_c.cpython-310-x86_64-linux-gnu.so
[15.897s] -- Set runtime path of "/home/mscrobotics2425laptop16/Robotics_Team2/install/package_with_interfaces/local/lib/python3.10/dist-packages/package_with_interfaces/package_with_interfaces_s__rosidl_typesupport_c.cpython-310-x86_64-linux-gnu.so" to ""
[15.897s] -- Installing: /home/mscrobotics2425laptop16/Robotics_Team2/install/package_with_interfaces/lib/libpackage_with_interfaces__rosidl_generator_py.so
[15.898s] -- Set runtime path of "/home/mscrobotics2425laptop16/Robotics_Team2/install/package_with_interfaces/lib/libpackage_with_interfaces__rosidl_generator_py.so" to ""
[15.898s] -- Installing: /home/mscrobotics2425laptop16/Robotics_Team2/install/package_with_interfaces/share/package_with_interfaces/msg/ObjectInformation.idl
[15.898s] -- Installing: /home/mscrobotics2425laptop16/Robotics_Team2/install/package_with_interfaces/share/package_with_interfaces/srv/ObjectGrab.idl
[15.899s] -- Installing: /home/mscrobotics2425laptop16/Robotics_Team2/install/package_with_interfaces/share/package_with_interfaces/msg/ObjectInformation.msg
[15.899s] -- Installing: /home/mscrobotics2425laptop16/Robotics_Team2/install/package_with_interfaces/share/package_with_interfaces/srv/ObjectGrab.srv
[15.899s] -- Installing: /home/mscrobotics2425laptop16/Robotics_Team2/install/package_with_interfaces/share/package_with_interfaces/srv/ObjectGrab_Request.msg
[15.900s] -- Installing: /home/mscrobotics2425laptop16/Robotics_Team2/install/package_with_interfaces/share/package_with_interfaces/srv/ObjectGrab_Response.msg
[15.900s] -- Installing: /home/mscrobotics2425laptop16/Robotics_Team2/install/package_with_interfaces/share/ament_index/resource_index/package_run_dependencies/package_with_interfaces
[15.901s] -- Installing: /home/mscrobotics2425laptop16/Robotics_Team2/install/package_with_interfaces/share/ament_index/resource_index/parent_prefix_path/package_with_interfaces
[15.901s] -- Installing: /home/mscrobotics2425laptop16/Robotics_Team2/install/package_with_interfaces/share/package_with_interfaces/environment/ament_prefix_path.sh
[15.901s] -- Installing: /home/mscrobotics2425laptop16/Robotics_Team2/install/package_with_interfaces/share/package_with_interfaces/environment/ament_prefix_path.dsv
[15.902s] -- Installing: /home/mscrobotics2425laptop16/Robotics_Team2/install/package_with_interfaces/share/package_with_interfaces/environment/path.sh
[15.902s] -- Installing: /home/mscrobotics2425laptop16/Robotics_Team2/install/package_with_interfaces/share/package_with_interfaces/environment/path.dsv
[15.902s] -- Installing: /home/mscrobotics2425laptop16/Robotics_Team2/install/package_with_interfaces/share/package_with_interfaces/local_setup.bash
[15.903s] -- Installing: /home/mscrobotics2425laptop16/Robotics_Team2/install/package_with_interfaces/share/package_with_interfaces/local_setup.sh
[15.903s] -- Installing: /home/mscrobotics2425laptop16/Robotics_Team2/install/package_with_interfaces/share/package_with_interfaces/local_setup.zsh
[15.903s] -- Installing: /home/mscrobotics2425laptop16/Robotics_Team2/install/package_with_interfaces/share/package_with_interfaces/local_setup.dsv
[15.903s] -- Installing: /home/mscrobotics2425laptop16/Robotics_Team2/install/package_with_interfaces/share/package_with_interfaces/package.dsv
[15.904s] -- Installing: /home/mscrobotics2425laptop16/Robotics_Team2/install/package_with_interfaces/share/ament_index/resource_index/packages/package_with_interfaces
[15.904s] -- Installing: /home/mscrobotics2425laptop16/Robotics_Team2/install/package_with_interfaces/share/package_with_interfaces/cmake/export_package_with_interfaces__rosidl_generator_cExport.cmake
[15.905s] -- Installing: /home/mscrobotics2425laptop16/Robotics_Team2/install/package_with_interfaces/share/package_with_interfaces/cmake/export_package_with_interfaces__rosidl_generator_cExport-noconfig.cmake
[15.905s] -- Installing: /home/mscrobotics2425laptop16/Robotics_Team2/install/package_with_interfaces/share/package_with_interfaces/cmake/export_package_with_interfaces__rosidl_typesupport_fastrtps_cExport.cmake
[15.906s] -- Installing: /home/mscrobotics2425laptop16/Robotics_Team2/install/package_with_interfaces/share/package_with_interfaces/cmake/export_package_with_interfaces__rosidl_typesupport_fastrtps_cExport-noconfig.cmake
[15.906s] -- Installing: /home/mscrobotics2425laptop16/Robotics_Team2/install/package_with_interfaces/share/package_with_interfaces/cmake/package_with_interfaces__rosidl_typesupport_introspection_cExport.cmake
[15.906s] -- Installing: /home/mscrobotics2425laptop16/Robotics_Team2/install/package_with_interfaces/share/package_with_interfaces/cmake/package_with_interfaces__rosidl_typesupport_introspection_cExport-noconfig.cmake
[15.914s] -- Installing: /home/mscrobotics2425laptop16/Robotics_Team2/install/package_with_interfaces/share/package_with_interfaces/cmake/package_with_interfaces__rosidl_typesupport_cExport.cmake
[15.914s] -- Installing: /home/mscrobotics2425laptop16/Robotics_Team2/install/package_with_interfaces/share/package_with_interfaces/cmake/package_with_interfaces__rosidl_typesupport_cExport-noconfig.cmake
[15.915s] -- Installing: /home/mscrobotics2425laptop16/Robotics_Team2/install/package_with_interfaces/share/package_with_interfaces/cmake/export_package_with_interfaces__rosidl_generator_cppExport.cmake
[15.915s] -- Installing: /home/mscrobotics2425laptop16/Robotics_Team2/install/package_with_interfaces/share/package_with_interfaces/cmake/export_package_with_interfaces__rosidl_typesupport_fastrtps_cppExport.cmake
[15.916s] -- Installing: /home/mscrobotics2425laptop16/Robotics_Team2/install/package_with_interfaces/share/package_with_interfaces/cmake/export_package_with_interfaces__rosidl_typesupport_fastrtps_cppExport-noconfig.cmake
[15.916s] -- Installing: /home/mscrobotics2425laptop16/Robotics_Team2/install/package_with_interfaces/share/package_with_interfaces/cmake/package_with_interfaces__rosidl_typesupport_introspection_cppExport.cmake
[15.917s] -- Installing: /home/mscrobotics2425laptop16/Robotics_Team2/install/package_with_interfaces/share/package_with_interfaces/cmake/package_with_interfaces__rosidl_typesupport_introspection_cppExport-noconfig.cmake
[15.919s] -- Installing: /home/mscrobotics2425laptop16/Robotics_Team2/install/package_with_interfaces/share/package_with_interfaces/cmake/package_with_interfaces__rosidl_typesupport_cppExport.cmake
[15.921s] -- Installing: /home/mscrobotics2425laptop16/Robotics_Team2/install/package_with_interfaces/share/package_with_interfaces/cmake/package_with_interfaces__rosidl_typesupport_cppExport-noconfig.cmake
[15.923s] -- Installing: /home/mscrobotics2425laptop16/Robotics_Team2/install/package_with_interfaces/share/package_with_interfaces/cmake/export_package_with_interfaces__rosidl_generator_pyExport.cmake
[15.923s] -- Installing: /home/mscrobotics2425laptop16/Robotics_Team2/install/package_with_interfaces/share/package_with_interfaces/cmake/export_package_with_interfaces__rosidl_generator_pyExport-noconfig.cmake
[15.925s] -- Installing: /home/mscrobotics2425laptop16/Robotics_Team2/install/package_with_interfaces/share/package_with_interfaces/cmake/rosidl_cmake-extras.cmake
[15.926s] -- Installing: /home/mscrobotics2425laptop16/Robotics_Team2/install/package_with_interfaces/share/package_with_interfaces/cmake/ament_cmake_export_include_directories-extras.cmake
[15.927s] -- Installing: /home/mscrobotics2425laptop16/Robotics_Team2/install/package_with_interfaces/share/package_with_interfaces/cmake/ament_cmake_export_libraries-extras.cmake
[15.928s] -- Installing: /home/mscrobotics2425laptop16/Robotics_Team2/install/package_with_interfaces/share/package_with_interfaces/cmake/ament_cmake_export_targets-extras.cmake
[15.928s] -- Installing: /home/mscrobotics2425laptop16/Robotics_Team2/install/package_with_interfaces/share/package_with_interfaces/cmake/rosidl_cmake_export_typesupport_targets-extras.cmake
[15.929s] -- Installing: /home/mscrobotics2425laptop16/Robotics_Team2/install/package_with_interfaces/share/package_with_interfaces/cmake/ament_cmake_export_dependencies-extras.cmake
[15.930s] -- Installing: /home/mscrobotics2425laptop16/Robotics_Team2/install/package_with_interfaces/share/package_with_interfaces/cmake/rosidl_cmake_export_typesupport_libraries-extras.cmake
[15.930s] -- Installing: /home/mscrobotics2425laptop16/Robotics_Team2/install/package_with_interfaces/share/package_with_interfaces/cmake/package_with_interfacesConfig.cmake
[15.931s] -- Installing: /home/mscrobotics2425laptop16/Robotics_Team2/install/package_with_interfaces/share/package_with_interfaces/cmake/package_with_interfacesConfig-version.cmake
[15.931s] -- Installing: /home/mscrobotics2425laptop16/Robotics_Team2/install/package_with_interfaces/share/package_with_interfaces/package.xml
[15.940s] Invoked command in '/home/mscrobotics2425laptop16/Robotics_Team2/build/package_with_interfaces' returned '0': CMAKE_PREFIX_PATH=${CMAKE_PREFIX_PATH}:/home/mscrobotics2425laptop16/Robotics_Team2/install/team2_nav:/home/mscrobotics2425laptop16/Robotics_Team2/install/rpLidar_lab:/home/mscrobotics2425laptop16/Robotics_Team2/install/manipulator:/home/mscrobotics2425laptop16/Robotics_Team2/install/object_detection:/home/mscrobotics2425laptop16/Robotics_Team2/install/fake_arm:/home/mscrobotics2425laptop16/interbotix_ws/install/interbotix_xs_modules:/home/mscrobotics2425laptop16/interbotix_ws/install/interbotix_perception_modules:/home/mscrobotics2425laptop16/interbotix_ws/install/interbotix_common_modules:/home/mscrobotics2425laptop16/interbotix_ws/install/control_pkg:/opt/ros/humble /usr/bin/cmake --install /home/mscrobotics2425laptop16/Robotics_Team2/build/package_with_interfaces
