[1.870s] Invoking command in '/home/mscrobotics2425laptop3/Robotics_Team2/src/manipulator': AMENT_PREFIX_PATH=/home/mscrobotics2425laptop3/Robotics_Team2/install/package_with_interfaces:${AMENT_PREFIX_PATH} CMAKE_PREFIX_PATH=/home/mscrobotics2425laptop3/Robotics_Team2/install/package_with_interfaces:${CMAKE_PREFIX_PATH} LD_LIBRARY_PATH=/home/mscrobotics2425laptop3/Robotics_Team2/install/package_with_interfaces/lib:${LD_LIBRARY_PATH} PYTHONPATH=/home/mscrobotics2425laptop3/Robotics_Team2/build/manipulator/prefix_override:/usr/lib/python3/dist-packages/colcon_core/task/python/colcon_distutils_commands:/home/mscrobotics2425laptop3/Robotics_Team2/install/manipulator/lib/python3.10/site-packages:/home/mscrobotics2425laptop3/Robotics_Team2/install/package_with_interfaces/local/lib/python3.10/dist-packages:${PYTHONPATH} /usr/bin/python3 -W ignore:setup.py install is deprecated -W ignore:easy_install command is deprecated setup.py egg_info --egg-base ../../build/manipulator build --build-base /home/mscrobotics2425laptop3/Robotics_Team2/build/manipulator/build install --record /home/mscrobotics2425laptop3/Robotics_Team2/build/manipulator/install.log --single-version-externally-managed install_data
[2.773s] running egg_info
[2.777s] writing ../../build/manipulator/manipulator.egg-info/PKG-INFO
[2.777s] writing dependency_links to ../../build/manipulator/manipulator.egg-info/dependency_links.txt
[2.777s] writing entry points to ../../build/manipulator/manipulator.egg-info/entry_points.txt
[2.777s] writing requirements to ../../build/manipulator/manipulator.egg-info/requires.txt
[2.782s] writing top-level names to ../../build/manipulator/manipulator.egg-info/top_level.txt
[2.782s] reading manifest file '../../build/manipulator/manipulator.egg-info/SOURCES.txt'
[2.783s] writing manifest file '../../build/manipulator/manipulator.egg-info/SOURCES.txt'
[2.783s] running build
[2.784s] running build_py
[2.784s] copying manipulator/server_of_perception_for_grasp.py -> /home/mscrobotics2425laptop3/Robotics_Team2/build/manipulator/build/lib/manipulator
[2.784s] running install
[2.785s] running install_lib
[2.791s] copying /home/mscrobotics2425laptop3/Robotics_Team2/build/manipulator/build/lib/manipulator/server_of_perception_for_grasp.py -> /home/mscrobotics2425laptop3/Robotics_Team2/install/manipulator/lib/python3.10/site-packages/manipulator
[2.792s] byte-compiling /home/mscrobotics2425laptop3/Robotics_Team2/install/manipulator/lib/python3.10/site-packages/manipulator/server_of_perception_for_grasp.py to server_of_perception_for_grasp.cpython-310.pyc
[2.792s] running install_data
[2.792s] running install_egg_info
[2.797s] removing '/home/mscrobotics2425laptop3/Robotics_Team2/install/manipulator/lib/python3.10/site-packages/manipulator-0.0.0-py3.10.egg-info' (and everything under it)
[2.798s] Copying ../../build/manipulator/manipulator.egg-info to /home/mscrobotics2425laptop3/Robotics_Team2/install/manipulator/lib/python3.10/site-packages/manipulator-0.0.0-py3.10.egg-info
[2.803s] running install_scripts
[2.851s] Installing ServerOfPerceptionAndGrasp script to /home/mscrobotics2425laptop3/Robotics_Team2/install/manipulator/lib/manipulator
[2.859s] writing list of installed files to '/home/mscrobotics2425laptop3/Robotics_Team2/build/manipulator/install.log'
[2.922s] Invoked command in '/home/mscrobotics2425laptop3/Robotics_Team2/src/manipulator' returned '0': AMENT_PREFIX_PATH=/home/mscrobotics2425laptop3/Robotics_Team2/install/package_with_interfaces:${AMENT_PREFIX_PATH} CMAKE_PREFIX_PATH=/home/mscrobotics2425laptop3/Robotics_Team2/install/package_with_interfaces:${CMAKE_PREFIX_PATH} LD_LIBRARY_PATH=/home/mscrobotics2425laptop3/Robotics_Team2/install/package_with_interfaces/lib:${LD_LIBRARY_PATH} PYTHONPATH=/home/mscrobotics2425laptop3/Robotics_Team2/build/manipulator/prefix_override:/usr/lib/python3/dist-packages/colcon_core/task/python/colcon_distutils_commands:/home/mscrobotics2425laptop3/Robotics_Team2/install/manipulator/lib/python3.10/site-packages:/home/mscrobotics2425laptop3/Robotics_Team2/install/package_with_interfaces/local/lib/python3.10/dist-packages:${PYTHONPATH} /usr/bin/python3 -W ignore:setup.py install is deprecated -W ignore:easy_install command is deprecated setup.py egg_info --egg-base ../../build/manipulator build --build-base /home/mscrobotics2425laptop3/Robotics_Team2/build/manipulator/build install --record /home/mscrobotics2425laptop3/Robotics_Team2/build/manipulator/install.log --single-version-externally-managed install_data
