[2.120s] Invoking command in '/home/mscrobotics2425laptop3/Robotics_Team2/src/controller': PYTHONPATH=/home/mscrobotics2425laptop3/Robotics_Team2/build/controller/prefix_override:/usr/lib/python3/dist-packages/colcon_core/task/python/colcon_distutils_commands:/home/mscrobotics2425laptop3/Robotics_Team2/install/controller/lib/python3.10/site-packages:${PYTHONPATH} /usr/bin/python3 -W ignore:setup.py install is deprecated -W ignore:easy_install command is deprecated setup.py egg_info --egg-base ../../build/controller build --build-base /home/mscrobotics2425laptop3/Robotics_Team2/build/controller/build install --record /home/mscrobotics2425laptop3/Robotics_Team2/build/controller/install.log --single-version-externally-managed install_data
[2.631s] running egg_info
[2.633s] writing ../../build/controller/controller.egg-info/PKG-INFO
[2.634s] writing dependency_links to ../../build/controller/controller.egg-info/dependency_links.txt
[2.634s] writing entry points to ../../build/controller/controller.egg-info/entry_points.txt
[2.634s] writing requirements to ../../build/controller/controller.egg-info/requires.txt
[2.634s] writing top-level names to ../../build/controller/controller.egg-info/top_level.txt
[2.637s] reading manifest file '../../build/controller/controller.egg-info/SOURCES.txt'
[2.638s] writing manifest file '../../build/controller/controller.egg-info/SOURCES.txt'
[2.639s] running build
[2.639s] running build_py
[2.639s] running install
[2.640s] running install_lib
[2.643s] running install_data
[2.644s] running install_egg_info
[2.647s] removing '/home/mscrobotics2425laptop3/Robotics_Team2/install/controller/lib/python3.10/site-packages/controller-0.0.0-py3.10.egg-info' (and everything under it)
[2.650s] Copying ../../build/controller/controller.egg-info to /home/mscrobotics2425laptop3/Robotics_Team2/install/controller/lib/python3.10/site-packages/controller-0.0.0-py3.10.egg-info
[2.650s] running install_scripts
[2.695s] Installing controller script to /home/mscrobotics2425laptop3/Robotics_Team2/install/controller/lib/controller
[2.696s] writing list of installed files to '/home/mscrobotics2425laptop3/Robotics_Team2/build/controller/install.log'
[2.759s] Invoked command in '/home/mscrobotics2425laptop3/Robotics_Team2/src/controller' returned '0': PYTHONPATH=/home/mscrobotics2425laptop3/Robotics_Team2/build/controller/prefix_override:/usr/lib/python3/dist-packages/colcon_core/task/python/colcon_distutils_commands:/home/mscrobotics2425laptop3/Robotics_Team2/install/controller/lib/python3.10/site-packages:${PYTHONPATH} /usr/bin/python3 -W ignore:setup.py install is deprecated -W ignore:easy_install command is deprecated setup.py egg_info --egg-base ../../build/controller build --build-base /home/mscrobotics2425laptop3/Robotics_Team2/build/controller/build install --record /home/mscrobotics2425laptop3/Robotics_Team2/build/controller/install.log --single-version-externally-managed install_data
