[0.547s] Invoking command in '/home/mscrobotics2425laptop3/Robotics_Team2/build/package_with_interfaces': CMAKE_PREFIX_PATH=${CMAKE_PREFIX_PATH}:/home/mscrobotics2425laptop3/Robotics_Team2/install/fake_arm:/home/mscrobotics2425laptop3/Robotics_Team2/install/team2_nav:/home/mscrobotics2425laptop3/Robotics_Team2/install/rpLidar_lab:/home/mscrobotics2425laptop3/Robotics_Team2/install/object_detection:/home/mscrobotics2425laptop3/Robotics_Team2/install/manipulator:/home/mscrobotics2425laptop3/interbotix_ws/install/interbotix_xs_modules:/home/mscrobotics2425laptop3/interbotix_ws/install/interbotix_perception_modules:/home/mscrobotics2425laptop3/interbotix_ws/install/interbotix_common_modules:/opt/ros/humble /usr/bin/cmake --build /home/mscrobotics2425laptop3/Robotics_Team2/build/package_with_interfaces -- -j12 -l12
[0.816s] [ 10%] Built target package_with_interfaces__rosidl_generator_c
[0.816s] [ 12%] Built target package_with_interfaces__cpp
[0.817s] [ 12%] Built target ament_cmake_python_copy_package_with_interfaces
[0.817s] [ 23%] Built target package_with_interfaces__rosidl_typesupport_c
[0.817s] [ 33%] Built target package_with_interfaces__rosidl_typesupport_introspection_c
[0.817s] [ 43%] Built target package_with_interfaces__rosidl_typesupport_fastrtps_c
[0.817s] [ 53%] Built target package_with_interfaces__rosidl_typesupport_cpp
[0.817s] [ 64%] Built target package_with_interfaces__rosidl_typesupport_introspection_cpp
[0.818s] [ 74%] Built target package_with_interfaces__rosidl_typesupport_fastrtps_cpp
[0.818s] [ 74%] Built target package_with_interfaces
[0.818s] [ 76%] Built target package_with_interfaces__py
[0.818s] [ 84%] Built target package_with_interfaces__rosidl_generator_py
[0.818s] [ 89%] Built target package_with_interfaces__rosidl_typesupport_fastrtps_c__pyext
[0.818s] [ 94%] Built target package_with_interfaces__rosidl_typesupport_c__pyext
[0.818s] [100%] Built target package_with_interfaces__rosidl_typesupport_introspection_c__pyext
[0.845s] running egg_info
[0.845s] writing package_with_interfaces.egg-info/PKG-INFO
[0.845s] writing dependency_links to package_with_interfaces.egg-info/dependency_links.txt
[0.845s] writing top-level names to package_with_interfaces.egg-info/top_level.txt
[0.848s] reading manifest file 'package_with_interfaces.egg-info/SOURCES.txt'
[0.849s] writing manifest file 'package_with_interfaces.egg-info/SOURCES.txt'
[0.876s] [100%] Built target ament_cmake_python_build_package_with_interfaces_egg
[1.014s] Invoked command in '/home/mscrobotics2425laptop3/Robotics_Team2/build/package_with_interfaces' returned '0': CMAKE_PREFIX_PATH=${CMAKE_PREFIX_PATH}:/home/mscrobotics2425laptop3/Robotics_Team2/install/fake_arm:/home/mscrobotics2425laptop3/Robotics_Team2/install/team2_nav:/home/mscrobotics2425laptop3/Robotics_Team2/install/rpLidar_lab:/home/mscrobotics2425laptop3/Robotics_Team2/install/object_detection:/home/mscrobotics2425laptop3/Robotics_Team2/install/manipulator:/home/mscrobotics2425laptop3/interbotix_ws/install/interbotix_xs_modules:/home/mscrobotics2425laptop3/interbotix_ws/install/interbotix_perception_modules:/home/mscrobotics2425laptop3/interbotix_ws/install/interbotix_common_modules:/opt/ros/humble /usr/bin/cmake --build /home/mscrobotics2425laptop3/Robotics_Team2/build/package_with_interfaces -- -j12 -l12
[1.028s] Invoking command in '/home/mscrobotics2425laptop3/Robotics_Team2/build/package_with_interfaces': CMAKE_PREFIX_PATH=${CMAKE_PREFIX_PATH}:/home/mscrobotics2425laptop3/Robotics_Team2/install/fake_arm:/home/mscrobotics2425laptop3/Robotics_Team2/install/team2_nav:/home/mscrobotics2425laptop3/Robotics_Team2/install/rpLidar_lab:/home/mscrobotics2425laptop3/Robotics_Team2/install/object_detection:/home/mscrobotics2425laptop3/Robotics_Team2/install/manipulator:/home/mscrobotics2425laptop3/interbotix_ws/install/interbotix_xs_modules:/home/mscrobotics2425laptop3/interbotix_ws/install/interbotix_perception_modules:/home/mscrobotics2425laptop3/interbotix_ws/install/interbotix_common_modules:/opt/ros/humble /usr/bin/cmake --install /home/mscrobotics2425laptop3/Robotics_Team2/build/package_with_interfaces
[1.041s] -- Install configuration: ""
[1.042s] -- Up-to-date: /home/mscrobotics2425laptop3/Robotics_Team2/install/package_with_interfaces/share/ament_index/resource_index/rosidl_interfaces/package_with_interfaces
[1.042s] -- Up-to-date: /home/mscrobotics2425laptop3/Robotics_Team2/install/package_with_interfaces/include/package_with_interfaces/package_with_interfaces
[1.042s] -- Up-to-date: /home/mscrobotics2425laptop3/Robotics_Team2/install/package_with_interfaces/include/package_with_interfaces/package_with_interfaces/msg
[1.042s] -- Up-to-date: /home/mscrobotics2425laptop3/Robotics_Team2/install/package_with_interfaces/include/package_with_interfaces/package_with_interfaces/msg/object_information.h
[1.042s] -- Up-to-date: /home/mscrobotics2425laptop3/Robotics_Team2/install/package_with_interfaces/include/package_with_interfaces/package_with_interfaces/msg/detail
[1.042s] -- Up-to-date: /home/mscrobotics2425laptop3/Robotics_Team2/install/package_with_interfaces/include/package_with_interfaces/package_with_interfaces/msg/detail/object_information__functions.c
[1.042s] -- Up-to-date: /home/mscrobotics2425laptop3/Robotics_Team2/install/package_with_interfaces/include/package_with_interfaces/package_with_interfaces/msg/detail/object_information__struct.h
[1.042s] -- Up-to-date: /home/mscrobotics2425laptop3/Robotics_Team2/install/package_with_interfaces/include/package_with_interfaces/package_with_interfaces/msg/detail/object_information__type_support.h
[1.042s] -- Up-to-date: /home/mscrobotics2425laptop3/Robotics_Team2/install/package_with_interfaces/include/package_with_interfaces/package_with_interfaces/msg/detail/object_information__functions.h
[1.042s] -- Up-to-date: /home/mscrobotics2425laptop3/Robotics_Team2/install/package_with_interfaces/include/package_with_interfaces/package_with_interfaces/msg/rosidl_generator_c__visibility_control.h
[1.042s] -- Up-to-date: /home/mscrobotics2425laptop3/Robotics_Team2/install/package_with_interfaces/include/package_with_interfaces/package_with_interfaces/srv
[1.042s] -- Up-to-date: /home/mscrobotics2425laptop3/Robotics_Team2/install/package_with_interfaces/include/package_with_interfaces/package_with_interfaces/srv/detail
[1.043s] -- Up-to-date: /home/mscrobotics2425laptop3/Robotics_Team2/install/package_with_interfaces/include/package_with_interfaces/package_with_interfaces/srv/detail/object_grab__functions.c
[1.043s] -- Up-to-date: /home/mscrobotics2425laptop3/Robotics_Team2/install/package_with_interfaces/include/package_with_interfaces/package_with_interfaces/srv/detail/object_grab__struct.h
[1.043s] -- Up-to-date: /home/mscrobotics2425laptop3/Robotics_Team2/install/package_with_interfaces/include/package_with_interfaces/package_with_interfaces/srv/detail/object_grab__functions.h
[1.043s] -- Up-to-date: /home/mscrobotics2425laptop3/Robotics_Team2/install/package_with_interfaces/include/package_with_interfaces/package_with_interfaces/srv/detail/object_grab__type_support.h
[1.043s] -- Up-to-date: /home/mscrobotics2425laptop3/Robotics_Team2/install/package_with_interfaces/include/package_with_interfaces/package_with_interfaces/srv/object_grab.h
[1.043s] -- Up-to-date: /home/mscrobotics2425laptop3/Robotics_Team2/install/package_with_interfaces/share/package_with_interfaces/environment/library_path.sh
[1.043s] -- Up-to-date: /home/mscrobotics2425laptop3/Robotics_Team2/install/package_with_interfaces/share/package_with_interfaces/environment/library_path.dsv
[1.043s] -- Up-to-date: /home/mscrobotics2425laptop3/Robotics_Team2/install/package_with_interfaces/lib/libpackage_with_interfaces__rosidl_generator_c.so
[1.043s] -- Up-to-date: /home/mscrobotics2425laptop3/Robotics_Team2/install/package_with_interfaces/include/package_with_interfaces/package_with_interfaces
[1.043s] -- Up-to-date: /home/mscrobotics2425laptop3/Robotics_Team2/install/package_with_interfaces/include/package_with_interfaces/package_with_interfaces/msg
[1.043s] -- Up-to-date: /home/mscrobotics2425laptop3/Robotics_Team2/install/package_with_interfaces/include/package_with_interfaces/package_with_interfaces/msg/rosidl_typesupport_fastrtps_c__visibility_control.h
[1.044s] -- Up-to-date: /home/mscrobotics2425laptop3/Robotics_Team2/install/package_with_interfaces/include/package_with_interfaces/package_with_interfaces/msg/detail
[1.044s] -- Up-to-date: /home/mscrobotics2425laptop3/Robotics_Team2/install/package_with_interfaces/include/package_with_interfaces/package_with_interfaces/msg/detail/object_information__rosidl_typesupport_fastrtps_c.h
[1.044s] -- Up-to-date: /home/mscrobotics2425laptop3/Robotics_Team2/install/package_with_interfaces/include/package_with_interfaces/package_with_interfaces/srv
[1.044s] -- Up-to-date: /home/mscrobotics2425laptop3/Robotics_Team2/install/package_with_interfaces/include/package_with_interfaces/package_with_interfaces/srv/detail
[1.044s] -- Up-to-date: /home/mscrobotics2425laptop3/Robotics_Team2/install/package_with_interfaces/include/package_with_interfaces/package_with_interfaces/srv/detail/object_grab__rosidl_typesupport_fastrtps_c.h
[1.044s] -- Up-to-date: /home/mscrobotics2425laptop3/Robotics_Team2/install/package_with_interfaces/lib/libpackage_with_interfaces__rosidl_typesupport_fastrtps_c.so
[1.044s] -- Up-to-date: /home/mscrobotics2425laptop3/Robotics_Team2/install/package_with_interfaces/include/package_with_interfaces/package_with_interfaces
[1.044s] -- Up-to-date: /home/mscrobotics2425laptop3/Robotics_Team2/install/package_with_interfaces/include/package_with_interfaces/package_with_interfaces/msg
[1.044s] -- Up-to-date: /home/mscrobotics2425laptop3/Robotics_Team2/install/package_with_interfaces/include/package_with_interfaces/package_with_interfaces/msg/detail
[1.045s] -- Up-to-date: /home/mscrobotics2425laptop3/Robotics_Team2/install/package_with_interfaces/include/package_with_interfaces/package_with_interfaces/msg/detail/object_information__rosidl_typesupport_introspection_c.h
[1.045s] -- Up-to-date: /home/mscrobotics2425laptop3/Robotics_Team2/install/package_with_interfaces/include/package_with_interfaces/package_with_interfaces/msg/detail/object_information__type_support.c
[1.045s] -- Up-to-date: /home/mscrobotics2425laptop3/Robotics_Team2/install/package_with_interfaces/include/package_with_interfaces/package_with_interfaces/msg/rosidl_typesupport_introspection_c__visibility_control.h
[1.045s] -- Up-to-date: /home/mscrobotics2425laptop3/Robotics_Team2/install/package_with_interfaces/include/package_with_interfaces/package_with_interfaces/srv
[1.045s] -- Up-to-date: /home/mscrobotics2425laptop3/Robotics_Team2/install/package_with_interfaces/include/package_with_interfaces/package_with_interfaces/srv/detail
[1.045s] -- Up-to-date: /home/mscrobotics2425laptop3/Robotics_Team2/install/package_with_interfaces/include/package_with_interfaces/package_with_interfaces/srv/detail/object_grab__type_support.c
[1.046s] -- Up-to-date: /home/mscrobotics2425laptop3/Robotics_Team2/install/package_with_interfaces/include/package_with_interfaces/package_with_interfaces/srv/detail/object_grab__rosidl_typesupport_introspection_c.h
[1.046s] -- Up-to-date: /home/mscrobotics2425laptop3/Robotics_Team2/install/package_with_interfaces/lib/libpackage_with_interfaces__rosidl_typesupport_introspection_c.so
[1.046s] -- Up-to-date: /home/mscrobotics2425laptop3/Robotics_Team2/install/package_with_interfaces/lib/libpackage_with_interfaces__rosidl_typesupport_c.so
[1.046s] -- Up-to-date: /home/mscrobotics2425laptop3/Robotics_Team2/install/package_with_interfaces/include/package_with_interfaces/package_with_interfaces
[1.046s] -- Up-to-date: /home/mscrobotics2425laptop3/Robotics_Team2/install/package_with_interfaces/include/package_with_interfaces/package_with_interfaces/msg
[1.047s] -- Up-to-date: /home/mscrobotics2425laptop3/Robotics_Team2/install/package_with_interfaces/include/package_with_interfaces/package_with_interfaces/msg/object_information.hpp
[1.047s] -- Up-to-date: /home/mscrobotics2425laptop3/Robotics_Team2/install/package_with_interfaces/include/package_with_interfaces/package_with_interfaces/msg/detail
[1.047s] -- Up-to-date: /home/mscrobotics2425laptop3/Robotics_Team2/install/package_with_interfaces/include/package_with_interfaces/package_with_interfaces/msg/detail/object_information__builder.hpp
[1.047s] -- Up-to-date: /home/mscrobotics2425laptop3/Robotics_Team2/install/package_with_interfaces/include/package_with_interfaces/package_with_interfaces/msg/detail/object_information__traits.hpp
[1.047s] -- Up-to-date: /home/mscrobotics2425laptop3/Robotics_Team2/install/package_with_interfaces/include/package_with_interfaces/package_with_interfaces/msg/detail/object_information__type_support.hpp
[1.047s] -- Up-to-date: /home/mscrobotics2425laptop3/Robotics_Team2/install/package_with_interfaces/include/package_with_interfaces/package_with_interfaces/msg/detail/object_information__struct.hpp
[1.047s] -- Up-to-date: /home/mscrobotics2425laptop3/Robotics_Team2/install/package_with_interfaces/include/package_with_interfaces/package_with_interfaces/msg/rosidl_generator_cpp__visibility_control.hpp
[1.048s] -- Up-to-date: /home/mscrobotics2425laptop3/Robotics_Team2/install/package_with_interfaces/include/package_with_interfaces/package_with_interfaces/srv
[1.048s] -- Up-to-date: /home/mscrobotics2425laptop3/Robotics_Team2/install/package_with_interfaces/include/package_with_interfaces/package_with_interfaces/srv/object_grab.hpp
[1.048s] -- Up-to-date: /home/mscrobotics2425laptop3/Robotics_Team2/install/package_with_interfaces/include/package_with_interfaces/package_with_interfaces/srv/detail
[1.048s] -- Up-to-date: /home/mscrobotics2425laptop3/Robotics_Team2/install/package_with_interfaces/include/package_with_interfaces/package_with_interfaces/srv/detail/object_grab__struct.hpp
[1.048s] -- Up-to-date: /home/mscrobotics2425laptop3/Robotics_Team2/install/package_with_interfaces/include/package_with_interfaces/package_with_interfaces/srv/detail/object_grab__traits.hpp
[1.048s] -- Up-to-date: /home/mscrobotics2425laptop3/Robotics_Team2/install/package_with_interfaces/include/package_with_interfaces/package_with_interfaces/srv/detail/object_grab__builder.hpp
[1.048s] -- Up-to-date: /home/mscrobotics2425laptop3/Robotics_Team2/install/package_with_interfaces/include/package_with_interfaces/package_with_interfaces/srv/detail/object_grab__type_support.hpp
[1.048s] -- Up-to-date: /home/mscrobotics2425laptop3/Robotics_Team2/install/package_with_interfaces/include/package_with_interfaces/package_with_interfaces
[1.048s] -- Up-to-date: /home/mscrobotics2425laptop3/Robotics_Team2/install/package_with_interfaces/include/package_with_interfaces/package_with_interfaces/msg
[1.048s] -- Up-to-date: /home/mscrobotics2425laptop3/Robotics_Team2/install/package_with_interfaces/include/package_with_interfaces/package_with_interfaces/msg/detail
[1.049s] -- Up-to-date: /home/mscrobotics2425laptop3/Robotics_Team2/install/package_with_interfaces/include/package_with_interfaces/package_with_interfaces/msg/detail/dds_fastrtps
[1.049s] -- Up-to-date: /home/mscrobotics2425laptop3/Robotics_Team2/install/package_with_interfaces/include/package_with_interfaces/package_with_interfaces/msg/detail/object_information__rosidl_typesupport_fastrtps_cpp.hpp
[1.049s] -- Up-to-date: /home/mscrobotics2425laptop3/Robotics_Team2/install/package_with_interfaces/include/package_with_interfaces/package_with_interfaces/msg/rosidl_typesupport_fastrtps_cpp__visibility_control.h
[1.049s] -- Up-to-date: /home/mscrobotics2425laptop3/Robotics_Team2/install/package_with_interfaces/include/package_with_interfaces/package_with_interfaces/srv
[1.049s] -- Up-to-date: /home/mscrobotics2425laptop3/Robotics_Team2/install/package_with_interfaces/include/package_with_interfaces/package_with_interfaces/srv/detail
[1.049s] -- Up-to-date: /home/mscrobotics2425laptop3/Robotics_Team2/install/package_with_interfaces/include/package_with_interfaces/package_with_interfaces/srv/detail/object_grab__rosidl_typesupport_fastrtps_cpp.hpp
[1.049s] -- Up-to-date: /home/mscrobotics2425laptop3/Robotics_Team2/install/package_with_interfaces/include/package_with_interfaces/package_with_interfaces/srv/detail/dds_fastrtps
[1.049s] -- Up-to-date: /home/mscrobotics2425laptop3/Robotics_Team2/install/package_with_interfaces/lib/libpackage_with_interfaces__rosidl_typesupport_fastrtps_cpp.so
[1.049s] -- Up-to-date: /home/mscrobotics2425laptop3/Robotics_Team2/install/package_with_interfaces/include/package_with_interfaces/package_with_interfaces
[1.049s] -- Up-to-date: /home/mscrobotics2425laptop3/Robotics_Team2/install/package_with_interfaces/include/package_with_interfaces/package_with_interfaces/msg
[1.049s] -- Up-to-date: /home/mscrobotics2425laptop3/Robotics_Team2/install/package_with_interfaces/include/package_with_interfaces/package_with_interfaces/msg/detail
[1.049s] -- Up-to-date: /home/mscrobotics2425laptop3/Robotics_Team2/install/package_with_interfaces/include/package_with_interfaces/package_with_interfaces/msg/detail/object_information__rosidl_typesupport_introspection_cpp.hpp
[1.049s] -- Up-to-date: /home/mscrobotics2425laptop3/Robotics_Team2/install/package_with_interfaces/include/package_with_interfaces/package_with_interfaces/msg/detail/object_information__type_support.cpp
[1.050s] -- Up-to-date: /home/mscrobotics2425laptop3/Robotics_Team2/install/package_with_interfaces/include/package_with_interfaces/package_with_interfaces/srv
[1.050s] -- Up-to-date: /home/mscrobotics2425laptop3/Robotics_Team2/install/package_with_interfaces/include/package_with_interfaces/package_with_interfaces/srv/detail
[1.050s] -- Up-to-date: /home/mscrobotics2425laptop3/Robotics_Team2/install/package_with_interfaces/include/package_with_interfaces/package_with_interfaces/srv/detail/object_grab__type_support.cpp
[1.050s] -- Up-to-date: /home/mscrobotics2425laptop3/Robotics_Team2/install/package_with_interfaces/include/package_with_interfaces/package_with_interfaces/srv/detail/object_grab__rosidl_typesupport_introspection_cpp.hpp
[1.050s] -- Up-to-date: /home/mscrobotics2425laptop3/Robotics_Team2/install/package_with_interfaces/lib/libpackage_with_interfaces__rosidl_typesupport_introspection_cpp.so
[1.050s] -- Up-to-date: /home/mscrobotics2425laptop3/Robotics_Team2/install/package_with_interfaces/lib/libpackage_with_interfaces__rosidl_typesupport_cpp.so
[1.050s] -- Up-to-date: /home/mscrobotics2425laptop3/Robotics_Team2/install/package_with_interfaces/share/package_with_interfaces/environment/pythonpath.sh
[1.050s] -- Up-to-date: /home/mscrobotics2425laptop3/Robotics_Team2/install/package_with_interfaces/share/package_with_interfaces/environment/pythonpath.dsv
[1.050s] -- Up-to-date: /home/mscrobotics2425laptop3/Robotics_Team2/install/package_with_interfaces/local/lib/python3.10/dist-packages/package_with_interfaces-0.0.0-py3.10.egg-info
[1.050s] -- Installing: /home/mscrobotics2425laptop3/Robotics_Team2/install/package_with_interfaces/local/lib/python3.10/dist-packages/package_with_interfaces-0.0.0-py3.10.egg-info/SOURCES.txt
[1.051s] -- Installing: /home/mscrobotics2425laptop3/Robotics_Team2/install/package_with_interfaces/local/lib/python3.10/dist-packages/package_with_interfaces-0.0.0-py3.10.egg-info/PKG-INFO
[1.051s] -- Installing: /home/mscrobotics2425laptop3/Robotics_Team2/install/package_with_interfaces/local/lib/python3.10/dist-packages/package_with_interfaces-0.0.0-py3.10.egg-info/top_level.txt
[1.051s] -- Installing: /home/mscrobotics2425laptop3/Robotics_Team2/install/package_with_interfaces/local/lib/python3.10/dist-packages/package_with_interfaces-0.0.0-py3.10.egg-info/dependency_links.txt
[1.051s] -- Up-to-date: /home/mscrobotics2425laptop3/Robotics_Team2/install/package_with_interfaces/local/lib/python3.10/dist-packages/package_with_interfaces
[1.051s] -- Up-to-date: /home/mscrobotics2425laptop3/Robotics_Team2/install/package_with_interfaces/local/lib/python3.10/dist-packages/package_with_interfaces/__init__.py
[1.051s] -- Up-to-date: /home/mscrobotics2425laptop3/Robotics_Team2/install/package_with_interfaces/local/lib/python3.10/dist-packages/package_with_interfaces/_package_with_interfaces_s.ep.rosidl_typesupport_introspection_c.c
[1.051s] -- Up-to-date: /home/mscrobotics2425laptop3/Robotics_Team2/install/package_with_interfaces/local/lib/python3.10/dist-packages/package_with_interfaces/libpackage_with_interfaces__rosidl_generator_py.so
[1.051s] -- Up-to-date: /home/mscrobotics2425laptop3/Robotics_Team2/install/package_with_interfaces/local/lib/python3.10/dist-packages/package_with_interfaces/_package_with_interfaces_s.ep.rosidl_typesupport_c.c
[1.051s] -- Up-to-date: /home/mscrobotics2425laptop3/Robotics_Team2/install/package_with_interfaces/local/lib/python3.10/dist-packages/package_with_interfaces/package_with_interfaces_s__rosidl_typesupport_fastrtps_c.cpython-310-x86_64-linux-gnu.so
[1.051s] -- Up-to-date: /home/mscrobotics2425laptop3/Robotics_Team2/install/package_with_interfaces/local/lib/python3.10/dist-packages/package_with_interfaces/package_with_interfaces_s__rosidl_typesupport_c.cpython-310-x86_64-linux-gnu.so
[1.051s] -- Up-to-date: /home/mscrobotics2425laptop3/Robotics_Team2/install/package_with_interfaces/local/lib/python3.10/dist-packages/package_with_interfaces/msg
[1.051s] -- Up-to-date: /home/mscrobotics2425laptop3/Robotics_Team2/install/package_with_interfaces/local/lib/python3.10/dist-packages/package_with_interfaces/msg/__init__.py
[1.051s] -- Up-to-date: /home/mscrobotics2425laptop3/Robotics_Team2/install/package_with_interfaces/local/lib/python3.10/dist-packages/package_with_interfaces/msg/_object_information_s.c
[1.051s] -- Up-to-date: /home/mscrobotics2425laptop3/Robotics_Team2/install/package_with_interfaces/local/lib/python3.10/dist-packages/package_with_interfaces/msg/_object_information.py
[1.052s] -- Up-to-date: /home/mscrobotics2425laptop3/Robotics_Team2/install/package_with_interfaces/local/lib/python3.10/dist-packages/package_with_interfaces/_package_with_interfaces_s.ep.rosidl_typesupport_fastrtps_c.c
[1.052s] -- Up-to-date: /home/mscrobotics2425laptop3/Robotics_Team2/install/package_with_interfaces/local/lib/python3.10/dist-packages/package_with_interfaces/package_with_interfaces_s__rosidl_typesupport_introspection_c.cpython-310-x86_64-linux-gnu.so
[1.052s] -- Up-to-date: /home/mscrobotics2425laptop3/Robotics_Team2/install/package_with_interfaces/local/lib/python3.10/dist-packages/package_with_interfaces/srv
[1.053s] -- Up-to-date: /home/mscrobotics2425laptop3/Robotics_Team2/install/package_with_interfaces/local/lib/python3.10/dist-packages/package_with_interfaces/srv/__init__.py
[1.053s] -- Up-to-date: /home/mscrobotics2425laptop3/Robotics_Team2/install/package_with_interfaces/local/lib/python3.10/dist-packages/package_with_interfaces/srv/_object_grab.py
[1.053s] -- Up-to-date: /home/mscrobotics2425laptop3/Robotics_Team2/install/package_with_interfaces/local/lib/python3.10/dist-packages/package_with_interfaces/srv/_object_grab_s.c
[1.092s] Listing '/home/mscrobotics2425laptop3/Robotics_Team2/install/package_with_interfaces/local/lib/python3.10/dist-packages/package_with_interfaces'...
[1.093s] Listing '/home/mscrobotics2425laptop3/Robotics_Team2/install/package_with_interfaces/local/lib/python3.10/dist-packages/package_with_interfaces/msg'...
[1.093s] Listing '/home/mscrobotics2425laptop3/Robotics_Team2/install/package_with_interfaces/local/lib/python3.10/dist-packages/package_with_interfaces/srv'...
[1.098s] -- Up-to-date: /home/mscrobotics2425laptop3/Robotics_Team2/install/package_with_interfaces/local/lib/python3.10/dist-packages/package_with_interfaces/package_with_interfaces_s__rosidl_typesupport_fastrtps_c.cpython-310-x86_64-linux-gnu.so
[1.099s] -- Up-to-date: /home/mscrobotics2425laptop3/Robotics_Team2/install/package_with_interfaces/local/lib/python3.10/dist-packages/package_with_interfaces/package_with_interfaces_s__rosidl_typesupport_introspection_c.cpython-310-x86_64-linux-gnu.so
[1.099s] -- Up-to-date: /home/mscrobotics2425laptop3/Robotics_Team2/install/package_with_interfaces/local/lib/python3.10/dist-packages/package_with_interfaces/package_with_interfaces_s__rosidl_typesupport_c.cpython-310-x86_64-linux-gnu.so
[1.099s] -- Up-to-date: /home/mscrobotics2425laptop3/Robotics_Team2/install/package_with_interfaces/lib/libpackage_with_interfaces__rosidl_generator_py.so
[1.099s] -- Up-to-date: /home/mscrobotics2425laptop3/Robotics_Team2/install/package_with_interfaces/share/package_with_interfaces/msg/ObjectInformation.idl
[1.099s] -- Up-to-date: /home/mscrobotics2425laptop3/Robotics_Team2/install/package_with_interfaces/share/package_with_interfaces/srv/ObjectGrab.idl
[1.100s] -- Up-to-date: /home/mscrobotics2425laptop3/Robotics_Team2/install/package_with_interfaces/share/package_with_interfaces/msg/ObjectInformation.msg
[1.100s] -- Up-to-date: /home/mscrobotics2425laptop3/Robotics_Team2/install/package_with_interfaces/share/package_with_interfaces/srv/ObjectGrab.srv
[1.100s] -- Up-to-date: /home/mscrobotics2425laptop3/Robotics_Team2/install/package_with_interfaces/share/package_with_interfaces/srv/ObjectGrab_Request.msg
[1.100s] -- Up-to-date: /home/mscrobotics2425laptop3/Robotics_Team2/install/package_with_interfaces/share/package_with_interfaces/srv/ObjectGrab_Response.msg
[1.100s] -- Up-to-date: /home/mscrobotics2425laptop3/Robotics_Team2/install/package_with_interfaces/share/ament_index/resource_index/package_run_dependencies/package_with_interfaces
[1.100s] -- Up-to-date: /home/mscrobotics2425laptop3/Robotics_Team2/install/package_with_interfaces/share/ament_index/resource_index/parent_prefix_path/package_with_interfaces
[1.100s] -- Up-to-date: /home/mscrobotics2425laptop3/Robotics_Team2/install/package_with_interfaces/share/package_with_interfaces/environment/ament_prefix_path.sh
[1.100s] -- Up-to-date: /home/mscrobotics2425laptop3/Robotics_Team2/install/package_with_interfaces/share/package_with_interfaces/environment/ament_prefix_path.dsv
[1.100s] -- Up-to-date: /home/mscrobotics2425laptop3/Robotics_Team2/install/package_with_interfaces/share/package_with_interfaces/environment/path.sh
[1.100s] -- Up-to-date: /home/mscrobotics2425laptop3/Robotics_Team2/install/package_with_interfaces/share/package_with_interfaces/environment/path.dsv
[1.100s] -- Up-to-date: /home/mscrobotics2425laptop3/Robotics_Team2/install/package_with_interfaces/share/package_with_interfaces/local_setup.bash
[1.100s] -- Up-to-date: /home/mscrobotics2425laptop3/Robotics_Team2/install/package_with_interfaces/share/package_with_interfaces/local_setup.sh
[1.101s] -- Up-to-date: /home/mscrobotics2425laptop3/Robotics_Team2/install/package_with_interfaces/share/package_with_interfaces/local_setup.zsh
[1.101s] -- Up-to-date: /home/mscrobotics2425laptop3/Robotics_Team2/install/package_with_interfaces/share/package_with_interfaces/local_setup.dsv
[1.101s] -- Installing: /home/mscrobotics2425laptop3/Robotics_Team2/install/package_with_interfaces/share/package_with_interfaces/package.dsv
[1.101s] -- Up-to-date: /home/mscrobotics2425laptop3/Robotics_Team2/install/package_with_interfaces/share/ament_index/resource_index/packages/package_with_interfaces
[1.101s] -- Up-to-date: /home/mscrobotics2425laptop3/Robotics_Team2/install/package_with_interfaces/share/package_with_interfaces/cmake/export_package_with_interfaces__rosidl_generator_cExport.cmake
[1.101s] -- Up-to-date: /home/mscrobotics2425laptop3/Robotics_Team2/install/package_with_interfaces/share/package_with_interfaces/cmake/export_package_with_interfaces__rosidl_generator_cExport-noconfig.cmake
[1.101s] -- Up-to-date: /home/mscrobotics2425laptop3/Robotics_Team2/install/package_with_interfaces/share/package_with_interfaces/cmake/export_package_with_interfaces__rosidl_typesupport_fastrtps_cExport.cmake
[1.101s] -- Up-to-date: /home/mscrobotics2425laptop3/Robotics_Team2/install/package_with_interfaces/share/package_with_interfaces/cmake/export_package_with_interfaces__rosidl_typesupport_fastrtps_cExport-noconfig.cmake
[1.102s] -- Up-to-date: /home/mscrobotics2425laptop3/Robotics_Team2/install/package_with_interfaces/share/package_with_interfaces/cmake/package_with_interfaces__rosidl_typesupport_introspection_cExport.cmake
[1.102s] -- Up-to-date: /home/mscrobotics2425laptop3/Robotics_Team2/install/package_with_interfaces/share/package_with_interfaces/cmake/package_with_interfaces__rosidl_typesupport_introspection_cExport-noconfig.cmake
[1.102s] -- Up-to-date: /home/mscrobotics2425laptop3/Robotics_Team2/install/package_with_interfaces/share/package_with_interfaces/cmake/package_with_interfaces__rosidl_typesupport_cExport.cmake
[1.102s] -- Up-to-date: /home/mscrobotics2425laptop3/Robotics_Team2/install/package_with_interfaces/share/package_with_interfaces/cmake/package_with_interfaces__rosidl_typesupport_cExport-noconfig.cmake
[1.102s] -- Up-to-date: /home/mscrobotics2425laptop3/Robotics_Team2/install/package_with_interfaces/share/package_with_interfaces/cmake/export_package_with_interfaces__rosidl_generator_cppExport.cmake
[1.102s] -- Up-to-date: /home/mscrobotics2425laptop3/Robotics_Team2/install/package_with_interfaces/share/package_with_interfaces/cmake/export_package_with_interfaces__rosidl_typesupport_fastrtps_cppExport.cmake
[1.102s] -- Up-to-date: /home/mscrobotics2425laptop3/Robotics_Team2/install/package_with_interfaces/share/package_with_interfaces/cmake/export_package_with_interfaces__rosidl_typesupport_fastrtps_cppExport-noconfig.cmake
[1.102s] -- Up-to-date: /home/mscrobotics2425laptop3/Robotics_Team2/install/package_with_interfaces/share/package_with_interfaces/cmake/package_with_interfaces__rosidl_typesupport_introspection_cppExport.cmake
[1.102s] -- Up-to-date: /home/mscrobotics2425laptop3/Robotics_Team2/install/package_with_interfaces/share/package_with_interfaces/cmake/package_with_interfaces__rosidl_typesupport_introspection_cppExport-noconfig.cmake
[1.102s] -- Up-to-date: /home/mscrobotics2425laptop3/Robotics_Team2/install/package_with_interfaces/share/package_with_interfaces/cmake/package_with_interfaces__rosidl_typesupport_cppExport.cmake
[1.102s] -- Up-to-date: /home/mscrobotics2425laptop3/Robotics_Team2/install/package_with_interfaces/share/package_with_interfaces/cmake/package_with_interfaces__rosidl_typesupport_cppExport-noconfig.cmake
[1.103s] -- Up-to-date: /home/mscrobotics2425laptop3/Robotics_Team2/install/package_with_interfaces/share/package_with_interfaces/cmake/export_package_with_interfaces__rosidl_generator_pyExport.cmake
[1.103s] -- Up-to-date: /home/mscrobotics2425laptop3/Robotics_Team2/install/package_with_interfaces/share/package_with_interfaces/cmake/export_package_with_interfaces__rosidl_generator_pyExport-noconfig.cmake
[1.103s] -- Up-to-date: /home/mscrobotics2425laptop3/Robotics_Team2/install/package_with_interfaces/share/package_with_interfaces/cmake/rosidl_cmake-extras.cmake
[1.103s] -- Up-to-date: /home/mscrobotics2425laptop3/Robotics_Team2/install/package_with_interfaces/share/package_with_interfaces/cmake/ament_cmake_export_include_directories-extras.cmake
[1.103s] -- Up-to-date: /home/mscrobotics2425laptop3/Robotics_Team2/install/package_with_interfaces/share/package_with_interfaces/cmake/ament_cmake_export_libraries-extras.cmake
[1.103s] -- Up-to-date: /home/mscrobotics2425laptop3/Robotics_Team2/install/package_with_interfaces/share/package_with_interfaces/cmake/ament_cmake_export_targets-extras.cmake
[1.103s] -- Up-to-date: /home/mscrobotics2425laptop3/Robotics_Team2/install/package_with_interfaces/share/package_with_interfaces/cmake/rosidl_cmake_export_typesupport_targets-extras.cmake
[1.103s] -- Up-to-date: /home/mscrobotics2425laptop3/Robotics_Team2/install/package_with_interfaces/share/package_with_interfaces/cmake/ament_cmake_export_dependencies-extras.cmake
[1.103s] -- Up-to-date: /home/mscrobotics2425laptop3/Robotics_Team2/install/package_with_interfaces/share/package_with_interfaces/cmake/rosidl_cmake_export_typesupport_libraries-extras.cmake
[1.103s] -- Up-to-date: /home/mscrobotics2425laptop3/Robotics_Team2/install/package_with_interfaces/share/package_with_interfaces/cmake/package_with_interfacesConfig.cmake
[1.103s] -- Up-to-date: /home/mscrobotics2425laptop3/Robotics_Team2/install/package_with_interfaces/share/package_with_interfaces/cmake/package_with_interfacesConfig-version.cmake
[1.103s] -- Up-to-date: /home/mscrobotics2425laptop3/Robotics_Team2/install/package_with_interfaces/share/package_with_interfaces/package.xml
[1.105s] Invoked command in '/home/mscrobotics2425laptop3/Robotics_Team2/build/package_with_interfaces' returned '0': CMAKE_PREFIX_PATH=${CMAKE_PREFIX_PATH}:/home/mscrobotics2425laptop3/Robotics_Team2/install/fake_arm:/home/mscrobotics2425laptop3/Robotics_Team2/install/team2_nav:/home/mscrobotics2425laptop3/Robotics_Team2/install/rpLidar_lab:/home/mscrobotics2425laptop3/Robotics_Team2/install/object_detection:/home/mscrobotics2425laptop3/Robotics_Team2/install/manipulator:/home/mscrobotics2425laptop3/interbotix_ws/install/interbotix_xs_modules:/home/mscrobotics2425laptop3/interbotix_ws/install/interbotix_perception_modules:/home/mscrobotics2425laptop3/interbotix_ws/install/interbotix_common_modules:/opt/ros/humble /usr/bin/cmake --install /home/mscrobotics2425laptop3/Robotics_Team2/build/package_with_interfaces
