[1.995s] Invoking command in '/home/mscrobotics2425laptop16/Robotics_Team2/src/manipulator': PYTHONPATH=/home/mscrobotics2425laptop16/Robotics_Team2/build/manipulator/prefix_override:/usr/lib/python3/dist-packages/colcon_core/task/python/colcon_distutils_commands:/home/mscrobotics2425laptop16/Robotics_Team2/install/manipulator/lib/python3.10/site-packages:${PYTHONPATH} /usr/bin/python3 -W ignore:setup.py install is deprecated -W ignore:easy_install command is deprecated setup.py egg_info --egg-base ../../build/manipulator build --build-base /home/mscrobotics2425laptop16/Robotics_Team2/build/manipulator/build install --record /home/mscrobotics2425laptop16/Robotics_Team2/build/manipulator/install.log --single-version-externally-managed install_data
[2.352s] /home/mscrobotics2425laptop16/.local/lib/python3.10/site-packages/setuptools/_distutils/dist.py:261: UserWarning: Unknown distribution option: 'tests_require'
[2.352s]   warnings.warn(msg)
[2.624s] running egg_info
[2.662s] writing ../../build/manipulator/manipulator.egg-info/PKG-INFO
[2.662s] writing dependency_links to ../../build/manipulator/manipulator.egg-info/dependency_links.txt
[2.663s] writing entry points to ../../build/manipulator/manipulator.egg-info/entry_points.txt
[2.663s] writing requirements to ../../build/manipulator/manipulator.egg-info/requires.txt
[2.664s] writing top-level names to ../../build/manipulator/manipulator.egg-info/top_level.txt
[2.744s] reading manifest file '../../build/manipulator/manipulator.egg-info/SOURCES.txt'
[2.747s] writing manifest file '../../build/manipulator/manipulator.egg-info/SOURCES.txt'
[2.748s] running build
[2.748s] running build_py
[2.748s] copying manipulator/server_of_perception_for_grasp.py -> /home/mscrobotics2425laptop16/Robotics_Team2/build/manipulator/build/lib/manipulator
[2.748s] copying manipulator/garsp_test.py -> /home/mscrobotics2425laptop16/Robotics_Team2/build/manipulator/build/lib/manipulator
[2.749s] copying manipulator/__init__.py -> /home/mscrobotics2425laptop16/Robotics_Team2/build/manipulator/build/lib/manipulator
[2.750s] copying manipulator/ee_pose.py -> /home/mscrobotics2425laptop16/Robotics_Team2/build/manipulator/build/lib/manipulator
[2.750s] running install
[2.765s] running install_lib
[2.831s] running install_data
[2.831s] copying resource/manipulator -> /home/mscrobotics2425laptop16/Robotics_Team2/install/manipulator/share/ament_index/resource_index/packages
[2.832s] copying package.xml -> /home/mscrobotics2425laptop16/Robotics_Team2/install/manipulator/share/manipulator
[2.832s] running install_egg_info
[2.891s] removing '/home/mscrobotics2425laptop16/Robotics_Team2/install/manipulator/lib/python3.10/site-packages/manipulator-0.0.0-py3.10.egg-info' (and everything under it)
[2.891s] Copying ../../build/manipulator/manipulator.egg-info to /home/mscrobotics2425laptop16/Robotics_Team2/install/manipulator/lib/python3.10/site-packages/manipulator-0.0.0-py3.10.egg-info
[2.894s] running install_scripts
[3.299s] Installing ServerOfPerceptionAndGrasp script to /home/mscrobotics2425laptop16/Robotics_Team2/install/manipulator/lib/manipulator
[3.303s] writing list of installed files to '/home/mscrobotics2425laptop16/Robotics_Team2/build/manipulator/install.log'
[3.389s] Invoked command in '/home/mscrobotics2425laptop16/Robotics_Team2/src/manipulator' returned '0': PYTHONPATH=/home/mscrobotics2425laptop16/Robotics_Team2/build/manipulator/prefix_override:/usr/lib/python3/dist-packages/colcon_core/task/python/colcon_distutils_commands:/home/mscrobotics2425laptop16/Robotics_Team2/install/manipulator/lib/python3.10/site-packages:${PYTHONPATH} /usr/bin/python3 -W ignore:setup.py install is deprecated -W ignore:easy_install command is deprecated setup.py egg_info --egg-base ../../build/manipulator build --build-base /home/mscrobotics2425laptop16/Robotics_Team2/build/manipulator/build install --record /home/mscrobotics2425laptop16/Robotics_Team2/build/manipulator/install.log --single-version-externally-managed install_data
