[3.934s] Invoking command in '/home/mscrobotics2425laptop16/Robotics_Team2/src/rpLidar_lab': PYTHONPATH=/home/mscrobotics2425laptop16/Robotics_Team2/build/rpLidar_lab/prefix_override:/usr/lib/python3/dist-packages/colcon_core/task/python/colcon_distutils_commands:/home/mscrobotics2425laptop16/Robotics_Team2/install/rpLidar_lab/lib/python3.10/site-packages:${PYTHONPATH} /usr/bin/python3 -W ignore:setup.py install is deprecated -W ignore:easy_install command is deprecated setup.py egg_info --egg-base ../../build/rpLidar_lab build --build-base /home/mscrobotics2425laptop16/Robotics_Team2/build/rpLidar_lab/build install --record /home/mscrobotics2425laptop16/Robotics_Team2/build/rpLidar_lab/install.log --single-version-externally-managed install_data
[4.419s] /home/mscrobotics2425laptop16/.local/lib/python3.10/site-packages/setuptools/_distutils/dist.py:261: UserWarning: Unknown distribution option: 'tests_require'
[4.419s]   warnings.warn(msg)
[4.672s] running egg_info
[4.713s] writing ../../build/rpLidar_lab/rpLidar_lab.egg-info/PKG-INFO
[4.714s] writing dependency_links to ../../build/rpLidar_lab/rpLidar_lab.egg-info/dependency_links.txt
[4.714s] writing entry points to ../../build/rpLidar_lab/rpLidar_lab.egg-info/entry_points.txt
[4.715s] writing requirements to ../../build/rpLidar_lab/rpLidar_lab.egg-info/requires.txt
[4.716s] writing top-level names to ../../build/rpLidar_lab/rpLidar_lab.egg-info/top_level.txt
[4.809s] reading manifest file '../../build/rpLidar_lab/rpLidar_lab.egg-info/SOURCES.txt'
[4.811s] writing manifest file '../../build/rpLidar_lab/rpLidar_lab.egg-info/SOURCES.txt'
[4.812s] running build
[4.812s] running build_py
[4.813s] copying rpLidar_lab/lidar_data_collector.py -> /home/mscrobotics2425laptop16/Robotics_Team2/build/rpLidar_lab/build/lib/rpLidar_lab
[4.814s] copying rpLidar_lab/__init__.py -> /home/mscrobotics2425laptop16/Robotics_Team2/build/rpLidar_lab/build/lib/rpLidar_lab
[4.815s] running install
[4.828s] running install_lib
[4.869s] running install_data
[4.870s] copying resource/rpLidar_lab -> /home/mscrobotics2425laptop16/Robotics_Team2/install/rpLidar_lab/share/ament_index/resource_index/packages
[4.872s] copying package.xml -> /home/mscrobotics2425laptop16/Robotics_Team2/install/rpLidar_lab/share/rpLidar_lab
[4.872s] running install_egg_info
[4.913s] removing '/home/mscrobotics2425laptop16/Robotics_Team2/install/rpLidar_lab/lib/python3.10/site-packages/rpLidar_lab-0.0.0-py3.10.egg-info' (and everything under it)
[4.914s] Copying ../../build/rpLidar_lab/rpLidar_lab.egg-info to /home/mscrobotics2425laptop16/Robotics_Team2/install/rpLidar_lab/lib/python3.10/site-packages/rpLidar_lab-0.0.0-py3.10.egg-info
[4.916s] running install_scripts
[5.435s] Installing lidar_lab script to /home/mscrobotics2425laptop16/Robotics_Team2/install/rpLidar_lab/lib/rpLidar_lab
[5.435s] writing list of installed files to '/home/mscrobotics2425laptop16/Robotics_Team2/build/rpLidar_lab/install.log'
[5.534s] Invoked command in '/home/mscrobotics2425laptop16/Robotics_Team2/src/rpLidar_lab' returned '0': PYTHONPATH=/home/mscrobotics2425laptop16/Robotics_Team2/build/rpLidar_lab/prefix_override:/usr/lib/python3/dist-packages/colcon_core/task/python/colcon_distutils_commands:/home/mscrobotics2425laptop16/Robotics_Team2/install/rpLidar_lab/lib/python3.10/site-packages:${PYTHONPATH} /usr/bin/python3 -W ignore:setup.py install is deprecated -W ignore:easy_install command is deprecated setup.py egg_info --egg-base ../../build/rpLidar_lab build --build-base /home/mscrobotics2425laptop16/Robotics_Team2/build/rpLidar_lab/build install --record /home/mscrobotics2425laptop16/Robotics_Team2/build/rpLidar_lab/install.log --single-version-externally-managed install_data
