[0.290s] Invoking command in '/home/mscrobotics2425laptop16/Robotics_Team2/build/package_with_interfaces': CMAKE_PREFIX_PATH=${CMAKE_PREFIX_PATH}:/home/mscrobotics2425laptop16/interbotix_ws/install/interbotix_xs_modules:/home/mscrobotics2425laptop16/interbotix_ws/install/interbotix_perception_modules:/home/mscrobotics2425laptop16/interbotix_ws/install/interbotix_common_modules:/home/mscrobotics2425laptop16/interbotix_ws/install/control_pkg:/opt/ros/humble /usr/bin/cmake --build /home/mscrobotics2425laptop16/Robotics_Team2/build/package_with_interfaces -- -j12 -l12
[4.153s] [  2%] Built target package_with_interfaces__cpp
[4.154s] [  2%] Built target ament_cmake_python_copy_package_with_interfaces
[4.154s] [ 12%] Built target package_with_interfaces__rosidl_typesupport_introspection_cpp
[4.154s] running egg_info
[4.154s] writing package_with_interfaces.egg-info/PKG-INFO
[4.154s] writing dependency_links to package_with_interfaces.egg-info/dependency_links.txt
[4.154s] writing top-level names to package_with_interfaces.egg-info/top_level.txt
[4.154s] reading manifest file 'package_with_interfaces.egg-info/SOURCES.txt'
[4.154s] writing manifest file 'package_with_interfaces.egg-info/SOURCES.txt'
[4.154s] [ 12%] Built target ament_cmake_python_build_package_with_interfaces_egg
[4.154s] [ 23%] Built target package_with_interfaces__rosidl_typesupport_fastrtps_cpp
[4.154s] [ 33%] Built target package_with_interfaces__rosidl_typesupport_cpp
[4.155s] [ 43%] Built target package_with_interfaces__rosidl_generator_c
[4.155s] [ 53%] Built target package_with_interfaces__rosidl_typesupport_fastrtps_c
[4.155s] [ 64%] Built target package_with_interfaces__rosidl_typesupport_c
[4.155s] [ 74%] Built target package_with_interfaces__rosidl_typesupport_introspection_c
[4.155s] [ 74%] Built target package_with_interfaces
[4.155s] [ 76%] Built target package_with_interfaces__py
[4.155s] [ 84%] Built target package_with_interfaces__rosidl_generator_py
[4.155s] [ 89%] Built target package_with_interfaces__rosidl_typesupport_fastrtps_c__pyext
[4.155s] [ 94%] Built target package_with_interfaces__rosidl_typesupport_c__pyext
[4.156s] [100%] Built target package_with_interfaces__rosidl_typesupport_introspection_c__pyext
[4.168s] Invoked command in '/home/mscrobotics2425laptop16/Robotics_Team2/build/package_with_interfaces' returned '0': CMAKE_PREFIX_PATH=${CMAKE_PREFIX_PATH}:/home/mscrobotics2425laptop16/interbotix_ws/install/interbotix_xs_modules:/home/mscrobotics2425laptop16/interbotix_ws/install/interbotix_perception_modules:/home/mscrobotics2425laptop16/interbotix_ws/install/interbotix_common_modules:/home/mscrobotics2425laptop16/interbotix_ws/install/control_pkg:/opt/ros/humble /usr/bin/cmake --build /home/mscrobotics2425laptop16/Robotics_Team2/build/package_with_interfaces -- -j12 -l12
[4.213s] Invoking command in '/home/mscrobotics2425laptop16/Robotics_Team2/build/package_with_interfaces': CMAKE_PREFIX_PATH=${CMAKE_PREFIX_PATH}:/home/mscrobotics2425laptop16/interbotix_ws/install/interbotix_xs_modules:/home/mscrobotics2425laptop16/interbotix_ws/install/interbotix_perception_modules:/home/mscrobotics2425laptop16/interbotix_ws/install/interbotix_common_modules:/home/mscrobotics2425laptop16/interbotix_ws/install/control_pkg:/opt/ros/humble /usr/bin/cmake --install /home/mscrobotics2425laptop16/Robotics_Team2/build/package_with_interfaces
[5.242s] -- Install configuration: ""
[5.242s] -- Up-to-date: /home/mscrobotics2425laptop16/Robotics_Team2/install/package_with_interfaces/share/ament_index/resource_index/rosidl_interfaces/package_with_interfaces
[5.243s] -- Up-to-date: /home/mscrobotics2425laptop16/Robotics_Team2/install/package_with_interfaces/include/package_with_interfaces/package_with_interfaces
[5.243s] -- Up-to-date: /home/mscrobotics2425laptop16/Robotics_Team2/install/package_with_interfaces/include/package_with_interfaces/package_with_interfaces/srv
[5.243s] -- Up-to-date: /home/mscrobotics2425laptop16/Robotics_Team2/install/package_with_interfaces/include/package_with_interfaces/package_with_interfaces/srv/detail
[5.243s] -- Up-to-date: /home/mscrobotics2425laptop16/Robotics_Team2/install/package_with_interfaces/include/package_with_interfaces/package_with_interfaces/srv/detail/object_grab__type_support.h
[5.243s] -- Up-to-date: /home/mscrobotics2425laptop16/Robotics_Team2/install/package_with_interfaces/include/package_with_interfaces/package_with_interfaces/srv/detail/object_grab__struct.h
[5.244s] -- Up-to-date: /home/mscrobotics2425laptop16/Robotics_Team2/install/package_with_interfaces/include/package_with_interfaces/package_with_interfaces/srv/detail/object_grab__functions.h
[5.244s] -- Up-to-date: /home/mscrobotics2425laptop16/Robotics_Team2/install/package_with_interfaces/include/package_with_interfaces/package_with_interfaces/srv/detail/object_grab__functions.c
[5.244s] -- Up-to-date: /home/mscrobotics2425laptop16/Robotics_Team2/install/package_with_interfaces/include/package_with_interfaces/package_with_interfaces/srv/object_grab.h
[5.244s] -- Up-to-date: /home/mscrobotics2425laptop16/Robotics_Team2/install/package_with_interfaces/include/package_with_interfaces/package_with_interfaces/msg
[5.271s] -- Up-to-date: /home/mscrobotics2425laptop16/Robotics_Team2/install/package_with_interfaces/include/package_with_interfaces/package_with_interfaces/msg/detail
[5.271s] -- Up-to-date: /home/mscrobotics2425laptop16/Robotics_Team2/install/package_with_interfaces/include/package_with_interfaces/package_with_interfaces/msg/detail/object_information__functions.h
[5.271s] -- Up-to-date: /home/mscrobotics2425laptop16/Robotics_Team2/install/package_with_interfaces/include/package_with_interfaces/package_with_interfaces/msg/detail/object_information__type_support.h
[5.272s] -- Up-to-date: /home/mscrobotics2425laptop16/Robotics_Team2/install/package_with_interfaces/include/package_with_interfaces/package_with_interfaces/msg/detail/object_information__struct.h
[5.279s] -- Up-to-date: /home/mscrobotics2425laptop16/Robotics_Team2/install/package_with_interfaces/include/package_with_interfaces/package_with_interfaces/msg/detail/object_information__functions.c
[5.279s] -- Up-to-date: /home/mscrobotics2425laptop16/Robotics_Team2/install/package_with_interfaces/include/package_with_interfaces/package_with_interfaces/msg/object_information.h
[5.279s] -- Up-to-date: /home/mscrobotics2425laptop16/Robotics_Team2/install/package_with_interfaces/include/package_with_interfaces/package_with_interfaces/msg/rosidl_generator_c__visibility_control.h
[5.279s] -- Up-to-date: /home/mscrobotics2425laptop16/Robotics_Team2/install/package_with_interfaces/share/package_with_interfaces/environment/library_path.sh
[5.280s] -- Up-to-date: /home/mscrobotics2425laptop16/Robotics_Team2/install/package_with_interfaces/share/package_with_interfaces/environment/library_path.dsv
[5.280s] -- Up-to-date: /home/mscrobotics2425laptop16/Robotics_Team2/install/package_with_interfaces/lib/libpackage_with_interfaces__rosidl_generator_c.so
[5.280s] -- Up-to-date: /home/mscrobotics2425laptop16/Robotics_Team2/install/package_with_interfaces/include/package_with_interfaces/package_with_interfaces
[5.280s] -- Up-to-date: /home/mscrobotics2425laptop16/Robotics_Team2/install/package_with_interfaces/include/package_with_interfaces/package_with_interfaces/srv
[5.281s] -- Up-to-date: /home/mscrobotics2425laptop16/Robotics_Team2/install/package_with_interfaces/include/package_with_interfaces/package_with_interfaces/srv/detail
[5.281s] -- Up-to-date: /home/mscrobotics2425laptop16/Robotics_Team2/install/package_with_interfaces/include/package_with_interfaces/package_with_interfaces/srv/detail/object_grab__rosidl_typesupport_fastrtps_c.h
[5.281s] -- Up-to-date: /home/mscrobotics2425laptop16/Robotics_Team2/install/package_with_interfaces/include/package_with_interfaces/package_with_interfaces/msg
[5.281s] -- Up-to-date: /home/mscrobotics2425laptop16/Robotics_Team2/install/package_with_interfaces/include/package_with_interfaces/package_with_interfaces/msg/detail
[5.281s] -- Up-to-date: /home/mscrobotics2425laptop16/Robotics_Team2/install/package_with_interfaces/include/package_with_interfaces/package_with_interfaces/msg/detail/object_information__rosidl_typesupport_fastrtps_c.h
[5.281s] -- Up-to-date: /home/mscrobotics2425laptop16/Robotics_Team2/install/package_with_interfaces/include/package_with_interfaces/package_with_interfaces/msg/rosidl_typesupport_fastrtps_c__visibility_control.h
[5.286s] -- Up-to-date: /home/mscrobotics2425laptop16/Robotics_Team2/install/package_with_interfaces/lib/libpackage_with_interfaces__rosidl_typesupport_fastrtps_c.so
[5.286s] -- Up-to-date: /home/mscrobotics2425laptop16/Robotics_Team2/install/package_with_interfaces/include/package_with_interfaces/package_with_interfaces
[5.286s] -- Up-to-date: /home/mscrobotics2425laptop16/Robotics_Team2/install/package_with_interfaces/include/package_with_interfaces/package_with_interfaces/srv
[5.286s] -- Up-to-date: /home/mscrobotics2425laptop16/Robotics_Team2/install/package_with_interfaces/include/package_with_interfaces/package_with_interfaces/srv/detail
[5.287s] -- Up-to-date: /home/mscrobotics2425laptop16/Robotics_Team2/install/package_with_interfaces/include/package_with_interfaces/package_with_interfaces/srv/detail/object_grab__type_support.c
[5.287s] -- Up-to-date: /home/mscrobotics2425laptop16/Robotics_Team2/install/package_with_interfaces/include/package_with_interfaces/package_with_interfaces/srv/detail/object_grab__rosidl_typesupport_introspection_c.h
[5.287s] -- Up-to-date: /home/mscrobotics2425laptop16/Robotics_Team2/install/package_with_interfaces/include/package_with_interfaces/package_with_interfaces/msg
[5.287s] -- Up-to-date: /home/mscrobotics2425laptop16/Robotics_Team2/install/package_with_interfaces/include/package_with_interfaces/package_with_interfaces/msg/rosidl_typesupport_introspection_c__visibility_control.h
[5.288s] -- Up-to-date: /home/mscrobotics2425laptop16/Robotics_Team2/install/package_with_interfaces/include/package_with_interfaces/package_with_interfaces/msg/detail
[5.288s] -- Up-to-date: /home/mscrobotics2425laptop16/Robotics_Team2/install/package_with_interfaces/include/package_with_interfaces/package_with_interfaces/msg/detail/object_information__type_support.c
[5.288s] -- Up-to-date: /home/mscrobotics2425laptop16/Robotics_Team2/install/package_with_interfaces/include/package_with_interfaces/package_with_interfaces/msg/detail/object_information__rosidl_typesupport_introspection_c.h
[5.288s] -- Up-to-date: /home/mscrobotics2425laptop16/Robotics_Team2/install/package_with_interfaces/lib/libpackage_with_interfaces__rosidl_typesupport_introspection_c.so
[5.288s] -- Up-to-date: /home/mscrobotics2425laptop16/Robotics_Team2/install/package_with_interfaces/lib/libpackage_with_interfaces__rosidl_typesupport_c.so
[5.293s] -- Up-to-date: /home/mscrobotics2425laptop16/Robotics_Team2/install/package_with_interfaces/include/package_with_interfaces/package_with_interfaces
[5.294s] -- Up-to-date: /home/mscrobotics2425laptop16/Robotics_Team2/install/package_with_interfaces/include/package_with_interfaces/package_with_interfaces/srv
[5.294s] -- Up-to-date: /home/mscrobotics2425laptop16/Robotics_Team2/install/package_with_interfaces/include/package_with_interfaces/package_with_interfaces/srv/object_grab.hpp
[5.294s] -- Up-to-date: /home/mscrobotics2425laptop16/Robotics_Team2/install/package_with_interfaces/include/package_with_interfaces/package_with_interfaces/srv/detail
[5.295s] -- Up-to-date: /home/mscrobotics2425laptop16/Robotics_Team2/install/package_with_interfaces/include/package_with_interfaces/package_with_interfaces/srv/detail/object_grab__traits.hpp
[5.295s] -- Up-to-date: /home/mscrobotics2425laptop16/Robotics_Team2/install/package_with_interfaces/include/package_with_interfaces/package_with_interfaces/srv/detail/object_grab__type_support.hpp
[5.295s] -- Up-to-date: /home/mscrobotics2425laptop16/Robotics_Team2/install/package_with_interfaces/include/package_with_interfaces/package_with_interfaces/srv/detail/object_grab__struct.hpp
[5.295s] -- Up-to-date: /home/mscrobotics2425laptop16/Robotics_Team2/install/package_with_interfaces/include/package_with_interfaces/package_with_interfaces/srv/detail/object_grab__builder.hpp
[5.296s] -- Up-to-date: /home/mscrobotics2425laptop16/Robotics_Team2/install/package_with_interfaces/include/package_with_interfaces/package_with_interfaces/msg
[5.296s] -- Up-to-date: /home/mscrobotics2425laptop16/Robotics_Team2/install/package_with_interfaces/include/package_with_interfaces/package_with_interfaces/msg/detail
[5.296s] -- Up-to-date: /home/mscrobotics2425laptop16/Robotics_Team2/install/package_with_interfaces/include/package_with_interfaces/package_with_interfaces/msg/detail/object_information__struct.hpp
[5.296s] -- Up-to-date: /home/mscrobotics2425laptop16/Robotics_Team2/install/package_with_interfaces/include/package_with_interfaces/package_with_interfaces/msg/detail/object_information__builder.hpp
[5.296s] -- Up-to-date: /home/mscrobotics2425laptop16/Robotics_Team2/install/package_with_interfaces/include/package_with_interfaces/package_with_interfaces/msg/detail/object_information__type_support.hpp
[5.317s] -- Up-to-date: /home/mscrobotics2425laptop16/Robotics_Team2/install/package_with_interfaces/include/package_with_interfaces/package_with_interfaces/msg/detail/object_information__traits.hpp
[5.317s] -- Up-to-date: /home/mscrobotics2425laptop16/Robotics_Team2/install/package_with_interfaces/include/package_with_interfaces/package_with_interfaces/msg/object_information.hpp
[5.318s] -- Up-to-date: /home/mscrobotics2425laptop16/Robotics_Team2/install/package_with_interfaces/include/package_with_interfaces/package_with_interfaces/msg/rosidl_generator_cpp__visibility_control.hpp
[5.318s] -- Up-to-date: /home/mscrobotics2425laptop16/Robotics_Team2/install/package_with_interfaces/include/package_with_interfaces/package_with_interfaces
[5.318s] -- Up-to-date: /home/mscrobotics2425laptop16/Robotics_Team2/install/package_with_interfaces/include/package_with_interfaces/package_with_interfaces/srv
[5.318s] -- Up-to-date: /home/mscrobotics2425laptop16/Robotics_Team2/install/package_with_interfaces/include/package_with_interfaces/package_with_interfaces/srv/detail
[5.318s] -- Up-to-date: /home/mscrobotics2425laptop16/Robotics_Team2/install/package_with_interfaces/include/package_with_interfaces/package_with_interfaces/srv/detail/object_grab__rosidl_typesupport_fastrtps_cpp.hpp
[5.319s] -- Up-to-date: /home/mscrobotics2425laptop16/Robotics_Team2/install/package_with_interfaces/include/package_with_interfaces/package_with_interfaces/srv/detail/dds_fastrtps
[5.319s] -- Up-to-date: /home/mscrobotics2425laptop16/Robotics_Team2/install/package_with_interfaces/include/package_with_interfaces/package_with_interfaces/msg
[5.319s] -- Up-to-date: /home/mscrobotics2425laptop16/Robotics_Team2/install/package_with_interfaces/include/package_with_interfaces/package_with_interfaces/msg/detail
[5.319s] -- Up-to-date: /home/mscrobotics2425laptop16/Robotics_Team2/install/package_with_interfaces/include/package_with_interfaces/package_with_interfaces/msg/detail/object_information__rosidl_typesupport_fastrtps_cpp.hpp
[5.319s] -- Up-to-date: /home/mscrobotics2425laptop16/Robotics_Team2/install/package_with_interfaces/include/package_with_interfaces/package_with_interfaces/msg/detail/dds_fastrtps
[5.320s] -- Up-to-date: /home/mscrobotics2425laptop16/Robotics_Team2/install/package_with_interfaces/include/package_with_interfaces/package_with_interfaces/msg/rosidl_typesupport_fastrtps_cpp__visibility_control.h
[5.320s] -- Up-to-date: /home/mscrobotics2425laptop16/Robotics_Team2/install/package_with_interfaces/lib/libpackage_with_interfaces__rosidl_typesupport_fastrtps_cpp.so
[5.320s] -- Up-to-date: /home/mscrobotics2425laptop16/Robotics_Team2/install/package_with_interfaces/include/package_with_interfaces/package_with_interfaces
[5.320s] -- Up-to-date: /home/mscrobotics2425laptop16/Robotics_Team2/install/package_with_interfaces/include/package_with_interfaces/package_with_interfaces/srv
[5.320s] -- Up-to-date: /home/mscrobotics2425laptop16/Robotics_Team2/install/package_with_interfaces/include/package_with_interfaces/package_with_interfaces/srv/detail
[5.331s] -- Up-to-date: /home/mscrobotics2425laptop16/Robotics_Team2/install/package_with_interfaces/include/package_with_interfaces/package_with_interfaces/srv/detail/object_grab__type_support.cpp
[5.332s] -- Up-to-date: /home/mscrobotics2425laptop16/Robotics_Team2/install/package_with_interfaces/include/package_with_interfaces/package_with_interfaces/srv/detail/object_grab__rosidl_typesupport_introspection_cpp.hpp
[5.332s] -- Up-to-date: /home/mscrobotics2425laptop16/Robotics_Team2/install/package_with_interfaces/include/package_with_interfaces/package_with_interfaces/msg
[5.332s] -- Up-to-date: /home/mscrobotics2425laptop16/Robotics_Team2/install/package_with_interfaces/include/package_with_interfaces/package_with_interfaces/msg/detail
[5.332s] -- Up-to-date: /home/mscrobotics2425laptop16/Robotics_Team2/install/package_with_interfaces/include/package_with_interfaces/package_with_interfaces/msg/detail/object_information__type_support.cpp
[5.333s] -- Up-to-date: /home/mscrobotics2425laptop16/Robotics_Team2/install/package_with_interfaces/include/package_with_interfaces/package_with_interfaces/msg/detail/object_information__rosidl_typesupport_introspection_cpp.hpp
[5.333s] -- Up-to-date: /home/mscrobotics2425laptop16/Robotics_Team2/install/package_with_interfaces/lib/libpackage_with_interfaces__rosidl_typesupport_introspection_cpp.so
[5.333s] -- Up-to-date: /home/mscrobotics2425laptop16/Robotics_Team2/install/package_with_interfaces/lib/libpackage_with_interfaces__rosidl_typesupport_cpp.so
[5.333s] -- Up-to-date: /home/mscrobotics2425laptop16/Robotics_Team2/install/package_with_interfaces/share/package_with_interfaces/environment/pythonpath.sh
[5.333s] -- Up-to-date: /home/mscrobotics2425laptop16/Robotics_Team2/install/package_with_interfaces/share/package_with_interfaces/environment/pythonpath.dsv
[5.346s] -- Up-to-date: /home/mscrobotics2425laptop16/Robotics_Team2/install/package_with_interfaces/local/lib/python3.10/dist-packages/package_with_interfaces-0.0.0-py3.10.egg-info
[5.347s] -- Installing: /home/mscrobotics2425laptop16/Robotics_Team2/install/package_with_interfaces/local/lib/python3.10/dist-packages/package_with_interfaces-0.0.0-py3.10.egg-info/dependency_links.txt
[5.347s] -- Installing: /home/mscrobotics2425laptop16/Robotics_Team2/install/package_with_interfaces/local/lib/python3.10/dist-packages/package_with_interfaces-0.0.0-py3.10.egg-info/PKG-INFO
[5.348s] -- Installing: /home/mscrobotics2425laptop16/Robotics_Team2/install/package_with_interfaces/local/lib/python3.10/dist-packages/package_with_interfaces-0.0.0-py3.10.egg-info/top_level.txt
[5.361s] -- Installing: /home/mscrobotics2425laptop16/Robotics_Team2/install/package_with_interfaces/local/lib/python3.10/dist-packages/package_with_interfaces-0.0.0-py3.10.egg-info/SOURCES.txt
[5.361s] -- Up-to-date: /home/mscrobotics2425laptop16/Robotics_Team2/install/package_with_interfaces/local/lib/python3.10/dist-packages/package_with_interfaces
[5.362s] -- Up-to-date: /home/mscrobotics2425laptop16/Robotics_Team2/install/package_with_interfaces/local/lib/python3.10/dist-packages/package_with_interfaces/libpackage_with_interfaces__rosidl_generator_py.so
[5.362s] -- Up-to-date: /home/mscrobotics2425laptop16/Robotics_Team2/install/package_with_interfaces/local/lib/python3.10/dist-packages/package_with_interfaces/_package_with_interfaces_s.ep.rosidl_typesupport_c.c
[5.362s] -- Up-to-date: /home/mscrobotics2425laptop16/Robotics_Team2/install/package_with_interfaces/local/lib/python3.10/dist-packages/package_with_interfaces/_package_with_interfaces_s.ep.rosidl_typesupport_fastrtps_c.c
[5.362s] -- Up-to-date: /home/mscrobotics2425laptop16/Robotics_Team2/install/package_with_interfaces/local/lib/python3.10/dist-packages/package_with_interfaces/__init__.py
[5.362s] -- Up-to-date: /home/mscrobotics2425laptop16/Robotics_Team2/install/package_with_interfaces/local/lib/python3.10/dist-packages/package_with_interfaces/package_with_interfaces_s__rosidl_typesupport_introspection_c.cpython-310-x86_64-linux-gnu.so
[5.363s] -- Up-to-date: /home/mscrobotics2425laptop16/Robotics_Team2/install/package_with_interfaces/local/lib/python3.10/dist-packages/package_with_interfaces/srv
[5.363s] -- Up-to-date: /home/mscrobotics2425laptop16/Robotics_Team2/install/package_with_interfaces/local/lib/python3.10/dist-packages/package_with_interfaces/srv/__init__.py
[5.363s] -- Up-to-date: /home/mscrobotics2425laptop16/Robotics_Team2/install/package_with_interfaces/local/lib/python3.10/dist-packages/package_with_interfaces/srv/_object_grab_s.c
[5.363s] -- Up-to-date: /home/mscrobotics2425laptop16/Robotics_Team2/install/package_with_interfaces/local/lib/python3.10/dist-packages/package_with_interfaces/srv/_object_grab.py
[5.363s] -- Up-to-date: /home/mscrobotics2425laptop16/Robotics_Team2/install/package_with_interfaces/local/lib/python3.10/dist-packages/package_with_interfaces/msg
[5.364s] -- Up-to-date: /home/mscrobotics2425laptop16/Robotics_Team2/install/package_with_interfaces/local/lib/python3.10/dist-packages/package_with_interfaces/msg/_object_information_s.c
[5.364s] -- Up-to-date: /home/mscrobotics2425laptop16/Robotics_Team2/install/package_with_interfaces/local/lib/python3.10/dist-packages/package_with_interfaces/msg/__init__.py
[5.364s] -- Up-to-date: /home/mscrobotics2425laptop16/Robotics_Team2/install/package_with_interfaces/local/lib/python3.10/dist-packages/package_with_interfaces/msg/_object_information.py
[5.364s] -- Up-to-date: /home/mscrobotics2425laptop16/Robotics_Team2/install/package_with_interfaces/local/lib/python3.10/dist-packages/package_with_interfaces/_package_with_interfaces_s.ep.rosidl_typesupport_introspection_c.c
[5.364s] -- Up-to-date: /home/mscrobotics2425laptop16/Robotics_Team2/install/package_with_interfaces/local/lib/python3.10/dist-packages/package_with_interfaces/package_with_interfaces_s__rosidl_typesupport_fastrtps_c.cpython-310-x86_64-linux-gnu.so
[5.370s] -- Up-to-date: /home/mscrobotics2425laptop16/Robotics_Team2/install/package_with_interfaces/local/lib/python3.10/dist-packages/package_with_interfaces/package_with_interfaces_s__rosidl_typesupport_c.cpython-310-x86_64-linux-gnu.so
[5.579s] Listing '/home/mscrobotics2425laptop16/Robotics_Team2/install/package_with_interfaces/local/lib/python3.10/dist-packages/package_with_interfaces'...
[5.580s] Listing '/home/mscrobotics2425laptop16/Robotics_Team2/install/package_with_interfaces/local/lib/python3.10/dist-packages/package_with_interfaces/msg'...
[5.580s] Listing '/home/mscrobotics2425laptop16/Robotics_Team2/install/package_with_interfaces/local/lib/python3.10/dist-packages/package_with_interfaces/srv'...
[5.597s] -- Up-to-date: /home/mscrobotics2425laptop16/Robotics_Team2/install/package_with_interfaces/local/lib/python3.10/dist-packages/package_with_interfaces/package_with_interfaces_s__rosidl_typesupport_fastrtps_c.cpython-310-x86_64-linux-gnu.so
[5.599s] -- Up-to-date: /home/mscrobotics2425laptop16/Robotics_Team2/install/package_with_interfaces/local/lib/python3.10/dist-packages/package_with_interfaces/package_with_interfaces_s__rosidl_typesupport_introspection_c.cpython-310-x86_64-linux-gnu.so
[5.604s] -- Up-to-date: /home/mscrobotics2425laptop16/Robotics_Team2/install/package_with_interfaces/local/lib/python3.10/dist-packages/package_with_interfaces/package_with_interfaces_s__rosidl_typesupport_c.cpython-310-x86_64-linux-gnu.so
[5.604s] -- Up-to-date: /home/mscrobotics2425laptop16/Robotics_Team2/install/package_with_interfaces/lib/libpackage_with_interfaces__rosidl_generator_py.so
[5.607s] -- Up-to-date: /home/mscrobotics2425laptop16/Robotics_Team2/install/package_with_interfaces/share/package_with_interfaces/msg/ObjectInformation.idl
[5.609s] -- Up-to-date: /home/mscrobotics2425laptop16/Robotics_Team2/install/package_with_interfaces/share/package_with_interfaces/srv/ObjectGrab.idl
[5.609s] -- Up-to-date: /home/mscrobotics2425laptop16/Robotics_Team2/install/package_with_interfaces/share/package_with_interfaces/msg/ObjectInformation.msg
[5.610s] -- Up-to-date: /home/mscrobotics2425laptop16/Robotics_Team2/install/package_with_interfaces/share/package_with_interfaces/srv/ObjectGrab.srv
[5.610s] -- Up-to-date: /home/mscrobotics2425laptop16/Robotics_Team2/install/package_with_interfaces/share/package_with_interfaces/srv/ObjectGrab_Request.msg
[5.610s] -- Up-to-date: /home/mscrobotics2425laptop16/Robotics_Team2/install/package_with_interfaces/share/package_with_interfaces/srv/ObjectGrab_Response.msg
[5.610s] -- Up-to-date: /home/mscrobotics2425laptop16/Robotics_Team2/install/package_with_interfaces/share/ament_index/resource_index/package_run_dependencies/package_with_interfaces
[5.611s] -- Up-to-date: /home/mscrobotics2425laptop16/Robotics_Team2/install/package_with_interfaces/share/ament_index/resource_index/parent_prefix_path/package_with_interfaces
[5.611s] -- Up-to-date: /home/mscrobotics2425laptop16/Robotics_Team2/install/package_with_interfaces/share/package_with_interfaces/environment/ament_prefix_path.sh
[5.611s] -- Up-to-date: /home/mscrobotics2425laptop16/Robotics_Team2/install/package_with_interfaces/share/package_with_interfaces/environment/ament_prefix_path.dsv
[5.616s] -- Up-to-date: /home/mscrobotics2425laptop16/Robotics_Team2/install/package_with_interfaces/share/package_with_interfaces/environment/path.sh
[5.616s] -- Up-to-date: /home/mscrobotics2425laptop16/Robotics_Team2/install/package_with_interfaces/share/package_with_interfaces/environment/path.dsv
[5.617s] -- Up-to-date: /home/mscrobotics2425laptop16/Robotics_Team2/install/package_with_interfaces/share/package_with_interfaces/local_setup.bash
[5.617s] -- Up-to-date: /home/mscrobotics2425laptop16/Robotics_Team2/install/package_with_interfaces/share/package_with_interfaces/local_setup.sh
[5.617s] -- Up-to-date: /home/mscrobotics2425laptop16/Robotics_Team2/install/package_with_interfaces/share/package_with_interfaces/local_setup.zsh
[5.624s] -- Up-to-date: /home/mscrobotics2425laptop16/Robotics_Team2/install/package_with_interfaces/share/package_with_interfaces/local_setup.dsv
[5.625s] -- Installing: /home/mscrobotics2425laptop16/Robotics_Team2/install/package_with_interfaces/share/package_with_interfaces/package.dsv
[5.625s] -- Up-to-date: /home/mscrobotics2425laptop16/Robotics_Team2/install/package_with_interfaces/share/ament_index/resource_index/packages/package_with_interfaces
[5.630s] -- Up-to-date: /home/mscrobotics2425laptop16/Robotics_Team2/install/package_with_interfaces/share/package_with_interfaces/cmake/export_package_with_interfaces__rosidl_generator_cExport.cmake
[5.630s] -- Up-to-date: /home/mscrobotics2425laptop16/Robotics_Team2/install/package_with_interfaces/share/package_with_interfaces/cmake/export_package_with_interfaces__rosidl_generator_cExport-noconfig.cmake
[5.631s] -- Up-to-date: /home/mscrobotics2425laptop16/Robotics_Team2/install/package_with_interfaces/share/package_with_interfaces/cmake/export_package_with_interfaces__rosidl_typesupport_fastrtps_cExport.cmake
[5.631s] -- Up-to-date: /home/mscrobotics2425laptop16/Robotics_Team2/install/package_with_interfaces/share/package_with_interfaces/cmake/export_package_with_interfaces__rosidl_typesupport_fastrtps_cExport-noconfig.cmake
[5.637s] -- Up-to-date: /home/mscrobotics2425laptop16/Robotics_Team2/install/package_with_interfaces/share/package_with_interfaces/cmake/package_with_interfaces__rosidl_typesupport_introspection_cExport.cmake
[5.638s] -- Up-to-date: /home/mscrobotics2425laptop16/Robotics_Team2/install/package_with_interfaces/share/package_with_interfaces/cmake/package_with_interfaces__rosidl_typesupport_introspection_cExport-noconfig.cmake
[5.639s] -- Up-to-date: /home/mscrobotics2425laptop16/Robotics_Team2/install/package_with_interfaces/share/package_with_interfaces/cmake/package_with_interfaces__rosidl_typesupport_cExport.cmake
[5.639s] -- Up-to-date: /home/mscrobotics2425laptop16/Robotics_Team2/install/package_with_interfaces/share/package_with_interfaces/cmake/package_with_interfaces__rosidl_typesupport_cExport-noconfig.cmake
[5.639s] -- Up-to-date: /home/mscrobotics2425laptop16/Robotics_Team2/install/package_with_interfaces/share/package_with_interfaces/cmake/export_package_with_interfaces__rosidl_generator_cppExport.cmake
[5.659s] -- Up-to-date: /home/mscrobotics2425laptop16/Robotics_Team2/install/package_with_interfaces/share/package_with_interfaces/cmake/export_package_with_interfaces__rosidl_typesupport_fastrtps_cppExport.cmake
[5.664s] -- Up-to-date: /home/mscrobotics2425laptop16/Robotics_Team2/install/package_with_interfaces/share/package_with_interfaces/cmake/export_package_with_interfaces__rosidl_typesupport_fastrtps_cppExport-noconfig.cmake
[5.664s] -- Up-to-date: /home/mscrobotics2425laptop16/Robotics_Team2/install/package_with_interfaces/share/package_with_interfaces/cmake/package_with_interfaces__rosidl_typesupport_introspection_cppExport.cmake
[5.665s] -- Up-to-date: /home/mscrobotics2425laptop16/Robotics_Team2/install/package_with_interfaces/share/package_with_interfaces/cmake/package_with_interfaces__rosidl_typesupport_introspection_cppExport-noconfig.cmake
[5.665s] -- Up-to-date: /home/mscrobotics2425laptop16/Robotics_Team2/install/package_with_interfaces/share/package_with_interfaces/cmake/package_with_interfaces__rosidl_typesupport_cppExport.cmake
[5.665s] -- Up-to-date: /home/mscrobotics2425laptop16/Robotics_Team2/install/package_with_interfaces/share/package_with_interfaces/cmake/package_with_interfaces__rosidl_typesupport_cppExport-noconfig.cmake
[5.665s] -- Up-to-date: /home/mscrobotics2425laptop16/Robotics_Team2/install/package_with_interfaces/share/package_with_interfaces/cmake/export_package_with_interfaces__rosidl_generator_pyExport.cmake
[5.665s] -- Up-to-date: /home/mscrobotics2425laptop16/Robotics_Team2/install/package_with_interfaces/share/package_with_interfaces/cmake/export_package_with_interfaces__rosidl_generator_pyExport-noconfig.cmake
[5.666s] -- Up-to-date: /home/mscrobotics2425laptop16/Robotics_Team2/install/package_with_interfaces/share/package_with_interfaces/cmake/rosidl_cmake-extras.cmake
[5.666s] -- Up-to-date: /home/mscrobotics2425laptop16/Robotics_Team2/install/package_with_interfaces/share/package_with_interfaces/cmake/ament_cmake_export_include_directories-extras.cmake
[5.666s] -- Up-to-date: /home/mscrobotics2425laptop16/Robotics_Team2/install/package_with_interfaces/share/package_with_interfaces/cmake/ament_cmake_export_libraries-extras.cmake
[5.666s] -- Up-to-date: /home/mscrobotics2425laptop16/Robotics_Team2/install/package_with_interfaces/share/package_with_interfaces/cmake/ament_cmake_export_targets-extras.cmake
[5.666s] -- Up-to-date: /home/mscrobotics2425laptop16/Robotics_Team2/install/package_with_interfaces/share/package_with_interfaces/cmake/rosidl_cmake_export_typesupport_targets-extras.cmake
[5.676s] -- Up-to-date: /home/mscrobotics2425laptop16/Robotics_Team2/install/package_with_interfaces/share/package_with_interfaces/cmake/ament_cmake_export_dependencies-extras.cmake
[5.676s] -- Up-to-date: /home/mscrobotics2425laptop16/Robotics_Team2/install/package_with_interfaces/share/package_with_interfaces/cmake/rosidl_cmake_export_typesupport_libraries-extras.cmake
[5.677s] -- Up-to-date: /home/mscrobotics2425laptop16/Robotics_Team2/install/package_with_interfaces/share/package_with_interfaces/cmake/package_with_interfacesConfig.cmake
[5.677s] -- Up-to-date: /home/mscrobotics2425laptop16/Robotics_Team2/install/package_with_interfaces/share/package_with_interfaces/cmake/package_with_interfacesConfig-version.cmake
[5.677s] -- Up-to-date: /home/mscrobotics2425laptop16/Robotics_Team2/install/package_with_interfaces/share/package_with_interfaces/package.xml
[5.697s] Invoked command in '/home/mscrobotics2425laptop16/Robotics_Team2/build/package_with_interfaces' returned '0': CMAKE_PREFIX_PATH=${CMAKE_PREFIX_PATH}:/home/mscrobotics2425laptop16/interbotix_ws/install/interbotix_xs_modules:/home/mscrobotics2425laptop16/interbotix_ws/install/interbotix_perception_modules:/home/mscrobotics2425laptop16/interbotix_ws/install/interbotix_common_modules:/home/mscrobotics2425laptop16/interbotix_ws/install/control_pkg:/opt/ros/humble /usr/bin/cmake --install /home/mscrobotics2425laptop16/Robotics_Team2/build/package_with_interfaces
