[5.717s] Invoking command in '/home/mscrobotics2425laptop16/Robotics_Team2/src/nav/team2_nav': PYTHONPATH=/home/mscrobotics2425laptop16/Robotics_Team2/build/team2_nav/prefix_override:/usr/lib/python3/dist-packages/colcon_core/task/python/colcon_distutils_commands:/home/mscrobotics2425laptop16/Robotics_Team2/install/team2_nav/lib/python3.10/site-packages:${PYTHONPATH} /usr/bin/python3 -W ignore:setup.py install is deprecated -W ignore:easy_install command is deprecated setup.py egg_info --egg-base ../../../build/team2_nav build --build-base /home/mscrobotics2425laptop16/Robotics_Team2/build/team2_nav/build install --record /home/mscrobotics2425laptop16/Robotics_Team2/build/team2_nav/install.log --single-version-externally-managed install_data
[6.387s] /home/mscrobotics2425laptop16/.local/lib/python3.10/site-packages/setuptools/_distutils/dist.py:261: UserWarning: Unknown distribution option: 'tests_require'
[6.387s]   warnings.warn(msg)
[6.905s] running egg_info
[6.986s] creating ../../../build/team2_nav/team2_nav.egg-info
[6.987s] writing ../../../build/team2_nav/team2_nav.egg-info/PKG-INFO
[6.987s] writing dependency_links to ../../../build/team2_nav/team2_nav.egg-info/dependency_links.txt
[6.988s] writing requirements to ../../../build/team2_nav/team2_nav.egg-info/requires.txt
[6.990s] writing top-level names to ../../../build/team2_nav/team2_nav.egg-info/top_level.txt
[6.992s] writing manifest file '../../../build/team2_nav/team2_nav.egg-info/SOURCES.txt'
[7.182s] reading manifest file '../../../build/team2_nav/team2_nav.egg-info/SOURCES.txt'
[7.190s] writing manifest file '../../../build/team2_nav/team2_nav.egg-info/SOURCES.txt'
[7.194s] running build
[7.194s] running build_py
[7.194s] creating /home/mscrobotics2425laptop16/Robotics_Team2/build/team2_nav/build/lib/team2_nav
[7.198s] copying team2_nav/__init__.py -> /home/mscrobotics2425laptop16/Robotics_Team2/build/team2_nav/build/lib/team2_nav
[7.198s] running install
[7.225s] running install_lib
[7.331s] creating /home/mscrobotics2425laptop16/Robotics_Team2/install/team2_nav/lib/python3.10/site-packages/team2_nav
[7.334s] copying /home/mscrobotics2425laptop16/Robotics_Team2/build/team2_nav/build/lib/team2_nav/__init__.py -> /home/mscrobotics2425laptop16/Robotics_Team2/install/team2_nav/lib/python3.10/site-packages/team2_nav
[7.342s] byte-compiling /home/mscrobotics2425laptop16/Robotics_Team2/install/team2_nav/lib/python3.10/site-packages/team2_nav/__init__.py to __init__.cpython-310.pyc
[7.342s] running install_data
[7.346s] creating /home/mscrobotics2425laptop16/Robotics_Team2/install/team2_nav/share/ament_index/resource_index/packages
[7.348s] copying resource/team2_nav -> /home/mscrobotics2425laptop16/Robotics_Team2/install/team2_nav/share/ament_index/resource_index/packages
[7.349s] copying package.xml -> /home/mscrobotics2425laptop16/Robotics_Team2/install/team2_nav/share/team2_nav
[7.349s] creating /home/mscrobotics2425laptop16/Robotics_Team2/install/team2_nav/share/team2_nav/launch
[7.349s] copying launch/leo_rover.launch.py -> /home/mscrobotics2425laptop16/Robotics_Team2/install/team2_nav/share/team2_nav/launch
[7.350s] copying launch/nav.launch.py -> /home/mscrobotics2425laptop16/Robotics_Team2/install/team2_nav/share/team2_nav/launch
[7.350s] creating /home/mscrobotics2425laptop16/Robotics_Team2/install/team2_nav/share/team2_nav/config
[7.351s] copying config/controller.yaml -> /home/mscrobotics2425laptop16/Robotics_Team2/install/team2_nav/share/team2_nav/config
[7.352s] copying config/bt_nav.yaml -> /home/mscrobotics2425laptop16/Robotics_Team2/install/team2_nav/share/team2_nav/config
[7.354s] copying config/imu_filter_params.yaml -> /home/mscrobotics2425laptop16/Robotics_Team2/install/team2_nav/share/team2_nav/config
[7.354s] copying config/localization_params.yaml -> /home/mscrobotics2425laptop16/Robotics_Team2/install/team2_nav/share/team2_nav/config
[7.355s] copying config/planner.yaml -> /home/mscrobotics2425laptop16/Robotics_Team2/install/team2_nav/share/team2_nav/config
[7.355s] creating /home/mscrobotics2425laptop16/Robotics_Team2/install/team2_nav/share/team2_nav/urdf
[7.356s] copying urdf/leo.urdf -> /home/mscrobotics2425laptop16/Robotics_Team2/install/team2_nav/share/team2_nav/urdf
[7.357s] creating /home/mscrobotics2425laptop16/Robotics_Team2/install/team2_nav/share/team2_nav/meshes
[7.358s] copying meshes/Generic_100mm_lidar.stl -> /home/mscrobotics2425laptop16/Robotics_Team2/install/team2_nav/share/team2_nav/meshes
[7.362s] creating /home/mscrobotics2425laptop16/Robotics_Team2/install/team2_nav/share/team2_nav/models
[7.363s] copying models/Wheel_outline.stl -> /home/mscrobotics2425laptop16/Robotics_Team2/install/team2_nav/share/team2_nav/models
[7.363s] copying models/Mecanum_wheel_outline.stl -> /home/mscrobotics2425laptop16/Robotics_Team2/install/team2_nav/share/team2_nav/models
[7.363s] copying models/Rocker_outline.stl -> /home/mscrobotics2425laptop16/Robotics_Team2/install/team2_nav/share/team2_nav/models
[7.365s] copying models/Chassis_outline.stl -> /home/mscrobotics2425laptop16/Robotics_Team2/install/team2_nav/share/team2_nav/models
[7.366s] copying models/WheelMecanumA.dae -> /home/mscrobotics2425laptop16/Robotics_Team2/install/team2_nav/share/team2_nav/models
[7.419s] copying models/Chassis.dae -> /home/mscrobotics2425laptop16/Robotics_Team2/install/team2_nav/share/team2_nav/models
[7.452s] copying models/Antenna.dae -> /home/mscrobotics2425laptop16/Robotics_Team2/install/team2_nav/share/team2_nav/models
[7.457s] copying models/WheelA.dae -> /home/mscrobotics2425laptop16/Robotics_Team2/install/team2_nav/share/team2_nav/models
[7.461s] copying models/Rocker.dae -> /home/mscrobotics2425laptop16/Robotics_Team2/install/team2_nav/share/team2_nav/models
[7.472s] copying models/WheelMecanumB.dae -> /home/mscrobotics2425laptop16/Robotics_Team2/install/team2_nav/share/team2_nav/models
[7.504s] copying models/WheelB.dae -> /home/mscrobotics2425laptop16/Robotics_Team2/install/team2_nav/share/team2_nav/models
[7.511s] running install_egg_info
[7.659s] Copying ../../../build/team2_nav/team2_nav.egg-info to /home/mscrobotics2425laptop16/Robotics_Team2/install/team2_nav/lib/python3.10/site-packages/team2_nav-0.0.0-py3.10.egg-info
[7.664s] running install_scripts
[8.601s] writing list of installed files to '/home/mscrobotics2425laptop16/Robotics_Team2/build/team2_nav/install.log'
[8.763s] Invoked command in '/home/mscrobotics2425laptop16/Robotics_Team2/src/nav/team2_nav' returned '0': PYTHONPATH=/home/mscrobotics2425laptop16/Robotics_Team2/build/team2_nav/prefix_override:/usr/lib/python3/dist-packages/colcon_core/task/python/colcon_distutils_commands:/home/mscrobotics2425laptop16/Robotics_Team2/install/team2_nav/lib/python3.10/site-packages:${PYTHONPATH} /usr/bin/python3 -W ignore:setup.py install is deprecated -W ignore:easy_install command is deprecated setup.py egg_info --egg-base ../../../build/team2_nav build --build-base /home/mscrobotics2425laptop16/Robotics_Team2/build/team2_nav/build install --record /home/mscrobotics2425laptop16/Robotics_Team2/build/team2_nav/install.log --single-version-externally-managed install_data
