[1.541s] Invoking command in '/home/mscrobotics2425laptop3/Robotics_Team2/src/team2_nav': PYTHONPATH=/home/mscrobotics2425laptop3/Robotics_Team2/build/team2_nav/prefix_override:/usr/lib/python3/dist-packages/colcon_core/task/python/colcon_distutils_commands:/home/mscrobotics2425laptop3/Robotics_Team2/install/team2_nav/lib/python3.10/site-packages:${PYTHONPATH} /usr/bin/python3 -W ignore:setup.py install is deprecated -W ignore:easy_install command is deprecated setup.py egg_info --egg-base ../../build/team2_nav build --build-base /home/mscrobotics2425laptop3/Robotics_Team2/build/team2_nav/build install --record /home/mscrobotics2425laptop3/Robotics_Team2/build/team2_nav/install.log --single-version-externally-managed install_data
[1.775s] running egg_info
[1.776s] creating ../../build/team2_nav/team2_nav.egg-info
[1.777s] writing ../../build/team2_nav/team2_nav.egg-info/PKG-INFO
[1.778s] writing dependency_links to ../../build/team2_nav/team2_nav.egg-info/dependency_links.txt
[1.779s] writing entry points to ../../build/team2_nav/team2_nav.egg-info/entry_points.txt
[1.779s] writing requirements to ../../build/team2_nav/team2_nav.egg-info/requires.txt
[1.780s] writing top-level names to ../../build/team2_nav/team2_nav.egg-info/top_level.txt
[1.780s] writing manifest file '../../build/team2_nav/team2_nav.egg-info/SOURCES.txt'
[1.782s] reading manifest file '../../build/team2_nav/team2_nav.egg-info/SOURCES.txt'
[1.784s] writing manifest file '../../build/team2_nav/team2_nav.egg-info/SOURCES.txt'
[1.784s] running build
[1.784s] running build_py
[1.784s] creating /home/mscrobotics2425laptop3/Robotics_Team2/build/team2_nav/build
[1.785s] creating /home/mscrobotics2425laptop3/Robotics_Team2/build/team2_nav/build/lib
[1.785s] creating /home/mscrobotics2425laptop3/Robotics_Team2/build/team2_nav/build/lib/team2_nav
[1.785s] copying team2_nav/__init__.py -> /home/mscrobotics2425laptop3/Robotics_Team2/build/team2_nav/build/lib/team2_nav
[1.785s] copying team2_nav/explorer.py -> /home/mscrobotics2425laptop3/Robotics_Team2/build/team2_nav/build/lib/team2_nav
[1.785s] running install
[1.786s] running install_lib
[1.789s] creating /home/mscrobotics2425laptop3/Robotics_Team2/install/team2_nav/lib/python3.10/site-packages/team2_nav
[1.789s] copying /home/mscrobotics2425laptop3/Robotics_Team2/build/team2_nav/build/lib/team2_nav/__init__.py -> /home/mscrobotics2425laptop3/Robotics_Team2/install/team2_nav/lib/python3.10/site-packages/team2_nav
[1.789s] copying /home/mscrobotics2425laptop3/Robotics_Team2/build/team2_nav/build/lib/team2_nav/explorer.py -> /home/mscrobotics2425laptop3/Robotics_Team2/install/team2_nav/lib/python3.10/site-packages/team2_nav
[1.794s] byte-compiling /home/mscrobotics2425laptop3/Robotics_Team2/install/team2_nav/lib/python3.10/site-packages/team2_nav/__init__.py to __init__.cpython-310.pyc
[1.795s] byte-compiling /home/mscrobotics2425laptop3/Robotics_Team2/install/team2_nav/lib/python3.10/site-packages/team2_nav/explorer.py to explorer.cpython-310.pyc
[1.795s] running install_data
[1.797s] creating /home/mscrobotics2425laptop3/Robotics_Team2/install/team2_nav/share/ament_index
[1.797s] creating /home/mscrobotics2425laptop3/Robotics_Team2/install/team2_nav/share/ament_index/resource_index
[1.798s] creating /home/mscrobotics2425laptop3/Robotics_Team2/install/team2_nav/share/ament_index/resource_index/packages
[1.798s] copying resource/team2_nav -> /home/mscrobotics2425laptop3/Robotics_Team2/install/team2_nav/share/ament_index/resource_index/packages
[1.798s] copying package.xml -> /home/mscrobotics2425laptop3/Robotics_Team2/install/team2_nav/share/team2_nav
[1.799s] creating /home/mscrobotics2425laptop3/Robotics_Team2/install/team2_nav/share/team2_nav/launch
[1.799s] copying launch/leo_rover.launch.py -> /home/mscrobotics2425laptop3/Robotics_Team2/install/team2_nav/share/team2_nav/launch
[1.800s] copying launch/nav.launch.py -> /home/mscrobotics2425laptop3/Robotics_Team2/install/team2_nav/share/team2_nav/launch
[1.800s] creating /home/mscrobotics2425laptop3/Robotics_Team2/install/team2_nav/share/team2_nav/config
[1.800s] copying config/bt_nav.yaml -> /home/mscrobotics2425laptop3/Robotics_Team2/install/team2_nav/share/team2_nav/config
[1.800s] copying config/planner.yaml -> /home/mscrobotics2425laptop3/Robotics_Team2/install/team2_nav/share/team2_nav/config
[1.800s] copying config/controller.yaml -> /home/mscrobotics2425laptop3/Robotics_Team2/install/team2_nav/share/team2_nav/config
[1.800s] copying config/localization_params.yaml -> /home/mscrobotics2425laptop3/Robotics_Team2/install/team2_nav/share/team2_nav/config
[1.800s] copying config/imu_filter_params.yaml -> /home/mscrobotics2425laptop3/Robotics_Team2/install/team2_nav/share/team2_nav/config
[1.800s] creating /home/mscrobotics2425laptop3/Robotics_Team2/install/team2_nav/share/team2_nav/urdf
[1.801s] copying urdf/leo.urdf -> /home/mscrobotics2425laptop3/Robotics_Team2/install/team2_nav/share/team2_nav/urdf
[1.801s] creating /home/mscrobotics2425laptop3/Robotics_Team2/install/team2_nav/share/team2_nav/meshes
[1.801s] copying meshes/Generic_100mm_lidar.stl -> /home/mscrobotics2425laptop3/Robotics_Team2/install/team2_nav/share/team2_nav/meshes
[1.801s] creating /home/mscrobotics2425laptop3/Robotics_Team2/install/team2_nav/share/team2_nav/models
[1.801s] copying models/Mecanum_wheel_outline.stl -> /home/mscrobotics2425laptop3/Robotics_Team2/install/team2_nav/share/team2_nav/models
[1.801s] copying models/Chassis_outline.stl -> /home/mscrobotics2425laptop3/Robotics_Team2/install/team2_nav/share/team2_nav/models
[1.803s] copying models/Wheel_outline.stl -> /home/mscrobotics2425laptop3/Robotics_Team2/install/team2_nav/share/team2_nav/models
[1.804s] copying models/Rocker_outline.stl -> /home/mscrobotics2425laptop3/Robotics_Team2/install/team2_nav/share/team2_nav/models
[1.805s] copying models/WheelMecanumB.dae -> /home/mscrobotics2425laptop3/Robotics_Team2/install/team2_nav/share/team2_nav/models
[1.807s] copying models/Chassis.dae -> /home/mscrobotics2425laptop3/Robotics_Team2/install/team2_nav/share/team2_nav/models
[1.817s] copying models/Antenna.dae -> /home/mscrobotics2425laptop3/Robotics_Team2/install/team2_nav/share/team2_nav/models
[1.817s] copying models/WheelB.dae -> /home/mscrobotics2425laptop3/Robotics_Team2/install/team2_nav/share/team2_nav/models
[1.820s] copying models/WheelMecanumA.dae -> /home/mscrobotics2425laptop3/Robotics_Team2/install/team2_nav/share/team2_nav/models
[1.825s] copying models/Rocker.dae -> /home/mscrobotics2425laptop3/Robotics_Team2/install/team2_nav/share/team2_nav/models
[1.827s] copying models/WheelA.dae -> /home/mscrobotics2425laptop3/Robotics_Team2/install/team2_nav/share/team2_nav/models
[1.829s] running install_egg_info
[1.831s] Copying ../../build/team2_nav/team2_nav.egg-info to /home/mscrobotics2425laptop3/Robotics_Team2/install/team2_nav/lib/python3.10/site-packages/team2_nav-0.0.0-py3.10.egg-info
[1.832s] running install_scripts
[1.852s] Installing explorer script to /home/mscrobotics2425laptop3/Robotics_Team2/install/team2_nav/lib/team2_nav
[1.852s] writing list of installed files to '/home/mscrobotics2425laptop3/Robotics_Team2/build/team2_nav/install.log'
[1.890s] Invoked command in '/home/mscrobotics2425laptop3/Robotics_Team2/src/team2_nav' returned '0': PYTHONPATH=/home/mscrobotics2425laptop3/Robotics_Team2/build/team2_nav/prefix_override:/usr/lib/python3/dist-packages/colcon_core/task/python/colcon_distutils_commands:/home/mscrobotics2425laptop3/Robotics_Team2/install/team2_nav/lib/python3.10/site-packages:${PYTHONPATH} /usr/bin/python3 -W ignore:setup.py install is deprecated -W ignore:easy_install command is deprecated setup.py egg_info --egg-base ../../build/team2_nav build --build-base /home/mscrobotics2425laptop3/Robotics_Team2/build/team2_nav/build install --record /home/mscrobotics2425laptop3/Robotics_Team2/build/team2_nav/install.log --single-version-externally-managed install_data
