[1.716s] Invoking command in '/home/mscrobotics2425laptop3/Robotics_Team2/src/nav/team2_nav': PYTHONPATH=/home/mscrobotics2425laptop3/Robotics_Team2/build/team2_nav/prefix_override:/usr/lib/python3/dist-packages/colcon_core/task/python/colcon_distutils_commands:/home/mscrobotics2425laptop3/Robotics_Team2/install/team2_nav/lib/python3.10/site-packages:${PYTHONPATH} /usr/bin/python3 -W ignore:setup.py install is deprecated -W ignore:easy_install command is deprecated setup.py egg_info --egg-base ../../../build/team2_nav build --build-base /home/mscrobotics2425laptop3/Robotics_Team2/build/team2_nav/build install --record /home/mscrobotics2425laptop3/Robotics_Team2/build/team2_nav/install.log --single-version-externally-managed install_data
[2.036s] running egg_info
[2.039s] writing ../../../build/team2_nav/team2_nav.egg-info/PKG-INFO
[2.042s] writing dependency_links to ../../../build/team2_nav/team2_nav.egg-info/dependency_links.txt
[2.042s] writing entry points to ../../../build/team2_nav/team2_nav.egg-info/entry_points.txt
[2.042s] writing requirements to ../../../build/team2_nav/team2_nav.egg-info/requires.txt
[2.043s] writing top-level names to ../../../build/team2_nav/team2_nav.egg-info/top_level.txt
[2.046s] reading manifest file '../../../build/team2_nav/team2_nav.egg-info/SOURCES.txt'
[2.049s] writing manifest file '../../../build/team2_nav/team2_nav.egg-info/SOURCES.txt'
[2.049s] running build
[2.049s] running build_py
[2.049s] running install
[2.050s] running install_lib
[2.053s] running install_data
[2.055s] running install_egg_info
[2.059s] removing '/home/mscrobotics2425laptop3/Robotics_Team2/install/team2_nav/lib/python3.10/site-packages/team2_nav-0.0.0-py3.10.egg-info' (and everything under it)
[2.060s] Copying ../../../build/team2_nav/team2_nav.egg-info to /home/mscrobotics2425laptop3/Robotics_Team2/install/team2_nav/lib/python3.10/site-packages/team2_nav-0.0.0-py3.10.egg-info
[2.061s] running install_scripts
[2.106s] writing list of installed files to '/home/mscrobotics2425laptop3/Robotics_Team2/build/team2_nav/install.log'
[2.153s] Invoked command in '/home/mscrobotics2425laptop3/Robotics_Team2/src/nav/team2_nav' returned '0': PYTHONPATH=/home/mscrobotics2425laptop3/Robotics_Team2/build/team2_nav/prefix_override:/usr/lib/python3/dist-packages/colcon_core/task/python/colcon_distutils_commands:/home/mscrobotics2425laptop3/Robotics_Team2/install/team2_nav/lib/python3.10/site-packages:${PYTHONPATH} /usr/bin/python3 -W ignore:setup.py install is deprecated -W ignore:easy_install command is deprecated setup.py egg_info --egg-base ../../../build/team2_nav build --build-base /home/mscrobotics2425laptop3/Robotics_Team2/build/team2_nav/build install --record /home/mscrobotics2425laptop3/Robotics_Team2/build/team2_nav/install.log --single-version-externally-managed install_data
