[4.738s] Invoking command in '/home/mscrobotics2425laptop3/Robotics_Team2/src/fake_arm': PYTHONPATH=/home/mscrobotics2425laptop3/Robotics_Team2/build/fake_arm/prefix_override:/usr/lib/python3/dist-packages/colcon_core/task/python/colcon_distutils_commands:/home/mscrobotics2425laptop3/Robotics_Team2/install/fake_arm/lib/python3.10/site-packages:${PYTHONPATH} /usr/bin/python3 -W ignore:setup.py install is deprecated -W ignore:easy_install command is deprecated setup.py egg_info --egg-base ../../build/fake_arm build --build-base /home/mscrobotics2425laptop3/Robotics_Team2/build/fake_arm/build install --record /home/mscrobotics2425laptop3/Robotics_Team2/build/fake_arm/install.log --single-version-externally-managed install_data
[5.850s] running egg_info
[5.850s] writing ../../build/fake_arm/fake_arm.egg-info/PKG-INFO
[5.851s] writing dependency_links to ../../build/fake_arm/fake_arm.egg-info/dependency_links.txt
[5.852s] writing entry points to ../../build/fake_arm/fake_arm.egg-info/entry_points.txt
[5.853s] writing requirements to ../../build/fake_arm/fake_arm.egg-info/requires.txt
[5.858s] writing top-level names to ../../build/fake_arm/fake_arm.egg-info/top_level.txt
[5.859s] reading manifest file '../../build/fake_arm/fake_arm.egg-info/SOURCES.txt'
[5.861s] writing manifest file '../../build/fake_arm/fake_arm.egg-info/SOURCES.txt'
[5.862s] running build
[5.862s] running build_py
[5.863s] running install
[5.863s] running install_lib
[5.867s] running install_data
[5.867s] running install_egg_info
[5.873s] removing '/home/mscrobotics2425laptop3/Robotics_Team2/install/fake_arm/lib/python3.10/site-packages/fake_arm-0.0.0-py3.10.egg-info' (and everything under it)
[5.875s] Copying ../../build/fake_arm/fake_arm.egg-info to /home/mscrobotics2425laptop3/Robotics_Team2/install/fake_arm/lib/python3.10/site-packages/fake_arm-0.0.0-py3.10.egg-info
[5.878s] running install_scripts
[5.929s] Installing fake script to /home/mscrobotics2425laptop3/Robotics_Team2/install/fake_arm/lib/fake_arm
[5.930s] writing list of installed files to '/home/mscrobotics2425laptop3/Robotics_Team2/build/fake_arm/install.log'
[6.008s] Invoked command in '/home/mscrobotics2425laptop3/Robotics_Team2/src/fake_arm' returned '0': PYTHONPATH=/home/mscrobotics2425laptop3/Robotics_Team2/build/fake_arm/prefix_override:/usr/lib/python3/dist-packages/colcon_core/task/python/colcon_distutils_commands:/home/mscrobotics2425laptop3/Robotics_Team2/install/fake_arm/lib/python3.10/site-packages:${PYTHONPATH} /usr/bin/python3 -W ignore:setup.py install is deprecated -W ignore:easy_install command is deprecated setup.py egg_info --egg-base ../../build/fake_arm build --build-base /home/mscrobotics2425laptop3/Robotics_Team2/build/fake_arm/build install --record /home/mscrobotics2425laptop3/Robotics_Team2/build/fake_arm/install.log --single-version-externally-managed install_data
