[0.634s] Invoking command in '/home/mscrobotics2425laptop21/Team2_Workspace/src/object_detection': PYTHONPATH=/home/mscrobotics2425laptop21/Team2_Workspace/build/object_detection/prefix_override:/usr/lib/python3/dist-packages/colcon_core/task/python/colcon_distutils_commands:/home/mscrobotics2425laptop21/Team2_Workspace/install/object_detection/lib/python3.10/site-packages:${PYTHONPATH} /usr/bin/python3 -W ignore:setup.py install is deprecated setup.py egg_info --egg-base ../../build/object_detection build --build-base /home/mscrobotics2425laptop21/Team2_Workspace/build/object_detection/build install --record /home/mscrobotics2425laptop21/Team2_Workspace/build/object_detection/install.log --single-version-externally-managed install_data
[0.787s] running egg_info
[0.787s] writing ../../build/object_detection/object_detection.egg-info/PKG-INFO
[0.788s] writing dependency_links to ../../build/object_detection/object_detection.egg-info/dependency_links.txt
[0.788s] writing entry points to ../../build/object_detection/object_detection.egg-info/entry_points.txt
[0.788s] writing requirements to ../../build/object_detection/object_detection.egg-info/requires.txt
[0.788s] writing top-level names to ../../build/object_detection/object_detection.egg-info/top_level.txt
[0.791s] reading manifest file '../../build/object_detection/object_detection.egg-info/SOURCES.txt'
[0.792s] writing manifest file '../../build/object_detection/object_detection.egg-info/SOURCES.txt'
[0.792s] running build
[0.792s] running build_py
[0.793s] running install
[0.793s] running install_lib
[0.795s] running install_data
[0.796s] running install_egg_info
[0.799s] removing '/home/mscrobotics2425laptop21/Team2_Workspace/install/object_detection/lib/python3.10/site-packages/object_detection-0.0.0-py3.10.egg-info' (and everything under it)
[0.800s] Copying ../../build/object_detection/object_detection.egg-info to /home/mscrobotics2425laptop21/Team2_Workspace/install/object_detection/lib/python3.10/site-packages/object_detection-0.0.0-py3.10.egg-info
[0.801s] running install_scripts
[0.822s] Installing collect_data script to /home/mscrobotics2425laptop21/Team2_Workspace/install/object_detection/lib/object_detection
[0.822s] Installing predict script to /home/mscrobotics2425laptop21/Team2_Workspace/install/object_detection/lib/object_detection
[0.822s] Installing test script to /home/mscrobotics2425laptop21/Team2_Workspace/install/object_detection/lib/object_detection
[0.822s] writing list of installed files to '/home/mscrobotics2425laptop21/Team2_Workspace/build/object_detection/install.log'
[0.856s] Invoked command in '/home/mscrobotics2425laptop21/Team2_Workspace/src/object_detection' returned '0': PYTHONPATH=/home/mscrobotics2425laptop21/Team2_Workspace/build/object_detection/prefix_override:/usr/lib/python3/dist-packages/colcon_core/task/python/colcon_distutils_commands:/home/mscrobotics2425laptop21/Team2_Workspace/install/object_detection/lib/python3.10/site-packages:${PYTHONPATH} /usr/bin/python3 -W ignore:setup.py install is deprecated setup.py egg_info --egg-base ../../build/object_detection build --build-base /home/mscrobotics2425laptop21/Team2_Workspace/build/object_detection/build install --record /home/mscrobotics2425laptop21/Team2_Workspace/build/object_detection/install.log --single-version-externally-managed install_data
