/home/mscrobotics2425laptop16/Robotics_Team2/src/install/object_detection/lib/python3.10/site-packages/object_detection/find_range.py
/home/mscrobotics2425laptop16/Robotics_Team2/src/install/object_detection/lib/python3.10/site-packages/object_detection/collect_data.py
/home/mscrobotics2425laptop16/Robotics_Team2/src/install/object_detection/lib/python3.10/site-packages/object_detection/test_status.py
/home/mscrobotics2425laptop16/Robotics_Team2/src/install/object_detection/lib/python3.10/site-packages/object_detection/__init__.py
/home/mscrobotics2425laptop16/Robotics_Team2/src/install/object_detection/lib/python3.10/site-packages/object_detection/color_predict.py
/home/mscrobotics2425laptop16/Robotics_Team2/src/install/object_detection/lib/python3.10/site-packages/object_detection/predict.py
/home/mscrobotics2425laptop16/Robotics_Team2/src/install/object_detection/lib/python3.10/site-packages/object_detection/predict_by_mask.py
/home/mscrobotics2425laptop16/Robotics_Team2/src/install/object_detection/lib/python3.10/site-packages/object_detection/__pycache__/find_range.cpython-310.pyc
/home/mscrobotics2425laptop16/Robotics_Team2/src/install/object_detection/lib/python3.10/site-packages/object_detection/__pycache__/collect_data.cpython-310.pyc
/home/mscrobotics2425laptop16/Robotics_Team2/src/install/object_detection/lib/python3.10/site-packages/object_detection/__pycache__/test_status.cpython-310.pyc
/home/mscrobotics2425laptop16/Robotics_Team2/src/install/object_detection/lib/python3.10/site-packages/object_detection/__pycache__/__init__.cpython-310.pyc
/home/mscrobotics2425laptop16/Robotics_Team2/src/install/object_detection/lib/python3.10/site-packages/object_detection/__pycache__/color_predict.cpython-310.pyc
/home/mscrobotics2425laptop16/Robotics_Team2/src/install/object_detection/lib/python3.10/site-packages/object_detection/__pycache__/predict.cpython-310.pyc
/home/mscrobotics2425laptop16/Robotics_Team2/src/install/object_detection/lib/python3.10/site-packages/object_detection/__pycache__/predict_by_mask.cpython-310.pyc
/home/mscrobotics2425laptop16/Robotics_Team2/src/install/object_detection/share/ament_index/resource_index/packages/object_detection
/home/mscrobotics2425laptop16/Robotics_Team2/src/install/object_detection/share/object_detection/package.xml
/home/mscrobotics2425laptop16/Robotics_Team2/src/install/object_detection/lib/python3.10/site-packages/object_detection-0.0.0-py3.10.egg-info/requires.txt
/home/mscrobotics2425laptop16/Robotics_Team2/src/install/object_detection/lib/python3.10/site-packages/object_detection-0.0.0-py3.10.egg-info/dependency_links.txt
/home/mscrobotics2425laptop16/Robotics_Team2/src/install/object_detection/lib/python3.10/site-packages/object_detection-0.0.0-py3.10.egg-info/PKG-INFO
/home/mscrobotics2425laptop16/Robotics_Team2/src/install/object_detection/lib/python3.10/site-packages/object_detection-0.0.0-py3.10.egg-info/top_level.txt
/home/mscrobotics2425laptop16/Robotics_Team2/src/install/object_detection/lib/python3.10/site-packages/object_detection-0.0.0-py3.10.egg-info/entry_points.txt
/home/mscrobotics2425laptop16/Robotics_Team2/src/install/object_detection/lib/python3.10/site-packages/object_detection-0.0.0-py3.10.egg-info/SOURCES.txt
/home/mscrobotics2425laptop16/Robotics_Team2/src/install/object_detection/lib/python3.10/site-packages/object_detection-0.0.0-py3.10.egg-info/zip-safe
/home/mscrobotics2425laptop16/Robotics_Team2/src/install/object_detection/lib/object_detection/collect_data
/home/mscrobotics2425laptop16/Robotics_Team2/src/install/object_detection/lib/object_detection/color_predict
/home/mscrobotics2425laptop16/Robotics_Team2/src/install/object_detection/lib/object_detection/find_range
/home/mscrobotics2425laptop16/Robotics_Team2/src/install/object_detection/lib/object_detection/predict
/home/mscrobotics2425laptop16/Robotics_Team2/src/install/object_detection/lib/object_detection/predict_by_mask
/home/mscrobotics2425laptop16/Robotics_Team2/src/install/object_detection/lib/object_detection/test
/home/mscrobotics2425laptop16/Robotics_Team2/src/install/object_detection/lib/object_detection/test_status
