[0.042s] Invoking command in '/home/mscrobotics2425laptop3/Robotics_Team2/build/interfaces': CMAKE_PREFIX_PATH=${CMAKE_PREFIX_PATH}:/home/mscrobotics2425laptop3/interbotix_ws/install/interbotix_xs_modules:/home/mscrobotics2425laptop3/interbotix_ws/install/interbotix_perception_modules:/home/mscrobotics2425laptop3/interbotix_ws/install/interbotix_common_modules:/opt/ros/humble /usr/bin/cmake --build /home/mscrobotics2425laptop3/Robotics_Team2/build/interfaces -- -j12 -l12
[0.595s] -- Found ament_cmake: 1.3.11 (/opt/ros/humble/share/ament_cmake/cmake)
[0.595s] -- Found rosidl_default_generators: 1.2.0 (/opt/ros/humble/share/rosidl_default_generators/cmake)
[0.596s] -- Using all available rosidl_typesupport_c: rosidl_typesupport_fastrtps_c;rosidl_typesupport_introspection_c
[0.596s] -- Found rosidl_adapter: 3.1.6 (/opt/ros/humble/share/rosidl_adapter/cmake)
[0.596s] -- Using all available rosidl_typesupport_cpp: rosidl_typesupport_fastrtps_cpp;rosidl_typesupport_introspection_cpp
[0.596s] -- Found ament_cmake_ros: 0.10.0 (/opt/ros/humble/share/ament_cmake_ros/cmake)
[0.596s] -- Using all available rosidl_typesupport_c: rosidl_typesupport_fastrtps_c;rosidl_typesupport_introspection_c
[0.701s] -- Using all available rosidl_typesupport_cpp: rosidl_typesupport_fastrtps_cpp;rosidl_typesupport_introspection_cpp
[0.716s] -- Found python_cmake_module: 0.10.0 (/opt/ros/humble/share/python_cmake_module/cmake)
[0.729s] -- Using PYTHON_EXECUTABLE: /usr/bin/python3
[0.729s] -- Using PYTHON_INCLUDE_DIRS: /usr/include/python3.10
[0.729s] -- Using PYTHON_LIBRARIES: /usr/lib/x86_64-linux-gnu/libpython3.10.so
[0.750s] -- Found ament_lint_auto: 0.12.11 (/opt/ros/humble/share/ament_lint_auto/cmake)
[0.755s] -- Added test 'lint_cmake' to check CMake code style
[0.756s] -- Added test 'xmllint' to check XML markup files
[0.757s] -- Configuring done
[0.787s] -- Generating done
[0.799s] -- Build files have been written to: /home/mscrobotics2425laptop3/Robotics_Team2/build/interfaces
[0.830s] [35m[1mConsolidate compiler generated dependencies of target interfaces__rosidl_generator_c[0m
[0.841s] [  2%] Built target interfaces__cpp
[0.845s] [ 12%] Built target interfaces__rosidl_generator_c
[0.856s] [ 12%] Built target ament_cmake_python_copy_interfaces
[0.856s] [35m[1mConsolidate compiler generated dependencies of target interfaces__rosidl_typesupport_introspection_cpp[0m
[0.860s] [35m[1mConsolidate compiler generated dependencies of target interfaces__rosidl_typesupport_fastrtps_cpp[0m
[0.860s] [35m[1mConsolidate compiler generated dependencies of target interfaces__rosidl_typesupport_cpp[0m
[0.860s] [35m[1mConsolidate compiler generated dependencies of target interfaces__rosidl_typesupport_fastrtps_c[0m
[0.860s] [35m[1mConsolidate compiler generated dependencies of target interfaces__rosidl_typesupport_c[0m
[0.866s] [35m[1mConsolidate compiler generated dependencies of target interfaces__rosidl_typesupport_introspection_c[0m
[0.874s] [ 23%] Built target interfaces__rosidl_typesupport_introspection_cpp
[0.875s] [ 33%] Built target interfaces__rosidl_typesupport_c
[0.876s] [ 43%] Built target interfaces__rosidl_typesupport_cpp
[0.878s] [ 53%] Built target interfaces__rosidl_typesupport_introspection_c
[0.878s] [ 74%] Built target interfaces__rosidl_typesupport_fastrtps_c
[0.878s] [ 74%] Built target interfaces__rosidl_typesupport_fastrtps_cpp
[0.903s] [ 74%] Built target interfaces
[0.926s] [ 76%] Built target interfaces__py
[0.938s] [35m[1mConsolidate compiler generated dependencies of target interfaces__rosidl_generator_py[0m
[0.951s] [ 84%] Built target interfaces__rosidl_generator_py
[0.962s] [35m[1mConsolidate compiler generated dependencies of target interfaces__rosidl_typesupport_c__pyext[0m
[0.962s] [35m[1mConsolidate compiler generated dependencies of target interfaces__rosidl_typesupport_fastrtps_c__pyext[0m
[0.962s] [35m[1mConsolidate compiler generated dependencies of target interfaces__rosidl_typesupport_introspection_c__pyext[0m
[0.979s] [ 97%] Built target interfaces__rosidl_typesupport_c__pyext
[0.980s] [100%] Built target interfaces__rosidl_typesupport_introspection_c__pyext
[0.980s] [ 97%] Built target interfaces__rosidl_typesupport_fastrtps_c__pyext
[1.168s] running egg_info
[1.169s] writing interfaces.egg-info/PKG-INFO
[1.169s] writing dependency_links to interfaces.egg-info/dependency_links.txt
[1.169s] writing top-level names to interfaces.egg-info/top_level.txt
[1.173s] reading manifest file 'interfaces.egg-info/SOURCES.txt'
[1.174s] writing manifest file 'interfaces.egg-info/SOURCES.txt'
[1.226s] [100%] Built target ament_cmake_python_build_interfaces_egg
[1.242s] Invoked command in '/home/mscrobotics2425laptop3/Robotics_Team2/build/interfaces' returned '0': CMAKE_PREFIX_PATH=${CMAKE_PREFIX_PATH}:/home/mscrobotics2425laptop3/interbotix_ws/install/interbotix_xs_modules:/home/mscrobotics2425laptop3/interbotix_ws/install/interbotix_perception_modules:/home/mscrobotics2425laptop3/interbotix_ws/install/interbotix_common_modules:/opt/ros/humble /usr/bin/cmake --build /home/mscrobotics2425laptop3/Robotics_Team2/build/interfaces -- -j12 -l12
[1.253s] Invoking command in '/home/mscrobotics2425laptop3/Robotics_Team2/build/interfaces': CMAKE_PREFIX_PATH=${CMAKE_PREFIX_PATH}:/home/mscrobotics2425laptop3/interbotix_ws/install/interbotix_xs_modules:/home/mscrobotics2425laptop3/interbotix_ws/install/interbotix_perception_modules:/home/mscrobotics2425laptop3/interbotix_ws/install/interbotix_common_modules:/opt/ros/humble /usr/bin/cmake --install /home/mscrobotics2425laptop3/Robotics_Team2/build/interfaces
[1.262s] -- Install configuration: ""
[1.262s] -- Up-to-date: /home/mscrobotics2425laptop3/Robotics_Team2/install/interfaces/share/ament_index/resource_index/rosidl_interfaces/interfaces
[1.262s] -- Up-to-date: /home/mscrobotics2425laptop3/Robotics_Team2/install/interfaces/include/interfaces/interfaces
[1.262s] -- Up-to-date: /home/mscrobotics2425laptop3/Robotics_Team2/install/interfaces/include/interfaces/interfaces/msg
[1.262s] -- Up-to-date: /home/mscrobotics2425laptop3/Robotics_Team2/install/interfaces/include/interfaces/interfaces/msg/object_information.h
[1.262s] -- Up-to-date: /home/mscrobotics2425laptop3/Robotics_Team2/install/interfaces/include/interfaces/interfaces/msg/detail
[1.262s] -- Up-to-date: /home/mscrobotics2425laptop3/Robotics_Team2/install/interfaces/include/interfaces/interfaces/msg/detail/object_information__functions.c
[1.262s] -- Up-to-date: /home/mscrobotics2425laptop3/Robotics_Team2/install/interfaces/include/interfaces/interfaces/msg/detail/object_information__struct.h
[1.262s] -- Up-to-date: /home/mscrobotics2425laptop3/Robotics_Team2/install/interfaces/include/interfaces/interfaces/msg/detail/object_information__type_support.h
[1.262s] -- Up-to-date: /home/mscrobotics2425laptop3/Robotics_Team2/install/interfaces/include/interfaces/interfaces/msg/detail/object_information__functions.h
[1.262s] -- Up-to-date: /home/mscrobotics2425laptop3/Robotics_Team2/install/interfaces/include/interfaces/interfaces/msg/rosidl_generator_c__visibility_control.h
[1.263s] -- Up-to-date: /home/mscrobotics2425laptop3/Robotics_Team2/install/interfaces/include/interfaces/interfaces/srv
[1.263s] -- Up-to-date: /home/mscrobotics2425laptop3/Robotics_Team2/install/interfaces/include/interfaces/interfaces/srv/detail
[1.263s] -- Up-to-date: /home/mscrobotics2425laptop3/Robotics_Team2/install/interfaces/include/interfaces/interfaces/srv/detail/object_grab__functions.c
[1.263s] -- Up-to-date: /home/mscrobotics2425laptop3/Robotics_Team2/install/interfaces/include/interfaces/interfaces/srv/detail/object_grab__struct.h
[1.263s] -- Up-to-date: /home/mscrobotics2425laptop3/Robotics_Team2/install/interfaces/include/interfaces/interfaces/srv/detail/object_grab__functions.h
[1.263s] -- Up-to-date: /home/mscrobotics2425laptop3/Robotics_Team2/install/interfaces/include/interfaces/interfaces/srv/detail/object_grab__type_support.h
[1.263s] -- Up-to-date: /home/mscrobotics2425laptop3/Robotics_Team2/install/interfaces/include/interfaces/interfaces/srv/object_grab.h
[1.263s] -- Up-to-date: /home/mscrobotics2425laptop3/Robotics_Team2/install/interfaces/share/interfaces/environment/library_path.sh
[1.263s] -- Installing: /home/mscrobotics2425laptop3/Robotics_Team2/install/interfaces/share/interfaces/environment/library_path.dsv
[1.263s] -- Up-to-date: /home/mscrobotics2425laptop3/Robotics_Team2/install/interfaces/lib/libinterfaces__rosidl_generator_c.so
[1.263s] -- Up-to-date: /home/mscrobotics2425laptop3/Robotics_Team2/install/interfaces/include/interfaces/interfaces
[1.263s] -- Up-to-date: /home/mscrobotics2425laptop3/Robotics_Team2/install/interfaces/include/interfaces/interfaces/msg
[1.263s] -- Up-to-date: /home/mscrobotics2425laptop3/Robotics_Team2/install/interfaces/include/interfaces/interfaces/msg/rosidl_typesupport_fastrtps_c__visibility_control.h
[1.264s] -- Up-to-date: /home/mscrobotics2425laptop3/Robotics_Team2/install/interfaces/include/interfaces/interfaces/msg/detail
[1.264s] -- Up-to-date: /home/mscrobotics2425laptop3/Robotics_Team2/install/interfaces/include/interfaces/interfaces/msg/detail/object_information__rosidl_typesupport_fastrtps_c.h
[1.264s] -- Up-to-date: /home/mscrobotics2425laptop3/Robotics_Team2/install/interfaces/include/interfaces/interfaces/srv
[1.264s] -- Up-to-date: /home/mscrobotics2425laptop3/Robotics_Team2/install/interfaces/include/interfaces/interfaces/srv/detail
[1.264s] -- Up-to-date: /home/mscrobotics2425laptop3/Robotics_Team2/install/interfaces/include/interfaces/interfaces/srv/detail/object_grab__rosidl_typesupport_fastrtps_c.h
[1.264s] -- Up-to-date: /home/mscrobotics2425laptop3/Robotics_Team2/install/interfaces/lib/libinterfaces__rosidl_typesupport_fastrtps_c.so
[1.264s] -- Up-to-date: /home/mscrobotics2425laptop3/Robotics_Team2/install/interfaces/include/interfaces/interfaces
[1.264s] -- Up-to-date: /home/mscrobotics2425laptop3/Robotics_Team2/install/interfaces/include/interfaces/interfaces/msg
[1.264s] -- Up-to-date: /home/mscrobotics2425laptop3/Robotics_Team2/install/interfaces/include/interfaces/interfaces/msg/detail
[1.264s] -- Up-to-date: /home/mscrobotics2425laptop3/Robotics_Team2/install/interfaces/include/interfaces/interfaces/msg/detail/object_information__rosidl_typesupport_introspection_c.h
[1.264s] -- Up-to-date: /home/mscrobotics2425laptop3/Robotics_Team2/install/interfaces/include/interfaces/interfaces/msg/detail/object_information__type_support.c
[1.265s] -- Up-to-date: /home/mscrobotics2425laptop3/Robotics_Team2/install/interfaces/include/interfaces/interfaces/msg/rosidl_typesupport_introspection_c__visibility_control.h
[1.265s] -- Up-to-date: /home/mscrobotics2425laptop3/Robotics_Team2/install/interfaces/include/interfaces/interfaces/srv
[1.265s] -- Up-to-date: /home/mscrobotics2425laptop3/Robotics_Team2/install/interfaces/include/interfaces/interfaces/srv/detail
[1.265s] -- Up-to-date: /home/mscrobotics2425laptop3/Robotics_Team2/install/interfaces/include/interfaces/interfaces/srv/detail/object_grab__type_support.c
[1.265s] -- Up-to-date: /home/mscrobotics2425laptop3/Robotics_Team2/install/interfaces/include/interfaces/interfaces/srv/detail/object_grab__rosidl_typesupport_introspection_c.h
[1.265s] -- Up-to-date: /home/mscrobotics2425laptop3/Robotics_Team2/install/interfaces/lib/libinterfaces__rosidl_typesupport_introspection_c.so
[1.265s] -- Up-to-date: /home/mscrobotics2425laptop3/Robotics_Team2/install/interfaces/lib/libinterfaces__rosidl_typesupport_c.so
[1.265s] -- Up-to-date: /home/mscrobotics2425laptop3/Robotics_Team2/install/interfaces/include/interfaces/interfaces
[1.265s] -- Up-to-date: /home/mscrobotics2425laptop3/Robotics_Team2/install/interfaces/include/interfaces/interfaces/msg
[1.265s] -- Up-to-date: /home/mscrobotics2425laptop3/Robotics_Team2/install/interfaces/include/interfaces/interfaces/msg/object_information.hpp
[1.265s] -- Up-to-date: /home/mscrobotics2425laptop3/Robotics_Team2/install/interfaces/include/interfaces/interfaces/msg/detail
[1.265s] -- Up-to-date: /home/mscrobotics2425laptop3/Robotics_Team2/install/interfaces/include/interfaces/interfaces/msg/detail/object_information__builder.hpp
[1.266s] -- Up-to-date: /home/mscrobotics2425laptop3/Robotics_Team2/install/interfaces/include/interfaces/interfaces/msg/detail/object_information__traits.hpp
[1.266s] -- Up-to-date: /home/mscrobotics2425laptop3/Robotics_Team2/install/interfaces/include/interfaces/interfaces/msg/detail/object_information__type_support.hpp
[1.266s] -- Up-to-date: /home/mscrobotics2425laptop3/Robotics_Team2/install/interfaces/include/interfaces/interfaces/msg/detail/object_information__struct.hpp
[1.266s] -- Up-to-date: /home/mscrobotics2425laptop3/Robotics_Team2/install/interfaces/include/interfaces/interfaces/msg/rosidl_generator_cpp__visibility_control.hpp
[1.266s] -- Up-to-date: /home/mscrobotics2425laptop3/Robotics_Team2/install/interfaces/include/interfaces/interfaces/srv
[1.266s] -- Up-to-date: /home/mscrobotics2425laptop3/Robotics_Team2/install/interfaces/include/interfaces/interfaces/srv/object_grab.hpp
[1.266s] -- Up-to-date: /home/mscrobotics2425laptop3/Robotics_Team2/install/interfaces/include/interfaces/interfaces/srv/detail
[1.266s] -- Up-to-date: /home/mscrobotics2425laptop3/Robotics_Team2/install/interfaces/include/interfaces/interfaces/srv/detail/object_grab__struct.hpp
[1.266s] -- Up-to-date: /home/mscrobotics2425laptop3/Robotics_Team2/install/interfaces/include/interfaces/interfaces/srv/detail/object_grab__traits.hpp
[1.266s] -- Up-to-date: /home/mscrobotics2425laptop3/Robotics_Team2/install/interfaces/include/interfaces/interfaces/srv/detail/object_grab__builder.hpp
[1.266s] -- Up-to-date: /home/mscrobotics2425laptop3/Robotics_Team2/install/interfaces/include/interfaces/interfaces/srv/detail/object_grab__type_support.hpp
[1.267s] -- Up-to-date: /home/mscrobotics2425laptop3/Robotics_Team2/install/interfaces/include/interfaces/interfaces
[1.267s] -- Up-to-date: /home/mscrobotics2425laptop3/Robotics_Team2/install/interfaces/include/interfaces/interfaces/msg
[1.267s] -- Up-to-date: /home/mscrobotics2425laptop3/Robotics_Team2/install/interfaces/include/interfaces/interfaces/msg/detail
[1.267s] -- Up-to-date: /home/mscrobotics2425laptop3/Robotics_Team2/install/interfaces/include/interfaces/interfaces/msg/detail/dds_fastrtps
[1.267s] -- Up-to-date: /home/mscrobotics2425laptop3/Robotics_Team2/install/interfaces/include/interfaces/interfaces/msg/detail/object_information__rosidl_typesupport_fastrtps_cpp.hpp
[1.267s] -- Up-to-date: /home/mscrobotics2425laptop3/Robotics_Team2/install/interfaces/include/interfaces/interfaces/msg/rosidl_typesupport_fastrtps_cpp__visibility_control.h
[1.267s] -- Up-to-date: /home/mscrobotics2425laptop3/Robotics_Team2/install/interfaces/include/interfaces/interfaces/srv
[1.267s] -- Up-to-date: /home/mscrobotics2425laptop3/Robotics_Team2/install/interfaces/include/interfaces/interfaces/srv/detail
[1.267s] -- Up-to-date: /home/mscrobotics2425laptop3/Robotics_Team2/install/interfaces/include/interfaces/interfaces/srv/detail/object_grab__rosidl_typesupport_fastrtps_cpp.hpp
[1.267s] -- Up-to-date: /home/mscrobotics2425laptop3/Robotics_Team2/install/interfaces/include/interfaces/interfaces/srv/detail/dds_fastrtps
[1.267s] -- Up-to-date: /home/mscrobotics2425laptop3/Robotics_Team2/install/interfaces/lib/libinterfaces__rosidl_typesupport_fastrtps_cpp.so
[1.267s] -- Up-to-date: /home/mscrobotics2425laptop3/Robotics_Team2/install/interfaces/include/interfaces/interfaces
[1.268s] -- Up-to-date: /home/mscrobotics2425laptop3/Robotics_Team2/install/interfaces/include/interfaces/interfaces/msg
[1.268s] -- Up-to-date: /home/mscrobotics2425laptop3/Robotics_Team2/install/interfaces/include/interfaces/interfaces/msg/detail
[1.268s] -- Up-to-date: /home/mscrobotics2425laptop3/Robotics_Team2/install/interfaces/include/interfaces/interfaces/msg/detail/object_information__rosidl_typesupport_introspection_cpp.hpp
[1.268s] -- Up-to-date: /home/mscrobotics2425laptop3/Robotics_Team2/install/interfaces/include/interfaces/interfaces/msg/detail/object_information__type_support.cpp
[1.268s] -- Up-to-date: /home/mscrobotics2425laptop3/Robotics_Team2/install/interfaces/include/interfaces/interfaces/srv
[1.268s] -- Up-to-date: /home/mscrobotics2425laptop3/Robotics_Team2/install/interfaces/include/interfaces/interfaces/srv/detail
[1.268s] -- Up-to-date: /home/mscrobotics2425laptop3/Robotics_Team2/install/interfaces/include/interfaces/interfaces/srv/detail/object_grab__type_support.cpp
[1.268s] -- Up-to-date: /home/mscrobotics2425laptop3/Robotics_Team2/install/interfaces/include/interfaces/interfaces/srv/detail/object_grab__rosidl_typesupport_introspection_cpp.hpp
[1.268s] -- Up-to-date: /home/mscrobotics2425laptop3/Robotics_Team2/install/interfaces/lib/libinterfaces__rosidl_typesupport_introspection_cpp.so
[1.268s] -- Up-to-date: /home/mscrobotics2425laptop3/Robotics_Team2/install/interfaces/lib/libinterfaces__rosidl_typesupport_cpp.so
[1.268s] -- Up-to-date: /home/mscrobotics2425laptop3/Robotics_Team2/install/interfaces/share/interfaces/environment/pythonpath.sh
[1.268s] -- Installing: /home/mscrobotics2425laptop3/Robotics_Team2/install/interfaces/share/interfaces/environment/pythonpath.dsv
[1.268s] -- Up-to-date: /home/mscrobotics2425laptop3/Robotics_Team2/install/interfaces/local/lib/python3.10/dist-packages/interfaces-0.0.0-py3.10.egg-info
[1.268s] -- Installing: /home/mscrobotics2425laptop3/Robotics_Team2/install/interfaces/local/lib/python3.10/dist-packages/interfaces-0.0.0-py3.10.egg-info/SOURCES.txt
[1.268s] -- Installing: /home/mscrobotics2425laptop3/Robotics_Team2/install/interfaces/local/lib/python3.10/dist-packages/interfaces-0.0.0-py3.10.egg-info/PKG-INFO
[1.269s] -- Installing: /home/mscrobotics2425laptop3/Robotics_Team2/install/interfaces/local/lib/python3.10/dist-packages/interfaces-0.0.0-py3.10.egg-info/top_level.txt
[1.269s] -- Installing: /home/mscrobotics2425laptop3/Robotics_Team2/install/interfaces/local/lib/python3.10/dist-packages/interfaces-0.0.0-py3.10.egg-info/dependency_links.txt
[1.269s] -- Up-to-date: /home/mscrobotics2425laptop3/Robotics_Team2/install/interfaces/local/lib/python3.10/dist-packages/interfaces
[1.269s] -- Installing: /home/mscrobotics2425laptop3/Robotics_Team2/install/interfaces/local/lib/python3.10/dist-packages/interfaces/__init__.py
[1.269s] -- Up-to-date: /home/mscrobotics2425laptop3/Robotics_Team2/install/interfaces/local/lib/python3.10/dist-packages/interfaces/_interfaces_s.ep.rosidl_typesupport_fastrtps_c.c
[1.269s] -- Up-to-date: /home/mscrobotics2425laptop3/Robotics_Team2/install/interfaces/local/lib/python3.10/dist-packages/interfaces/interfaces_s__rosidl_typesupport_introspection_c.cpython-310-x86_64-linux-gnu.so
[1.269s] -- Up-to-date: /home/mscrobotics2425laptop3/Robotics_Team2/install/interfaces/local/lib/python3.10/dist-packages/interfaces/libinterfaces__rosidl_generator_py.so
[1.269s] -- Up-to-date: /home/mscrobotics2425laptop3/Robotics_Team2/install/interfaces/local/lib/python3.10/dist-packages/interfaces/_interfaces_s.ep.rosidl_typesupport_introspection_c.c
[1.269s] -- Up-to-date: /home/mscrobotics2425laptop3/Robotics_Team2/install/interfaces/local/lib/python3.10/dist-packages/interfaces/interfaces_s__rosidl_typesupport_c.cpython-310-x86_64-linux-gnu.so
[1.269s] -- Up-to-date: /home/mscrobotics2425laptop3/Robotics_Team2/install/interfaces/local/lib/python3.10/dist-packages/interfaces/interfaces_s__rosidl_typesupport_fastrtps_c.cpython-310-x86_64-linux-gnu.so
[1.269s] -- Up-to-date: /home/mscrobotics2425laptop3/Robotics_Team2/install/interfaces/local/lib/python3.10/dist-packages/interfaces/msg
[1.269s] -- Up-to-date: /home/mscrobotics2425laptop3/Robotics_Team2/install/interfaces/local/lib/python3.10/dist-packages/interfaces/msg/__init__.py
[1.269s] -- Up-to-date: /home/mscrobotics2425laptop3/Robotics_Team2/install/interfaces/local/lib/python3.10/dist-packages/interfaces/msg/_object_information_s.c
[1.269s] -- Up-to-date: /home/mscrobotics2425laptop3/Robotics_Team2/install/interfaces/local/lib/python3.10/dist-packages/interfaces/msg/_object_information.py
[1.269s] -- Up-to-date: /home/mscrobotics2425laptop3/Robotics_Team2/install/interfaces/local/lib/python3.10/dist-packages/interfaces/srv
[1.270s] -- Up-to-date: /home/mscrobotics2425laptop3/Robotics_Team2/install/interfaces/local/lib/python3.10/dist-packages/interfaces/srv/__init__.py
[1.270s] -- Up-to-date: /home/mscrobotics2425laptop3/Robotics_Team2/install/interfaces/local/lib/python3.10/dist-packages/interfaces/srv/_object_grab.py
[1.270s] -- Up-to-date: /home/mscrobotics2425laptop3/Robotics_Team2/install/interfaces/local/lib/python3.10/dist-packages/interfaces/srv/_object_grab_s.c
[1.270s] -- Up-to-date: /home/mscrobotics2425laptop3/Robotics_Team2/install/interfaces/local/lib/python3.10/dist-packages/interfaces/_interfaces_s.ep.rosidl_typesupport_c.c
[1.309s] Listing '/home/mscrobotics2425laptop3/Robotics_Team2/install/interfaces/local/lib/python3.10/dist-packages/interfaces'...
[1.309s] Compiling '/home/mscrobotics2425laptop3/Robotics_Team2/install/interfaces/local/lib/python3.10/dist-packages/interfaces/__init__.py'...
[1.309s] Listing '/home/mscrobotics2425laptop3/Robotics_Team2/install/interfaces/local/lib/python3.10/dist-packages/interfaces/msg'...
[1.309s] Listing '/home/mscrobotics2425laptop3/Robotics_Team2/install/interfaces/local/lib/python3.10/dist-packages/interfaces/srv'...
[1.315s] -- Up-to-date: /home/mscrobotics2425laptop3/Robotics_Team2/install/interfaces/local/lib/python3.10/dist-packages/interfaces/interfaces_s__rosidl_typesupport_fastrtps_c.cpython-310-x86_64-linux-gnu.so
[1.316s] -- Up-to-date: /home/mscrobotics2425laptop3/Robotics_Team2/install/interfaces/local/lib/python3.10/dist-packages/interfaces/interfaces_s__rosidl_typesupport_introspection_c.cpython-310-x86_64-linux-gnu.so
[1.316s] -- Up-to-date: /home/mscrobotics2425laptop3/Robotics_Team2/install/interfaces/local/lib/python3.10/dist-packages/interfaces/interfaces_s__rosidl_typesupport_c.cpython-310-x86_64-linux-gnu.so
[1.316s] -- Up-to-date: /home/mscrobotics2425laptop3/Robotics_Team2/install/interfaces/lib/libinterfaces__rosidl_generator_py.so
[1.316s] -- Up-to-date: /home/mscrobotics2425laptop3/Robotics_Team2/install/interfaces/share/interfaces/msg/ObjectInformation.idl
[1.316s] -- Up-to-date: /home/mscrobotics2425laptop3/Robotics_Team2/install/interfaces/share/interfaces/srv/ObjectGrab.idl
[1.316s] -- Up-to-date: /home/mscrobotics2425laptop3/Robotics_Team2/install/interfaces/share/interfaces/msg/ObjectInformation.msg
[1.317s] -- Up-to-date: /home/mscrobotics2425laptop3/Robotics_Team2/install/interfaces/share/interfaces/srv/ObjectGrab.srv
[1.317s] -- Up-to-date: /home/mscrobotics2425laptop3/Robotics_Team2/install/interfaces/share/interfaces/srv/ObjectGrab_Request.msg
[1.317s] -- Up-to-date: /home/mscrobotics2425laptop3/Robotics_Team2/install/interfaces/share/interfaces/srv/ObjectGrab_Response.msg
[1.317s] -- Up-to-date: /home/mscrobotics2425laptop3/Robotics_Team2/install/interfaces/share/ament_index/resource_index/package_run_dependencies/interfaces
[1.317s] -- Up-to-date: /home/mscrobotics2425laptop3/Robotics_Team2/install/interfaces/share/ament_index/resource_index/parent_prefix_path/interfaces
[1.317s] -- Up-to-date: /home/mscrobotics2425laptop3/Robotics_Team2/install/interfaces/share/interfaces/environment/ament_prefix_path.sh
[1.317s] -- Installing: /home/mscrobotics2425laptop3/Robotics_Team2/install/interfaces/share/interfaces/environment/ament_prefix_path.dsv
[1.317s] -- Up-to-date: /home/mscrobotics2425laptop3/Robotics_Team2/install/interfaces/share/interfaces/environment/path.sh
[1.317s] -- Installing: /home/mscrobotics2425laptop3/Robotics_Team2/install/interfaces/share/interfaces/environment/path.dsv
[1.317s] -- Up-to-date: /home/mscrobotics2425laptop3/Robotics_Team2/install/interfaces/share/interfaces/local_setup.bash
[1.318s] -- Up-to-date: /home/mscrobotics2425laptop3/Robotics_Team2/install/interfaces/share/interfaces/local_setup.sh
[1.318s] -- Up-to-date: /home/mscrobotics2425laptop3/Robotics_Team2/install/interfaces/share/interfaces/local_setup.zsh
[1.318s] -- Installing: /home/mscrobotics2425laptop3/Robotics_Team2/install/interfaces/share/interfaces/local_setup.dsv
[1.318s] -- Installing: /home/mscrobotics2425laptop3/Robotics_Team2/install/interfaces/share/interfaces/package.dsv
[1.318s] -- Up-to-date: /home/mscrobotics2425laptop3/Robotics_Team2/install/interfaces/share/ament_index/resource_index/packages/interfaces
[1.318s] -- Up-to-date: /home/mscrobotics2425laptop3/Robotics_Team2/install/interfaces/share/interfaces/cmake/export_interfaces__rosidl_generator_cExport.cmake
[1.318s] -- Up-to-date: /home/mscrobotics2425laptop3/Robotics_Team2/install/interfaces/share/interfaces/cmake/export_interfaces__rosidl_generator_cExport-noconfig.cmake
[1.318s] -- Up-to-date: /home/mscrobotics2425laptop3/Robotics_Team2/install/interfaces/share/interfaces/cmake/export_interfaces__rosidl_typesupport_fastrtps_cExport.cmake
[1.318s] -- Up-to-date: /home/mscrobotics2425laptop3/Robotics_Team2/install/interfaces/share/interfaces/cmake/export_interfaces__rosidl_typesupport_fastrtps_cExport-noconfig.cmake
[1.319s] -- Up-to-date: /home/mscrobotics2425laptop3/Robotics_Team2/install/interfaces/share/interfaces/cmake/interfaces__rosidl_typesupport_introspection_cExport.cmake
[1.319s] -- Up-to-date: /home/mscrobotics2425laptop3/Robotics_Team2/install/interfaces/share/interfaces/cmake/interfaces__rosidl_typesupport_introspection_cExport-noconfig.cmake
[1.319s] -- Up-to-date: /home/mscrobotics2425laptop3/Robotics_Team2/install/interfaces/share/interfaces/cmake/interfaces__rosidl_typesupport_cExport.cmake
[1.319s] -- Up-to-date: /home/mscrobotics2425laptop3/Robotics_Team2/install/interfaces/share/interfaces/cmake/interfaces__rosidl_typesupport_cExport-noconfig.cmake
[1.319s] -- Up-to-date: /home/mscrobotics2425laptop3/Robotics_Team2/install/interfaces/share/interfaces/cmake/export_interfaces__rosidl_generator_cppExport.cmake
[1.319s] -- Up-to-date: /home/mscrobotics2425laptop3/Robotics_Team2/install/interfaces/share/interfaces/cmake/export_interfaces__rosidl_typesupport_fastrtps_cppExport.cmake
[1.319s] -- Up-to-date: /home/mscrobotics2425laptop3/Robotics_Team2/install/interfaces/share/interfaces/cmake/export_interfaces__rosidl_typesupport_fastrtps_cppExport-noconfig.cmake
[1.319s] -- Up-to-date: /home/mscrobotics2425laptop3/Robotics_Team2/install/interfaces/share/interfaces/cmake/interfaces__rosidl_typesupport_introspection_cppExport.cmake
[1.320s] -- Up-to-date: /home/mscrobotics2425laptop3/Robotics_Team2/install/interfaces/share/interfaces/cmake/interfaces__rosidl_typesupport_introspection_cppExport-noconfig.cmake
[1.320s] -- Up-to-date: /home/mscrobotics2425laptop3/Robotics_Team2/install/interfaces/share/interfaces/cmake/interfaces__rosidl_typesupport_cppExport.cmake
[1.320s] -- Up-to-date: /home/mscrobotics2425laptop3/Robotics_Team2/install/interfaces/share/interfaces/cmake/interfaces__rosidl_typesupport_cppExport-noconfig.cmake
[1.320s] -- Up-to-date: /home/mscrobotics2425laptop3/Robotics_Team2/install/interfaces/share/interfaces/cmake/export_interfaces__rosidl_generator_pyExport.cmake
[1.320s] -- Up-to-date: /home/mscrobotics2425laptop3/Robotics_Team2/install/interfaces/share/interfaces/cmake/export_interfaces__rosidl_generator_pyExport-noconfig.cmake
[1.320s] -- Up-to-date: /home/mscrobotics2425laptop3/Robotics_Team2/install/interfaces/share/interfaces/cmake/rosidl_cmake-extras.cmake
[1.320s] -- Up-to-date: /home/mscrobotics2425laptop3/Robotics_Team2/install/interfaces/share/interfaces/cmake/ament_cmake_export_include_directories-extras.cmake
[1.320s] -- Up-to-date: /home/mscrobotics2425laptop3/Robotics_Team2/install/interfaces/share/interfaces/cmake/ament_cmake_export_libraries-extras.cmake
[1.320s] -- Up-to-date: /home/mscrobotics2425laptop3/Robotics_Team2/install/interfaces/share/interfaces/cmake/ament_cmake_export_targets-extras.cmake
[1.320s] -- Up-to-date: /home/mscrobotics2425laptop3/Robotics_Team2/install/interfaces/share/interfaces/cmake/rosidl_cmake_export_typesupport_targets-extras.cmake
[1.320s] -- Up-to-date: /home/mscrobotics2425laptop3/Robotics_Team2/install/interfaces/share/interfaces/cmake/ament_cmake_export_dependencies-extras.cmake
[1.320s] -- Up-to-date: /home/mscrobotics2425laptop3/Robotics_Team2/install/interfaces/share/interfaces/cmake/rosidl_cmake_export_typesupport_libraries-extras.cmake
[1.321s] -- Up-to-date: /home/mscrobotics2425laptop3/Robotics_Team2/install/interfaces/share/interfaces/cmake/interfacesConfig.cmake
[1.321s] -- Up-to-date: /home/mscrobotics2425laptop3/Robotics_Team2/install/interfaces/share/interfaces/cmake/interfacesConfig-version.cmake
[1.321s] -- Up-to-date: /home/mscrobotics2425laptop3/Robotics_Team2/install/interfaces/share/interfaces/package.xml
[1.323s] Invoked command in '/home/mscrobotics2425laptop3/Robotics_Team2/build/interfaces' returned '0': CMAKE_PREFIX_PATH=${CMAKE_PREFIX_PATH}:/home/mscrobotics2425laptop3/interbotix_ws/install/interbotix_xs_modules:/home/mscrobotics2425laptop3/interbotix_ws/install/interbotix_perception_modules:/home/mscrobotics2425laptop3/interbotix_ws/install/interbotix_common_modules:/opt/ros/humble /usr/bin/cmake --install /home/mscrobotics2425laptop3/Robotics_Team2/build/interfaces
