[0.023s] Invoking command in '/home/mscrobotics2425laptop21/nav/build/leo_teleop': /usr/bin/cmake /home/mscrobotics2425laptop21/nav/leo_common/leo_teleop -DCATKIN_INSTALL_INTO_PREFIX_ROOT=0 -DCMAKE_INSTALL_PREFIX=/home/mscrobotics2425laptop21/nav/install/leo_teleop
[0.105s] -- The C compiler identification is GNU 11.4.0
[0.192s] -- The CXX compiler identification is GNU 11.4.0
[0.205s] -- Detecting C compiler ABI info
[0.309s] -- Detecting C compiler ABI info - done
[0.320s] -- Check for working C compiler: /usr/bin/cc - skipped
[0.320s] -- Detecting C compile features
[0.321s] -- Detecting C compile features - done
[0.327s] -- Detecting CXX compiler ABI info
[0.428s] -- Detecting CXX compiler ABI info - done
[0.439s] -- Check for working CXX compiler: /usr/bin/c++ - skipped
[0.439s] -- Detecting CXX compile features
[0.440s] -- Detecting CXX compile features - done
[0.452s] [31mCMake Error at CMakeLists.txt:4 (find_package):
[0.453s]   By not providing "Findcatkin.cmake" in CMAKE_MODULE_PATH this project has
[0.453s]   asked CMake to find a package configuration file provided by "catkin", but
[0.453s]   CMake did not find one.
[0.453s] 
[0.453s]   Could not find a package configuration file provided by "catkin" with any
[0.454s]   of the following names:
[0.454s] 
[0.454s]     catkinConfig.cmake
[0.454s]     catkin-config.cmake
[0.455s] 
[0.455s]   Add the installation prefix of "catkin" to CMAKE_PREFIX_PATH or set
[0.455s]   "catkin_DIR" to a directory containing one of the above files.  If "catkin"
[0.455s]   provides a separate development package or SDK, be sure it has been
[0.455s]   installed.
[0.456s] 
[0.456s] [0m
[0.456s] -- Configuring incomplete, errors occurred!
[0.456s] See also "/home/mscrobotics2425laptop21/nav/build/leo_teleop/CMakeFiles/CMakeOutput.log".
[0.458s] Invoked command in '/home/mscrobotics2425laptop21/nav/build/leo_teleop' returned '1': /usr/bin/cmake /home/mscrobotics2425laptop21/nav/leo_common/leo_teleop -DCATKIN_INSTALL_INTO_PREFIX_ROOT=0 -DCMAKE_INSTALL_PREFIX=/home/mscrobotics2425laptop21/nav/install/leo_teleop
