/home/mscrobotics2425laptop16/Robotics_Team2/src/install/manipulator/lib/python3.10/site-packages/manipulator/server_of_perception_for_grasp.py
/home/mscrobotics2425laptop16/Robotics_Team2/src/install/manipulator/lib/python3.10/site-packages/manipulator/status_trans.py
/home/mscrobotics2425laptop16/Robotics_Team2/src/install/manipulator/lib/python3.10/site-packages/manipulator/__init__.py
/home/mscrobotics2425laptop16/Robotics_Team2/src/install/manipulator/lib/python3.10/site-packages/manipulator/vertical_grasp.py
/home/mscrobotics2425laptop16/Robotics_Team2/src/install/manipulator/lib/python3.10/site-packages/manipulator/demo.py
/home/mscrobotics2425laptop16/Robotics_Team2/src/install/manipulator/lib/python3.10/site-packages/manipulator/pixel_to_base_verification.py
/home/mscrobotics2425laptop16/Robotics_Team2/src/install/manipulator/lib/python3.10/site-packages/manipulator/ee_pose.py
/home/mscrobotics2425laptop16/Robotics_Team2/src/install/manipulator/lib/python3.10/site-packages/manipulator/grasp_transformation/get_camera_infr.py
/home/mscrobotics2425laptop16/Robotics_Team2/src/install/manipulator/lib/python3.10/site-packages/manipulator/grasp_transformation/__init__.py
/home/mscrobotics2425laptop16/Robotics_Team2/src/install/manipulator/lib/python3.10/site-packages/manipulator/grasp_transformation/test_inverse.py
/home/mscrobotics2425laptop16/Robotics_Team2/src/install/manipulator/lib/python3.10/site-packages/manipulator/grasp_transformation/inverse_kinematics.py
/home/mscrobotics2425laptop16/Robotics_Team2/src/install/manipulator/lib/python3.10/site-packages/manipulator/grasp_transformation/grasp_trasformation.py
/home/mscrobotics2425laptop16/Robotics_Team2/src/install/manipulator/lib/python3.10/site-packages/manipulator/grasp_transformation/H_by_four.py
/home/mscrobotics2425laptop16/Robotics_Team2/src/install/manipulator/lib/python3.10/site-packages/manipulator/__pycache__/server_of_perception_for_grasp.cpython-310.pyc
/home/mscrobotics2425laptop16/Robotics_Team2/src/install/manipulator/lib/python3.10/site-packages/manipulator/__pycache__/status_trans.cpython-310.pyc
/home/mscrobotics2425laptop16/Robotics_Team2/src/install/manipulator/lib/python3.10/site-packages/manipulator/__pycache__/__init__.cpython-310.pyc
/home/mscrobotics2425laptop16/Robotics_Team2/src/install/manipulator/lib/python3.10/site-packages/manipulator/__pycache__/vertical_grasp.cpython-310.pyc
/home/mscrobotics2425laptop16/Robotics_Team2/src/install/manipulator/lib/python3.10/site-packages/manipulator/__pycache__/demo.cpython-310.pyc
/home/mscrobotics2425laptop16/Robotics_Team2/src/install/manipulator/lib/python3.10/site-packages/manipulator/__pycache__/pixel_to_base_verification.cpython-310.pyc
/home/mscrobotics2425laptop16/Robotics_Team2/src/install/manipulator/lib/python3.10/site-packages/manipulator/__pycache__/ee_pose.cpython-310.pyc
/home/mscrobotics2425laptop16/Robotics_Team2/src/install/manipulator/lib/python3.10/site-packages/manipulator/grasp_transformation/__pycache__/get_camera_infr.cpython-310.pyc
/home/mscrobotics2425laptop16/Robotics_Team2/src/install/manipulator/lib/python3.10/site-packages/manipulator/grasp_transformation/__pycache__/__init__.cpython-310.pyc
/home/mscrobotics2425laptop16/Robotics_Team2/src/install/manipulator/lib/python3.10/site-packages/manipulator/grasp_transformation/__pycache__/test_inverse.cpython-310.pyc
/home/mscrobotics2425laptop16/Robotics_Team2/src/install/manipulator/lib/python3.10/site-packages/manipulator/grasp_transformation/__pycache__/inverse_kinematics.cpython-310.pyc
/home/mscrobotics2425laptop16/Robotics_Team2/src/install/manipulator/lib/python3.10/site-packages/manipulator/grasp_transformation/__pycache__/grasp_trasformation.cpython-310.pyc
/home/mscrobotics2425laptop16/Robotics_Team2/src/install/manipulator/lib/python3.10/site-packages/manipulator/grasp_transformation/__pycache__/H_by_four.cpython-310.pyc
/home/mscrobotics2425laptop16/Robotics_Team2/src/install/manipulator/share/ament_index/resource_index/packages/manipulator
/home/mscrobotics2425laptop16/Robotics_Team2/src/install/manipulator/share/manipulator/package.xml
/home/mscrobotics2425laptop16/Robotics_Team2/src/install/manipulator/lib/python3.10/site-packages/manipulator-0.0.0-py3.10.egg-info/requires.txt
/home/mscrobotics2425laptop16/Robotics_Team2/src/install/manipulator/lib/python3.10/site-packages/manipulator-0.0.0-py3.10.egg-info/dependency_links.txt
/home/mscrobotics2425laptop16/Robotics_Team2/src/install/manipulator/lib/python3.10/site-packages/manipulator-0.0.0-py3.10.egg-info/PKG-INFO
/home/mscrobotics2425laptop16/Robotics_Team2/src/install/manipulator/lib/python3.10/site-packages/manipulator-0.0.0-py3.10.egg-info/top_level.txt
/home/mscrobotics2425laptop16/Robotics_Team2/src/install/manipulator/lib/python3.10/site-packages/manipulator-0.0.0-py3.10.egg-info/entry_points.txt
/home/mscrobotics2425laptop16/Robotics_Team2/src/install/manipulator/lib/python3.10/site-packages/manipulator-0.0.0-py3.10.egg-info/SOURCES.txt
/home/mscrobotics2425laptop16/Robotics_Team2/src/install/manipulator/lib/python3.10/site-packages/manipulator-0.0.0-py3.10.egg-info/zip-safe
/home/mscrobotics2425laptop16/Robotics_Team2/src/install/manipulator/lib/manipulator/ServerOfPerceptionAndGrasp
/home/mscrobotics2425laptop16/Robotics_Team2/src/install/manipulator/lib/manipulator/TEST_ServerOfPerceptionAndGrasp
/home/mscrobotics2425laptop16/Robotics_Team2/src/install/manipulator/lib/manipulator/demo_manipulator_with_color_check
/home/mscrobotics2425laptop16/Robotics_Team2/src/install/manipulator/lib/manipulator/status_trans
