[1.234s] Invoking command in '/home/mscrobotics2425laptop3/Robotics_Team2/src/manipulator': PYTHONPATH=/home/mscrobotics2425laptop3/Robotics_Team2/build/manipulator/prefix_override:/usr/lib/python3/dist-packages/colcon_core/task/python/colcon_distutils_commands:/home/mscrobotics2425laptop3/Robotics_Team2/install/manipulator/lib/python3.10/site-packages:${PYTHONPATH} /usr/bin/python3 -W ignore:setup.py install is deprecated -W ignore:easy_install command is deprecated setup.py egg_info --egg-base ../../build/manipulator build --build-base /home/mscrobotics2425laptop3/Robotics_Team2/build/manipulator/build install --record /home/mscrobotics2425laptop3/Robotics_Team2/build/manipulator/install.log --single-version-externally-managed install_data
[1.517s] running egg_info
[1.517s] writing ../../build/manipulator/manipulator.egg-info/PKG-INFO
[1.517s] writing dependency_links to ../../build/manipulator/manipulator.egg-info/dependency_links.txt
[1.517s] writing entry points to ../../build/manipulator/manipulator.egg-info/entry_points.txt
[1.518s] writing requirements to ../../build/manipulator/manipulator.egg-info/requires.txt
[1.518s] writing top-level names to ../../build/manipulator/manipulator.egg-info/top_level.txt
[1.520s] reading manifest file '../../build/manipulator/manipulator.egg-info/SOURCES.txt'
[1.521s] writing manifest file '../../build/manipulator/manipulator.egg-info/SOURCES.txt'
[1.521s] running build
[1.521s] running build_py
[1.521s] running install
[1.522s] running install_lib
[1.524s] running install_data
[1.524s] running install_egg_info
[1.525s] removing '/home/mscrobotics2425laptop3/Robotics_Team2/install/manipulator/lib/python3.10/site-packages/manipulator-0.0.0-py3.10.egg-info' (and everything under it)
[1.525s] Copying ../../build/manipulator/manipulator.egg-info to /home/mscrobotics2425laptop3/Robotics_Team2/install/manipulator/lib/python3.10/site-packages/manipulator-0.0.0-py3.10.egg-info
[1.526s] running install_scripts
[1.544s] Installing ServerOfPerceptionAndGrasp script to /home/mscrobotics2425laptop3/Robotics_Team2/install/manipulator/lib/manipulator
[1.544s] writing list of installed files to '/home/mscrobotics2425laptop3/Robotics_Team2/build/manipulator/install.log'
[1.563s] Invoked command in '/home/mscrobotics2425laptop3/Robotics_Team2/src/manipulator' returned '0': PYTHONPATH=/home/mscrobotics2425laptop3/Robotics_Team2/build/manipulator/prefix_override:/usr/lib/python3/dist-packages/colcon_core/task/python/colcon_distutils_commands:/home/mscrobotics2425laptop3/Robotics_Team2/install/manipulator/lib/python3.10/site-packages:${PYTHONPATH} /usr/bin/python3 -W ignore:setup.py install is deprecated -W ignore:easy_install command is deprecated setup.py egg_info --egg-base ../../build/manipulator build --build-base /home/mscrobotics2425laptop3/Robotics_Team2/build/manipulator/build install --record /home/mscrobotics2425laptop3/Robotics_Team2/build/manipulator/install.log --single-version-externally-managed install_data
