[1.753s] Invoking command in '/home/mscrobotics2425laptop3/Robotics_Team2/src/rpLidar_lab': PYTHONPATH=/home/mscrobotics2425laptop3/Robotics_Team2/build/rpLidar_lab/prefix_override:/usr/lib/python3/dist-packages/colcon_core/task/python/colcon_distutils_commands:/home/mscrobotics2425laptop3/Robotics_Team2/install/rpLidar_lab/lib/python3.10/site-packages:${PYTHONPATH} /usr/bin/python3 -W ignore:setup.py install is deprecated -W ignore:easy_install command is deprecated setup.py egg_info --egg-base ../../build/rpLidar_lab build --build-base /home/mscrobotics2425laptop3/Robotics_Team2/build/rpLidar_lab/build install --record /home/mscrobotics2425laptop3/Robotics_Team2/build/rpLidar_lab/install.log --single-version-externally-managed install_data
[2.032s] running egg_info
[2.033s] creating ../../build/rpLidar_lab/rpLidar_lab.egg-info
[2.033s] writing ../../build/rpLidar_lab/rpLidar_lab.egg-info/PKG-INFO
[2.033s] writing dependency_links to ../../build/rpLidar_lab/rpLidar_lab.egg-info/dependency_links.txt
[2.033s] writing entry points to ../../build/rpLidar_lab/rpLidar_lab.egg-info/entry_points.txt
[2.033s] writing requirements to ../../build/rpLidar_lab/rpLidar_lab.egg-info/requires.txt
[2.033s] writing top-level names to ../../build/rpLidar_lab/rpLidar_lab.egg-info/top_level.txt
[2.033s] writing manifest file '../../build/rpLidar_lab/rpLidar_lab.egg-info/SOURCES.txt'
[2.035s] reading manifest file '../../build/rpLidar_lab/rpLidar_lab.egg-info/SOURCES.txt'
[2.035s] writing manifest file '../../build/rpLidar_lab/rpLidar_lab.egg-info/SOURCES.txt'
[2.035s] running build
[2.035s] running build_py
[2.036s] creating /home/mscrobotics2425laptop3/Robotics_Team2/build/rpLidar_lab/build
[2.036s] creating /home/mscrobotics2425laptop3/Robotics_Team2/build/rpLidar_lab/build/lib
[2.036s] creating /home/mscrobotics2425laptop3/Robotics_Team2/build/rpLidar_lab/build/lib/rpLidar_lab
[2.036s] copying rpLidar_lab/__init__.py -> /home/mscrobotics2425laptop3/Robotics_Team2/build/rpLidar_lab/build/lib/rpLidar_lab
[2.036s] copying rpLidar_lab/lidar_data_collector.py -> /home/mscrobotics2425laptop3/Robotics_Team2/build/rpLidar_lab/build/lib/rpLidar_lab
[2.036s] running install
[2.036s] running install_lib
[2.036s] creating /home/mscrobotics2425laptop3/Robotics_Team2/install/rpLidar_lab/lib/python3.10/site-packages/rpLidar_lab
[2.036s] copying /home/mscrobotics2425laptop3/Robotics_Team2/build/rpLidar_lab/build/lib/rpLidar_lab/__init__.py -> /home/mscrobotics2425laptop3/Robotics_Team2/install/rpLidar_lab/lib/python3.10/site-packages/rpLidar_lab
[2.037s] copying /home/mscrobotics2425laptop3/Robotics_Team2/build/rpLidar_lab/build/lib/rpLidar_lab/lidar_data_collector.py -> /home/mscrobotics2425laptop3/Robotics_Team2/install/rpLidar_lab/lib/python3.10/site-packages/rpLidar_lab
[2.037s] byte-compiling /home/mscrobotics2425laptop3/Robotics_Team2/install/rpLidar_lab/lib/python3.10/site-packages/rpLidar_lab/__init__.py to __init__.cpython-310.pyc
[2.037s] byte-compiling /home/mscrobotics2425laptop3/Robotics_Team2/install/rpLidar_lab/lib/python3.10/site-packages/rpLidar_lab/lidar_data_collector.py to lidar_data_collector.cpython-310.pyc
[2.038s] running install_data
[2.038s] creating /home/mscrobotics2425laptop3/Robotics_Team2/install/rpLidar_lab/share/ament_index
[2.038s] creating /home/mscrobotics2425laptop3/Robotics_Team2/install/rpLidar_lab/share/ament_index/resource_index
[2.038s] creating /home/mscrobotics2425laptop3/Robotics_Team2/install/rpLidar_lab/share/ament_index/resource_index/packages
[2.038s] copying resource/rpLidar_lab -> /home/mscrobotics2425laptop3/Robotics_Team2/install/rpLidar_lab/share/ament_index/resource_index/packages
[2.038s] copying package.xml -> /home/mscrobotics2425laptop3/Robotics_Team2/install/rpLidar_lab/share/rpLidar_lab
[2.038s] running install_egg_info
[2.039s] Copying ../../build/rpLidar_lab/rpLidar_lab.egg-info to /home/mscrobotics2425laptop3/Robotics_Team2/install/rpLidar_lab/lib/python3.10/site-packages/rpLidar_lab-0.0.0-py3.10.egg-info
[2.040s] running install_scripts
[2.058s] Installing lidar_lab script to /home/mscrobotics2425laptop3/Robotics_Team2/install/rpLidar_lab/lib/rpLidar_lab
[2.058s] writing list of installed files to '/home/mscrobotics2425laptop3/Robotics_Team2/build/rpLidar_lab/install.log'
[2.093s] Invoked command in '/home/mscrobotics2425laptop3/Robotics_Team2/src/rpLidar_lab' returned '0': PYTHONPATH=/home/mscrobotics2425laptop3/Robotics_Team2/build/rpLidar_lab/prefix_override:/usr/lib/python3/dist-packages/colcon_core/task/python/colcon_distutils_commands:/home/mscrobotics2425laptop3/Robotics_Team2/install/rpLidar_lab/lib/python3.10/site-packages:${PYTHONPATH} /usr/bin/python3 -W ignore:setup.py install is deprecated -W ignore:easy_install command is deprecated setup.py egg_info --egg-base ../../build/rpLidar_lab build --build-base /home/mscrobotics2425laptop3/Robotics_Team2/build/rpLidar_lab/build install --record /home/mscrobotics2425laptop3/Robotics_Team2/build/rpLidar_lab/install.log --single-version-externally-managed install_data
