-- The C compiler identification is GNU 11.4.0
-- The CXX compiler identification is GNU 11.4.0
-- Detecting C compiler ABI info
-- Detecting C compiler ABI info - done
-- Check for working C compiler: /usr/bin/cc - skipped
-- Detecting C compile features
-- Detecting C compile features - done
-- Detecting CXX compiler ABI info
-- Detecting CXX compiler ABI info - done
-- Check for working CXX compiler: /usr/bin/c++ - skipped
-- Detecting CXX compile features
-- Detecting CXX compile features - done
-- Found ament_cmake: 1.3.11 (/opt/ros/humble/share/ament_cmake/cmake)
-- Found Python3: /usr/bin/python3 (found version "3.10.12") found components: Interpreter 
-- Found rosidl_default_generators: 1.2.0 (/opt/ros/humble/share/rosidl_default_generators/cmake)
-- Using all available rosidl_typesupport_c: rosidl_typesupport_fastrtps_c;rosidl_typesupport_introspection_c
-- Found rosidl_adapter: 3.1.6 (/opt/ros/humble/share/rosidl_adapter/cmake)
-- Using all available rosidl_typesupport_cpp: rosidl_typesupport_fastrtps_cpp;rosidl_typesupport_introspection_cpp
-- Found ament_cmake_ros: 0.10.0 (/opt/ros/humble/share/ament_cmake_ros/cmake)
-- Using all available rosidl_typesupport_c: rosidl_typesupport_fastrtps_c;rosidl_typesupport_introspection_c
-- Using all available rosidl_typesupport_cpp: rosidl_typesupport_fastrtps_cpp;rosidl_typesupport_introspection_cpp
-- Found PythonInterp: /usr/bin/python3 (found suitable version "3.10.12", minimum required is "3.6") 
-- Found python_cmake_module: 0.10.0 (/opt/ros/humble/share/python_cmake_module/cmake)
-- Found PythonLibs: /usr/lib/x86_64-linux-gnu/libpython3.10.so (found suitable version "3.10.12", minimum required is "3.5") 
-- Using PYTHON_EXECUTABLE: /usr/bin/python3
-- Using PYTHON_INCLUDE_DIRS: /usr/include/python3.10
-- Using PYTHON_LIBRARIES: /usr/lib/x86_64-linux-gnu/libpython3.10.so
-- Found PythonExtra: .so  
-- Found ament_lint_auto: 0.12.11 (/opt/ros/humble/share/ament_lint_auto/cmake)
-- Added test 'lint_cmake' to check CMake code style
-- Added test 'xmllint' to check XML markup files
-- Configuring done
-- Generating done
-- Build files have been written to: /home/mscrobotics2425laptop16/Robotics_Team2/src/build/package_with_interfaces
[  2%] [34m[1mGenerating C code for ROS interfaces[0m
[  4%] [34m[1mGenerating C++ code for ROS interfaces[0m
[  4%] Built target ament_cmake_python_copy_package_with_interfaces
running egg_info
creating package_with_interfaces.egg-info
writing package_with_interfaces.egg-info/PKG-INFO
writing dependency_links to package_with_interfaces.egg-info/dependency_links.txt
writing top-level names to package_with_interfaces.egg-info/top_level.txt
writing manifest file 'package_with_interfaces.egg-info/SOURCES.txt'
[  4%] Built target package_with_interfaces__cpp
[  6%] [34m[1mGenerating C++ introspection for ROS interfaces[0m
[  8%] [34m[1mGenerating C++ type support for eProsima Fast-RTPS[0m
[ 10%] [34m[1mGenerating C++ type support dispatch for ROS interfaces[0m
reading manifest file 'package_with_interfaces.egg-info/SOURCES.txt'
writing manifest file 'package_with_interfaces.egg-info/SOURCES.txt'
[ 10%] Built target ament_cmake_python_build_package_with_interfaces_egg
[ 14%] [32mBuilding C object CMakeFiles/package_with_interfaces__rosidl_generator_c.dir/rosidl_generator_c/package_with_interfaces/srv/detail/set_rover_state__functions.c.o[0m
[ 17%] [32mBuilding C object CMakeFiles/package_with_interfaces__rosidl_generator_c.dir/rosidl_generator_c/package_with_interfaces/srv/detail/object_grab__functions.c.o[0m
[ 17%] [32mBuilding C object CMakeFiles/package_with_interfaces__rosidl_generator_c.dir/rosidl_generator_c/package_with_interfaces/msg/detail/object_information__functions.c.o[0m
[ 19%] [32m[1mLinking C shared library libpackage_with_interfaces__rosidl_generator_c.so[0m
[ 19%] Built target package_with_interfaces__rosidl_generator_c
[ 21%] [34m[1mGenerating C introspection for ROS interfaces[0m
[ 23%] [34m[1mGenerating C type support dispatch for ROS interfaces[0m
[ 25%] [34m[1mGenerating C type support for eProsima Fast-RTPS[0m
[ 27%] [32mBuilding CXX object CMakeFiles/package_with_interfaces__rosidl_typesupport_introspection_cpp.dir/rosidl_typesupport_introspection_cpp/package_with_interfaces/msg/detail/object_information__type_support.cpp.o[0m
[ 29%] [32mBuilding CXX object CMakeFiles/package_with_interfaces__rosidl_typesupport_introspection_cpp.dir/rosidl_typesupport_introspection_cpp/package_with_interfaces/srv/detail/object_grab__type_support.cpp.o[0m
[ 31%] [32mBuilding CXX object CMakeFiles/package_with_interfaces__rosidl_typesupport_introspection_cpp.dir/rosidl_typesupport_introspection_cpp/package_with_interfaces/srv/detail/set_rover_state__type_support.cpp.o[0m
[ 34%] [32mBuilding CXX object CMakeFiles/package_with_interfaces__rosidl_typesupport_cpp.dir/rosidl_typesupport_cpp/package_with_interfaces/msg/object_information__type_support.cpp.o[0m
[ 36%] [32mBuilding CXX object CMakeFiles/package_with_interfaces__rosidl_typesupport_cpp.dir/rosidl_typesupport_cpp/package_with_interfaces/srv/object_grab__type_support.cpp.o[0m
[ 38%] [32mBuilding CXX object CMakeFiles/package_with_interfaces__rosidl_typesupport_cpp.dir/rosidl_typesupport_cpp/package_with_interfaces/srv/set_rover_state__type_support.cpp.o[0m
[ 40%] [32mBuilding CXX object CMakeFiles/package_with_interfaces__rosidl_typesupport_fastrtps_cpp.dir/rosidl_typesupport_fastrtps_cpp/package_with_interfaces/msg/detail/dds_fastrtps/object_information__type_support.cpp.o[0m
[ 42%] [32mBuilding CXX object CMakeFiles/package_with_interfaces__rosidl_typesupport_fastrtps_cpp.dir/rosidl_typesupport_fastrtps_cpp/package_with_interfaces/srv/detail/dds_fastrtps/object_grab__type_support.cpp.o[0m
[ 44%] [32mBuilding CXX object CMakeFiles/package_with_interfaces__rosidl_typesupport_fastrtps_cpp.dir/rosidl_typesupport_fastrtps_cpp/package_with_interfaces/srv/detail/dds_fastrtps/set_rover_state__type_support.cpp.o[0m
[ 46%] [32mBuilding CXX object CMakeFiles/package_with_interfaces__rosidl_typesupport_c.dir/rosidl_typesupport_c/package_with_interfaces/msg/object_information__type_support.cpp.o[0m
[ 48%] [32mBuilding CXX object CMakeFiles/package_with_interfaces__rosidl_typesupport_c.dir/rosidl_typesupport_c/package_with_interfaces/srv/object_grab__type_support.cpp.o[0m
[ 51%] [32mBuilding CXX object CMakeFiles/package_with_interfaces__rosidl_typesupport_c.dir/rosidl_typesupport_c/package_with_interfaces/srv/set_rover_state__type_support.cpp.o[0m
[ 53%] [32mBuilding C object CMakeFiles/package_with_interfaces__rosidl_typesupport_introspection_c.dir/rosidl_typesupport_introspection_c/package_with_interfaces/msg/detail/object_information__type_support.c.o[0m
[ 55%] [32mBuilding C object CMakeFiles/package_with_interfaces__rosidl_typesupport_introspection_c.dir/rosidl_typesupport_introspection_c/package_with_interfaces/srv/detail/object_grab__type_support.c.o[0m
[ 57%] [32mBuilding C object CMakeFiles/package_with_interfaces__rosidl_typesupport_introspection_c.dir/rosidl_typesupport_introspection_c/package_with_interfaces/srv/detail/set_rover_state__type_support.c.o[0m
[ 59%] [32m[1mLinking CXX shared library libpackage_with_interfaces__rosidl_typesupport_c.so[0m
[ 63%] [32mBuilding CXX object CMakeFiles/package_with_interfaces__rosidl_typesupport_fastrtps_c.dir/rosidl_typesupport_fastrtps_c/package_with_interfaces/srv/detail/object_grab__type_support_c.cpp.o[0m
[ 63%] [32mBuilding CXX object CMakeFiles/package_with_interfaces__rosidl_typesupport_fastrtps_c.dir/rosidl_typesupport_fastrtps_c/package_with_interfaces/msg/detail/object_information__type_support_c.cpp.o[0m
[ 65%] [32mBuilding CXX object CMakeFiles/package_with_interfaces__rosidl_typesupport_fastrtps_c.dir/rosidl_typesupport_fastrtps_c/package_with_interfaces/srv/detail/set_rover_state__type_support_c.cpp.o[0m
[ 65%] Built target package_with_interfaces__rosidl_typesupport_c
[ 68%] [32m[1mLinking C shared library libpackage_with_interfaces__rosidl_typesupport_introspection_c.so[0m
[ 70%] [32m[1mLinking CXX shared library libpackage_with_interfaces__rosidl_typesupport_cpp.so[0m
[ 70%] Built target package_with_interfaces__rosidl_typesupport_introspection_c
[ 70%] Built target package_with_interfaces__rosidl_typesupport_cpp
[ 72%] [32m[1mLinking CXX shared library libpackage_with_interfaces__rosidl_typesupport_introspection_cpp.so[0m
[ 72%] Built target package_with_interfaces__rosidl_typesupport_introspection_cpp
[ 74%] [32m[1mLinking CXX shared library libpackage_with_interfaces__rosidl_typesupport_fastrtps_cpp.so[0m
[ 74%] Built target package_with_interfaces__rosidl_typesupport_fastrtps_cpp
[ 76%] [32m[1mLinking CXX shared library libpackage_with_interfaces__rosidl_typesupport_fastrtps_c.so[0m
[ 76%] Built target package_with_interfaces__rosidl_typesupport_fastrtps_c
[ 76%] Built target package_with_interfaces
[ 78%] [34m[1mGenerating Python code for ROS interfaces[0m
[ 78%] Built target package_with_interfaces__py
[ 80%] [32mBuilding C object CMakeFiles/package_with_interfaces__rosidl_generator_py.dir/rosidl_generator_py/package_with_interfaces/srv/_set_rover_state_s.c.o[0m
[ 82%] [32mBuilding C object CMakeFiles/package_with_interfaces__rosidl_generator_py.dir/rosidl_generator_py/package_with_interfaces/msg/_object_information_s.c.o[0m
[ 85%] [32mBuilding C object CMakeFiles/package_with_interfaces__rosidl_generator_py.dir/rosidl_generator_py/package_with_interfaces/srv/_object_grab_s.c.o[0m
[ 87%] [32m[1mLinking C shared library rosidl_generator_py/package_with_interfaces/libpackage_with_interfaces__rosidl_generator_py.so[0m
[ 87%] Built target package_with_interfaces__rosidl_generator_py
[ 89%] [32mBuilding C object CMakeFiles/package_with_interfaces__rosidl_typesupport_fastrtps_c__pyext.dir/rosidl_generator_py/package_with_interfaces/_package_with_interfaces_s.ep.rosidl_typesupport_fastrtps_c.c.o[0m
[ 91%] [32mBuilding C object CMakeFiles/package_with_interfaces__rosidl_typesupport_c__pyext.dir/rosidl_generator_py/package_with_interfaces/_package_with_interfaces_s.ep.rosidl_typesupport_c.c.o[0m
[ 93%] [32mBuilding C object CMakeFiles/package_with_interfaces__rosidl_typesupport_introspection_c__pyext.dir/rosidl_generator_py/package_with_interfaces/_package_with_interfaces_s.ep.rosidl_typesupport_introspection_c.c.o[0m
[ 95%] [32m[1mLinking C shared library rosidl_generator_py/package_with_interfaces/package_with_interfaces_s__rosidl_typesupport_c.cpython-310-x86_64-linux-gnu.so[0m
[ 97%] [32m[1mLinking C shared library rosidl_generator_py/package_with_interfaces/package_with_interfaces_s__rosidl_typesupport_fastrtps_c.cpython-310-x86_64-linux-gnu.so[0m
[100%] [32m[1mLinking C shared library rosidl_generator_py/package_with_interfaces/package_with_interfaces_s__rosidl_typesupport_introspection_c.cpython-310-x86_64-linux-gnu.so[0m
[100%] Built target package_with_interfaces__rosidl_typesupport_c__pyext
[100%] Built target package_with_interfaces__rosidl_typesupport_fastrtps_c__pyext
[100%] Built target package_with_interfaces__rosidl_typesupport_introspection_c__pyext
-- Install configuration: ""
-- Installing: /home/mscrobotics2425laptop16/Robotics_Team2/src/install/package_with_interfaces/share/ament_index/resource_index/rosidl_interfaces/package_with_interfaces
-- Installing: /home/mscrobotics2425laptop16/Robotics_Team2/src/install/package_with_interfaces/include/package_with_interfaces/package_with_interfaces
-- Installing: /home/mscrobotics2425laptop16/Robotics_Team2/src/install/package_with_interfaces/include/package_with_interfaces/package_with_interfaces/srv
-- Installing: /home/mscrobotics2425laptop16/Robotics_Team2/src/install/package_with_interfaces/include/package_with_interfaces/package_with_interfaces/srv/detail
-- Installing: /home/mscrobotics2425laptop16/Robotics_Team2/src/install/package_with_interfaces/include/package_with_interfaces/package_with_interfaces/srv/detail/set_rover_state__struct.h
-- Installing: /home/mscrobotics2425laptop16/Robotics_Team2/src/install/package_with_interfaces/include/package_with_interfaces/package_with_interfaces/srv/detail/set_rover_state__functions.h
-- Installing: /home/mscrobotics2425laptop16/Robotics_Team2/src/install/package_with_interfaces/include/package_with_interfaces/package_with_interfaces/srv/detail/object_grab__type_support.h
-- Installing: /home/mscrobotics2425laptop16/Robotics_Team2/src/install/package_with_interfaces/include/package_with_interfaces/package_with_interfaces/srv/detail/object_grab__struct.h
-- Installing: /home/mscrobotics2425laptop16/Robotics_Team2/src/install/package_with_interfaces/include/package_with_interfaces/package_with_interfaces/srv/detail/object_grab__functions.h
-- Installing: /home/mscrobotics2425laptop16/Robotics_Team2/src/install/package_with_interfaces/include/package_with_interfaces/package_with_interfaces/srv/detail/set_rover_state__functions.c
-- Installing: /home/mscrobotics2425laptop16/Robotics_Team2/src/install/package_with_interfaces/include/package_with_interfaces/package_with_interfaces/srv/detail/set_rover_state__type_support.h
-- Installing: /home/mscrobotics2425laptop16/Robotics_Team2/src/install/package_with_interfaces/include/package_with_interfaces/package_with_interfaces/srv/detail/object_grab__functions.c
-- Installing: /home/mscrobotics2425laptop16/Robotics_Team2/src/install/package_with_interfaces/include/package_with_interfaces/package_with_interfaces/srv/set_rover_state.h
-- Installing: /home/mscrobotics2425laptop16/Robotics_Team2/src/install/package_with_interfaces/include/package_with_interfaces/package_with_interfaces/srv/object_grab.h
-- Installing: /home/mscrobotics2425laptop16/Robotics_Team2/src/install/package_with_interfaces/include/package_with_interfaces/package_with_interfaces/msg
-- Installing: /home/mscrobotics2425laptop16/Robotics_Team2/src/install/package_with_interfaces/include/package_with_interfaces/package_with_interfaces/msg/detail
-- Installing: /home/mscrobotics2425laptop16/Robotics_Team2/src/install/package_with_interfaces/include/package_with_interfaces/package_with_interfaces/msg/detail/object_information__functions.h
-- Installing: /home/mscrobotics2425laptop16/Robotics_Team2/src/install/package_with_interfaces/include/package_with_interfaces/package_with_interfaces/msg/detail/object_information__type_support.h
-- Installing: /home/mscrobotics2425laptop16/Robotics_Team2/src/install/package_with_interfaces/include/package_with_interfaces/package_with_interfaces/msg/detail/object_information__struct.h
-- Installing: /home/mscrobotics2425laptop16/Robotics_Team2/src/install/package_with_interfaces/include/package_with_interfaces/package_with_interfaces/msg/detail/object_information__functions.c
-- Installing: /home/mscrobotics2425laptop16/Robotics_Team2/src/install/package_with_interfaces/include/package_with_interfaces/package_with_interfaces/msg/object_information.h
-- Installing: /home/mscrobotics2425laptop16/Robotics_Team2/src/install/package_with_interfaces/include/package_with_interfaces/package_with_interfaces/msg/rosidl_generator_c__visibility_control.h
-- Installing: /home/mscrobotics2425laptop16/Robotics_Team2/src/install/package_with_interfaces/share/package_with_interfaces/environment/library_path.sh
-- Installing: /home/mscrobotics2425laptop16/Robotics_Team2/src/install/package_with_interfaces/share/package_with_interfaces/environment/library_path.dsv
-- Installing: /home/mscrobotics2425laptop16/Robotics_Team2/src/install/package_with_interfaces/lib/libpackage_with_interfaces__rosidl_generator_c.so
-- Set runtime path of "/home/mscrobotics2425laptop16/Robotics_Team2/src/install/package_with_interfaces/lib/libpackage_with_interfaces__rosidl_generator_c.so" to ""
-- Up-to-date: /home/mscrobotics2425laptop16/Robotics_Team2/src/install/package_with_interfaces/include/package_with_interfaces/package_with_interfaces
-- Up-to-date: /home/mscrobotics2425laptop16/Robotics_Team2/src/install/package_with_interfaces/include/package_with_interfaces/package_with_interfaces/srv
-- Up-to-date: /home/mscrobotics2425laptop16/Robotics_Team2/src/install/package_with_interfaces/include/package_with_interfaces/package_with_interfaces/srv/detail
-- Installing: /home/mscrobotics2425laptop16/Robotics_Team2/src/install/package_with_interfaces/include/package_with_interfaces/package_with_interfaces/srv/detail/object_grab__rosidl_typesupport_fastrtps_c.h
-- Installing: /home/mscrobotics2425laptop16/Robotics_Team2/src/install/package_with_interfaces/include/package_with_interfaces/package_with_interfaces/srv/detail/set_rover_state__rosidl_typesupport_fastrtps_c.h
-- Up-to-date: /home/mscrobotics2425laptop16/Robotics_Team2/src/install/package_with_interfaces/include/package_with_interfaces/package_with_interfaces/msg
-- Up-to-date: /home/mscrobotics2425laptop16/Robotics_Team2/src/install/package_with_interfaces/include/package_with_interfaces/package_with_interfaces/msg/detail
-- Installing: /home/mscrobotics2425laptop16/Robotics_Team2/src/install/package_with_interfaces/include/package_with_interfaces/package_with_interfaces/msg/detail/object_information__rosidl_typesupport_fastrtps_c.h
-- Installing: /home/mscrobotics2425laptop16/Robotics_Team2/src/install/package_with_interfaces/include/package_with_interfaces/package_with_interfaces/msg/rosidl_typesupport_fastrtps_c__visibility_control.h
-- Installing: /home/mscrobotics2425laptop16/Robotics_Team2/src/install/package_with_interfaces/lib/libpackage_with_interfaces__rosidl_typesupport_fastrtps_c.so
-- Set runtime path of "/home/mscrobotics2425laptop16/Robotics_Team2/src/install/package_with_interfaces/lib/libpackage_with_interfaces__rosidl_typesupport_fastrtps_c.so" to ""
-- Up-to-date: /home/mscrobotics2425laptop16/Robotics_Team2/src/install/package_with_interfaces/include/package_with_interfaces/package_with_interfaces
-- Up-to-date: /home/mscrobotics2425laptop16/Robotics_Team2/src/install/package_with_interfaces/include/package_with_interfaces/package_with_interfaces/srv
-- Up-to-date: /home/mscrobotics2425laptop16/Robotics_Team2/src/install/package_with_interfaces/include/package_with_interfaces/package_with_interfaces/srv/detail
-- Installing: /home/mscrobotics2425laptop16/Robotics_Team2/src/install/package_with_interfaces/include/package_with_interfaces/package_with_interfaces/srv/detail/set_rover_state__type_support.c
-- Installing: /home/mscrobotics2425laptop16/Robotics_Team2/src/install/package_with_interfaces/include/package_with_interfaces/package_with_interfaces/srv/detail/set_rover_state__rosidl_typesupport_introspection_c.h
-- Installing: /home/mscrobotics2425laptop16/Robotics_Team2/src/install/package_with_interfaces/include/package_with_interfaces/package_with_interfaces/srv/detail/object_grab__type_support.c
-- Installing: /home/mscrobotics2425laptop16/Robotics_Team2/src/install/package_with_interfaces/include/package_with_interfaces/package_with_interfaces/srv/detail/object_grab__rosidl_typesupport_introspection_c.h
-- Up-to-date: /home/mscrobotics2425laptop16/Robotics_Team2/src/install/package_with_interfaces/include/package_with_interfaces/package_with_interfaces/msg
-- Installing: /home/mscrobotics2425laptop16/Robotics_Team2/src/install/package_with_interfaces/include/package_with_interfaces/package_with_interfaces/msg/rosidl_typesupport_introspection_c__visibility_control.h
-- Up-to-date: /home/mscrobotics2425laptop16/Robotics_Team2/src/install/package_with_interfaces/include/package_with_interfaces/package_with_interfaces/msg/detail
-- Installing: /home/mscrobotics2425laptop16/Robotics_Team2/src/install/package_with_interfaces/include/package_with_interfaces/package_with_interfaces/msg/detail/object_information__type_support.c
-- Installing: /home/mscrobotics2425laptop16/Robotics_Team2/src/install/package_with_interfaces/include/package_with_interfaces/package_with_interfaces/msg/detail/object_information__rosidl_typesupport_introspection_c.h
-- Installing: /home/mscrobotics2425laptop16/Robotics_Team2/src/install/package_with_interfaces/lib/libpackage_with_interfaces__rosidl_typesupport_introspection_c.so
-- Set runtime path of "/home/mscrobotics2425laptop16/Robotics_Team2/src/install/package_with_interfaces/lib/libpackage_with_interfaces__rosidl_typesupport_introspection_c.so" to ""
-- Installing: /home/mscrobotics2425laptop16/Robotics_Team2/src/install/package_with_interfaces/lib/libpackage_with_interfaces__rosidl_typesupport_c.so
-- Set runtime path of "/home/mscrobotics2425laptop16/Robotics_Team2/src/install/package_with_interfaces/lib/libpackage_with_interfaces__rosidl_typesupport_c.so" to ""
-- Up-to-date: /home/mscrobotics2425laptop16/Robotics_Team2/src/install/package_with_interfaces/include/package_with_interfaces/package_with_interfaces
-- Up-to-date: /home/mscrobotics2425laptop16/Robotics_Team2/src/install/package_with_interfaces/include/package_with_interfaces/package_with_interfaces/srv
-- Installing: /home/mscrobotics2425laptop16/Robotics_Team2/src/install/package_with_interfaces/include/package_with_interfaces/package_with_interfaces/srv/object_grab.hpp
-- Up-to-date: /home/mscrobotics2425laptop16/Robotics_Team2/src/install/package_with_interfaces/include/package_with_interfaces/package_with_interfaces/srv/detail
-- Installing: /home/mscrobotics2425laptop16/Robotics_Team2/src/install/package_with_interfaces/include/package_with_interfaces/package_with_interfaces/srv/detail/set_rover_state__type_support.hpp
-- Installing: /home/mscrobotics2425laptop16/Robotics_Team2/src/install/package_with_interfaces/include/package_with_interfaces/package_with_interfaces/srv/detail/set_rover_state__traits.hpp
-- Installing: /home/mscrobotics2425laptop16/Robotics_Team2/src/install/package_with_interfaces/include/package_with_interfaces/package_with_interfaces/srv/detail/set_rover_state__struct.hpp
-- Installing: /home/mscrobotics2425laptop16/Robotics_Team2/src/install/package_with_interfaces/include/package_with_interfaces/package_with_interfaces/srv/detail/object_grab__traits.hpp
-- Installing: /home/mscrobotics2425laptop16/Robotics_Team2/src/install/package_with_interfaces/include/package_with_interfaces/package_with_interfaces/srv/detail/set_rover_state__builder.hpp
-- Installing: /home/mscrobotics2425laptop16/Robotics_Team2/src/install/package_with_interfaces/include/package_with_interfaces/package_with_interfaces/srv/detail/object_grab__type_support.hpp
-- Installing: /home/mscrobotics2425laptop16/Robotics_Team2/src/install/package_with_interfaces/include/package_with_interfaces/package_with_interfaces/srv/detail/object_grab__struct.hpp
-- Installing: /home/mscrobotics2425laptop16/Robotics_Team2/src/install/package_with_interfaces/include/package_with_interfaces/package_with_interfaces/srv/detail/object_grab__builder.hpp
-- Installing: /home/mscrobotics2425laptop16/Robotics_Team2/src/install/package_with_interfaces/include/package_with_interfaces/package_with_interfaces/srv/set_rover_state.hpp
-- Up-to-date: /home/mscrobotics2425laptop16/Robotics_Team2/src/install/package_with_interfaces/include/package_with_interfaces/package_with_interfaces/msg
-- Up-to-date: /home/mscrobotics2425laptop16/Robotics_Team2/src/install/package_with_interfaces/include/package_with_interfaces/package_with_interfaces/msg/detail
-- Installing: /home/mscrobotics2425laptop16/Robotics_Team2/src/install/package_with_interfaces/include/package_with_interfaces/package_with_interfaces/msg/detail/object_information__struct.hpp
-- Installing: /home/mscrobotics2425laptop16/Robotics_Team2/src/install/package_with_interfaces/include/package_with_interfaces/package_with_interfaces/msg/detail/object_information__builder.hpp
-- Installing: /home/mscrobotics2425laptop16/Robotics_Team2/src/install/package_with_interfaces/include/package_with_interfaces/package_with_interfaces/msg/detail/object_information__type_support.hpp
-- Installing: /home/mscrobotics2425laptop16/Robotics_Team2/src/install/package_with_interfaces/include/package_with_interfaces/package_with_interfaces/msg/detail/object_information__traits.hpp
-- Installing: /home/mscrobotics2425laptop16/Robotics_Team2/src/install/package_with_interfaces/include/package_with_interfaces/package_with_interfaces/msg/object_information.hpp
-- Installing: /home/mscrobotics2425laptop16/Robotics_Team2/src/install/package_with_interfaces/include/package_with_interfaces/package_with_interfaces/msg/rosidl_generator_cpp__visibility_control.hpp
-- Up-to-date: /home/mscrobotics2425laptop16/Robotics_Team2/src/install/package_with_interfaces/include/package_with_interfaces/package_with_interfaces
-- Up-to-date: /home/mscrobotics2425laptop16/Robotics_Team2/src/install/package_with_interfaces/include/package_with_interfaces/package_with_interfaces/srv
-- Up-to-date: /home/mscrobotics2425laptop16/Robotics_Team2/src/install/package_with_interfaces/include/package_with_interfaces/package_with_interfaces/srv/detail
-- Installing: /home/mscrobotics2425laptop16/Robotics_Team2/src/install/package_with_interfaces/include/package_with_interfaces/package_with_interfaces/srv/detail/object_grab__rosidl_typesupport_fastrtps_cpp.hpp
-- Installing: /home/mscrobotics2425laptop16/Robotics_Team2/src/install/package_with_interfaces/include/package_with_interfaces/package_with_interfaces/srv/detail/set_rover_state__rosidl_typesupport_fastrtps_cpp.hpp
-- Installing: /home/mscrobotics2425laptop16/Robotics_Team2/src/install/package_with_interfaces/include/package_with_interfaces/package_with_interfaces/srv/detail/dds_fastrtps
-- Up-to-date: /home/mscrobotics2425laptop16/Robotics_Team2/src/install/package_with_interfaces/include/package_with_interfaces/package_with_interfaces/msg
-- Up-to-date: /home/mscrobotics2425laptop16/Robotics_Team2/src/install/package_with_interfaces/include/package_with_interfaces/package_with_interfaces/msg/detail
-- Installing: /home/mscrobotics2425laptop16/Robotics_Team2/src/install/package_with_interfaces/include/package_with_interfaces/package_with_interfaces/msg/detail/object_information__rosidl_typesupport_fastrtps_cpp.hpp
-- Installing: /home/mscrobotics2425laptop16/Robotics_Team2/src/install/package_with_interfaces/include/package_with_interfaces/package_with_interfaces/msg/detail/dds_fastrtps
-- Installing: /home/mscrobotics2425laptop16/Robotics_Team2/src/install/package_with_interfaces/include/package_with_interfaces/package_with_interfaces/msg/rosidl_typesupport_fastrtps_cpp__visibility_control.h
-- Installing: /home/mscrobotics2425laptop16/Robotics_Team2/src/install/package_with_interfaces/lib/libpackage_with_interfaces__rosidl_typesupport_fastrtps_cpp.so
-- Set runtime path of "/home/mscrobotics2425laptop16/Robotics_Team2/src/install/package_with_interfaces/lib/libpackage_with_interfaces__rosidl_typesupport_fastrtps_cpp.so" to ""
-- Up-to-date: /home/mscrobotics2425laptop16/Robotics_Team2/src/install/package_with_interfaces/include/package_with_interfaces/package_with_interfaces
-- Up-to-date: /home/mscrobotics2425laptop16/Robotics_Team2/src/install/package_with_interfaces/include/package_with_interfaces/package_with_interfaces/srv
-- Up-to-date: /home/mscrobotics2425laptop16/Robotics_Team2/src/install/package_with_interfaces/include/package_with_interfaces/package_with_interfaces/srv/detail
-- Installing: /home/mscrobotics2425laptop16/Robotics_Team2/src/install/package_with_interfaces/include/package_with_interfaces/package_with_interfaces/srv/detail/set_rover_state__type_support.cpp
-- Installing: /home/mscrobotics2425laptop16/Robotics_Team2/src/install/package_with_interfaces/include/package_with_interfaces/package_with_interfaces/srv/detail/object_grab__type_support.cpp
-- Installing: /home/mscrobotics2425laptop16/Robotics_Team2/src/install/package_with_interfaces/include/package_with_interfaces/package_with_interfaces/srv/detail/set_rover_state__rosidl_typesupport_introspection_cpp.hpp
-- Installing: /home/mscrobotics2425laptop16/Robotics_Team2/src/install/package_with_interfaces/include/package_with_interfaces/package_with_interfaces/srv/detail/object_grab__rosidl_typesupport_introspection_cpp.hpp
-- Up-to-date: /home/mscrobotics2425laptop16/Robotics_Team2/src/install/package_with_interfaces/include/package_with_interfaces/package_with_interfaces/msg
-- Up-to-date: /home/mscrobotics2425laptop16/Robotics_Team2/src/install/package_with_interfaces/include/package_with_interfaces/package_with_interfaces/msg/detail
-- Installing: /home/mscrobotics2425laptop16/Robotics_Team2/src/install/package_with_interfaces/include/package_with_interfaces/package_with_interfaces/msg/detail/object_information__type_support.cpp
-- Installing: /home/mscrobotics2425laptop16/Robotics_Team2/src/install/package_with_interfaces/include/package_with_interfaces/package_with_interfaces/msg/detail/object_information__rosidl_typesupport_introspection_cpp.hpp
-- Installing: /home/mscrobotics2425laptop16/Robotics_Team2/src/install/package_with_interfaces/lib/libpackage_with_interfaces__rosidl_typesupport_introspection_cpp.so
-- Set runtime path of "/home/mscrobotics2425laptop16/Robotics_Team2/src/install/package_with_interfaces/lib/libpackage_with_interfaces__rosidl_typesupport_introspection_cpp.so" to ""
-- Installing: /home/mscrobotics2425laptop16/Robotics_Team2/src/install/package_with_interfaces/lib/libpackage_with_interfaces__rosidl_typesupport_cpp.so
-- Set runtime path of "/home/mscrobotics2425laptop16/Robotics_Team2/src/install/package_with_interfaces/lib/libpackage_with_interfaces__rosidl_typesupport_cpp.so" to ""
-- Installing: /home/mscrobotics2425laptop16/Robotics_Team2/src/install/package_with_interfaces/share/package_with_interfaces/environment/pythonpath.sh
-- Installing: /home/mscrobotics2425laptop16/Robotics_Team2/src/install/package_with_interfaces/share/package_with_interfaces/environment/pythonpath.dsv
-- Installing: /home/mscrobotics2425laptop16/Robotics_Team2/src/install/package_with_interfaces/local/lib/python3.10/dist-packages/package_with_interfaces-0.0.0-py3.10.egg-info
-- Installing: /home/mscrobotics2425laptop16/Robotics_Team2/src/install/package_with_interfaces/local/lib/python3.10/dist-packages/package_with_interfaces-0.0.0-py3.10.egg-info/dependency_links.txt
-- Installing: /home/mscrobotics2425laptop16/Robotics_Team2/src/install/package_with_interfaces/local/lib/python3.10/dist-packages/package_with_interfaces-0.0.0-py3.10.egg-info/PKG-INFO
-- Installing: /home/mscrobotics2425laptop16/Robotics_Team2/src/install/package_with_interfaces/local/lib/python3.10/dist-packages/package_with_interfaces-0.0.0-py3.10.egg-info/top_level.txt
-- Installing: /home/mscrobotics2425laptop16/Robotics_Team2/src/install/package_with_interfaces/local/lib/python3.10/dist-packages/package_with_interfaces-0.0.0-py3.10.egg-info/SOURCES.txt
-- Installing: /home/mscrobotics2425laptop16/Robotics_Team2/src/install/package_with_interfaces/local/lib/python3.10/dist-packages/package_with_interfaces
-- Installing: /home/mscrobotics2425laptop16/Robotics_Team2/src/install/package_with_interfaces/local/lib/python3.10/dist-packages/package_with_interfaces/libpackage_with_interfaces__rosidl_generator_py.so
-- Installing: /home/mscrobotics2425laptop16/Robotics_Team2/src/install/package_with_interfaces/local/lib/python3.10/dist-packages/package_with_interfaces/_package_with_interfaces_s.ep.rosidl_typesupport_c.c
-- Installing: /home/mscrobotics2425laptop16/Robotics_Team2/src/install/package_with_interfaces/local/lib/python3.10/dist-packages/package_with_interfaces/_package_with_interfaces_s.ep.rosidl_typesupport_fastrtps_c.c
-- Installing: /home/mscrobotics2425laptop16/Robotics_Team2/src/install/package_with_interfaces/local/lib/python3.10/dist-packages/package_with_interfaces/__init__.py
-- Installing: /home/mscrobotics2425laptop16/Robotics_Team2/src/install/package_with_interfaces/local/lib/python3.10/dist-packages/package_with_interfaces/package_with_interfaces_s__rosidl_typesupport_introspection_c.cpython-310-x86_64-linux-gnu.so
-- Installing: /home/mscrobotics2425laptop16/Robotics_Team2/src/install/package_with_interfaces/local/lib/python3.10/dist-packages/package_with_interfaces/srv
-- Installing: /home/mscrobotics2425laptop16/Robotics_Team2/src/install/package_with_interfaces/local/lib/python3.10/dist-packages/package_with_interfaces/srv/_set_rover_state.py
-- Installing: /home/mscrobotics2425laptop16/Robotics_Team2/src/install/package_with_interfaces/local/lib/python3.10/dist-packages/package_with_interfaces/srv/_set_rover_state_s.c
-- Installing: /home/mscrobotics2425laptop16/Robotics_Team2/src/install/package_with_interfaces/local/lib/python3.10/dist-packages/package_with_interfaces/srv/__init__.py
-- Installing: /home/mscrobotics2425laptop16/Robotics_Team2/src/install/package_with_interfaces/local/lib/python3.10/dist-packages/package_with_interfaces/srv/_object_grab_s.c
-- Installing: /home/mscrobotics2425laptop16/Robotics_Team2/src/install/package_with_interfaces/local/lib/python3.10/dist-packages/package_with_interfaces/srv/_object_grab.py
-- Installing: /home/mscrobotics2425laptop16/Robotics_Team2/src/install/package_with_interfaces/local/lib/python3.10/dist-packages/package_with_interfaces/msg
-- Installing: /home/mscrobotics2425laptop16/Robotics_Team2/src/install/package_with_interfaces/local/lib/python3.10/dist-packages/package_with_interfaces/msg/_object_information_s.c
-- Installing: /home/mscrobotics2425laptop16/Robotics_Team2/src/install/package_with_interfaces/local/lib/python3.10/dist-packages/package_with_interfaces/msg/__init__.py
-- Installing: /home/mscrobotics2425laptop16/Robotics_Team2/src/install/package_with_interfaces/local/lib/python3.10/dist-packages/package_with_interfaces/msg/_object_information.py
-- Installing: /home/mscrobotics2425laptop16/Robotics_Team2/src/install/package_with_interfaces/local/lib/python3.10/dist-packages/package_with_interfaces/_package_with_interfaces_s.ep.rosidl_typesupport_introspection_c.c
-- Installing: /home/mscrobotics2425laptop16/Robotics_Team2/src/install/package_with_interfaces/local/lib/python3.10/dist-packages/package_with_interfaces/package_with_interfaces_s__rosidl_typesupport_fastrtps_c.cpython-310-x86_64-linux-gnu.so
-- Installing: /home/mscrobotics2425laptop16/Robotics_Team2/src/install/package_with_interfaces/local/lib/python3.10/dist-packages/package_with_interfaces/package_with_interfaces_s__rosidl_typesupport_c.cpython-310-x86_64-linux-gnu.so
Listing '/home/mscrobotics2425laptop16/Robotics_Team2/src/install/package_with_interfaces/local/lib/python3.10/dist-packages/package_with_interfaces'...
Compiling '/home/mscrobotics2425laptop16/Robotics_Team2/src/install/package_with_interfaces/local/lib/python3.10/dist-packages/package_with_interfaces/__init__.py'...
Listing '/home/mscrobotics2425laptop16/Robotics_Team2/src/install/package_with_interfaces/local/lib/python3.10/dist-packages/package_with_interfaces/msg'...
Compiling '/home/mscrobotics2425laptop16/Robotics_Team2/src/install/package_with_interfaces/local/lib/python3.10/dist-packages/package_with_interfaces/msg/__init__.py'...
Compiling '/home/mscrobotics2425laptop16/Robotics_Team2/src/install/package_with_interfaces/local/lib/python3.10/dist-packages/package_with_interfaces/msg/_object_information.py'...
Listing '/home/mscrobotics2425laptop16/Robotics_Team2/src/install/package_with_interfaces/local/lib/python3.10/dist-packages/package_with_interfaces/srv'...
Compiling '/home/mscrobotics2425laptop16/Robotics_Team2/src/install/package_with_interfaces/local/lib/python3.10/dist-packages/package_with_interfaces/srv/__init__.py'...
Compiling '/home/mscrobotics2425laptop16/Robotics_Team2/src/install/package_with_interfaces/local/lib/python3.10/dist-packages/package_with_interfaces/srv/_object_grab.py'...
Compiling '/home/mscrobotics2425laptop16/Robotics_Team2/src/install/package_with_interfaces/local/lib/python3.10/dist-packages/package_with_interfaces/srv/_set_rover_state.py'...
-- Installing: /home/mscrobotics2425laptop16/Robotics_Team2/src/install/package_with_interfaces/local/lib/python3.10/dist-packages/package_with_interfaces/package_with_interfaces_s__rosidl_typesupport_fastrtps_c.cpython-310-x86_64-linux-gnu.so
-- Set runtime path of "/home/mscrobotics2425laptop16/Robotics_Team2/src/install/package_with_interfaces/local/lib/python3.10/dist-packages/package_with_interfaces/package_with_interfaces_s__rosidl_typesupport_fastrtps_c.cpython-310-x86_64-linux-gnu.so" to ""
-- Installing: /home/mscrobotics2425laptop16/Robotics_Team2/src/install/package_with_interfaces/local/lib/python3.10/dist-packages/package_with_interfaces/package_with_interfaces_s__rosidl_typesupport_introspection_c.cpython-310-x86_64-linux-gnu.so
-- Set runtime path of "/home/mscrobotics2425laptop16/Robotics_Team2/src/install/package_with_interfaces/local/lib/python3.10/dist-packages/package_with_interfaces/package_with_interfaces_s__rosidl_typesupport_introspection_c.cpython-310-x86_64-linux-gnu.so" to ""
-- Installing: /home/mscrobotics2425laptop16/Robotics_Team2/src/install/package_with_interfaces/local/lib/python3.10/dist-packages/package_with_interfaces/package_with_interfaces_s__rosidl_typesupport_c.cpython-310-x86_64-linux-gnu.so
-- Set runtime path of "/home/mscrobotics2425laptop16/Robotics_Team2/src/install/package_with_interfaces/local/lib/python3.10/dist-packages/package_with_interfaces/package_with_interfaces_s__rosidl_typesupport_c.cpython-310-x86_64-linux-gnu.so" to ""
-- Installing: /home/mscrobotics2425laptop16/Robotics_Team2/src/install/package_with_interfaces/lib/libpackage_with_interfaces__rosidl_generator_py.so
-- Set runtime path of "/home/mscrobotics2425laptop16/Robotics_Team2/src/install/package_with_interfaces/lib/libpackage_with_interfaces__rosidl_generator_py.so" to ""
-- Installing: /home/mscrobotics2425laptop16/Robotics_Team2/src/install/package_with_interfaces/share/package_with_interfaces/msg/ObjectInformation.idl
-- Installing: /home/mscrobotics2425laptop16/Robotics_Team2/src/install/package_with_interfaces/share/package_with_interfaces/srv/ObjectGrab.idl
-- Installing: /home/mscrobotics2425laptop16/Robotics_Team2/src/install/package_with_interfaces/share/package_with_interfaces/srv/SetRoverState.idl
-- Installing: /home/mscrobotics2425laptop16/Robotics_Team2/src/install/package_with_interfaces/share/package_with_interfaces/msg/ObjectInformation.msg
-- Installing: /home/mscrobotics2425laptop16/Robotics_Team2/src/install/package_with_interfaces/share/package_with_interfaces/srv/ObjectGrab.srv
-- Installing: /home/mscrobotics2425laptop16/Robotics_Team2/src/install/package_with_interfaces/share/package_with_interfaces/srv/ObjectGrab_Request.msg
-- Installing: /home/mscrobotics2425laptop16/Robotics_Team2/src/install/package_with_interfaces/share/package_with_interfaces/srv/ObjectGrab_Response.msg
-- Installing: /home/mscrobotics2425laptop16/Robotics_Team2/src/install/package_with_interfaces/share/package_with_interfaces/srv/SetRoverState.srv
-- Installing: /home/mscrobotics2425laptop16/Robotics_Team2/src/install/package_with_interfaces/share/package_with_interfaces/srv/SetRoverState_Request.msg
-- Installing: /home/mscrobotics2425laptop16/Robotics_Team2/src/install/package_with_interfaces/share/package_with_interfaces/srv/SetRoverState_Response.msg
-- Installing: /home/mscrobotics2425laptop16/Robotics_Team2/src/install/package_with_interfaces/share/ament_index/resource_index/package_run_dependencies/package_with_interfaces
-- Installing: /home/mscrobotics2425laptop16/Robotics_Team2/src/install/package_with_interfaces/share/ament_index/resource_index/parent_prefix_path/package_with_interfaces
-- Installing: /home/mscrobotics2425laptop16/Robotics_Team2/src/install/package_with_interfaces/share/package_with_interfaces/environment/ament_prefix_path.sh
-- Installing: /home/mscrobotics2425laptop16/Robotics_Team2/src/install/package_with_interfaces/share/package_with_interfaces/environment/ament_prefix_path.dsv
-- Installing: /home/mscrobotics2425laptop16/Robotics_Team2/src/install/package_with_interfaces/share/package_with_interfaces/environment/path.sh
-- Installing: /home/mscrobotics2425laptop16/Robotics_Team2/src/install/package_with_interfaces/share/package_with_interfaces/environment/path.dsv
-- Installing: /home/mscrobotics2425laptop16/Robotics_Team2/src/install/package_with_interfaces/share/package_with_interfaces/local_setup.bash
-- Installing: /home/mscrobotics2425laptop16/Robotics_Team2/src/install/package_with_interfaces/share/package_with_interfaces/local_setup.sh
-- Installing: /home/mscrobotics2425laptop16/Robotics_Team2/src/install/package_with_interfaces/share/package_with_interfaces/local_setup.zsh
-- Installing: /home/mscrobotics2425laptop16/Robotics_Team2/src/install/package_with_interfaces/share/package_with_interfaces/local_setup.dsv
-- Installing: /home/mscrobotics2425laptop16/Robotics_Team2/src/install/package_with_interfaces/share/package_with_interfaces/package.dsv
-- Installing: /home/mscrobotics2425laptop16/Robotics_Team2/src/install/package_with_interfaces/share/ament_index/resource_index/packages/package_with_interfaces
-- Installing: /home/mscrobotics2425laptop16/Robotics_Team2/src/install/package_with_interfaces/share/package_with_interfaces/cmake/export_package_with_interfaces__rosidl_generator_cExport.cmake
-- Installing: /home/mscrobotics2425laptop16/Robotics_Team2/src/install/package_with_interfaces/share/package_with_interfaces/cmake/export_package_with_interfaces__rosidl_generator_cExport-noconfig.cmake
-- Installing: /home/mscrobotics2425laptop16/Robotics_Team2/src/install/package_with_interfaces/share/package_with_interfaces/cmake/export_package_with_interfaces__rosidl_typesupport_fastrtps_cExport.cmake
-- Installing: /home/mscrobotics2425laptop16/Robotics_Team2/src/install/package_with_interfaces/share/package_with_interfaces/cmake/export_package_with_interfaces__rosidl_typesupport_fastrtps_cExport-noconfig.cmake
-- Installing: /home/mscrobotics2425laptop16/Robotics_Team2/src/install/package_with_interfaces/share/package_with_interfaces/cmake/package_with_interfaces__rosidl_typesupport_introspection_cExport.cmake
-- Installing: /home/mscrobotics2425laptop16/Robotics_Team2/src/install/package_with_interfaces/share/package_with_interfaces/cmake/package_with_interfaces__rosidl_typesupport_introspection_cExport-noconfig.cmake
-- Installing: /home/mscrobotics2425laptop16/Robotics_Team2/src/install/package_with_interfaces/share/package_with_interfaces/cmake/package_with_interfaces__rosidl_typesupport_cExport.cmake
-- Installing: /home/mscrobotics2425laptop16/Robotics_Team2/src/install/package_with_interfaces/share/package_with_interfaces/cmake/package_with_interfaces__rosidl_typesupport_cExport-noconfig.cmake
-- Installing: /home/mscrobotics2425laptop16/Robotics_Team2/src/install/package_with_interfaces/share/package_with_interfaces/cmake/export_package_with_interfaces__rosidl_generator_cppExport.cmake
-- Installing: /home/mscrobotics2425laptop16/Robotics_Team2/src/install/package_with_interfaces/share/package_with_interfaces/cmake/export_package_with_interfaces__rosidl_typesupport_fastrtps_cppExport.cmake
-- Installing: /home/mscrobotics2425laptop16/Robotics_Team2/src/install/package_with_interfaces/share/package_with_interfaces/cmake/export_package_with_interfaces__rosidl_typesupport_fastrtps_cppExport-noconfig.cmake
-- Installing: /home/mscrobotics2425laptop16/Robotics_Team2/src/install/package_with_interfaces/share/package_with_interfaces/cmake/package_with_interfaces__rosidl_typesupport_introspection_cppExport.cmake
-- Installing: /home/mscrobotics2425laptop16/Robotics_Team2/src/install/package_with_interfaces/share/package_with_interfaces/cmake/package_with_interfaces__rosidl_typesupport_introspection_cppExport-noconfig.cmake
-- Installing: /home/mscrobotics2425laptop16/Robotics_Team2/src/install/package_with_interfaces/share/package_with_interfaces/cmake/package_with_interfaces__rosidl_typesupport_cppExport.cmake
-- Installing: /home/mscrobotics2425laptop16/Robotics_Team2/src/install/package_with_interfaces/share/package_with_interfaces/cmake/package_with_interfaces__rosidl_typesupport_cppExport-noconfig.cmake
-- Installing: /home/mscrobotics2425laptop16/Robotics_Team2/src/install/package_with_interfaces/share/package_with_interfaces/cmake/export_package_with_interfaces__rosidl_generator_pyExport.cmake
-- Installing: /home/mscrobotics2425laptop16/Robotics_Team2/src/install/package_with_interfaces/share/package_with_interfaces/cmake/export_package_with_interfaces__rosidl_generator_pyExport-noconfig.cmake
-- Installing: /home/mscrobotics2425laptop16/Robotics_Team2/src/install/package_with_interfaces/share/package_with_interfaces/cmake/rosidl_cmake-extras.cmake
-- Installing: /home/mscrobotics2425laptop16/Robotics_Team2/src/install/package_with_interfaces/share/package_with_interfaces/cmake/ament_cmake_export_include_directories-extras.cmake
-- Installing: /home/mscrobotics2425laptop16/Robotics_Team2/src/install/package_with_interfaces/share/package_with_interfaces/cmake/ament_cmake_export_libraries-extras.cmake
-- Installing: /home/mscrobotics2425laptop16/Robotics_Team2/src/install/package_with_interfaces/share/package_with_interfaces/cmake/ament_cmake_export_targets-extras.cmake
-- Installing: /home/mscrobotics2425laptop16/Robotics_Team2/src/install/package_with_interfaces/share/package_with_interfaces/cmake/rosidl_cmake_export_typesupport_targets-extras.cmake
-- Installing: /home/mscrobotics2425laptop16/Robotics_Team2/src/install/package_with_interfaces/share/package_with_interfaces/cmake/ament_cmake_export_dependencies-extras.cmake
-- Installing: /home/mscrobotics2425laptop16/Robotics_Team2/src/install/package_with_interfaces/share/package_with_interfaces/cmake/rosidl_cmake_export_typesupport_libraries-extras.cmake
-- Installing: /home/mscrobotics2425laptop16/Robotics_Team2/src/install/package_with_interfaces/share/package_with_interfaces/cmake/package_with_interfacesConfig.cmake
-- Installing: /home/mscrobotics2425laptop16/Robotics_Team2/src/install/package_with_interfaces/share/package_with_interfaces/cmake/package_with_interfacesConfig-version.cmake
-- Installing: /home/mscrobotics2425laptop16/Robotics_Team2/src/install/package_with_interfaces/share/package_with_interfaces/package.xml
