[0.156s] Invoking command in '/home/mscrobotics2425laptop16/Robotics_Team2/src/build/package_with_interfaces': CMAKE_PREFIX_PATH=${CMAKE_PREFIX_PATH}:/home/mscrobotics2425laptop16/interbotix_ws/install/interbotix_xs_modules:/home/mscrobotics2425laptop16/interbotix_ws/install/interbotix_perception_modules:/home/mscrobotics2425laptop16/interbotix_ws/install/interbotix_common_modules:/home/mscrobotics2425laptop16/interbotix_ws/install/control_pkg:/opt/ros/humble /usr/bin/cmake /home/mscrobotics2425laptop16/Robotics_Team2/src/package_with_interfaces -DCMAKE_INSTALL_PREFIX=/home/mscrobotics2425laptop16/Robotics_Team2/src/install/package_with_interfaces
[3.320s] -- The C compiler identification is GNU 11.4.0
[3.321s] -- The CXX compiler identification is GNU 11.4.0
[3.321s] -- Detecting C compiler ABI info
[3.321s] -- Detecting C compiler ABI info - done
[3.321s] -- Check for working C compiler: /usr/bin/cc - skipped
[3.322s] -- Detecting C compile features
[3.322s] -- Detecting C compile features - done
[3.323s] -- Detecting CXX compiler ABI info
[3.323s] -- Detecting CXX compiler ABI info - done
[3.324s] -- Check for working CXX compiler: /usr/bin/c++ - skipped
[3.324s] -- Detecting CXX compile features
[3.324s] -- Detecting CXX compile features - done
[3.324s] -- Found ament_cmake: 1.3.11 (/opt/ros/humble/share/ament_cmake/cmake)
[3.326s] -- Found Python3: /usr/bin/python3 (found version "3.10.12") found components: Interpreter 
[3.328s] -- Found rosidl_default_generators: 1.2.0 (/opt/ros/humble/share/rosidl_default_generators/cmake)
[3.330s] -- Using all available rosidl_typesupport_c: rosidl_typesupport_fastrtps_c;rosidl_typesupport_introspection_c
[3.401s] -- Found rosidl_adapter: 3.1.6 (/opt/ros/humble/share/rosidl_adapter/cmake)
[3.676s] -- Using all available rosidl_typesupport_cpp: rosidl_typesupport_fastrtps_cpp;rosidl_typesupport_introspection_cpp
[5.141s] -- Found ament_cmake_ros: 0.10.0 (/opt/ros/humble/share/ament_cmake_ros/cmake)
[5.871s] -- Using all available rosidl_typesupport_c: rosidl_typesupport_fastrtps_c;rosidl_typesupport_introspection_c
[6.891s] -- Using all available rosidl_typesupport_cpp: rosidl_typesupport_fastrtps_cpp;rosidl_typesupport_introspection_cpp
[7.010s] -- Found PythonInterp: /usr/bin/python3 (found suitable version "3.10.12", minimum required is "3.6") 
[7.030s] -- Found python_cmake_module: 0.10.0 (/opt/ros/humble/share/python_cmake_module/cmake)
[7.151s] -- Found PythonLibs: /usr/lib/x86_64-linux-gnu/libpython3.10.so (found suitable version "3.10.12", minimum required is "3.5") 
[7.153s] -- Using PYTHON_EXECUTABLE: /usr/bin/python3
[7.153s] -- Using PYTHON_INCLUDE_DIRS: /usr/include/python3.10
[7.153s] -- Using PYTHON_LIBRARIES: /usr/lib/x86_64-linux-gnu/libpython3.10.so
[7.229s] -- Found PythonExtra: .so  
[7.416s] -- Found ament_lint_auto: 0.12.11 (/opt/ros/humble/share/ament_lint_auto/cmake)
[7.706s] -- Added test 'lint_cmake' to check CMake code style
[7.715s] -- Added test 'xmllint' to check XML markup files
[7.735s] -- Configuring done
[7.894s] -- Generating done
[7.949s] -- Build files have been written to: /home/mscrobotics2425laptop16/Robotics_Team2/src/build/package_with_interfaces
[7.973s] Invoked command in '/home/mscrobotics2425laptop16/Robotics_Team2/src/build/package_with_interfaces' returned '0': CMAKE_PREFIX_PATH=${CMAKE_PREFIX_PATH}:/home/mscrobotics2425laptop16/interbotix_ws/install/interbotix_xs_modules:/home/mscrobotics2425laptop16/interbotix_ws/install/interbotix_perception_modules:/home/mscrobotics2425laptop16/interbotix_ws/install/interbotix_common_modules:/home/mscrobotics2425laptop16/interbotix_ws/install/control_pkg:/opt/ros/humble /usr/bin/cmake /home/mscrobotics2425laptop16/Robotics_Team2/src/package_with_interfaces -DCMAKE_INSTALL_PREFIX=/home/mscrobotics2425laptop16/Robotics_Team2/src/install/package_with_interfaces
[7.979s] Invoking command in '/home/mscrobotics2425laptop16/Robotics_Team2/src/build/package_with_interfaces': CMAKE_PREFIX_PATH=${CMAKE_PREFIX_PATH}:/home/mscrobotics2425laptop16/interbotix_ws/install/interbotix_xs_modules:/home/mscrobotics2425laptop16/interbotix_ws/install/interbotix_perception_modules:/home/mscrobotics2425laptop16/interbotix_ws/install/interbotix_common_modules:/home/mscrobotics2425laptop16/interbotix_ws/install/control_pkg:/opt/ros/humble /usr/bin/cmake --build /home/mscrobotics2425laptop16/Robotics_Team2/src/build/package_with_interfaces -- -j12 -l12
[8.092s] [  2%] [34m[1mGenerating C code for ROS interfaces[0m
[8.154s] [  4%] [34m[1mGenerating C++ code for ROS interfaces[0m
[8.182s] [  4%] Built target ament_cmake_python_copy_package_with_interfaces
[9.713s] running egg_info
[9.822s] creating package_with_interfaces.egg-info
[9.832s] writing package_with_interfaces.egg-info/PKG-INFO
[9.839s] writing dependency_links to package_with_interfaces.egg-info/dependency_links.txt
[9.840s] writing top-level names to package_with_interfaces.egg-info/top_level.txt
[9.840s] writing manifest file 'package_with_interfaces.egg-info/SOURCES.txt'
[10.024s] [  4%] Built target package_with_interfaces__cpp
[10.058s] [  6%] [34m[1mGenerating C++ introspection for ROS interfaces[0m
[10.076s] [  8%] [34m[1mGenerating C++ type support for eProsima Fast-RTPS[0m
[10.077s] [ 10%] [34m[1mGenerating C++ type support dispatch for ROS interfaces[0m
[10.108s] reading manifest file 'package_with_interfaces.egg-info/SOURCES.txt'
[10.111s] writing manifest file 'package_with_interfaces.egg-info/SOURCES.txt'
[10.226s] [ 10%] Built target ament_cmake_python_build_package_with_interfaces_egg
[10.418s] [ 14%] [32mBuilding C object CMakeFiles/package_with_interfaces__rosidl_generator_c.dir/rosidl_generator_c/package_with_interfaces/srv/detail/set_rover_state__functions.c.o[0m
[10.418s] [ 17%] [32mBuilding C object CMakeFiles/package_with_interfaces__rosidl_generator_c.dir/rosidl_generator_c/package_with_interfaces/srv/detail/object_grab__functions.c.o[0m
[10.423s] [ 17%] [32mBuilding C object CMakeFiles/package_with_interfaces__rosidl_generator_c.dir/rosidl_generator_c/package_with_interfaces/msg/detail/object_information__functions.c.o[0m
[10.694s] [ 19%] [32m[1mLinking C shared library libpackage_with_interfaces__rosidl_generator_c.so[0m
[10.870s] [ 19%] Built target package_with_interfaces__rosidl_generator_c
[10.935s] [ 21%] [34m[1mGenerating C introspection for ROS interfaces[0m
[10.944s] [ 23%] [34m[1mGenerating C type support dispatch for ROS interfaces[0m
[10.950s] [ 25%] [34m[1mGenerating C type support for eProsima Fast-RTPS[0m
[11.402s] [ 27%] [32mBuilding CXX object CMakeFiles/package_with_interfaces__rosidl_typesupport_introspection_cpp.dir/rosidl_typesupport_introspection_cpp/package_with_interfaces/msg/detail/object_information__type_support.cpp.o[0m
[11.408s] [ 29%] [32mBuilding CXX object CMakeFiles/package_with_interfaces__rosidl_typesupport_introspection_cpp.dir/rosidl_typesupport_introspection_cpp/package_with_interfaces/srv/detail/object_grab__type_support.cpp.o[0m
[11.413s] [ 31%] [32mBuilding CXX object CMakeFiles/package_with_interfaces__rosidl_typesupport_introspection_cpp.dir/rosidl_typesupport_introspection_cpp/package_with_interfaces/srv/detail/set_rover_state__type_support.cpp.o[0m
[11.539s] [ 34%] [32mBuilding CXX object CMakeFiles/package_with_interfaces__rosidl_typesupport_cpp.dir/rosidl_typesupport_cpp/package_with_interfaces/msg/object_information__type_support.cpp.o[0m
[11.543s] [ 36%] [32mBuilding CXX object CMakeFiles/package_with_interfaces__rosidl_typesupport_cpp.dir/rosidl_typesupport_cpp/package_with_interfaces/srv/object_grab__type_support.cpp.o[0m
[11.574s] [ 38%] [32mBuilding CXX object CMakeFiles/package_with_interfaces__rosidl_typesupport_cpp.dir/rosidl_typesupport_cpp/package_with_interfaces/srv/set_rover_state__type_support.cpp.o[0m
[11.705s] [ 40%] [32mBuilding CXX object CMakeFiles/package_with_interfaces__rosidl_typesupport_fastrtps_cpp.dir/rosidl_typesupport_fastrtps_cpp/package_with_interfaces/msg/detail/dds_fastrtps/object_information__type_support.cpp.o[0m
[11.705s] [ 42%] [32mBuilding CXX object CMakeFiles/package_with_interfaces__rosidl_typesupport_fastrtps_cpp.dir/rosidl_typesupport_fastrtps_cpp/package_with_interfaces/srv/detail/dds_fastrtps/object_grab__type_support.cpp.o[0m
[11.721s] [ 44%] [32mBuilding CXX object CMakeFiles/package_with_interfaces__rosidl_typesupport_fastrtps_cpp.dir/rosidl_typesupport_fastrtps_cpp/package_with_interfaces/srv/detail/dds_fastrtps/set_rover_state__type_support.cpp.o[0m
[12.820s] [ 46%] [32mBuilding CXX object CMakeFiles/package_with_interfaces__rosidl_typesupport_c.dir/rosidl_typesupport_c/package_with_interfaces/msg/object_information__type_support.cpp.o[0m
[13.021s] [ 48%] [32mBuilding CXX object CMakeFiles/package_with_interfaces__rosidl_typesupport_c.dir/rosidl_typesupport_c/package_with_interfaces/srv/object_grab__type_support.cpp.o[0m
[13.256s] [ 51%] [32mBuilding CXX object CMakeFiles/package_with_interfaces__rosidl_typesupport_c.dir/rosidl_typesupport_c/package_with_interfaces/srv/set_rover_state__type_support.cpp.o[0m
[13.405s] [ 53%] [32mBuilding C object CMakeFiles/package_with_interfaces__rosidl_typesupport_introspection_c.dir/rosidl_typesupport_introspection_c/package_with_interfaces/msg/detail/object_information__type_support.c.o[0m
[13.414s] [ 55%] [32mBuilding C object CMakeFiles/package_with_interfaces__rosidl_typesupport_introspection_c.dir/rosidl_typesupport_introspection_c/package_with_interfaces/srv/detail/object_grab__type_support.c.o[0m
[13.420s] [ 57%] [32mBuilding C object CMakeFiles/package_with_interfaces__rosidl_typesupport_introspection_c.dir/rosidl_typesupport_introspection_c/package_with_interfaces/srv/detail/set_rover_state__type_support.c.o[0m
[13.429s] [ 59%] [32m[1mLinking CXX shared library libpackage_with_interfaces__rosidl_typesupport_c.so[0m
[13.463s] [ 63%] [32mBuilding CXX object CMakeFiles/package_with_interfaces__rosidl_typesupport_fastrtps_c.dir/rosidl_typesupport_fastrtps_c/package_with_interfaces/srv/detail/object_grab__type_support_c.cpp.o[0m
[13.468s] [ 63%] [32mBuilding CXX object CMakeFiles/package_with_interfaces__rosidl_typesupport_fastrtps_c.dir/rosidl_typesupport_fastrtps_c/package_with_interfaces/msg/detail/object_information__type_support_c.cpp.o[0m
[13.538s] [ 65%] [32mBuilding CXX object CMakeFiles/package_with_interfaces__rosidl_typesupport_fastrtps_c.dir/rosidl_typesupport_fastrtps_c/package_with_interfaces/srv/detail/set_rover_state__type_support_c.cpp.o[0m
[13.718s] [ 65%] Built target package_with_interfaces__rosidl_typesupport_c
[13.722s] [ 68%] [32m[1mLinking C shared library libpackage_with_interfaces__rosidl_typesupport_introspection_c.so[0m
[13.727s] [ 70%] [32m[1mLinking CXX shared library libpackage_with_interfaces__rosidl_typesupport_cpp.so[0m
[13.847s] [ 70%] Built target package_with_interfaces__rosidl_typesupport_introspection_c
[13.919s] [ 70%] Built target package_with_interfaces__rosidl_typesupport_cpp
[14.021s] [ 72%] [32m[1mLinking CXX shared library libpackage_with_interfaces__rosidl_typesupport_introspection_cpp.so[0m
[14.253s] [ 72%] Built target package_with_interfaces__rosidl_typesupport_introspection_cpp
[14.398s] [ 74%] [32m[1mLinking CXX shared library libpackage_with_interfaces__rosidl_typesupport_fastrtps_cpp.so[0m
[14.813s] [ 74%] Built target package_with_interfaces__rosidl_typesupport_fastrtps_cpp
[15.068s] [ 76%] [32m[1mLinking CXX shared library libpackage_with_interfaces__rosidl_typesupport_fastrtps_c.so[0m
[15.320s] [ 76%] Built target package_with_interfaces__rosidl_typesupport_fastrtps_c
[15.386s] [ 76%] Built target package_with_interfaces
[15.453s] [ 78%] [34m[1mGenerating Python code for ROS interfaces[0m
[16.982s] [ 78%] Built target package_with_interfaces__py
[17.043s] [ 80%] [32mBuilding C object CMakeFiles/package_with_interfaces__rosidl_generator_py.dir/rosidl_generator_py/package_with_interfaces/srv/_set_rover_state_s.c.o[0m
[17.048s] [ 82%] [32mBuilding C object CMakeFiles/package_with_interfaces__rosidl_generator_py.dir/rosidl_generator_py/package_with_interfaces/msg/_object_information_s.c.o[0m
[17.054s] [ 85%] [32mBuilding C object CMakeFiles/package_with_interfaces__rosidl_generator_py.dir/rosidl_generator_py/package_with_interfaces/srv/_object_grab_s.c.o[0m
[17.373s] [ 87%] [32m[1mLinking C shared library rosidl_generator_py/package_with_interfaces/libpackage_with_interfaces__rosidl_generator_py.so[0m
[17.496s] [ 87%] Built target package_with_interfaces__rosidl_generator_py
[17.548s] [ 89%] [32mBuilding C object CMakeFiles/package_with_interfaces__rosidl_typesupport_fastrtps_c__pyext.dir/rosidl_generator_py/package_with_interfaces/_package_with_interfaces_s.ep.rosidl_typesupport_fastrtps_c.c.o[0m
[17.559s] [ 91%] [32mBuilding C object CMakeFiles/package_with_interfaces__rosidl_typesupport_c__pyext.dir/rosidl_generator_py/package_with_interfaces/_package_with_interfaces_s.ep.rosidl_typesupport_c.c.o[0m
[17.560s] [ 93%] [32mBuilding C object CMakeFiles/package_with_interfaces__rosidl_typesupport_introspection_c__pyext.dir/rosidl_generator_py/package_with_interfaces/_package_with_interfaces_s.ep.rosidl_typesupport_introspection_c.c.o[0m
[17.812s] [ 95%] [32m[1mLinking C shared library rosidl_generator_py/package_with_interfaces/package_with_interfaces_s__rosidl_typesupport_c.cpython-310-x86_64-linux-gnu.so[0m
[17.890s] [ 97%] [32m[1mLinking C shared library rosidl_generator_py/package_with_interfaces/package_with_interfaces_s__rosidl_typesupport_fastrtps_c.cpython-310-x86_64-linux-gnu.so[0m
[17.910s] [100%] [32m[1mLinking C shared library rosidl_generator_py/package_with_interfaces/package_with_interfaces_s__rosidl_typesupport_introspection_c.cpython-310-x86_64-linux-gnu.so[0m
[17.936s] [100%] Built target package_with_interfaces__rosidl_typesupport_c__pyext
[18.006s] [100%] Built target package_with_interfaces__rosidl_typesupport_fastrtps_c__pyext
[18.033s] [100%] Built target package_with_interfaces__rosidl_typesupport_introspection_c__pyext
[18.079s] Invoked command in '/home/mscrobotics2425laptop16/Robotics_Team2/src/build/package_with_interfaces' returned '0': CMAKE_PREFIX_PATH=${CMAKE_PREFIX_PATH}:/home/mscrobotics2425laptop16/interbotix_ws/install/interbotix_xs_modules:/home/mscrobotics2425laptop16/interbotix_ws/install/interbotix_perception_modules:/home/mscrobotics2425laptop16/interbotix_ws/install/interbotix_common_modules:/home/mscrobotics2425laptop16/interbotix_ws/install/control_pkg:/opt/ros/humble /usr/bin/cmake --build /home/mscrobotics2425laptop16/Robotics_Team2/src/build/package_with_interfaces -- -j12 -l12
[18.094s] Invoking command in '/home/mscrobotics2425laptop16/Robotics_Team2/src/build/package_with_interfaces': CMAKE_PREFIX_PATH=${CMAKE_PREFIX_PATH}:/home/mscrobotics2425laptop16/interbotix_ws/install/interbotix_xs_modules:/home/mscrobotics2425laptop16/interbotix_ws/install/interbotix_perception_modules:/home/mscrobotics2425laptop16/interbotix_ws/install/interbotix_common_modules:/home/mscrobotics2425laptop16/interbotix_ws/install/control_pkg:/opt/ros/humble /usr/bin/cmake --install /home/mscrobotics2425laptop16/Robotics_Team2/src/build/package_with_interfaces
[18.118s] -- Install configuration: ""
[18.119s] -- Installing: /home/mscrobotics2425laptop16/Robotics_Team2/src/install/package_with_interfaces/share/ament_index/resource_index/rosidl_interfaces/package_with_interfaces
[18.119s] -- Installing: /home/mscrobotics2425laptop16/Robotics_Team2/src/install/package_with_interfaces/include/package_with_interfaces/package_with_interfaces
[18.122s] -- Installing: /home/mscrobotics2425laptop16/Robotics_Team2/src/install/package_with_interfaces/include/package_with_interfaces/package_with_interfaces/srv
[18.123s] -- Installing: /home/mscrobotics2425laptop16/Robotics_Team2/src/install/package_with_interfaces/include/package_with_interfaces/package_with_interfaces/srv/detail
[18.123s] -- Installing: /home/mscrobotics2425laptop16/Robotics_Team2/src/install/package_with_interfaces/include/package_with_interfaces/package_with_interfaces/srv/detail/set_rover_state__struct.h
[18.123s] -- Installing: /home/mscrobotics2425laptop16/Robotics_Team2/src/install/package_with_interfaces/include/package_with_interfaces/package_with_interfaces/srv/detail/set_rover_state__functions.h
[18.123s] -- Installing: /home/mscrobotics2425laptop16/Robotics_Team2/src/install/package_with_interfaces/include/package_with_interfaces/package_with_interfaces/srv/detail/object_grab__type_support.h
[18.123s] -- Installing: /home/mscrobotics2425laptop16/Robotics_Team2/src/install/package_with_interfaces/include/package_with_interfaces/package_with_interfaces/srv/detail/object_grab__struct.h
[18.124s] -- Installing: /home/mscrobotics2425laptop16/Robotics_Team2/src/install/package_with_interfaces/include/package_with_interfaces/package_with_interfaces/srv/detail/object_grab__functions.h
[18.124s] -- Installing: /home/mscrobotics2425laptop16/Robotics_Team2/src/install/package_with_interfaces/include/package_with_interfaces/package_with_interfaces/srv/detail/set_rover_state__functions.c
[18.125s] -- Installing: /home/mscrobotics2425laptop16/Robotics_Team2/src/install/package_with_interfaces/include/package_with_interfaces/package_with_interfaces/srv/detail/set_rover_state__type_support.h
[18.125s] -- Installing: /home/mscrobotics2425laptop16/Robotics_Team2/src/install/package_with_interfaces/include/package_with_interfaces/package_with_interfaces/srv/detail/object_grab__functions.c
[18.127s] -- Installing: /home/mscrobotics2425laptop16/Robotics_Team2/src/install/package_with_interfaces/include/package_with_interfaces/package_with_interfaces/srv/set_rover_state.h
[18.127s] -- Installing: /home/mscrobotics2425laptop16/Robotics_Team2/src/install/package_with_interfaces/include/package_with_interfaces/package_with_interfaces/srv/object_grab.h
[18.127s] -- Installing: /home/mscrobotics2425laptop16/Robotics_Team2/src/install/package_with_interfaces/include/package_with_interfaces/package_with_interfaces/msg
[18.127s] -- Installing: /home/mscrobotics2425laptop16/Robotics_Team2/src/install/package_with_interfaces/include/package_with_interfaces/package_with_interfaces/msg/detail
[18.128s] -- Installing: /home/mscrobotics2425laptop16/Robotics_Team2/src/install/package_with_interfaces/include/package_with_interfaces/package_with_interfaces/msg/detail/object_information__functions.h
[18.128s] -- Installing: /home/mscrobotics2425laptop16/Robotics_Team2/src/install/package_with_interfaces/include/package_with_interfaces/package_with_interfaces/msg/detail/object_information__type_support.h
[18.128s] -- Installing: /home/mscrobotics2425laptop16/Robotics_Team2/src/install/package_with_interfaces/include/package_with_interfaces/package_with_interfaces/msg/detail/object_information__struct.h
[18.128s] -- Installing: /home/mscrobotics2425laptop16/Robotics_Team2/src/install/package_with_interfaces/include/package_with_interfaces/package_with_interfaces/msg/detail/object_information__functions.c
[18.130s] -- Installing: /home/mscrobotics2425laptop16/Robotics_Team2/src/install/package_with_interfaces/include/package_with_interfaces/package_with_interfaces/msg/object_information.h
[18.131s] -- Installing: /home/mscrobotics2425laptop16/Robotics_Team2/src/install/package_with_interfaces/include/package_with_interfaces/package_with_interfaces/msg/rosidl_generator_c__visibility_control.h
[18.132s] -- Installing: /home/mscrobotics2425laptop16/Robotics_Team2/src/install/package_with_interfaces/share/package_with_interfaces/environment/library_path.sh
[18.133s] -- Installing: /home/mscrobotics2425laptop16/Robotics_Team2/src/install/package_with_interfaces/share/package_with_interfaces/environment/library_path.dsv
[18.133s] -- Installing: /home/mscrobotics2425laptop16/Robotics_Team2/src/install/package_with_interfaces/lib/libpackage_with_interfaces__rosidl_generator_c.so
[18.134s] -- Set runtime path of "/home/mscrobotics2425laptop16/Robotics_Team2/src/install/package_with_interfaces/lib/libpackage_with_interfaces__rosidl_generator_c.so" to ""
[18.134s] -- Up-to-date: /home/mscrobotics2425laptop16/Robotics_Team2/src/install/package_with_interfaces/include/package_with_interfaces/package_with_interfaces
[18.134s] -- Up-to-date: /home/mscrobotics2425laptop16/Robotics_Team2/src/install/package_with_interfaces/include/package_with_interfaces/package_with_interfaces/srv
[18.134s] -- Up-to-date: /home/mscrobotics2425laptop16/Robotics_Team2/src/install/package_with_interfaces/include/package_with_interfaces/package_with_interfaces/srv/detail
[18.135s] -- Installing: /home/mscrobotics2425laptop16/Robotics_Team2/src/install/package_with_interfaces/include/package_with_interfaces/package_with_interfaces/srv/detail/object_grab__rosidl_typesupport_fastrtps_c.h
[18.139s] -- Installing: /home/mscrobotics2425laptop16/Robotics_Team2/src/install/package_with_interfaces/include/package_with_interfaces/package_with_interfaces/srv/detail/set_rover_state__rosidl_typesupport_fastrtps_c.h
[18.145s] -- Up-to-date: /home/mscrobotics2425laptop16/Robotics_Team2/src/install/package_with_interfaces/include/package_with_interfaces/package_with_interfaces/msg
[18.145s] -- Up-to-date: /home/mscrobotics2425laptop16/Robotics_Team2/src/install/package_with_interfaces/include/package_with_interfaces/package_with_interfaces/msg/detail
[18.145s] -- Installing: /home/mscrobotics2425laptop16/Robotics_Team2/src/install/package_with_interfaces/include/package_with_interfaces/package_with_interfaces/msg/detail/object_information__rosidl_typesupport_fastrtps_c.h
[18.145s] -- Installing: /home/mscrobotics2425laptop16/Robotics_Team2/src/install/package_with_interfaces/include/package_with_interfaces/package_with_interfaces/msg/rosidl_typesupport_fastrtps_c__visibility_control.h
[18.145s] -- Installing: /home/mscrobotics2425laptop16/Robotics_Team2/src/install/package_with_interfaces/lib/libpackage_with_interfaces__rosidl_typesupport_fastrtps_c.so
[18.148s] -- Set runtime path of "/home/mscrobotics2425laptop16/Robotics_Team2/src/install/package_with_interfaces/lib/libpackage_with_interfaces__rosidl_typesupport_fastrtps_c.so" to ""
[18.148s] -- Up-to-date: /home/mscrobotics2425laptop16/Robotics_Team2/src/install/package_with_interfaces/include/package_with_interfaces/package_with_interfaces
[18.148s] -- Up-to-date: /home/mscrobotics2425laptop16/Robotics_Team2/src/install/package_with_interfaces/include/package_with_interfaces/package_with_interfaces/srv
[18.148s] -- Up-to-date: /home/mscrobotics2425laptop16/Robotics_Team2/src/install/package_with_interfaces/include/package_with_interfaces/package_with_interfaces/srv/detail
[18.148s] -- Installing: /home/mscrobotics2425laptop16/Robotics_Team2/src/install/package_with_interfaces/include/package_with_interfaces/package_with_interfaces/srv/detail/set_rover_state__type_support.c
[18.149s] -- Installing: /home/mscrobotics2425laptop16/Robotics_Team2/src/install/package_with_interfaces/include/package_with_interfaces/package_with_interfaces/srv/detail/set_rover_state__rosidl_typesupport_introspection_c.h
[18.149s] -- Installing: /home/mscrobotics2425laptop16/Robotics_Team2/src/install/package_with_interfaces/include/package_with_interfaces/package_with_interfaces/srv/detail/object_grab__type_support.c
[18.149s] -- Installing: /home/mscrobotics2425laptop16/Robotics_Team2/src/install/package_with_interfaces/include/package_with_interfaces/package_with_interfaces/srv/detail/object_grab__rosidl_typesupport_introspection_c.h
[18.150s] -- Up-to-date: /home/mscrobotics2425laptop16/Robotics_Team2/src/install/package_with_interfaces/include/package_with_interfaces/package_with_interfaces/msg
[18.150s] -- Installing: /home/mscrobotics2425laptop16/Robotics_Team2/src/install/package_with_interfaces/include/package_with_interfaces/package_with_interfaces/msg/rosidl_typesupport_introspection_c__visibility_control.h
[18.150s] -- Up-to-date: /home/mscrobotics2425laptop16/Robotics_Team2/src/install/package_with_interfaces/include/package_with_interfaces/package_with_interfaces/msg/detail
[18.150s] -- Installing: /home/mscrobotics2425laptop16/Robotics_Team2/src/install/package_with_interfaces/include/package_with_interfaces/package_with_interfaces/msg/detail/object_information__type_support.c
[18.150s] -- Installing: /home/mscrobotics2425laptop16/Robotics_Team2/src/install/package_with_interfaces/include/package_with_interfaces/package_with_interfaces/msg/detail/object_information__rosidl_typesupport_introspection_c.h
[18.150s] -- Installing: /home/mscrobotics2425laptop16/Robotics_Team2/src/install/package_with_interfaces/lib/libpackage_with_interfaces__rosidl_typesupport_introspection_c.so
[18.151s] -- Set runtime path of "/home/mscrobotics2425laptop16/Robotics_Team2/src/install/package_with_interfaces/lib/libpackage_with_interfaces__rosidl_typesupport_introspection_c.so" to ""
[18.151s] -- Installing: /home/mscrobotics2425laptop16/Robotics_Team2/src/install/package_with_interfaces/lib/libpackage_with_interfaces__rosidl_typesupport_c.so
[18.151s] -- Set runtime path of "/home/mscrobotics2425laptop16/Robotics_Team2/src/install/package_with_interfaces/lib/libpackage_with_interfaces__rosidl_typesupport_c.so" to ""
[18.151s] -- Up-to-date: /home/mscrobotics2425laptop16/Robotics_Team2/src/install/package_with_interfaces/include/package_with_interfaces/package_with_interfaces
[18.151s] -- Up-to-date: /home/mscrobotics2425laptop16/Robotics_Team2/src/install/package_with_interfaces/include/package_with_interfaces/package_with_interfaces/srv
[18.152s] -- Installing: /home/mscrobotics2425laptop16/Robotics_Team2/src/install/package_with_interfaces/include/package_with_interfaces/package_with_interfaces/srv/object_grab.hpp
[18.152s] -- Up-to-date: /home/mscrobotics2425laptop16/Robotics_Team2/src/install/package_with_interfaces/include/package_with_interfaces/package_with_interfaces/srv/detail
[18.152s] -- Installing: /home/mscrobotics2425laptop16/Robotics_Team2/src/install/package_with_interfaces/include/package_with_interfaces/package_with_interfaces/srv/detail/set_rover_state__type_support.hpp
[18.153s] -- Installing: /home/mscrobotics2425laptop16/Robotics_Team2/src/install/package_with_interfaces/include/package_with_interfaces/package_with_interfaces/srv/detail/set_rover_state__traits.hpp
[18.153s] -- Installing: /home/mscrobotics2425laptop16/Robotics_Team2/src/install/package_with_interfaces/include/package_with_interfaces/package_with_interfaces/srv/detail/set_rover_state__struct.hpp
[18.154s] -- Installing: /home/mscrobotics2425laptop16/Robotics_Team2/src/install/package_with_interfaces/include/package_with_interfaces/package_with_interfaces/srv/detail/object_grab__traits.hpp
[18.154s] -- Installing: /home/mscrobotics2425laptop16/Robotics_Team2/src/install/package_with_interfaces/include/package_with_interfaces/package_with_interfaces/srv/detail/set_rover_state__builder.hpp
[18.155s] -- Installing: /home/mscrobotics2425laptop16/Robotics_Team2/src/install/package_with_interfaces/include/package_with_interfaces/package_with_interfaces/srv/detail/object_grab__type_support.hpp
[18.155s] -- Installing: /home/mscrobotics2425laptop16/Robotics_Team2/src/install/package_with_interfaces/include/package_with_interfaces/package_with_interfaces/srv/detail/object_grab__struct.hpp
[18.156s] -- Installing: /home/mscrobotics2425laptop16/Robotics_Team2/src/install/package_with_interfaces/include/package_with_interfaces/package_with_interfaces/srv/detail/object_grab__builder.hpp
[18.156s] -- Installing: /home/mscrobotics2425laptop16/Robotics_Team2/src/install/package_with_interfaces/include/package_with_interfaces/package_with_interfaces/srv/set_rover_state.hpp
[18.157s] -- Up-to-date: /home/mscrobotics2425laptop16/Robotics_Team2/src/install/package_with_interfaces/include/package_with_interfaces/package_with_interfaces/msg
[18.157s] -- Up-to-date: /home/mscrobotics2425laptop16/Robotics_Team2/src/install/package_with_interfaces/include/package_with_interfaces/package_with_interfaces/msg/detail
[18.158s] -- Installing: /home/mscrobotics2425laptop16/Robotics_Team2/src/install/package_with_interfaces/include/package_with_interfaces/package_with_interfaces/msg/detail/object_information__struct.hpp
[18.158s] -- Installing: /home/mscrobotics2425laptop16/Robotics_Team2/src/install/package_with_interfaces/include/package_with_interfaces/package_with_interfaces/msg/detail/object_information__builder.hpp
[18.159s] -- Installing: /home/mscrobotics2425laptop16/Robotics_Team2/src/install/package_with_interfaces/include/package_with_interfaces/package_with_interfaces/msg/detail/object_information__type_support.hpp
[18.159s] -- Installing: /home/mscrobotics2425laptop16/Robotics_Team2/src/install/package_with_interfaces/include/package_with_interfaces/package_with_interfaces/msg/detail/object_information__traits.hpp
[18.159s] -- Installing: /home/mscrobotics2425laptop16/Robotics_Team2/src/install/package_with_interfaces/include/package_with_interfaces/package_with_interfaces/msg/object_information.hpp
[18.159s] -- Installing: /home/mscrobotics2425laptop16/Robotics_Team2/src/install/package_with_interfaces/include/package_with_interfaces/package_with_interfaces/msg/rosidl_generator_cpp__visibility_control.hpp
[18.160s] -- Up-to-date: /home/mscrobotics2425laptop16/Robotics_Team2/src/install/package_with_interfaces/include/package_with_interfaces/package_with_interfaces
[18.161s] -- Up-to-date: /home/mscrobotics2425laptop16/Robotics_Team2/src/install/package_with_interfaces/include/package_with_interfaces/package_with_interfaces/srv
[18.162s] -- Up-to-date: /home/mscrobotics2425laptop16/Robotics_Team2/src/install/package_with_interfaces/include/package_with_interfaces/package_with_interfaces/srv/detail
[18.162s] -- Installing: /home/mscrobotics2425laptop16/Robotics_Team2/src/install/package_with_interfaces/include/package_with_interfaces/package_with_interfaces/srv/detail/object_grab__rosidl_typesupport_fastrtps_cpp.hpp
[18.163s] -- Installing: /home/mscrobotics2425laptop16/Robotics_Team2/src/install/package_with_interfaces/include/package_with_interfaces/package_with_interfaces/srv/detail/set_rover_state__rosidl_typesupport_fastrtps_cpp.hpp
[18.163s] -- Installing: /home/mscrobotics2425laptop16/Robotics_Team2/src/install/package_with_interfaces/include/package_with_interfaces/package_with_interfaces/srv/detail/dds_fastrtps
[18.163s] -- Up-to-date: /home/mscrobotics2425laptop16/Robotics_Team2/src/install/package_with_interfaces/include/package_with_interfaces/package_with_interfaces/msg
[18.164s] -- Up-to-date: /home/mscrobotics2425laptop16/Robotics_Team2/src/install/package_with_interfaces/include/package_with_interfaces/package_with_interfaces/msg/detail
[18.164s] -- Installing: /home/mscrobotics2425laptop16/Robotics_Team2/src/install/package_with_interfaces/include/package_with_interfaces/package_with_interfaces/msg/detail/object_information__rosidl_typesupport_fastrtps_cpp.hpp
[18.164s] -- Installing: /home/mscrobotics2425laptop16/Robotics_Team2/src/install/package_with_interfaces/include/package_with_interfaces/package_with_interfaces/msg/detail/dds_fastrtps
[18.165s] -- Installing: /home/mscrobotics2425laptop16/Robotics_Team2/src/install/package_with_interfaces/include/package_with_interfaces/package_with_interfaces/msg/rosidl_typesupport_fastrtps_cpp__visibility_control.h
[18.165s] -- Installing: /home/mscrobotics2425laptop16/Robotics_Team2/src/install/package_with_interfaces/lib/libpackage_with_interfaces__rosidl_typesupport_fastrtps_cpp.so
[18.166s] -- Set runtime path of "/home/mscrobotics2425laptop16/Robotics_Team2/src/install/package_with_interfaces/lib/libpackage_with_interfaces__rosidl_typesupport_fastrtps_cpp.so" to ""
[18.166s] -- Up-to-date: /home/mscrobotics2425laptop16/Robotics_Team2/src/install/package_with_interfaces/include/package_with_interfaces/package_with_interfaces
[18.166s] -- Up-to-date: /home/mscrobotics2425laptop16/Robotics_Team2/src/install/package_with_interfaces/include/package_with_interfaces/package_with_interfaces/srv
[18.167s] -- Up-to-date: /home/mscrobotics2425laptop16/Robotics_Team2/src/install/package_with_interfaces/include/package_with_interfaces/package_with_interfaces/srv/detail
[18.167s] -- Installing: /home/mscrobotics2425laptop16/Robotics_Team2/src/install/package_with_interfaces/include/package_with_interfaces/package_with_interfaces/srv/detail/set_rover_state__type_support.cpp
[18.167s] -- Installing: /home/mscrobotics2425laptop16/Robotics_Team2/src/install/package_with_interfaces/include/package_with_interfaces/package_with_interfaces/srv/detail/object_grab__type_support.cpp
[18.167s] -- Installing: /home/mscrobotics2425laptop16/Robotics_Team2/src/install/package_with_interfaces/include/package_with_interfaces/package_with_interfaces/srv/detail/set_rover_state__rosidl_typesupport_introspection_cpp.hpp
[18.168s] -- Installing: /home/mscrobotics2425laptop16/Robotics_Team2/src/install/package_with_interfaces/include/package_with_interfaces/package_with_interfaces/srv/detail/object_grab__rosidl_typesupport_introspection_cpp.hpp
[18.172s] -- Up-to-date: /home/mscrobotics2425laptop16/Robotics_Team2/src/install/package_with_interfaces/include/package_with_interfaces/package_with_interfaces/msg
[18.174s] -- Up-to-date: /home/mscrobotics2425laptop16/Robotics_Team2/src/install/package_with_interfaces/include/package_with_interfaces/package_with_interfaces/msg/detail
[18.174s] -- Installing: /home/mscrobotics2425laptop16/Robotics_Team2/src/install/package_with_interfaces/include/package_with_interfaces/package_with_interfaces/msg/detail/object_information__type_support.cpp
[18.174s] -- Installing: /home/mscrobotics2425laptop16/Robotics_Team2/src/install/package_with_interfaces/include/package_with_interfaces/package_with_interfaces/msg/detail/object_information__rosidl_typesupport_introspection_cpp.hpp
[18.175s] -- Installing: /home/mscrobotics2425laptop16/Robotics_Team2/src/install/package_with_interfaces/lib/libpackage_with_interfaces__rosidl_typesupport_introspection_cpp.so
[18.177s] -- Set runtime path of "/home/mscrobotics2425laptop16/Robotics_Team2/src/install/package_with_interfaces/lib/libpackage_with_interfaces__rosidl_typesupport_introspection_cpp.so" to ""
[18.178s] -- Installing: /home/mscrobotics2425laptop16/Robotics_Team2/src/install/package_with_interfaces/lib/libpackage_with_interfaces__rosidl_typesupport_cpp.so
[18.179s] -- Set runtime path of "/home/mscrobotics2425laptop16/Robotics_Team2/src/install/package_with_interfaces/lib/libpackage_with_interfaces__rosidl_typesupport_cpp.so" to ""
[18.179s] -- Installing: /home/mscrobotics2425laptop16/Robotics_Team2/src/install/package_with_interfaces/share/package_with_interfaces/environment/pythonpath.sh
[18.180s] -- Installing: /home/mscrobotics2425laptop16/Robotics_Team2/src/install/package_with_interfaces/share/package_with_interfaces/environment/pythonpath.dsv
[18.180s] -- Installing: /home/mscrobotics2425laptop16/Robotics_Team2/src/install/package_with_interfaces/local/lib/python3.10/dist-packages/package_with_interfaces-0.0.0-py3.10.egg-info
[18.180s] -- Installing: /home/mscrobotics2425laptop16/Robotics_Team2/src/install/package_with_interfaces/local/lib/python3.10/dist-packages/package_with_interfaces-0.0.0-py3.10.egg-info/dependency_links.txt
[18.181s] -- Installing: /home/mscrobotics2425laptop16/Robotics_Team2/src/install/package_with_interfaces/local/lib/python3.10/dist-packages/package_with_interfaces-0.0.0-py3.10.egg-info/PKG-INFO
[18.181s] -- Installing: /home/mscrobotics2425laptop16/Robotics_Team2/src/install/package_with_interfaces/local/lib/python3.10/dist-packages/package_with_interfaces-0.0.0-py3.10.egg-info/top_level.txt
[18.182s] -- Installing: /home/mscrobotics2425laptop16/Robotics_Team2/src/install/package_with_interfaces/local/lib/python3.10/dist-packages/package_with_interfaces-0.0.0-py3.10.egg-info/SOURCES.txt
[18.182s] -- Installing: /home/mscrobotics2425laptop16/Robotics_Team2/src/install/package_with_interfaces/local/lib/python3.10/dist-packages/package_with_interfaces
[18.182s] -- Installing: /home/mscrobotics2425laptop16/Robotics_Team2/src/install/package_with_interfaces/local/lib/python3.10/dist-packages/package_with_interfaces/libpackage_with_interfaces__rosidl_generator_py.so
[18.183s] -- Installing: /home/mscrobotics2425laptop16/Robotics_Team2/src/install/package_with_interfaces/local/lib/python3.10/dist-packages/package_with_interfaces/_package_with_interfaces_s.ep.rosidl_typesupport_c.c
[18.183s] -- Installing: /home/mscrobotics2425laptop16/Robotics_Team2/src/install/package_with_interfaces/local/lib/python3.10/dist-packages/package_with_interfaces/_package_with_interfaces_s.ep.rosidl_typesupport_fastrtps_c.c
[18.184s] -- Installing: /home/mscrobotics2425laptop16/Robotics_Team2/src/install/package_with_interfaces/local/lib/python3.10/dist-packages/package_with_interfaces/__init__.py
[18.189s] -- Installing: /home/mscrobotics2425laptop16/Robotics_Team2/src/install/package_with_interfaces/local/lib/python3.10/dist-packages/package_with_interfaces/package_with_interfaces_s__rosidl_typesupport_introspection_c.cpython-310-x86_64-linux-gnu.so
[18.189s] -- Installing: /home/mscrobotics2425laptop16/Robotics_Team2/src/install/package_with_interfaces/local/lib/python3.10/dist-packages/package_with_interfaces/srv
[18.189s] -- Installing: /home/mscrobotics2425laptop16/Robotics_Team2/src/install/package_with_interfaces/local/lib/python3.10/dist-packages/package_with_interfaces/srv/_set_rover_state.py
[18.193s] -- Installing: /home/mscrobotics2425laptop16/Robotics_Team2/src/install/package_with_interfaces/local/lib/python3.10/dist-packages/package_with_interfaces/srv/_set_rover_state_s.c
[18.194s] -- Installing: /home/mscrobotics2425laptop16/Robotics_Team2/src/install/package_with_interfaces/local/lib/python3.10/dist-packages/package_with_interfaces/srv/__init__.py
[18.194s] -- Installing: /home/mscrobotics2425laptop16/Robotics_Team2/src/install/package_with_interfaces/local/lib/python3.10/dist-packages/package_with_interfaces/srv/_object_grab_s.c
[18.194s] -- Installing: /home/mscrobotics2425laptop16/Robotics_Team2/src/install/package_with_interfaces/local/lib/python3.10/dist-packages/package_with_interfaces/srv/_object_grab.py
[18.194s] -- Installing: /home/mscrobotics2425laptop16/Robotics_Team2/src/install/package_with_interfaces/local/lib/python3.10/dist-packages/package_with_interfaces/msg
[18.194s] -- Installing: /home/mscrobotics2425laptop16/Robotics_Team2/src/install/package_with_interfaces/local/lib/python3.10/dist-packages/package_with_interfaces/msg/_object_information_s.c
[18.196s] -- Installing: /home/mscrobotics2425laptop16/Robotics_Team2/src/install/package_with_interfaces/local/lib/python3.10/dist-packages/package_with_interfaces/msg/__init__.py
[18.196s] -- Installing: /home/mscrobotics2425laptop16/Robotics_Team2/src/install/package_with_interfaces/local/lib/python3.10/dist-packages/package_with_interfaces/msg/_object_information.py
[18.197s] -- Installing: /home/mscrobotics2425laptop16/Robotics_Team2/src/install/package_with_interfaces/local/lib/python3.10/dist-packages/package_with_interfaces/_package_with_interfaces_s.ep.rosidl_typesupport_introspection_c.c
[18.200s] -- Installing: /home/mscrobotics2425laptop16/Robotics_Team2/src/install/package_with_interfaces/local/lib/python3.10/dist-packages/package_with_interfaces/package_with_interfaces_s__rosidl_typesupport_fastrtps_c.cpython-310-x86_64-linux-gnu.so
[18.200s] -- Installing: /home/mscrobotics2425laptop16/Robotics_Team2/src/install/package_with_interfaces/local/lib/python3.10/dist-packages/package_with_interfaces/package_with_interfaces_s__rosidl_typesupport_c.cpython-310-x86_64-linux-gnu.so
[18.345s] Listing '/home/mscrobotics2425laptop16/Robotics_Team2/src/install/package_with_interfaces/local/lib/python3.10/dist-packages/package_with_interfaces'...
[18.346s] Compiling '/home/mscrobotics2425laptop16/Robotics_Team2/src/install/package_with_interfaces/local/lib/python3.10/dist-packages/package_with_interfaces/__init__.py'...
[18.346s] Listing '/home/mscrobotics2425laptop16/Robotics_Team2/src/install/package_with_interfaces/local/lib/python3.10/dist-packages/package_with_interfaces/msg'...
[18.346s] Compiling '/home/mscrobotics2425laptop16/Robotics_Team2/src/install/package_with_interfaces/local/lib/python3.10/dist-packages/package_with_interfaces/msg/__init__.py'...
[18.346s] Compiling '/home/mscrobotics2425laptop16/Robotics_Team2/src/install/package_with_interfaces/local/lib/python3.10/dist-packages/package_with_interfaces/msg/_object_information.py'...
[18.346s] Listing '/home/mscrobotics2425laptop16/Robotics_Team2/src/install/package_with_interfaces/local/lib/python3.10/dist-packages/package_with_interfaces/srv'...
[18.347s] Compiling '/home/mscrobotics2425laptop16/Robotics_Team2/src/install/package_with_interfaces/local/lib/python3.10/dist-packages/package_with_interfaces/srv/__init__.py'...
[18.347s] Compiling '/home/mscrobotics2425laptop16/Robotics_Team2/src/install/package_with_interfaces/local/lib/python3.10/dist-packages/package_with_interfaces/srv/_object_grab.py'...
[18.347s] Compiling '/home/mscrobotics2425laptop16/Robotics_Team2/src/install/package_with_interfaces/local/lib/python3.10/dist-packages/package_with_interfaces/srv/_set_rover_state.py'...
[18.363s] -- Installing: /home/mscrobotics2425laptop16/Robotics_Team2/src/install/package_with_interfaces/local/lib/python3.10/dist-packages/package_with_interfaces/package_with_interfaces_s__rosidl_typesupport_fastrtps_c.cpython-310-x86_64-linux-gnu.so
[18.364s] -- Set runtime path of "/home/mscrobotics2425laptop16/Robotics_Team2/src/install/package_with_interfaces/local/lib/python3.10/dist-packages/package_with_interfaces/package_with_interfaces_s__rosidl_typesupport_fastrtps_c.cpython-310-x86_64-linux-gnu.so" to ""
[18.365s] -- Installing: /home/mscrobotics2425laptop16/Robotics_Team2/src/install/package_with_interfaces/local/lib/python3.10/dist-packages/package_with_interfaces/package_with_interfaces_s__rosidl_typesupport_introspection_c.cpython-310-x86_64-linux-gnu.so
[18.368s] -- Set runtime path of "/home/mscrobotics2425laptop16/Robotics_Team2/src/install/package_with_interfaces/local/lib/python3.10/dist-packages/package_with_interfaces/package_with_interfaces_s__rosidl_typesupport_introspection_c.cpython-310-x86_64-linux-gnu.so" to ""
[18.369s] -- Installing: /home/mscrobotics2425laptop16/Robotics_Team2/src/install/package_with_interfaces/local/lib/python3.10/dist-packages/package_with_interfaces/package_with_interfaces_s__rosidl_typesupport_c.cpython-310-x86_64-linux-gnu.so
[18.371s] -- Set runtime path of "/home/mscrobotics2425laptop16/Robotics_Team2/src/install/package_with_interfaces/local/lib/python3.10/dist-packages/package_with_interfaces/package_with_interfaces_s__rosidl_typesupport_c.cpython-310-x86_64-linux-gnu.so" to ""
[18.371s] -- Installing: /home/mscrobotics2425laptop16/Robotics_Team2/src/install/package_with_interfaces/lib/libpackage_with_interfaces__rosidl_generator_py.so
[18.372s] -- Set runtime path of "/home/mscrobotics2425laptop16/Robotics_Team2/src/install/package_with_interfaces/lib/libpackage_with_interfaces__rosidl_generator_py.so" to ""
[18.372s] -- Installing: /home/mscrobotics2425laptop16/Robotics_Team2/src/install/package_with_interfaces/share/package_with_interfaces/msg/ObjectInformation.idl
[18.373s] -- Installing: /home/mscrobotics2425laptop16/Robotics_Team2/src/install/package_with_interfaces/share/package_with_interfaces/srv/ObjectGrab.idl
[18.373s] -- Installing: /home/mscrobotics2425laptop16/Robotics_Team2/src/install/package_with_interfaces/share/package_with_interfaces/srv/SetRoverState.idl
[18.374s] -- Installing: /home/mscrobotics2425laptop16/Robotics_Team2/src/install/package_with_interfaces/share/package_with_interfaces/msg/ObjectInformation.msg
[18.377s] -- Installing: /home/mscrobotics2425laptop16/Robotics_Team2/src/install/package_with_interfaces/share/package_with_interfaces/srv/ObjectGrab.srv
[18.377s] -- Installing: /home/mscrobotics2425laptop16/Robotics_Team2/src/install/package_with_interfaces/share/package_with_interfaces/srv/ObjectGrab_Request.msg
[18.377s] -- Installing: /home/mscrobotics2425laptop16/Robotics_Team2/src/install/package_with_interfaces/share/package_with_interfaces/srv/ObjectGrab_Response.msg
[18.377s] -- Installing: /home/mscrobotics2425laptop16/Robotics_Team2/src/install/package_with_interfaces/share/package_with_interfaces/srv/SetRoverState.srv
[18.377s] -- Installing: /home/mscrobotics2425laptop16/Robotics_Team2/src/install/package_with_interfaces/share/package_with_interfaces/srv/SetRoverState_Request.msg
[18.380s] -- Installing: /home/mscrobotics2425laptop16/Robotics_Team2/src/install/package_with_interfaces/share/package_with_interfaces/srv/SetRoverState_Response.msg
[18.380s] -- Installing: /home/mscrobotics2425laptop16/Robotics_Team2/src/install/package_with_interfaces/share/ament_index/resource_index/package_run_dependencies/package_with_interfaces
[18.380s] -- Installing: /home/mscrobotics2425laptop16/Robotics_Team2/src/install/package_with_interfaces/share/ament_index/resource_index/parent_prefix_path/package_with_interfaces
[18.381s] -- Installing: /home/mscrobotics2425laptop16/Robotics_Team2/src/install/package_with_interfaces/share/package_with_interfaces/environment/ament_prefix_path.sh
[18.381s] -- Installing: /home/mscrobotics2425laptop16/Robotics_Team2/src/install/package_with_interfaces/share/package_with_interfaces/environment/ament_prefix_path.dsv
[18.381s] -- Installing: /home/mscrobotics2425laptop16/Robotics_Team2/src/install/package_with_interfaces/share/package_with_interfaces/environment/path.sh
[18.381s] -- Installing: /home/mscrobotics2425laptop16/Robotics_Team2/src/install/package_with_interfaces/share/package_with_interfaces/environment/path.dsv
[18.382s] -- Installing: /home/mscrobotics2425laptop16/Robotics_Team2/src/install/package_with_interfaces/share/package_with_interfaces/local_setup.bash
[18.382s] -- Installing: /home/mscrobotics2425laptop16/Robotics_Team2/src/install/package_with_interfaces/share/package_with_interfaces/local_setup.sh
[18.383s] -- Installing: /home/mscrobotics2425laptop16/Robotics_Team2/src/install/package_with_interfaces/share/package_with_interfaces/local_setup.zsh
[18.383s] -- Installing: /home/mscrobotics2425laptop16/Robotics_Team2/src/install/package_with_interfaces/share/package_with_interfaces/local_setup.dsv
[18.383s] -- Installing: /home/mscrobotics2425laptop16/Robotics_Team2/src/install/package_with_interfaces/share/package_with_interfaces/package.dsv
[18.383s] -- Installing: /home/mscrobotics2425laptop16/Robotics_Team2/src/install/package_with_interfaces/share/ament_index/resource_index/packages/package_with_interfaces
[18.383s] -- Installing: /home/mscrobotics2425laptop16/Robotics_Team2/src/install/package_with_interfaces/share/package_with_interfaces/cmake/export_package_with_interfaces__rosidl_generator_cExport.cmake
[18.383s] -- Installing: /home/mscrobotics2425laptop16/Robotics_Team2/src/install/package_with_interfaces/share/package_with_interfaces/cmake/export_package_with_interfaces__rosidl_generator_cExport-noconfig.cmake
[18.384s] -- Installing: /home/mscrobotics2425laptop16/Robotics_Team2/src/install/package_with_interfaces/share/package_with_interfaces/cmake/export_package_with_interfaces__rosidl_typesupport_fastrtps_cExport.cmake
[18.384s] -- Installing: /home/mscrobotics2425laptop16/Robotics_Team2/src/install/package_with_interfaces/share/package_with_interfaces/cmake/export_package_with_interfaces__rosidl_typesupport_fastrtps_cExport-noconfig.cmake
[18.384s] -- Installing: /home/mscrobotics2425laptop16/Robotics_Team2/src/install/package_with_interfaces/share/package_with_interfaces/cmake/package_with_interfaces__rosidl_typesupport_introspection_cExport.cmake
[18.384s] -- Installing: /home/mscrobotics2425laptop16/Robotics_Team2/src/install/package_with_interfaces/share/package_with_interfaces/cmake/package_with_interfaces__rosidl_typesupport_introspection_cExport-noconfig.cmake
[18.385s] -- Installing: /home/mscrobotics2425laptop16/Robotics_Team2/src/install/package_with_interfaces/share/package_with_interfaces/cmake/package_with_interfaces__rosidl_typesupport_cExport.cmake
[18.386s] -- Installing: /home/mscrobotics2425laptop16/Robotics_Team2/src/install/package_with_interfaces/share/package_with_interfaces/cmake/package_with_interfaces__rosidl_typesupport_cExport-noconfig.cmake
[18.387s] -- Installing: /home/mscrobotics2425laptop16/Robotics_Team2/src/install/package_with_interfaces/share/package_with_interfaces/cmake/export_package_with_interfaces__rosidl_generator_cppExport.cmake
[18.396s] -- Installing: /home/mscrobotics2425laptop16/Robotics_Team2/src/install/package_with_interfaces/share/package_with_interfaces/cmake/export_package_with_interfaces__rosidl_typesupport_fastrtps_cppExport.cmake
[18.397s] -- Installing: /home/mscrobotics2425laptop16/Robotics_Team2/src/install/package_with_interfaces/share/package_with_interfaces/cmake/export_package_with_interfaces__rosidl_typesupport_fastrtps_cppExport-noconfig.cmake
[18.401s] -- Installing: /home/mscrobotics2425laptop16/Robotics_Team2/src/install/package_with_interfaces/share/package_with_interfaces/cmake/package_with_interfaces__rosidl_typesupport_introspection_cppExport.cmake
[18.403s] -- Installing: /home/mscrobotics2425laptop16/Robotics_Team2/src/install/package_with_interfaces/share/package_with_interfaces/cmake/package_with_interfaces__rosidl_typesupport_introspection_cppExport-noconfig.cmake
[18.404s] -- Installing: /home/mscrobotics2425laptop16/Robotics_Team2/src/install/package_with_interfaces/share/package_with_interfaces/cmake/package_with_interfaces__rosidl_typesupport_cppExport.cmake
[18.405s] -- Installing: /home/mscrobotics2425laptop16/Robotics_Team2/src/install/package_with_interfaces/share/package_with_interfaces/cmake/package_with_interfaces__rosidl_typesupport_cppExport-noconfig.cmake
[18.406s] -- Installing: /home/mscrobotics2425laptop16/Robotics_Team2/src/install/package_with_interfaces/share/package_with_interfaces/cmake/export_package_with_interfaces__rosidl_generator_pyExport.cmake
[18.407s] -- Installing: /home/mscrobotics2425laptop16/Robotics_Team2/src/install/package_with_interfaces/share/package_with_interfaces/cmake/export_package_with_interfaces__rosidl_generator_pyExport-noconfig.cmake
[18.407s] -- Installing: /home/mscrobotics2425laptop16/Robotics_Team2/src/install/package_with_interfaces/share/package_with_interfaces/cmake/rosidl_cmake-extras.cmake
[18.407s] -- Installing: /home/mscrobotics2425laptop16/Robotics_Team2/src/install/package_with_interfaces/share/package_with_interfaces/cmake/ament_cmake_export_include_directories-extras.cmake
[18.408s] -- Installing: /home/mscrobotics2425laptop16/Robotics_Team2/src/install/package_with_interfaces/share/package_with_interfaces/cmake/ament_cmake_export_libraries-extras.cmake
[18.408s] -- Installing: /home/mscrobotics2425laptop16/Robotics_Team2/src/install/package_with_interfaces/share/package_with_interfaces/cmake/ament_cmake_export_targets-extras.cmake
[18.408s] -- Installing: /home/mscrobotics2425laptop16/Robotics_Team2/src/install/package_with_interfaces/share/package_with_interfaces/cmake/rosidl_cmake_export_typesupport_targets-extras.cmake
[18.409s] -- Installing: /home/mscrobotics2425laptop16/Robotics_Team2/src/install/package_with_interfaces/share/package_with_interfaces/cmake/ament_cmake_export_dependencies-extras.cmake
[18.409s] -- Installing: /home/mscrobotics2425laptop16/Robotics_Team2/src/install/package_with_interfaces/share/package_with_interfaces/cmake/rosidl_cmake_export_typesupport_libraries-extras.cmake
[18.409s] -- Installing: /home/mscrobotics2425laptop16/Robotics_Team2/src/install/package_with_interfaces/share/package_with_interfaces/cmake/package_with_interfacesConfig.cmake
[18.409s] -- Installing: /home/mscrobotics2425laptop16/Robotics_Team2/src/install/package_with_interfaces/share/package_with_interfaces/cmake/package_with_interfacesConfig-version.cmake
[18.409s] -- Installing: /home/mscrobotics2425laptop16/Robotics_Team2/src/install/package_with_interfaces/share/package_with_interfaces/package.xml
[18.420s] Invoked command in '/home/mscrobotics2425laptop16/Robotics_Team2/src/build/package_with_interfaces' returned '0': CMAKE_PREFIX_PATH=${CMAKE_PREFIX_PATH}:/home/mscrobotics2425laptop16/interbotix_ws/install/interbotix_xs_modules:/home/mscrobotics2425laptop16/interbotix_ws/install/interbotix_perception_modules:/home/mscrobotics2425laptop16/interbotix_ws/install/interbotix_common_modules:/home/mscrobotics2425laptop16/interbotix_ws/install/control_pkg:/opt/ros/humble /usr/bin/cmake --install /home/mscrobotics2425laptop16/Robotics_Team2/src/build/package_with_interfaces
