[1.613s] Invoking command in '/home/mscrobotics2425laptop21/Team2_Workspace/src/object_detection': PYTHONPATH=/home/mscrobotics2425laptop21/Team2_Workspace/build/object_detection/prefix_override:/usr/lib/python3/dist-packages/colcon_core/task/python/colcon_distutils_commands:/home/mscrobotics2425laptop21/Team2_Workspace/install/object_detection/lib/python3.10/site-packages:${PYTHONPATH} /usr/bin/python3 -W ignore:setup.py install is deprecated setup.py egg_info --egg-base ../../build/object_detection build --build-base /home/mscrobotics2425laptop21/Team2_Workspace/build/object_detection/build install --record /home/mscrobotics2425laptop21/Team2_Workspace/build/object_detection/install.log --single-version-externally-managed install_data
[2.072s] running egg_info
[2.074s] writing ../../build/object_detection/object_detection.egg-info/PKG-INFO
[2.074s] writing dependency_links to ../../build/object_detection/object_detection.egg-info/dependency_links.txt
[2.074s] writing entry points to ../../build/object_detection/object_detection.egg-info/entry_points.txt
[2.075s] writing requirements to ../../build/object_detection/object_detection.egg-info/requires.txt
[2.075s] writing top-level names to ../../build/object_detection/object_detection.egg-info/top_level.txt
[2.078s] reading manifest file '../../build/object_detection/object_detection.egg-info/SOURCES.txt'
[2.081s] writing manifest file '../../build/object_detection/object_detection.egg-info/SOURCES.txt'
[2.081s] running build
[2.081s] running build_py
[2.082s] running install
[2.083s] running install_lib
[2.086s] running install_data
[2.086s] running install_egg_info
[2.091s] removing '/home/mscrobotics2425laptop21/Team2_Workspace/install/object_detection/lib/python3.10/site-packages/object_detection-0.0.0-py3.10.egg-info' (and everything under it)
[2.091s] Copying ../../build/object_detection/object_detection.egg-info to /home/mscrobotics2425laptop21/Team2_Workspace/install/object_detection/lib/python3.10/site-packages/object_detection-0.0.0-py3.10.egg-info
[2.093s] running install_scripts
[2.127s] Installing collect_data script to /home/mscrobotics2425laptop21/Team2_Workspace/install/object_detection/lib/object_detection
[2.128s] Installing predict script to /home/mscrobotics2425laptop21/Team2_Workspace/install/object_detection/lib/object_detection
[2.128s] Installing test script to /home/mscrobotics2425laptop21/Team2_Workspace/install/object_detection/lib/object_detection
[2.129s] writing list of installed files to '/home/mscrobotics2425laptop21/Team2_Workspace/build/object_detection/install.log'
[2.172s] Invoked command in '/home/mscrobotics2425laptop21/Team2_Workspace/src/object_detection' returned '0': PYTHONPATH=/home/mscrobotics2425laptop21/Team2_Workspace/build/object_detection/prefix_override:/usr/lib/python3/dist-packages/colcon_core/task/python/colcon_distutils_commands:/home/mscrobotics2425laptop21/Team2_Workspace/install/object_detection/lib/python3.10/site-packages:${PYTHONPATH} /usr/bin/python3 -W ignore:setup.py install is deprecated setup.py egg_info --egg-base ../../build/object_detection build --build-base /home/mscrobotics2425laptop21/Team2_Workspace/build/object_detection/build install --record /home/mscrobotics2425laptop21/Team2_Workspace/build/object_detection/install.log --single-version-externally-managed install_data
