[0.524s] Invoking command in '/home/mscrobotics2425laptop16/Robotics_Team2/build/package_with_interfaces': CMAKE_PREFIX_PATH=${CMAKE_PREFIX_PATH}:/home/mscrobotics2425laptop16/interbotix_ws/install/interbotix_xs_modules:/home/mscrobotics2425laptop16/interbotix_ws/install/interbotix_perception_modules:/home/mscrobotics2425laptop16/interbotix_ws/install/interbotix_common_modules:/home/mscrobotics2425laptop16/interbotix_ws/install/control_pkg:/opt/ros/humble /usr/bin/cmake --build /home/mscrobotics2425laptop16/Robotics_Team2/build/package_with_interfaces -- -j12 -l12
[5.734s] [  2%] Built target package_with_interfaces__cpp
[5.742s] [  2%] Built target ament_cmake_python_copy_package_with_interfaces
[5.755s] [ 12%] Built target package_with_interfaces__rosidl_typesupport_introspection_cpp
[5.755s] running egg_info
[5.756s] writing package_with_interfaces.egg-info/PKG-INFO
[5.756s] writing dependency_links to package_with_interfaces.egg-info/dependency_links.txt
[5.756s] writing top-level names to package_with_interfaces.egg-info/top_level.txt
[5.756s] reading manifest file 'package_with_interfaces.egg-info/SOURCES.txt'
[5.765s] writing manifest file 'package_with_interfaces.egg-info/SOURCES.txt'
[5.778s] [ 12%] Built target ament_cmake_python_build_package_with_interfaces_egg
[5.779s] [ 23%] Built target package_with_interfaces__rosidl_typesupport_fastrtps_cpp
[5.779s] [ 33%] Built target package_with_interfaces__rosidl_typesupport_cpp
[5.779s] [ 43%] Built target package_with_interfaces__rosidl_generator_c
[5.780s] [ 53%] Built target package_with_interfaces__rosidl_typesupport_fastrtps_c
[5.780s] [ 64%] Built target package_with_interfaces__rosidl_typesupport_c
[5.780s] [ 74%] Built target package_with_interfaces__rosidl_typesupport_introspection_c
[5.792s] [ 74%] Built target package_with_interfaces
[5.793s] [ 76%] Built target package_with_interfaces__py
[5.793s] [ 84%] Built target package_with_interfaces__rosidl_generator_py
[5.793s] [ 89%] Built target package_with_interfaces__rosidl_typesupport_fastrtps_c__pyext
[5.793s] [ 94%] Built target package_with_interfaces__rosidl_typesupport_c__pyext
[5.794s] [100%] Built target package_with_interfaces__rosidl_typesupport_introspection_c__pyext
[7.675s] Invoked command in '/home/mscrobotics2425laptop16/Robotics_Team2/build/package_with_interfaces' returned '0': CMAKE_PREFIX_PATH=${CMAKE_PREFIX_PATH}:/home/mscrobotics2425laptop16/interbotix_ws/install/interbotix_xs_modules:/home/mscrobotics2425laptop16/interbotix_ws/install/interbotix_perception_modules:/home/mscrobotics2425laptop16/interbotix_ws/install/interbotix_common_modules:/home/mscrobotics2425laptop16/interbotix_ws/install/control_pkg:/opt/ros/humble /usr/bin/cmake --build /home/mscrobotics2425laptop16/Robotics_Team2/build/package_with_interfaces -- -j12 -l12
[7.761s] Invoking command in '/home/mscrobotics2425laptop16/Robotics_Team2/build/package_with_interfaces': CMAKE_PREFIX_PATH=${CMAKE_PREFIX_PATH}:/home/mscrobotics2425laptop16/interbotix_ws/install/interbotix_xs_modules:/home/mscrobotics2425laptop16/interbotix_ws/install/interbotix_perception_modules:/home/mscrobotics2425laptop16/interbotix_ws/install/interbotix_common_modules:/home/mscrobotics2425laptop16/interbotix_ws/install/control_pkg:/opt/ros/humble /usr/bin/cmake --install /home/mscrobotics2425laptop16/Robotics_Team2/build/package_with_interfaces
[7.849s] -- Install configuration: ""
[7.850s] -- Up-to-date: /home/mscrobotics2425laptop16/Robotics_Team2/install/package_with_interfaces/share/ament_index/resource_index/rosidl_interfaces/package_with_interfaces
[7.851s] -- Up-to-date: /home/mscrobotics2425laptop16/Robotics_Team2/install/package_with_interfaces/include/package_with_interfaces/package_with_interfaces
[7.851s] -- Up-to-date: /home/mscrobotics2425laptop16/Robotics_Team2/install/package_with_interfaces/include/package_with_interfaces/package_with_interfaces/srv
[7.851s] -- Up-to-date: /home/mscrobotics2425laptop16/Robotics_Team2/install/package_with_interfaces/include/package_with_interfaces/package_with_interfaces/srv/detail
[7.852s] -- Up-to-date: /home/mscrobotics2425laptop16/Robotics_Team2/install/package_with_interfaces/include/package_with_interfaces/package_with_interfaces/srv/detail/object_grab__type_support.h
[7.852s] -- Up-to-date: /home/mscrobotics2425laptop16/Robotics_Team2/install/package_with_interfaces/include/package_with_interfaces/package_with_interfaces/srv/detail/object_grab__struct.h
[7.852s] -- Up-to-date: /home/mscrobotics2425laptop16/Robotics_Team2/install/package_with_interfaces/include/package_with_interfaces/package_with_interfaces/srv/detail/object_grab__functions.h
[7.872s] -- Up-to-date: /home/mscrobotics2425laptop16/Robotics_Team2/install/package_with_interfaces/include/package_with_interfaces/package_with_interfaces/srv/detail/object_grab__functions.c
[7.872s] -- Up-to-date: /home/mscrobotics2425laptop16/Robotics_Team2/install/package_with_interfaces/include/package_with_interfaces/package_with_interfaces/srv/object_grab.h
[7.873s] -- Up-to-date: /home/mscrobotics2425laptop16/Robotics_Team2/install/package_with_interfaces/include/package_with_interfaces/package_with_interfaces/msg
[7.873s] -- Up-to-date: /home/mscrobotics2425laptop16/Robotics_Team2/install/package_with_interfaces/include/package_with_interfaces/package_with_interfaces/msg/detail
[7.873s] -- Up-to-date: /home/mscrobotics2425laptop16/Robotics_Team2/install/package_with_interfaces/include/package_with_interfaces/package_with_interfaces/msg/detail/object_information__functions.h
[7.874s] -- Up-to-date: /home/mscrobotics2425laptop16/Robotics_Team2/install/package_with_interfaces/include/package_with_interfaces/package_with_interfaces/msg/detail/object_information__type_support.h
[7.874s] -- Up-to-date: /home/mscrobotics2425laptop16/Robotics_Team2/install/package_with_interfaces/include/package_with_interfaces/package_with_interfaces/msg/detail/object_information__struct.h
[7.874s] -- Up-to-date: /home/mscrobotics2425laptop16/Robotics_Team2/install/package_with_interfaces/include/package_with_interfaces/package_with_interfaces/msg/detail/object_information__functions.c
[7.875s] -- Up-to-date: /home/mscrobotics2425laptop16/Robotics_Team2/install/package_with_interfaces/include/package_with_interfaces/package_with_interfaces/msg/object_information.h
[7.875s] -- Up-to-date: /home/mscrobotics2425laptop16/Robotics_Team2/install/package_with_interfaces/include/package_with_interfaces/package_with_interfaces/msg/rosidl_generator_c__visibility_control.h
[7.890s] -- Up-to-date: /home/mscrobotics2425laptop16/Robotics_Team2/install/package_with_interfaces/share/package_with_interfaces/environment/library_path.sh
[7.891s] -- Up-to-date: /home/mscrobotics2425laptop16/Robotics_Team2/install/package_with_interfaces/share/package_with_interfaces/environment/library_path.dsv
[7.891s] -- Up-to-date: /home/mscrobotics2425laptop16/Robotics_Team2/install/package_with_interfaces/lib/libpackage_with_interfaces__rosidl_generator_c.so
[7.898s] -- Up-to-date: /home/mscrobotics2425laptop16/Robotics_Team2/install/package_with_interfaces/include/package_with_interfaces/package_with_interfaces
[7.901s] -- Up-to-date: /home/mscrobotics2425laptop16/Robotics_Team2/install/package_with_interfaces/include/package_with_interfaces/package_with_interfaces/srv
[7.903s] -- Up-to-date: /home/mscrobotics2425laptop16/Robotics_Team2/install/package_with_interfaces/include/package_with_interfaces/package_with_interfaces/srv/detail
[7.904s] -- Up-to-date: /home/mscrobotics2425laptop16/Robotics_Team2/install/package_with_interfaces/include/package_with_interfaces/package_with_interfaces/srv/detail/object_grab__rosidl_typesupport_fastrtps_c.h
[7.909s] -- Up-to-date: /home/mscrobotics2425laptop16/Robotics_Team2/install/package_with_interfaces/include/package_with_interfaces/package_with_interfaces/msg
[7.910s] -- Up-to-date: /home/mscrobotics2425laptop16/Robotics_Team2/install/package_with_interfaces/include/package_with_interfaces/package_with_interfaces/msg/detail
[7.910s] -- Up-to-date: /home/mscrobotics2425laptop16/Robotics_Team2/install/package_with_interfaces/include/package_with_interfaces/package_with_interfaces/msg/detail/object_information__rosidl_typesupport_fastrtps_c.h
[7.912s] -- Up-to-date: /home/mscrobotics2425laptop16/Robotics_Team2/install/package_with_interfaces/include/package_with_interfaces/package_with_interfaces/msg/rosidl_typesupport_fastrtps_c__visibility_control.h
[7.915s] -- Up-to-date: /home/mscrobotics2425laptop16/Robotics_Team2/install/package_with_interfaces/lib/libpackage_with_interfaces__rosidl_typesupport_fastrtps_c.so
[7.915s] -- Up-to-date: /home/mscrobotics2425laptop16/Robotics_Team2/install/package_with_interfaces/include/package_with_interfaces/package_with_interfaces
[7.916s] -- Up-to-date: /home/mscrobotics2425laptop16/Robotics_Team2/install/package_with_interfaces/include/package_with_interfaces/package_with_interfaces/srv
[7.916s] -- Up-to-date: /home/mscrobotics2425laptop16/Robotics_Team2/install/package_with_interfaces/include/package_with_interfaces/package_with_interfaces/srv/detail
[7.916s] -- Up-to-date: /home/mscrobotics2425laptop16/Robotics_Team2/install/package_with_interfaces/include/package_with_interfaces/package_with_interfaces/srv/detail/object_grab__type_support.c
[7.917s] -- Up-to-date: /home/mscrobotics2425laptop16/Robotics_Team2/install/package_with_interfaces/include/package_with_interfaces/package_with_interfaces/srv/detail/object_grab__rosidl_typesupport_introspection_c.h
[7.917s] -- Up-to-date: /home/mscrobotics2425laptop16/Robotics_Team2/install/package_with_interfaces/include/package_with_interfaces/package_with_interfaces/msg
[7.917s] -- Up-to-date: /home/mscrobotics2425laptop16/Robotics_Team2/install/package_with_interfaces/include/package_with_interfaces/package_with_interfaces/msg/rosidl_typesupport_introspection_c__visibility_control.h
[7.918s] -- Up-to-date: /home/mscrobotics2425laptop16/Robotics_Team2/install/package_with_interfaces/include/package_with_interfaces/package_with_interfaces/msg/detail
[7.918s] -- Up-to-date: /home/mscrobotics2425laptop16/Robotics_Team2/install/package_with_interfaces/include/package_with_interfaces/package_with_interfaces/msg/detail/object_information__type_support.c
[7.922s] -- Up-to-date: /home/mscrobotics2425laptop16/Robotics_Team2/install/package_with_interfaces/include/package_with_interfaces/package_with_interfaces/msg/detail/object_information__rosidl_typesupport_introspection_c.h
[7.922s] -- Up-to-date: /home/mscrobotics2425laptop16/Robotics_Team2/install/package_with_interfaces/lib/libpackage_with_interfaces__rosidl_typesupport_introspection_c.so
[7.922s] -- Up-to-date: /home/mscrobotics2425laptop16/Robotics_Team2/install/package_with_interfaces/lib/libpackage_with_interfaces__rosidl_typesupport_c.so
[7.922s] -- Up-to-date: /home/mscrobotics2425laptop16/Robotics_Team2/install/package_with_interfaces/include/package_with_interfaces/package_with_interfaces
[7.923s] -- Up-to-date: /home/mscrobotics2425laptop16/Robotics_Team2/install/package_with_interfaces/include/package_with_interfaces/package_with_interfaces/srv
[7.923s] -- Up-to-date: /home/mscrobotics2425laptop16/Robotics_Team2/install/package_with_interfaces/include/package_with_interfaces/package_with_interfaces/srv/object_grab.hpp
[7.923s] -- Up-to-date: /home/mscrobotics2425laptop16/Robotics_Team2/install/package_with_interfaces/include/package_with_interfaces/package_with_interfaces/srv/detail
[7.923s] -- Up-to-date: /home/mscrobotics2425laptop16/Robotics_Team2/install/package_with_interfaces/include/package_with_interfaces/package_with_interfaces/srv/detail/object_grab__traits.hpp
[7.923s] -- Up-to-date: /home/mscrobotics2425laptop16/Robotics_Team2/install/package_with_interfaces/include/package_with_interfaces/package_with_interfaces/srv/detail/object_grab__type_support.hpp
[7.924s] -- Up-to-date: /home/mscrobotics2425laptop16/Robotics_Team2/install/package_with_interfaces/include/package_with_interfaces/package_with_interfaces/srv/detail/object_grab__struct.hpp
[7.924s] -- Up-to-date: /home/mscrobotics2425laptop16/Robotics_Team2/install/package_with_interfaces/include/package_with_interfaces/package_with_interfaces/srv/detail/object_grab__builder.hpp
[7.924s] -- Up-to-date: /home/mscrobotics2425laptop16/Robotics_Team2/install/package_with_interfaces/include/package_with_interfaces/package_with_interfaces/msg
[7.924s] -- Up-to-date: /home/mscrobotics2425laptop16/Robotics_Team2/install/package_with_interfaces/include/package_with_interfaces/package_with_interfaces/msg/detail
[7.925s] -- Up-to-date: /home/mscrobotics2425laptop16/Robotics_Team2/install/package_with_interfaces/include/package_with_interfaces/package_with_interfaces/msg/detail/object_information__struct.hpp
[7.925s] -- Up-to-date: /home/mscrobotics2425laptop16/Robotics_Team2/install/package_with_interfaces/include/package_with_interfaces/package_with_interfaces/msg/detail/object_information__builder.hpp
[7.925s] -- Up-to-date: /home/mscrobotics2425laptop16/Robotics_Team2/install/package_with_interfaces/include/package_with_interfaces/package_with_interfaces/msg/detail/object_information__type_support.hpp
[7.925s] -- Up-to-date: /home/mscrobotics2425laptop16/Robotics_Team2/install/package_with_interfaces/include/package_with_interfaces/package_with_interfaces/msg/detail/object_information__traits.hpp
[7.926s] -- Up-to-date: /home/mscrobotics2425laptop16/Robotics_Team2/install/package_with_interfaces/include/package_with_interfaces/package_with_interfaces/msg/object_information.hpp
[7.926s] -- Up-to-date: /home/mscrobotics2425laptop16/Robotics_Team2/install/package_with_interfaces/include/package_with_interfaces/package_with_interfaces/msg/rosidl_generator_cpp__visibility_control.hpp
[7.926s] -- Up-to-date: /home/mscrobotics2425laptop16/Robotics_Team2/install/package_with_interfaces/include/package_with_interfaces/package_with_interfaces
[7.927s] -- Up-to-date: /home/mscrobotics2425laptop16/Robotics_Team2/install/package_with_interfaces/include/package_with_interfaces/package_with_interfaces/srv
[7.927s] -- Up-to-date: /home/mscrobotics2425laptop16/Robotics_Team2/install/package_with_interfaces/include/package_with_interfaces/package_with_interfaces/srv/detail
[7.927s] -- Up-to-date: /home/mscrobotics2425laptop16/Robotics_Team2/install/package_with_interfaces/include/package_with_interfaces/package_with_interfaces/srv/detail/object_grab__rosidl_typesupport_fastrtps_cpp.hpp
[7.927s] -- Up-to-date: /home/mscrobotics2425laptop16/Robotics_Team2/install/package_with_interfaces/include/package_with_interfaces/package_with_interfaces/srv/detail/dds_fastrtps
[7.928s] -- Up-to-date: /home/mscrobotics2425laptop16/Robotics_Team2/install/package_with_interfaces/include/package_with_interfaces/package_with_interfaces/msg
[7.928s] -- Up-to-date: /home/mscrobotics2425laptop16/Robotics_Team2/install/package_with_interfaces/include/package_with_interfaces/package_with_interfaces/msg/detail
[7.928s] -- Up-to-date: /home/mscrobotics2425laptop16/Robotics_Team2/install/package_with_interfaces/include/package_with_interfaces/package_with_interfaces/msg/detail/object_information__rosidl_typesupport_fastrtps_cpp.hpp
[7.929s] -- Up-to-date: /home/mscrobotics2425laptop16/Robotics_Team2/install/package_with_interfaces/include/package_with_interfaces/package_with_interfaces/msg/detail/dds_fastrtps
[7.929s] -- Up-to-date: /home/mscrobotics2425laptop16/Robotics_Team2/install/package_with_interfaces/include/package_with_interfaces/package_with_interfaces/msg/rosidl_typesupport_fastrtps_cpp__visibility_control.h
[7.929s] -- Up-to-date: /home/mscrobotics2425laptop16/Robotics_Team2/install/package_with_interfaces/lib/libpackage_with_interfaces__rosidl_typesupport_fastrtps_cpp.so
[7.930s] -- Up-to-date: /home/mscrobotics2425laptop16/Robotics_Team2/install/package_with_interfaces/include/package_with_interfaces/package_with_interfaces
[7.930s] -- Up-to-date: /home/mscrobotics2425laptop16/Robotics_Team2/install/package_with_interfaces/include/package_with_interfaces/package_with_interfaces/srv
[7.930s] -- Up-to-date: /home/mscrobotics2425laptop16/Robotics_Team2/install/package_with_interfaces/include/package_with_interfaces/package_with_interfaces/srv/detail
[7.930s] -- Up-to-date: /home/mscrobotics2425laptop16/Robotics_Team2/install/package_with_interfaces/include/package_with_interfaces/package_with_interfaces/srv/detail/object_grab__type_support.cpp
[7.931s] -- Up-to-date: /home/mscrobotics2425laptop16/Robotics_Team2/install/package_with_interfaces/include/package_with_interfaces/package_with_interfaces/srv/detail/object_grab__rosidl_typesupport_introspection_cpp.hpp
[7.931s] -- Up-to-date: /home/mscrobotics2425laptop16/Robotics_Team2/install/package_with_interfaces/include/package_with_interfaces/package_with_interfaces/msg
[7.931s] -- Up-to-date: /home/mscrobotics2425laptop16/Robotics_Team2/install/package_with_interfaces/include/package_with_interfaces/package_with_interfaces/msg/detail
[7.932s] -- Up-to-date: /home/mscrobotics2425laptop16/Robotics_Team2/install/package_with_interfaces/include/package_with_interfaces/package_with_interfaces/msg/detail/object_information__type_support.cpp
[7.933s] -- Up-to-date: /home/mscrobotics2425laptop16/Robotics_Team2/install/package_with_interfaces/include/package_with_interfaces/package_with_interfaces/msg/detail/object_information__rosidl_typesupport_introspection_cpp.hpp
[7.934s] -- Up-to-date: /home/mscrobotics2425laptop16/Robotics_Team2/install/package_with_interfaces/lib/libpackage_with_interfaces__rosidl_typesupport_introspection_cpp.so
[7.934s] -- Up-to-date: /home/mscrobotics2425laptop16/Robotics_Team2/install/package_with_interfaces/lib/libpackage_with_interfaces__rosidl_typesupport_cpp.so
[7.934s] -- Up-to-date: /home/mscrobotics2425laptop16/Robotics_Team2/install/package_with_interfaces/share/package_with_interfaces/environment/pythonpath.sh
[7.935s] -- Up-to-date: /home/mscrobotics2425laptop16/Robotics_Team2/install/package_with_interfaces/share/package_with_interfaces/environment/pythonpath.dsv
[7.935s] -- Up-to-date: /home/mscrobotics2425laptop16/Robotics_Team2/install/package_with_interfaces/local/lib/python3.10/dist-packages/package_with_interfaces-0.0.0-py3.10.egg-info
[7.935s] -- Installing: /home/mscrobotics2425laptop16/Robotics_Team2/install/package_with_interfaces/local/lib/python3.10/dist-packages/package_with_interfaces-0.0.0-py3.10.egg-info/dependency_links.txt
[7.935s] -- Installing: /home/mscrobotics2425laptop16/Robotics_Team2/install/package_with_interfaces/local/lib/python3.10/dist-packages/package_with_interfaces-0.0.0-py3.10.egg-info/PKG-INFO
[7.936s] -- Installing: /home/mscrobotics2425laptop16/Robotics_Team2/install/package_with_interfaces/local/lib/python3.10/dist-packages/package_with_interfaces-0.0.0-py3.10.egg-info/top_level.txt
[7.936s] -- Installing: /home/mscrobotics2425laptop16/Robotics_Team2/install/package_with_interfaces/local/lib/python3.10/dist-packages/package_with_interfaces-0.0.0-py3.10.egg-info/SOURCES.txt
[7.936s] -- Up-to-date: /home/mscrobotics2425laptop16/Robotics_Team2/install/package_with_interfaces/local/lib/python3.10/dist-packages/package_with_interfaces
[7.936s] -- Up-to-date: /home/mscrobotics2425laptop16/Robotics_Team2/install/package_with_interfaces/local/lib/python3.10/dist-packages/package_with_interfaces/libpackage_with_interfaces__rosidl_generator_py.so
[7.937s] -- Up-to-date: /home/mscrobotics2425laptop16/Robotics_Team2/install/package_with_interfaces/local/lib/python3.10/dist-packages/package_with_interfaces/_package_with_interfaces_s.ep.rosidl_typesupport_c.c
[7.937s] -- Up-to-date: /home/mscrobotics2425laptop16/Robotics_Team2/install/package_with_interfaces/local/lib/python3.10/dist-packages/package_with_interfaces/_package_with_interfaces_s.ep.rosidl_typesupport_fastrtps_c.c
[7.937s] -- Up-to-date: /home/mscrobotics2425laptop16/Robotics_Team2/install/package_with_interfaces/local/lib/python3.10/dist-packages/package_with_interfaces/__init__.py
[7.937s] -- Up-to-date: /home/mscrobotics2425laptop16/Robotics_Team2/install/package_with_interfaces/local/lib/python3.10/dist-packages/package_with_interfaces/package_with_interfaces_s__rosidl_typesupport_introspection_c.cpython-310-x86_64-linux-gnu.so
[7.937s] -- Up-to-date: /home/mscrobotics2425laptop16/Robotics_Team2/install/package_with_interfaces/local/lib/python3.10/dist-packages/package_with_interfaces/srv
[7.938s] -- Up-to-date: /home/mscrobotics2425laptop16/Robotics_Team2/install/package_with_interfaces/local/lib/python3.10/dist-packages/package_with_interfaces/srv/__init__.py
[7.938s] -- Up-to-date: /home/mscrobotics2425laptop16/Robotics_Team2/install/package_with_interfaces/local/lib/python3.10/dist-packages/package_with_interfaces/srv/_object_grab_s.c
[7.938s] -- Up-to-date: /home/mscrobotics2425laptop16/Robotics_Team2/install/package_with_interfaces/local/lib/python3.10/dist-packages/package_with_interfaces/srv/_object_grab.py
[7.939s] -- Up-to-date: /home/mscrobotics2425laptop16/Robotics_Team2/install/package_with_interfaces/local/lib/python3.10/dist-packages/package_with_interfaces/msg
[7.939s] -- Up-to-date: /home/mscrobotics2425laptop16/Robotics_Team2/install/package_with_interfaces/local/lib/python3.10/dist-packages/package_with_interfaces/msg/_object_information_s.c
[7.939s] -- Up-to-date: /home/mscrobotics2425laptop16/Robotics_Team2/install/package_with_interfaces/local/lib/python3.10/dist-packages/package_with_interfaces/msg/__init__.py
[7.939s] -- Up-to-date: /home/mscrobotics2425laptop16/Robotics_Team2/install/package_with_interfaces/local/lib/python3.10/dist-packages/package_with_interfaces/msg/_object_information.py
[7.940s] -- Up-to-date: /home/mscrobotics2425laptop16/Robotics_Team2/install/package_with_interfaces/local/lib/python3.10/dist-packages/package_with_interfaces/_package_with_interfaces_s.ep.rosidl_typesupport_introspection_c.c
[7.940s] -- Up-to-date: /home/mscrobotics2425laptop16/Robotics_Team2/install/package_with_interfaces/local/lib/python3.10/dist-packages/package_with_interfaces/package_with_interfaces_s__rosidl_typesupport_fastrtps_c.cpython-310-x86_64-linux-gnu.so
[7.940s] -- Up-to-date: /home/mscrobotics2425laptop16/Robotics_Team2/install/package_with_interfaces/local/lib/python3.10/dist-packages/package_with_interfaces/package_with_interfaces_s__rosidl_typesupport_c.cpython-310-x86_64-linux-gnu.so
[8.101s] Listing '/home/mscrobotics2425laptop16/Robotics_Team2/install/package_with_interfaces/local/lib/python3.10/dist-packages/package_with_interfaces'...
[8.102s] Listing '/home/mscrobotics2425laptop16/Robotics_Team2/install/package_with_interfaces/local/lib/python3.10/dist-packages/package_with_interfaces/msg'...
[8.102s] Listing '/home/mscrobotics2425laptop16/Robotics_Team2/install/package_with_interfaces/local/lib/python3.10/dist-packages/package_with_interfaces/srv'...
[8.133s] -- Up-to-date: /home/mscrobotics2425laptop16/Robotics_Team2/install/package_with_interfaces/local/lib/python3.10/dist-packages/package_with_interfaces/package_with_interfaces_s__rosidl_typesupport_fastrtps_c.cpython-310-x86_64-linux-gnu.so
[8.139s] -- Up-to-date: /home/mscrobotics2425laptop16/Robotics_Team2/install/package_with_interfaces/local/lib/python3.10/dist-packages/package_with_interfaces/package_with_interfaces_s__rosidl_typesupport_introspection_c.cpython-310-x86_64-linux-gnu.so
[8.140s] -- Up-to-date: /home/mscrobotics2425laptop16/Robotics_Team2/install/package_with_interfaces/local/lib/python3.10/dist-packages/package_with_interfaces/package_with_interfaces_s__rosidl_typesupport_c.cpython-310-x86_64-linux-gnu.so
[8.146s] -- Up-to-date: /home/mscrobotics2425laptop16/Robotics_Team2/install/package_with_interfaces/lib/libpackage_with_interfaces__rosidl_generator_py.so
[8.150s] -- Up-to-date: /home/mscrobotics2425laptop16/Robotics_Team2/install/package_with_interfaces/share/package_with_interfaces/msg/ObjectInformation.idl
[8.151s] -- Up-to-date: /home/mscrobotics2425laptop16/Robotics_Team2/install/package_with_interfaces/share/package_with_interfaces/srv/ObjectGrab.idl
[8.153s] -- Up-to-date: /home/mscrobotics2425laptop16/Robotics_Team2/install/package_with_interfaces/share/package_with_interfaces/msg/ObjectInformation.msg
[8.157s] -- Up-to-date: /home/mscrobotics2425laptop16/Robotics_Team2/install/package_with_interfaces/share/package_with_interfaces/srv/ObjectGrab.srv
[8.158s] -- Up-to-date: /home/mscrobotics2425laptop16/Robotics_Team2/install/package_with_interfaces/share/package_with_interfaces/srv/ObjectGrab_Request.msg
[8.159s] -- Up-to-date: /home/mscrobotics2425laptop16/Robotics_Team2/install/package_with_interfaces/share/package_with_interfaces/srv/ObjectGrab_Response.msg
[8.159s] -- Up-to-date: /home/mscrobotics2425laptop16/Robotics_Team2/install/package_with_interfaces/share/ament_index/resource_index/package_run_dependencies/package_with_interfaces
[8.163s] -- Up-to-date: /home/mscrobotics2425laptop16/Robotics_Team2/install/package_with_interfaces/share/ament_index/resource_index/parent_prefix_path/package_with_interfaces
[8.176s] -- Up-to-date: /home/mscrobotics2425laptop16/Robotics_Team2/install/package_with_interfaces/share/package_with_interfaces/environment/ament_prefix_path.sh
[8.177s] -- Up-to-date: /home/mscrobotics2425laptop16/Robotics_Team2/install/package_with_interfaces/share/package_with_interfaces/environment/ament_prefix_path.dsv
[8.177s] -- Up-to-date: /home/mscrobotics2425laptop16/Robotics_Team2/install/package_with_interfaces/share/package_with_interfaces/environment/path.sh
[8.177s] -- Up-to-date: /home/mscrobotics2425laptop16/Robotics_Team2/install/package_with_interfaces/share/package_with_interfaces/environment/path.dsv
[8.177s] -- Up-to-date: /home/mscrobotics2425laptop16/Robotics_Team2/install/package_with_interfaces/share/package_with_interfaces/local_setup.bash
[8.177s] -- Up-to-date: /home/mscrobotics2425laptop16/Robotics_Team2/install/package_with_interfaces/share/package_with_interfaces/local_setup.sh
[8.178s] -- Up-to-date: /home/mscrobotics2425laptop16/Robotics_Team2/install/package_with_interfaces/share/package_with_interfaces/local_setup.zsh
[8.194s] -- Up-to-date: /home/mscrobotics2425laptop16/Robotics_Team2/install/package_with_interfaces/share/package_with_interfaces/local_setup.dsv
[8.194s] -- Installing: /home/mscrobotics2425laptop16/Robotics_Team2/install/package_with_interfaces/share/package_with_interfaces/package.dsv
[8.198s] -- Up-to-date: /home/mscrobotics2425laptop16/Robotics_Team2/install/package_with_interfaces/share/ament_index/resource_index/packages/package_with_interfaces
[8.198s] -- Up-to-date: /home/mscrobotics2425laptop16/Robotics_Team2/install/package_with_interfaces/share/package_with_interfaces/cmake/export_package_with_interfaces__rosidl_generator_cExport.cmake
[8.198s] -- Up-to-date: /home/mscrobotics2425laptop16/Robotics_Team2/install/package_with_interfaces/share/package_with_interfaces/cmake/export_package_with_interfaces__rosidl_generator_cExport-noconfig.cmake
[8.199s] -- Up-to-date: /home/mscrobotics2425laptop16/Robotics_Team2/install/package_with_interfaces/share/package_with_interfaces/cmake/export_package_with_interfaces__rosidl_typesupport_fastrtps_cExport.cmake
[8.199s] -- Up-to-date: /home/mscrobotics2425laptop16/Robotics_Team2/install/package_with_interfaces/share/package_with_interfaces/cmake/export_package_with_interfaces__rosidl_typesupport_fastrtps_cExport-noconfig.cmake
[8.201s] -- Up-to-date: /home/mscrobotics2425laptop16/Robotics_Team2/install/package_with_interfaces/share/package_with_interfaces/cmake/package_with_interfaces__rosidl_typesupport_introspection_cExport.cmake
[8.201s] -- Up-to-date: /home/mscrobotics2425laptop16/Robotics_Team2/install/package_with_interfaces/share/package_with_interfaces/cmake/package_with_interfaces__rosidl_typesupport_introspection_cExport-noconfig.cmake
[8.202s] -- Up-to-date: /home/mscrobotics2425laptop16/Robotics_Team2/install/package_with_interfaces/share/package_with_interfaces/cmake/package_with_interfaces__rosidl_typesupport_cExport.cmake
[8.202s] -- Up-to-date: /home/mscrobotics2425laptop16/Robotics_Team2/install/package_with_interfaces/share/package_with_interfaces/cmake/package_with_interfaces__rosidl_typesupport_cExport-noconfig.cmake
[8.202s] -- Up-to-date: /home/mscrobotics2425laptop16/Robotics_Team2/install/package_with_interfaces/share/package_with_interfaces/cmake/export_package_with_interfaces__rosidl_generator_cppExport.cmake
[8.202s] -- Up-to-date: /home/mscrobotics2425laptop16/Robotics_Team2/install/package_with_interfaces/share/package_with_interfaces/cmake/export_package_with_interfaces__rosidl_typesupport_fastrtps_cppExport.cmake
[8.205s] -- Up-to-date: /home/mscrobotics2425laptop16/Robotics_Team2/install/package_with_interfaces/share/package_with_interfaces/cmake/export_package_with_interfaces__rosidl_typesupport_fastrtps_cppExport-noconfig.cmake
[8.205s] -- Up-to-date: /home/mscrobotics2425laptop16/Robotics_Team2/install/package_with_interfaces/share/package_with_interfaces/cmake/package_with_interfaces__rosidl_typesupport_introspection_cppExport.cmake
[8.205s] -- Up-to-date: /home/mscrobotics2425laptop16/Robotics_Team2/install/package_with_interfaces/share/package_with_interfaces/cmake/package_with_interfaces__rosidl_typesupport_introspection_cppExport-noconfig.cmake
[8.205s] -- Up-to-date: /home/mscrobotics2425laptop16/Robotics_Team2/install/package_with_interfaces/share/package_with_interfaces/cmake/package_with_interfaces__rosidl_typesupport_cppExport.cmake
[8.206s] -- Up-to-date: /home/mscrobotics2425laptop16/Robotics_Team2/install/package_with_interfaces/share/package_with_interfaces/cmake/package_with_interfaces__rosidl_typesupport_cppExport-noconfig.cmake
[8.206s] -- Up-to-date: /home/mscrobotics2425laptop16/Robotics_Team2/install/package_with_interfaces/share/package_with_interfaces/cmake/export_package_with_interfaces__rosidl_generator_pyExport.cmake
[8.206s] -- Up-to-date: /home/mscrobotics2425laptop16/Robotics_Team2/install/package_with_interfaces/share/package_with_interfaces/cmake/export_package_with_interfaces__rosidl_generator_pyExport-noconfig.cmake
[8.210s] -- Up-to-date: /home/mscrobotics2425laptop16/Robotics_Team2/install/package_with_interfaces/share/package_with_interfaces/cmake/rosidl_cmake-extras.cmake
[8.210s] -- Up-to-date: /home/mscrobotics2425laptop16/Robotics_Team2/install/package_with_interfaces/share/package_with_interfaces/cmake/ament_cmake_export_include_directories-extras.cmake
[8.210s] -- Up-to-date: /home/mscrobotics2425laptop16/Robotics_Team2/install/package_with_interfaces/share/package_with_interfaces/cmake/ament_cmake_export_libraries-extras.cmake
[8.211s] -- Up-to-date: /home/mscrobotics2425laptop16/Robotics_Team2/install/package_with_interfaces/share/package_with_interfaces/cmake/ament_cmake_export_targets-extras.cmake
[8.211s] -- Up-to-date: /home/mscrobotics2425laptop16/Robotics_Team2/install/package_with_interfaces/share/package_with_interfaces/cmake/rosidl_cmake_export_typesupport_targets-extras.cmake
[8.212s] -- Up-to-date: /home/mscrobotics2425laptop16/Robotics_Team2/install/package_with_interfaces/share/package_with_interfaces/cmake/ament_cmake_export_dependencies-extras.cmake
[8.213s] -- Up-to-date: /home/mscrobotics2425laptop16/Robotics_Team2/install/package_with_interfaces/share/package_with_interfaces/cmake/rosidl_cmake_export_typesupport_libraries-extras.cmake
[8.214s] -- Up-to-date: /home/mscrobotics2425laptop16/Robotics_Team2/install/package_with_interfaces/share/package_with_interfaces/cmake/package_with_interfacesConfig.cmake
[8.214s] -- Up-to-date: /home/mscrobotics2425laptop16/Robotics_Team2/install/package_with_interfaces/share/package_with_interfaces/cmake/package_with_interfacesConfig-version.cmake
[8.215s] -- Up-to-date: /home/mscrobotics2425laptop16/Robotics_Team2/install/package_with_interfaces/share/package_with_interfaces/package.xml
[8.232s] Invoked command in '/home/mscrobotics2425laptop16/Robotics_Team2/build/package_with_interfaces' returned '0': CMAKE_PREFIX_PATH=${CMAKE_PREFIX_PATH}:/home/mscrobotics2425laptop16/interbotix_ws/install/interbotix_xs_modules:/home/mscrobotics2425laptop16/interbotix_ws/install/interbotix_perception_modules:/home/mscrobotics2425laptop16/interbotix_ws/install/interbotix_common_modules:/home/mscrobotics2425laptop16/interbotix_ws/install/control_pkg:/opt/ros/humble /usr/bin/cmake --install /home/mscrobotics2425laptop16/Robotics_Team2/build/package_with_interfaces
