[3.099s] Invoking command in '/home/mscrobotics2425laptop16/Robotics_Team2/src/manipulator': PYTHONPATH=/home/mscrobotics2425laptop16/Robotics_Team2/build/manipulator/prefix_override:/usr/lib/python3/dist-packages/colcon_core/task/python/colcon_distutils_commands:/home/mscrobotics2425laptop16/Robotics_Team2/install/manipulator/lib/python3.10/site-packages:${PYTHONPATH} /usr/bin/python3 -W ignore:setup.py install is deprecated -W ignore:easy_install command is deprecated setup.py egg_info --egg-base ../../build/manipulator build --build-base /home/mscrobotics2425laptop16/Robotics_Team2/build/manipulator/build install --record /home/mscrobotics2425laptop16/Robotics_Team2/build/manipulator/install.log --single-version-externally-managed install_data
[3.799s] /home/mscrobotics2425laptop16/.local/lib/python3.10/site-packages/setuptools/_distutils/dist.py:261: UserWarning: Unknown distribution option: 'tests_require'
[3.799s]   warnings.warn(msg)
[4.325s] running egg_info
[4.406s] writing ../../build/manipulator/manipulator.egg-info/PKG-INFO
[4.408s] writing dependency_links to ../../build/manipulator/manipulator.egg-info/dependency_links.txt
[4.410s] writing entry points to ../../build/manipulator/manipulator.egg-info/entry_points.txt
[4.412s] writing requirements to ../../build/manipulator/manipulator.egg-info/requires.txt
[4.413s] writing top-level names to ../../build/manipulator/manipulator.egg-info/top_level.txt
[4.582s] reading manifest file '../../build/manipulator/manipulator.egg-info/SOURCES.txt'
[4.587s] writing manifest file '../../build/manipulator/manipulator.egg-info/SOURCES.txt'
[4.588s] running build
[4.588s] running build_py
[4.589s] copying manipulator/server_of_perception_for_grasp.py -> /home/mscrobotics2425laptop16/Robotics_Team2/build/manipulator/build/lib/manipulator
[4.591s] copying manipulator/garsp_test.py -> /home/mscrobotics2425laptop16/Robotics_Team2/build/manipulator/build/lib/manipulator
[4.592s] copying manipulator/__init__.py -> /home/mscrobotics2425laptop16/Robotics_Team2/build/manipulator/build/lib/manipulator
[4.592s] copying manipulator/ee_pose.py -> /home/mscrobotics2425laptop16/Robotics_Team2/build/manipulator/build/lib/manipulator
[4.593s] running install
[4.609s] running install_lib
[4.659s] running install_data
[4.659s] copying resource/manipulator -> /home/mscrobotics2425laptop16/Robotics_Team2/install/manipulator/share/ament_index/resource_index/packages
[4.660s] copying package.xml -> /home/mscrobotics2425laptop16/Robotics_Team2/install/manipulator/share/manipulator
[4.661s] running install_egg_info
[4.706s] removing '/home/mscrobotics2425laptop16/Robotics_Team2/install/manipulator/lib/python3.10/site-packages/manipulator-0.0.0-py3.10.egg-info' (and everything under it)
[4.706s] Copying ../../build/manipulator/manipulator.egg-info to /home/mscrobotics2425laptop16/Robotics_Team2/install/manipulator/lib/python3.10/site-packages/manipulator-0.0.0-py3.10.egg-info
[4.709s] running install_scripts
[5.056s] Installing ServerOfPerceptionAndGrasp script to /home/mscrobotics2425laptop16/Robotics_Team2/install/manipulator/lib/manipulator
[5.057s] writing list of installed files to '/home/mscrobotics2425laptop16/Robotics_Team2/build/manipulator/install.log'
[5.133s] Invoked command in '/home/mscrobotics2425laptop16/Robotics_Team2/src/manipulator' returned '0': PYTHONPATH=/home/mscrobotics2425laptop16/Robotics_Team2/build/manipulator/prefix_override:/usr/lib/python3/dist-packages/colcon_core/task/python/colcon_distutils_commands:/home/mscrobotics2425laptop16/Robotics_Team2/install/manipulator/lib/python3.10/site-packages:${PYTHONPATH} /usr/bin/python3 -W ignore:setup.py install is deprecated -W ignore:easy_install command is deprecated setup.py egg_info --egg-base ../../build/manipulator build --build-base /home/mscrobotics2425laptop16/Robotics_Team2/build/manipulator/build install --record /home/mscrobotics2425laptop16/Robotics_Team2/build/manipulator/install.log --single-version-externally-managed install_data
