[4.746s] Invoking command in '/home/mscrobotics2425laptop16/Robotics_Team2/src/manipulator': AMENT_PREFIX_PATH=/home/mscrobotics2425laptop16/Robotics_Team2/install/package_with_interfaces:${AMENT_PREFIX_PATH} CMAKE_PREFIX_PATH=/home/mscrobotics2425laptop16/Robotics_Team2/install/package_with_interfaces:${CMAKE_PREFIX_PATH} LD_LIBRARY_PATH=/home/mscrobotics2425laptop16/Robotics_Team2/install/package_with_interfaces/lib:${LD_LIBRARY_PATH} PYTHONPATH=/home/mscrobotics2425laptop16/Robotics_Team2/build/manipulator/prefix_override:/usr/lib/python3/dist-packages/colcon_core/task/python/colcon_distutils_commands:/home/mscrobotics2425laptop16/Robotics_Team2/install/manipulator/lib/python3.10/site-packages:/home/mscrobotics2425laptop16/Robotics_Team2/install/package_with_interfaces/local/lib/python3.10/dist-packages:${PYTHONPATH} /usr/bin/python3 -W ignore:setup.py install is deprecated -W ignore:easy_install command is deprecated setup.py egg_info --egg-base ../../build/manipulator build --build-base /home/mscrobotics2425laptop16/Robotics_Team2/build/manipulator/build install --record /home/mscrobotics2425laptop16/Robotics_Team2/build/manipulator/install.log --single-version-externally-managed install_data
[5.813s] /home/mscrobotics2425laptop16/.local/lib/python3.10/site-packages/setuptools/_distutils/dist.py:261: UserWarning: Unknown distribution option: 'tests_require'
[5.813s]   warnings.warn(msg)
[6.285s] running egg_info
[6.369s] writing ../../build/manipulator/manipulator.egg-info/PKG-INFO
[6.370s] writing dependency_links to ../../build/manipulator/manipulator.egg-info/dependency_links.txt
[6.380s] writing entry points to ../../build/manipulator/manipulator.egg-info/entry_points.txt
[6.380s] writing requirements to ../../build/manipulator/manipulator.egg-info/requires.txt
[6.380s] writing top-level names to ../../build/manipulator/manipulator.egg-info/top_level.txt
[6.513s] reading manifest file '../../build/manipulator/manipulator.egg-info/SOURCES.txt'
[6.516s] writing manifest file '../../build/manipulator/manipulator.egg-info/SOURCES.txt'
[6.519s] running build
[6.519s] running build_py
[6.519s] copying manipulator/server_of_perception_for_grasp.py -> /home/mscrobotics2425laptop16/Robotics_Team2/build/manipulator/build/lib/manipulator
[6.519s] copying manipulator/garsp_test.py -> /home/mscrobotics2425laptop16/Robotics_Team2/build/manipulator/build/lib/manipulator
[6.519s] copying manipulator/__init__.py -> /home/mscrobotics2425laptop16/Robotics_Team2/build/manipulator/build/lib/manipulator
[6.523s] copying manipulator/ee_pose.py -> /home/mscrobotics2425laptop16/Robotics_Team2/build/manipulator/build/lib/manipulator
[6.524s] running install
[6.538s] running install_lib
[6.628s] running install_data
[6.629s] copying resource/manipulator -> /home/mscrobotics2425laptop16/Robotics_Team2/install/manipulator/share/ament_index/resource_index/packages
[6.629s] copying package.xml -> /home/mscrobotics2425laptop16/Robotics_Team2/install/manipulator/share/manipulator
[6.629s] running install_egg_info
[6.722s] removing '/home/mscrobotics2425laptop16/Robotics_Team2/install/manipulator/lib/python3.10/site-packages/manipulator-0.0.0-py3.10.egg-info' (and everything under it)
[6.724s] Copying ../../build/manipulator/manipulator.egg-info to /home/mscrobotics2425laptop16/Robotics_Team2/install/manipulator/lib/python3.10/site-packages/manipulator-0.0.0-py3.10.egg-info
[6.728s] running install_scripts
[7.397s] Installing ServerOfPerceptionAndGrasp script to /home/mscrobotics2425laptop16/Robotics_Team2/install/manipulator/lib/manipulator
[7.398s] writing list of installed files to '/home/mscrobotics2425laptop16/Robotics_Team2/build/manipulator/install.log'
[7.669s] Invoked command in '/home/mscrobotics2425laptop16/Robotics_Team2/src/manipulator' returned '0': AMENT_PREFIX_PATH=/home/mscrobotics2425laptop16/Robotics_Team2/install/package_with_interfaces:${AMENT_PREFIX_PATH} CMAKE_PREFIX_PATH=/home/mscrobotics2425laptop16/Robotics_Team2/install/package_with_interfaces:${CMAKE_PREFIX_PATH} LD_LIBRARY_PATH=/home/mscrobotics2425laptop16/Robotics_Team2/install/package_with_interfaces/lib:${LD_LIBRARY_PATH} PYTHONPATH=/home/mscrobotics2425laptop16/Robotics_Team2/build/manipulator/prefix_override:/usr/lib/python3/dist-packages/colcon_core/task/python/colcon_distutils_commands:/home/mscrobotics2425laptop16/Robotics_Team2/install/manipulator/lib/python3.10/site-packages:/home/mscrobotics2425laptop16/Robotics_Team2/install/package_with_interfaces/local/lib/python3.10/dist-packages:${PYTHONPATH} /usr/bin/python3 -W ignore:setup.py install is deprecated -W ignore:easy_install command is deprecated setup.py egg_info --egg-base ../../build/manipulator build --build-base /home/mscrobotics2425laptop16/Robotics_Team2/build/manipulator/build install --record /home/mscrobotics2425laptop16/Robotics_Team2/build/manipulator/install.log --single-version-externally-managed install_data
