[1.063s] Invoking command in '/home/mscrobotics2425laptop21/Team2_Workspace/src/rpLidar_lab': PYTHONPATH=/home/mscrobotics2425laptop21/Team2_Workspace/build/rpLidar_lab/prefix_override:/usr/lib/python3/dist-packages/colcon_core/task/python/colcon_distutils_commands:/home/mscrobotics2425laptop21/Team2_Workspace/install/rpLidar_lab/lib/python3.10/site-packages:${PYTHONPATH} /usr/bin/python3 -W ignore:setup.py install is deprecated setup.py egg_info --egg-base ../../build/rpLidar_lab build --build-base /home/mscrobotics2425laptop21/Team2_Workspace/build/rpLidar_lab/build install --record /home/mscrobotics2425laptop21/Team2_Workspace/build/rpLidar_lab/install.log --single-version-externally-managed install_data
[1.376s] running egg_info
[1.377s] creating ../../build/rpLidar_lab/rpLidar_lab.egg-info
[1.378s] writing ../../build/rpLidar_lab/rpLidar_lab.egg-info/PKG-INFO
[1.378s] writing dependency_links to ../../build/rpLidar_lab/rpLidar_lab.egg-info/dependency_links.txt
[1.378s] writing entry points to ../../build/rpLidar_lab/rpLidar_lab.egg-info/entry_points.txt
[1.378s] writing requirements to ../../build/rpLidar_lab/rpLidar_lab.egg-info/requires.txt
[1.378s] writing top-level names to ../../build/rpLidar_lab/rpLidar_lab.egg-info/top_level.txt
[1.379s] writing manifest file '../../build/rpLidar_lab/rpLidar_lab.egg-info/SOURCES.txt'
[1.382s] reading manifest file '../../build/rpLidar_lab/rpLidar_lab.egg-info/SOURCES.txt'
[1.384s] writing manifest file '../../build/rpLidar_lab/rpLidar_lab.egg-info/SOURCES.txt'
[1.384s] running build
[1.384s] running build_py
[1.385s] creating /home/mscrobotics2425laptop21/Team2_Workspace/build/rpLidar_lab/build
[1.385s] creating /home/mscrobotics2425laptop21/Team2_Workspace/build/rpLidar_lab/build/lib
[1.385s] creating /home/mscrobotics2425laptop21/Team2_Workspace/build/rpLidar_lab/build/lib/rpLidar_lab
[1.385s] copying rpLidar_lab/__init__.py -> /home/mscrobotics2425laptop21/Team2_Workspace/build/rpLidar_lab/build/lib/rpLidar_lab
[1.385s] copying rpLidar_lab/lidar_data_collector.py -> /home/mscrobotics2425laptop21/Team2_Workspace/build/rpLidar_lab/build/lib/rpLidar_lab
[1.386s] running install
[1.386s] running install_lib
[1.388s] creating /home/mscrobotics2425laptop21/Team2_Workspace/install/rpLidar_lab/lib/python3.10/site-packages/rpLidar_lab
[1.389s] copying /home/mscrobotics2425laptop21/Team2_Workspace/build/rpLidar_lab/build/lib/rpLidar_lab/__init__.py -> /home/mscrobotics2425laptop21/Team2_Workspace/install/rpLidar_lab/lib/python3.10/site-packages/rpLidar_lab
[1.390s] copying /home/mscrobotics2425laptop21/Team2_Workspace/build/rpLidar_lab/build/lib/rpLidar_lab/lidar_data_collector.py -> /home/mscrobotics2425laptop21/Team2_Workspace/install/rpLidar_lab/lib/python3.10/site-packages/rpLidar_lab
[1.392s] byte-compiling /home/mscrobotics2425laptop21/Team2_Workspace/install/rpLidar_lab/lib/python3.10/site-packages/rpLidar_lab/__init__.py to __init__.cpython-310.pyc
[1.392s] byte-compiling /home/mscrobotics2425laptop21/Team2_Workspace/install/rpLidar_lab/lib/python3.10/site-packages/rpLidar_lab/lidar_data_collector.py to lidar_data_collector.cpython-310.pyc
[1.394s] running install_data
[1.394s] creating /home/mscrobotics2425laptop21/Team2_Workspace/install/rpLidar_lab/share/ament_index
[1.395s] creating /home/mscrobotics2425laptop21/Team2_Workspace/install/rpLidar_lab/share/ament_index/resource_index
[1.395s] creating /home/mscrobotics2425laptop21/Team2_Workspace/install/rpLidar_lab/share/ament_index/resource_index/packages
[1.395s] copying resource/rpLidar_lab -> /home/mscrobotics2425laptop21/Team2_Workspace/install/rpLidar_lab/share/ament_index/resource_index/packages
[1.395s] copying package.xml -> /home/mscrobotics2425laptop21/Team2_Workspace/install/rpLidar_lab/share/rpLidar_lab
[1.395s] running install_egg_info
[1.400s] Copying ../../build/rpLidar_lab/rpLidar_lab.egg-info to /home/mscrobotics2425laptop21/Team2_Workspace/install/rpLidar_lab/lib/python3.10/site-packages/rpLidar_lab-0.0.0-py3.10.egg-info
[1.402s] running install_scripts
[1.453s] writing list of installed files to '/home/mscrobotics2425laptop21/Team2_Workspace/build/rpLidar_lab/install.log'
