[1.504s] Invoking command in '/home/mscrobotics2425laptop3/Robotics_Team2/src/controller': PYTHONPATH=/home/mscrobotics2425laptop3/Robotics_Team2/build/controller/prefix_override:/usr/lib/python3/dist-packages/colcon_core/task/python/colcon_distutils_commands:/home/mscrobotics2425laptop3/Robotics_Team2/install/controller/lib/python3.10/site-packages:${PYTHONPATH} /usr/bin/python3 -W ignore:setup.py install is deprecated -W ignore:easy_install command is deprecated setup.py egg_info --egg-base ../../build/controller build --build-base /home/mscrobotics2425laptop3/Robotics_Team2/build/controller/build install --record /home/mscrobotics2425laptop3/Robotics_Team2/build/controller/install.log --single-version-externally-managed install_data
[1.849s] running egg_info
[1.849s] writing ../../build/controller/controller.egg-info/PKG-INFO
[1.849s] writing dependency_links to ../../build/controller/controller.egg-info/dependency_links.txt
[1.849s] writing entry points to ../../build/controller/controller.egg-info/entry_points.txt
[1.849s] writing requirements to ../../build/controller/controller.egg-info/requires.txt
[1.849s] writing top-level names to ../../build/controller/controller.egg-info/top_level.txt
[1.854s] reading manifest file '../../build/controller/controller.egg-info/SOURCES.txt'
[1.856s] writing manifest file '../../build/controller/controller.egg-info/SOURCES.txt'
[1.856s] running build
[1.856s] running build_py
[1.856s] copying controller/controller.py -> /home/mscrobotics2425laptop3/Robotics_Team2/build/controller/build/lib/controller
[1.858s] running install
[1.858s] running install_lib
[1.861s] copying /home/mscrobotics2425laptop3/Robotics_Team2/build/controller/build/lib/controller/controller.py -> /home/mscrobotics2425laptop3/Robotics_Team2/install/controller/lib/python3.10/site-packages/controller
[1.862s] byte-compiling /home/mscrobotics2425laptop3/Robotics_Team2/install/controller/lib/python3.10/site-packages/controller/controller.py to controller.cpython-310.pyc
[1.862s] running install_data
[1.862s] running install_egg_info
[1.867s] removing '/home/mscrobotics2425laptop3/Robotics_Team2/install/controller/lib/python3.10/site-packages/controller-0.0.0-py3.10.egg-info' (and everything under it)
[1.867s] Copying ../../build/controller/controller.egg-info to /home/mscrobotics2425laptop3/Robotics_Team2/install/controller/lib/python3.10/site-packages/controller-0.0.0-py3.10.egg-info
[1.869s] running install_scripts
[1.901s] Installing controller script to /home/mscrobotics2425laptop3/Robotics_Team2/install/controller/lib/controller
[1.902s] writing list of installed files to '/home/mscrobotics2425laptop3/Robotics_Team2/build/controller/install.log'
[1.922s] Invoked command in '/home/mscrobotics2425laptop3/Robotics_Team2/src/controller' returned '0': PYTHONPATH=/home/mscrobotics2425laptop3/Robotics_Team2/build/controller/prefix_override:/usr/lib/python3/dist-packages/colcon_core/task/python/colcon_distutils_commands:/home/mscrobotics2425laptop3/Robotics_Team2/install/controller/lib/python3.10/site-packages:${PYTHONPATH} /usr/bin/python3 -W ignore:setup.py install is deprecated -W ignore:easy_install command is deprecated setup.py egg_info --egg-base ../../build/controller build --build-base /home/mscrobotics2425laptop3/Robotics_Team2/build/controller/build install --record /home/mscrobotics2425laptop3/Robotics_Team2/build/controller/install.log --single-version-externally-managed install_data
