[6.623s] Invoking command in '/home/mscrobotics2425laptop16/Robotics_Team2/src/controller': PYTHONPATH=/home/mscrobotics2425laptop16/Robotics_Team2/src/build/controller/prefix_override:/usr/lib/python3/dist-packages/colcon_core/task/python/colcon_distutils_commands:/home/mscrobotics2425laptop16/Robotics_Team2/src/install/controller/lib/python3.10/site-packages:${PYTHONPATH} /usr/bin/python3 -W ignore:setup.py install is deprecated -W ignore:easy_install command is deprecated setup.py egg_info --egg-base ../build/controller build --build-base /home/mscrobotics2425laptop16/Robotics_Team2/src/build/controller/build install --record /home/mscrobotics2425laptop16/Robotics_Team2/src/build/controller/install.log --single-version-externally-managed install_data
[7.121s] /home/mscrobotics2425laptop16/.local/lib/python3.10/site-packages/setuptools/_distutils/dist.py:261: UserWarning: Unknown distribution option: 'tests_require'
[7.121s]   warnings.warn(msg)
[7.578s] running egg_info
[7.681s] creating ../build/controller/controller.egg-info
[7.684s] writing ../build/controller/controller.egg-info/PKG-INFO
[7.684s] writing dependency_links to ../build/controller/controller.egg-info/dependency_links.txt
[7.690s] writing entry points to ../build/controller/controller.egg-info/entry_points.txt
[7.690s] writing requirements to ../build/controller/controller.egg-info/requires.txt
[7.690s] writing top-level names to ../build/controller/controller.egg-info/top_level.txt
[7.691s] writing manifest file '../build/controller/controller.egg-info/SOURCES.txt'
[7.923s] reading manifest file '../build/controller/controller.egg-info/SOURCES.txt'
[7.927s] writing manifest file '../build/controller/controller.egg-info/SOURCES.txt'
[7.928s] running build
[7.928s] running build_py
[7.934s] creating /home/mscrobotics2425laptop16/Robotics_Team2/src/build/controller/build/lib/controller
[7.935s] copying controller/start_node.py -> /home/mscrobotics2425laptop16/Robotics_Team2/src/build/controller/build/lib/controller
[7.935s] copying controller/__init__.py -> /home/mscrobotics2425laptop16/Robotics_Team2/src/build/controller/build/lib/controller
[7.935s] copying controller/controller.py -> /home/mscrobotics2425laptop16/Robotics_Team2/src/build/controller/build/lib/controller
[7.935s] running install
[7.966s] running install_lib
[8.036s] creating /home/mscrobotics2425laptop16/Robotics_Team2/src/install/controller/lib/python3.10/site-packages/controller
[8.037s] copying /home/mscrobotics2425laptop16/Robotics_Team2/src/build/controller/build/lib/controller/start_node.py -> /home/mscrobotics2425laptop16/Robotics_Team2/src/install/controller/lib/python3.10/site-packages/controller
[8.038s] copying /home/mscrobotics2425laptop16/Robotics_Team2/src/build/controller/build/lib/controller/__init__.py -> /home/mscrobotics2425laptop16/Robotics_Team2/src/install/controller/lib/python3.10/site-packages/controller
[8.039s] copying /home/mscrobotics2425laptop16/Robotics_Team2/src/build/controller/build/lib/controller/controller.py -> /home/mscrobotics2425laptop16/Robotics_Team2/src/install/controller/lib/python3.10/site-packages/controller
[8.044s] byte-compiling /home/mscrobotics2425laptop16/Robotics_Team2/src/install/controller/lib/python3.10/site-packages/controller/start_node.py to start_node.cpython-310.pyc
[8.046s] byte-compiling /home/mscrobotics2425laptop16/Robotics_Team2/src/install/controller/lib/python3.10/site-packages/controller/__init__.py to __init__.cpython-310.pyc
[8.046s] byte-compiling /home/mscrobotics2425laptop16/Robotics_Team2/src/install/controller/lib/python3.10/site-packages/controller/controller.py to controller.cpython-310.pyc
[8.049s] running install_data
[8.050s] creating /home/mscrobotics2425laptop16/Robotics_Team2/src/install/controller/share/ament_index/resource_index/packages
[8.051s] copying resource/controller -> /home/mscrobotics2425laptop16/Robotics_Team2/src/install/controller/share/ament_index/resource_index/packages
[8.055s] copying package.xml -> /home/mscrobotics2425laptop16/Robotics_Team2/src/install/controller/share/controller
[8.055s] running install_egg_info
[8.148s] Copying ../build/controller/controller.egg-info to /home/mscrobotics2425laptop16/Robotics_Team2/src/install/controller/lib/python3.10/site-packages/controller-0.0.0-py3.10.egg-info
[8.157s] running install_scripts
[9.399s] Installing controller script to /home/mscrobotics2425laptop16/Robotics_Team2/src/install/controller/lib/controller
[9.411s] Installing start_node script to /home/mscrobotics2425laptop16/Robotics_Team2/src/install/controller/lib/controller
[9.412s] writing list of installed files to '/home/mscrobotics2425laptop16/Robotics_Team2/src/build/controller/install.log'
[9.595s] Invoked command in '/home/mscrobotics2425laptop16/Robotics_Team2/src/controller' returned '0': PYTHONPATH=/home/mscrobotics2425laptop16/Robotics_Team2/src/build/controller/prefix_override:/usr/lib/python3/dist-packages/colcon_core/task/python/colcon_distutils_commands:/home/mscrobotics2425laptop16/Robotics_Team2/src/install/controller/lib/python3.10/site-packages:${PYTHONPATH} /usr/bin/python3 -W ignore:setup.py install is deprecated -W ignore:easy_install command is deprecated setup.py egg_info --egg-base ../build/controller build --build-base /home/mscrobotics2425laptop16/Robotics_Team2/src/build/controller/build install --record /home/mscrobotics2425laptop16/Robotics_Team2/src/build/controller/install.log --single-version-externally-managed install_data
