[3.808s] Invoking command in '/home/mscrobotics2425laptop16/Robotics_Team2/src/fake_arm': PYTHONPATH=/home/mscrobotics2425laptop16/Robotics_Team2/build/fake_arm/prefix_override:/usr/lib/python3/dist-packages/colcon_core/task/python/colcon_distutils_commands:/home/mscrobotics2425laptop16/Robotics_Team2/install/fake_arm/lib/python3.10/site-packages:${PYTHONPATH} /usr/bin/python3 -W ignore:setup.py install is deprecated -W ignore:easy_install command is deprecated setup.py egg_info --egg-base ../../build/fake_arm build --build-base /home/mscrobotics2425laptop16/Robotics_Team2/build/fake_arm/build install --record /home/mscrobotics2425laptop16/Robotics_Team2/build/fake_arm/install.log --single-version-externally-managed install_data
[4.209s] /home/mscrobotics2425laptop16/.local/lib/python3.10/site-packages/setuptools/_distutils/dist.py:261: UserWarning: Unknown distribution option: 'tests_require'
[4.210s]   warnings.warn(msg)
[4.475s] running egg_info
[4.513s] writing ../../build/fake_arm/fake_arm.egg-info/PKG-INFO
[4.515s] writing dependency_links to ../../build/fake_arm/fake_arm.egg-info/dependency_links.txt
[4.515s] writing entry points to ../../build/fake_arm/fake_arm.egg-info/entry_points.txt
[4.518s] writing requirements to ../../build/fake_arm/fake_arm.egg-info/requires.txt
[4.518s] writing top-level names to ../../build/fake_arm/fake_arm.egg-info/top_level.txt
[4.687s] reading manifest file '../../build/fake_arm/fake_arm.egg-info/SOURCES.txt'
[4.691s] writing manifest file '../../build/fake_arm/fake_arm.egg-info/SOURCES.txt'
[4.692s] running build
[4.692s] running build_py
[4.693s] copying fake_arm/fake.py -> /home/mscrobotics2425laptop16/Robotics_Team2/build/fake_arm/build/lib/fake_arm
[4.693s] copying fake_arm/__init__.py -> /home/mscrobotics2425laptop16/Robotics_Team2/build/fake_arm/build/lib/fake_arm
[4.694s] running install
[4.708s] running install_lib
[4.787s] running install_data
[4.787s] copying resource/fake_arm -> /home/mscrobotics2425laptop16/Robotics_Team2/install/fake_arm/share/ament_index/resource_index/packages
[4.788s] copying package.xml -> /home/mscrobotics2425laptop16/Robotics_Team2/install/fake_arm/share/fake_arm
[4.788s] running install_egg_info
[4.855s] removing '/home/mscrobotics2425laptop16/Robotics_Team2/install/fake_arm/lib/python3.10/site-packages/fake_arm-0.0.0-py3.10.egg-info' (and everything under it)
[4.855s] Copying ../../build/fake_arm/fake_arm.egg-info to /home/mscrobotics2425laptop16/Robotics_Team2/install/fake_arm/lib/python3.10/site-packages/fake_arm-0.0.0-py3.10.egg-info
[4.857s] running install_scripts
[5.178s] Installing fake script to /home/mscrobotics2425laptop16/Robotics_Team2/install/fake_arm/lib/fake_arm
[5.179s] writing list of installed files to '/home/mscrobotics2425laptop16/Robotics_Team2/build/fake_arm/install.log'
[5.253s] Invoked command in '/home/mscrobotics2425laptop16/Robotics_Team2/src/fake_arm' returned '0': PYTHONPATH=/home/mscrobotics2425laptop16/Robotics_Team2/build/fake_arm/prefix_override:/usr/lib/python3/dist-packages/colcon_core/task/python/colcon_distutils_commands:/home/mscrobotics2425laptop16/Robotics_Team2/install/fake_arm/lib/python3.10/site-packages:${PYTHONPATH} /usr/bin/python3 -W ignore:setup.py install is deprecated -W ignore:easy_install command is deprecated setup.py egg_info --egg-base ../../build/fake_arm build --build-base /home/mscrobotics2425laptop16/Robotics_Team2/build/fake_arm/build install --record /home/mscrobotics2425laptop16/Robotics_Team2/build/fake_arm/install.log --single-version-externally-managed install_data
