[1.726s] Invoking command in '/home/mscrobotics2425laptop3/Robotics_Team2/src/fake_arm': PYTHONPATH=/home/mscrobotics2425laptop3/Robotics_Team2/build/fake_arm/prefix_override:/usr/lib/python3/dist-packages/colcon_core/task/python/colcon_distutils_commands:/home/mscrobotics2425laptop3/Robotics_Team2/install/fake_arm/lib/python3.10/site-packages:${PYTHONPATH} /usr/bin/python3 -W ignore:setup.py install is deprecated -W ignore:easy_install command is deprecated setup.py egg_info --egg-base ../../build/fake_arm build --build-base /home/mscrobotics2425laptop3/Robotics_Team2/build/fake_arm/build install --record /home/mscrobotics2425laptop3/Robotics_Team2/build/fake_arm/install.log --single-version-externally-managed install_data
[1.989s] running egg_info
[1.989s] writing ../../build/fake_arm/fake_arm.egg-info/PKG-INFO
[1.990s] writing dependency_links to ../../build/fake_arm/fake_arm.egg-info/dependency_links.txt
[1.990s] writing entry points to ../../build/fake_arm/fake_arm.egg-info/entry_points.txt
[1.990s] writing requirements to ../../build/fake_arm/fake_arm.egg-info/requires.txt
[1.990s] writing top-level names to ../../build/fake_arm/fake_arm.egg-info/top_level.txt
[1.993s] reading manifest file '../../build/fake_arm/fake_arm.egg-info/SOURCES.txt'
[1.995s] writing manifest file '../../build/fake_arm/fake_arm.egg-info/SOURCES.txt'
[1.995s] running build
[1.995s] running build_py
[1.995s] running install
[1.996s] running install_lib
[1.997s] running install_data
[1.998s] running install_egg_info
[2.001s] removing '/home/mscrobotics2425laptop3/Robotics_Team2/install/fake_arm/lib/python3.10/site-packages/fake_arm-0.0.0-py3.10.egg-info' (and everything under it)
[2.001s] Copying ../../build/fake_arm/fake_arm.egg-info to /home/mscrobotics2425laptop3/Robotics_Team2/install/fake_arm/lib/python3.10/site-packages/fake_arm-0.0.0-py3.10.egg-info
[2.004s] running install_scripts
[2.043s] Installing fake script to /home/mscrobotics2425laptop3/Robotics_Team2/install/fake_arm/lib/fake_arm
[2.043s] writing list of installed files to '/home/mscrobotics2425laptop3/Robotics_Team2/build/fake_arm/install.log'
[2.094s] Invoked command in '/home/mscrobotics2425laptop3/Robotics_Team2/src/fake_arm' returned '0': PYTHONPATH=/home/mscrobotics2425laptop3/Robotics_Team2/build/fake_arm/prefix_override:/usr/lib/python3/dist-packages/colcon_core/task/python/colcon_distutils_commands:/home/mscrobotics2425laptop3/Robotics_Team2/install/fake_arm/lib/python3.10/site-packages:${PYTHONPATH} /usr/bin/python3 -W ignore:setup.py install is deprecated -W ignore:easy_install command is deprecated setup.py egg_info --egg-base ../../build/fake_arm build --build-base /home/mscrobotics2425laptop3/Robotics_Team2/build/fake_arm/build install --record /home/mscrobotics2425laptop3/Robotics_Team2/build/fake_arm/install.log --single-version-externally-managed install_data
