[8.242s] Invoking command in '/home/mscrobotics2425laptop16/Robotics_Team2/src/rpLidar_lab': PYTHONPATH=/home/mscrobotics2425laptop16/Robotics_Team2/build/rpLidar_lab/prefix_override:/usr/lib/python3/dist-packages/colcon_core/task/python/colcon_distutils_commands:/home/mscrobotics2425laptop16/Robotics_Team2/install/rpLidar_lab/lib/python3.10/site-packages:${PYTHONPATH} /usr/bin/python3 -W ignore:setup.py install is deprecated -W ignore:easy_install command is deprecated setup.py egg_info --egg-base ../../build/rpLidar_lab build --build-base /home/mscrobotics2425laptop16/Robotics_Team2/build/rpLidar_lab/build install --record /home/mscrobotics2425laptop16/Robotics_Team2/build/rpLidar_lab/install.log --single-version-externally-managed install_data
[8.717s] /home/mscrobotics2425laptop16/.local/lib/python3.10/site-packages/setuptools/_distutils/dist.py:261: UserWarning: Unknown distribution option: 'tests_require'
[8.721s]   warnings.warn(msg)
[9.201s] running egg_info
[9.295s] writing ../../build/rpLidar_lab/rpLidar_lab.egg-info/PKG-INFO
[9.295s] writing dependency_links to ../../build/rpLidar_lab/rpLidar_lab.egg-info/dependency_links.txt
[9.297s] writing entry points to ../../build/rpLidar_lab/rpLidar_lab.egg-info/entry_points.txt
[9.297s] writing requirements to ../../build/rpLidar_lab/rpLidar_lab.egg-info/requires.txt
[9.297s] writing top-level names to ../../build/rpLidar_lab/rpLidar_lab.egg-info/top_level.txt
[9.502s] reading manifest file '../../build/rpLidar_lab/rpLidar_lab.egg-info/SOURCES.txt'
[9.503s] writing manifest file '../../build/rpLidar_lab/rpLidar_lab.egg-info/SOURCES.txt'
[9.504s] running build
[9.504s] running build_py
[9.505s] copying rpLidar_lab/lidar_data_collector.py -> /home/mscrobotics2425laptop16/Robotics_Team2/build/rpLidar_lab/build/lib/rpLidar_lab
[9.506s] copying rpLidar_lab/__init__.py -> /home/mscrobotics2425laptop16/Robotics_Team2/build/rpLidar_lab/build/lib/rpLidar_lab
[9.513s] running install
[9.523s] running install_lib
[9.726s] running install_data
[9.729s] copying resource/rpLidar_lab -> /home/mscrobotics2425laptop16/Robotics_Team2/install/rpLidar_lab/share/ament_index/resource_index/packages
[9.732s] copying package.xml -> /home/mscrobotics2425laptop16/Robotics_Team2/install/rpLidar_lab/share/rpLidar_lab
[9.732s] running install_egg_info
[9.909s] removing '/home/mscrobotics2425laptop16/Robotics_Team2/install/rpLidar_lab/lib/python3.10/site-packages/rpLidar_lab-0.0.0-py3.10.egg-info' (and everything under it)
[9.911s] Copying ../../build/rpLidar_lab/rpLidar_lab.egg-info to /home/mscrobotics2425laptop16/Robotics_Team2/install/rpLidar_lab/lib/python3.10/site-packages/rpLidar_lab-0.0.0-py3.10.egg-info
[9.916s] running install_scripts
[10.942s] Installing lidar_lab script to /home/mscrobotics2425laptop16/Robotics_Team2/install/rpLidar_lab/lib/rpLidar_lab
[10.949s] writing list of installed files to '/home/mscrobotics2425laptop16/Robotics_Team2/build/rpLidar_lab/install.log'
[11.068s] Invoked command in '/home/mscrobotics2425laptop16/Robotics_Team2/src/rpLidar_lab' returned '0': PYTHONPATH=/home/mscrobotics2425laptop16/Robotics_Team2/build/rpLidar_lab/prefix_override:/usr/lib/python3/dist-packages/colcon_core/task/python/colcon_distutils_commands:/home/mscrobotics2425laptop16/Robotics_Team2/install/rpLidar_lab/lib/python3.10/site-packages:${PYTHONPATH} /usr/bin/python3 -W ignore:setup.py install is deprecated -W ignore:easy_install command is deprecated setup.py egg_info --egg-base ../../build/rpLidar_lab build --build-base /home/mscrobotics2425laptop16/Robotics_Team2/build/rpLidar_lab/build install --record /home/mscrobotics2425laptop16/Robotics_Team2/build/rpLidar_lab/install.log --single-version-externally-managed install_data
