[0.046s] Invoking command in '/home/mscrobotics2425laptop3/Robotics_Team2/build/interfaces': CMAKE_PREFIX_PATH=${CMAKE_PREFIX_PATH}:/home/mscrobotics2425laptop3/Robotics_Team2/install/team2_nav:/home/mscrobotics2425laptop3/Robotics_Team2/install/rpLidar_lab:/home/mscrobotics2425laptop3/Robotics_Team2/install/object_detection:/home/mscrobotics2425laptop3/Robotics_Team2/install/manipulator:/home/mscrobotics2425laptop3/interbotix_ws/install/interbotix_xs_modules:/home/mscrobotics2425laptop3/interbotix_ws/install/interbotix_perception_modules:/home/mscrobotics2425laptop3/interbotix_ws/install/interbotix_common_modules:/opt/ros/humble /usr/bin/cmake --build /home/mscrobotics2425laptop3/Robotics_Team2/build/interfaces -- -j12 -l12
[0.683s] [ 10%] Built target interfaces__rosidl_generator_c
[0.683s] [ 12%] Built target interfaces__cpp
[0.683s] [ 12%] Built target ament_cmake_python_copy_interfaces
[0.683s] [ 23%] Built target interfaces__rosidl_typesupport_c
[0.683s] [ 33%] Built target interfaces__rosidl_typesupport_fastrtps_cpp
[0.683s] [ 48%] Built target interfaces__rosidl_typesupport_introspection_c
[0.683s] [ 53%] Built target interfaces__rosidl_typesupport_fastrtps_c
[0.683s] [ 64%] Built target interfaces__rosidl_typesupport_cpp
[0.683s] [ 74%] Built target interfaces__rosidl_typesupport_introspection_cpp
[0.683s] [ 74%] Built target interfaces
[0.683s] [ 76%] Built target interfaces__py
[0.683s] [ 84%] Built target interfaces__rosidl_generator_py
[0.683s] [ 89%] Built target interfaces__rosidl_typesupport_introspection_c__pyext
[0.683s] [ 94%] Built target interfaces__rosidl_typesupport_fastrtps_c__pyext
[0.684s] [100%] Built target interfaces__rosidl_typesupport_c__pyext
[0.684s] running egg_info
[0.685s] writing interfaces.egg-info/PKG-INFO
[0.685s] writing dependency_links to interfaces.egg-info/dependency_links.txt
[0.685s] writing top-level names to interfaces.egg-info/top_level.txt
[0.685s] reading manifest file 'interfaces.egg-info/SOURCES.txt'
[0.685s] writing manifest file 'interfaces.egg-info/SOURCES.txt'
[0.685s] [100%] Built target ament_cmake_python_build_interfaces_egg
[0.841s] Invoked command in '/home/mscrobotics2425laptop3/Robotics_Team2/build/interfaces' returned '0': CMAKE_PREFIX_PATH=${CMAKE_PREFIX_PATH}:/home/mscrobotics2425laptop3/Robotics_Team2/install/team2_nav:/home/mscrobotics2425laptop3/Robotics_Team2/install/rpLidar_lab:/home/mscrobotics2425laptop3/Robotics_Team2/install/object_detection:/home/mscrobotics2425laptop3/Robotics_Team2/install/manipulator:/home/mscrobotics2425laptop3/interbotix_ws/install/interbotix_xs_modules:/home/mscrobotics2425laptop3/interbotix_ws/install/interbotix_perception_modules:/home/mscrobotics2425laptop3/interbotix_ws/install/interbotix_common_modules:/opt/ros/humble /usr/bin/cmake --build /home/mscrobotics2425laptop3/Robotics_Team2/build/interfaces -- -j12 -l12
[0.852s] Invoking command in '/home/mscrobotics2425laptop3/Robotics_Team2/build/interfaces': CMAKE_PREFIX_PATH=${CMAKE_PREFIX_PATH}:/home/mscrobotics2425laptop3/Robotics_Team2/install/team2_nav:/home/mscrobotics2425laptop3/Robotics_Team2/install/rpLidar_lab:/home/mscrobotics2425laptop3/Robotics_Team2/install/object_detection:/home/mscrobotics2425laptop3/Robotics_Team2/install/manipulator:/home/mscrobotics2425laptop3/interbotix_ws/install/interbotix_xs_modules:/home/mscrobotics2425laptop3/interbotix_ws/install/interbotix_perception_modules:/home/mscrobotics2425laptop3/interbotix_ws/install/interbotix_common_modules:/opt/ros/humble /usr/bin/cmake --install /home/mscrobotics2425laptop3/Robotics_Team2/build/interfaces
[0.863s] -- Install configuration: ""
[0.864s] -- Up-to-date: /home/mscrobotics2425laptop3/Robotics_Team2/install/interfaces/share/ament_index/resource_index/rosidl_interfaces/interfaces
[0.864s] -- Up-to-date: /home/mscrobotics2425laptop3/Robotics_Team2/install/interfaces/include/interfaces/interfaces
[0.866s] -- Up-to-date: /home/mscrobotics2425laptop3/Robotics_Team2/install/interfaces/include/interfaces/interfaces/msg
[0.866s] -- Up-to-date: /home/mscrobotics2425laptop3/Robotics_Team2/install/interfaces/include/interfaces/interfaces/msg/object_information.h
[0.866s] -- Up-to-date: /home/mscrobotics2425laptop3/Robotics_Team2/install/interfaces/include/interfaces/interfaces/msg/detail
[0.866s] -- Up-to-date: /home/mscrobotics2425laptop3/Robotics_Team2/install/interfaces/include/interfaces/interfaces/msg/detail/object_information__functions.c
[0.866s] -- Up-to-date: /home/mscrobotics2425laptop3/Robotics_Team2/install/interfaces/include/interfaces/interfaces/msg/detail/object_information__struct.h
[0.866s] -- Up-to-date: /home/mscrobotics2425laptop3/Robotics_Team2/install/interfaces/include/interfaces/interfaces/msg/detail/object_information__type_support.h
[0.866s] -- Up-to-date: /home/mscrobotics2425laptop3/Robotics_Team2/install/interfaces/include/interfaces/interfaces/msg/detail/object_information__functions.h
[0.866s] -- Up-to-date: /home/mscrobotics2425laptop3/Robotics_Team2/install/interfaces/include/interfaces/interfaces/msg/rosidl_generator_c__visibility_control.h
[0.866s] -- Up-to-date: /home/mscrobotics2425laptop3/Robotics_Team2/install/interfaces/include/interfaces/interfaces/srv
[0.866s] -- Up-to-date: /home/mscrobotics2425laptop3/Robotics_Team2/install/interfaces/include/interfaces/interfaces/srv/detail
[0.866s] -- Up-to-date: /home/mscrobotics2425laptop3/Robotics_Team2/install/interfaces/include/interfaces/interfaces/srv/detail/object_grab__functions.c
[0.866s] -- Up-to-date: /home/mscrobotics2425laptop3/Robotics_Team2/install/interfaces/include/interfaces/interfaces/srv/detail/object_grab__struct.h
[0.866s] -- Up-to-date: /home/mscrobotics2425laptop3/Robotics_Team2/install/interfaces/include/interfaces/interfaces/srv/detail/object_grab__functions.h
[0.866s] -- Up-to-date: /home/mscrobotics2425laptop3/Robotics_Team2/install/interfaces/include/interfaces/interfaces/srv/detail/object_grab__type_support.h
[0.866s] -- Up-to-date: /home/mscrobotics2425laptop3/Robotics_Team2/install/interfaces/include/interfaces/interfaces/srv/object_grab.h
[0.866s] -- Up-to-date: /home/mscrobotics2425laptop3/Robotics_Team2/install/interfaces/share/interfaces/environment/library_path.sh
[0.866s] -- Up-to-date: /home/mscrobotics2425laptop3/Robotics_Team2/install/interfaces/share/interfaces/environment/library_path.dsv
[0.866s] -- Up-to-date: /home/mscrobotics2425laptop3/Robotics_Team2/install/interfaces/lib/libinterfaces__rosidl_generator_c.so
[0.866s] -- Up-to-date: /home/mscrobotics2425laptop3/Robotics_Team2/install/interfaces/include/interfaces/interfaces
[0.866s] -- Up-to-date: /home/mscrobotics2425laptop3/Robotics_Team2/install/interfaces/include/interfaces/interfaces/msg
[0.866s] -- Up-to-date: /home/mscrobotics2425laptop3/Robotics_Team2/install/interfaces/include/interfaces/interfaces/msg/rosidl_typesupport_fastrtps_c__visibility_control.h
[0.866s] -- Up-to-date: /home/mscrobotics2425laptop3/Robotics_Team2/install/interfaces/include/interfaces/interfaces/msg/detail
[0.866s] -- Up-to-date: /home/mscrobotics2425laptop3/Robotics_Team2/install/interfaces/include/interfaces/interfaces/msg/detail/object_information__rosidl_typesupport_fastrtps_c.h
[0.866s] -- Up-to-date: /home/mscrobotics2425laptop3/Robotics_Team2/install/interfaces/include/interfaces/interfaces/srv
[0.866s] -- Up-to-date: /home/mscrobotics2425laptop3/Robotics_Team2/install/interfaces/include/interfaces/interfaces/srv/detail
[0.866s] -- Up-to-date: /home/mscrobotics2425laptop3/Robotics_Team2/install/interfaces/include/interfaces/interfaces/srv/detail/object_grab__rosidl_typesupport_fastrtps_c.h
[0.866s] -- Up-to-date: /home/mscrobotics2425laptop3/Robotics_Team2/install/interfaces/lib/libinterfaces__rosidl_typesupport_fastrtps_c.so
[0.866s] -- Up-to-date: /home/mscrobotics2425laptop3/Robotics_Team2/install/interfaces/include/interfaces/interfaces
[0.866s] -- Up-to-date: /home/mscrobotics2425laptop3/Robotics_Team2/install/interfaces/include/interfaces/interfaces/msg
[0.867s] -- Up-to-date: /home/mscrobotics2425laptop3/Robotics_Team2/install/interfaces/include/interfaces/interfaces/msg/detail
[0.867s] -- Up-to-date: /home/mscrobotics2425laptop3/Robotics_Team2/install/interfaces/include/interfaces/interfaces/msg/detail/object_information__rosidl_typesupport_introspection_c.h
[0.867s] -- Up-to-date: /home/mscrobotics2425laptop3/Robotics_Team2/install/interfaces/include/interfaces/interfaces/msg/detail/object_information__type_support.c
[0.867s] -- Up-to-date: /home/mscrobotics2425laptop3/Robotics_Team2/install/interfaces/include/interfaces/interfaces/msg/rosidl_typesupport_introspection_c__visibility_control.h
[0.867s] -- Up-to-date: /home/mscrobotics2425laptop3/Robotics_Team2/install/interfaces/include/interfaces/interfaces/srv
[0.867s] -- Up-to-date: /home/mscrobotics2425laptop3/Robotics_Team2/install/interfaces/include/interfaces/interfaces/srv/detail
[0.867s] -- Up-to-date: /home/mscrobotics2425laptop3/Robotics_Team2/install/interfaces/include/interfaces/interfaces/srv/detail/object_grab__type_support.c
[0.867s] -- Up-to-date: /home/mscrobotics2425laptop3/Robotics_Team2/install/interfaces/include/interfaces/interfaces/srv/detail/object_grab__rosidl_typesupport_introspection_c.h
[0.867s] -- Up-to-date: /home/mscrobotics2425laptop3/Robotics_Team2/install/interfaces/lib/libinterfaces__rosidl_typesupport_introspection_c.so
[0.867s] -- Up-to-date: /home/mscrobotics2425laptop3/Robotics_Team2/install/interfaces/lib/libinterfaces__rosidl_typesupport_c.so
[0.867s] -- Up-to-date: /home/mscrobotics2425laptop3/Robotics_Team2/install/interfaces/include/interfaces/interfaces
[0.867s] -- Up-to-date: /home/mscrobotics2425laptop3/Robotics_Team2/install/interfaces/include/interfaces/interfaces/msg
[0.867s] -- Up-to-date: /home/mscrobotics2425laptop3/Robotics_Team2/install/interfaces/include/interfaces/interfaces/msg/object_information.hpp
[0.867s] -- Up-to-date: /home/mscrobotics2425laptop3/Robotics_Team2/install/interfaces/include/interfaces/interfaces/msg/detail
[0.867s] -- Up-to-date: /home/mscrobotics2425laptop3/Robotics_Team2/install/interfaces/include/interfaces/interfaces/msg/detail/object_information__builder.hpp
[0.867s] -- Up-to-date: /home/mscrobotics2425laptop3/Robotics_Team2/install/interfaces/include/interfaces/interfaces/msg/detail/object_information__traits.hpp
[0.867s] -- Up-to-date: /home/mscrobotics2425laptop3/Robotics_Team2/install/interfaces/include/interfaces/interfaces/msg/detail/object_information__type_support.hpp
[0.870s] -- Up-to-date: /home/mscrobotics2425laptop3/Robotics_Team2/install/interfaces/include/interfaces/interfaces/msg/detail/object_information__struct.hpp
[0.870s] -- Up-to-date: /home/mscrobotics2425laptop3/Robotics_Team2/install/interfaces/include/interfaces/interfaces/msg/rosidl_generator_cpp__visibility_control.hpp
[0.870s] -- Up-to-date: /home/mscrobotics2425laptop3/Robotics_Team2/install/interfaces/include/interfaces/interfaces/srv
[0.870s] -- Up-to-date: /home/mscrobotics2425laptop3/Robotics_Team2/install/interfaces/include/interfaces/interfaces/srv/object_grab.hpp
[0.870s] -- Up-to-date: /home/mscrobotics2425laptop3/Robotics_Team2/install/interfaces/include/interfaces/interfaces/srv/detail
[0.870s] -- Up-to-date: /home/mscrobotics2425laptop3/Robotics_Team2/install/interfaces/include/interfaces/interfaces/srv/detail/object_grab__struct.hpp
[0.870s] -- Up-to-date: /home/mscrobotics2425laptop3/Robotics_Team2/install/interfaces/include/interfaces/interfaces/srv/detail/object_grab__traits.hpp
[0.870s] -- Up-to-date: /home/mscrobotics2425laptop3/Robotics_Team2/install/interfaces/include/interfaces/interfaces/srv/detail/object_grab__builder.hpp
[0.870s] -- Up-to-date: /home/mscrobotics2425laptop3/Robotics_Team2/install/interfaces/include/interfaces/interfaces/srv/detail/object_grab__type_support.hpp
[0.870s] -- Up-to-date: /home/mscrobotics2425laptop3/Robotics_Team2/install/interfaces/include/interfaces/interfaces
[0.871s] -- Up-to-date: /home/mscrobotics2425laptop3/Robotics_Team2/install/interfaces/include/interfaces/interfaces/msg
[0.871s] -- Up-to-date: /home/mscrobotics2425laptop3/Robotics_Team2/install/interfaces/include/interfaces/interfaces/msg/detail
[0.871s] -- Up-to-date: /home/mscrobotics2425laptop3/Robotics_Team2/install/interfaces/include/interfaces/interfaces/msg/detail/dds_fastrtps
[0.871s] -- Up-to-date: /home/mscrobotics2425laptop3/Robotics_Team2/install/interfaces/include/interfaces/interfaces/msg/detail/object_information__rosidl_typesupport_fastrtps_cpp.hpp
[0.871s] -- Up-to-date: /home/mscrobotics2425laptop3/Robotics_Team2/install/interfaces/include/interfaces/interfaces/msg/rosidl_typesupport_fastrtps_cpp__visibility_control.h
[0.871s] -- Up-to-date: /home/mscrobotics2425laptop3/Robotics_Team2/install/interfaces/include/interfaces/interfaces/srv
[0.871s] -- Up-to-date: /home/mscrobotics2425laptop3/Robotics_Team2/install/interfaces/include/interfaces/interfaces/srv/detail
[0.871s] -- Up-to-date: /home/mscrobotics2425laptop3/Robotics_Team2/install/interfaces/include/interfaces/interfaces/srv/detail/object_grab__rosidl_typesupport_fastrtps_cpp.hpp
[0.871s] -- Up-to-date: /home/mscrobotics2425laptop3/Robotics_Team2/install/interfaces/include/interfaces/interfaces/srv/detail/dds_fastrtps
[0.871s] -- Up-to-date: /home/mscrobotics2425laptop3/Robotics_Team2/install/interfaces/lib/libinterfaces__rosidl_typesupport_fastrtps_cpp.so
[0.871s] -- Up-to-date: /home/mscrobotics2425laptop3/Robotics_Team2/install/interfaces/include/interfaces/interfaces
[0.871s] -- Up-to-date: /home/mscrobotics2425laptop3/Robotics_Team2/install/interfaces/include/interfaces/interfaces/msg
[0.871s] -- Up-to-date: /home/mscrobotics2425laptop3/Robotics_Team2/install/interfaces/include/interfaces/interfaces/msg/detail
[0.872s] -- Up-to-date: /home/mscrobotics2425laptop3/Robotics_Team2/install/interfaces/include/interfaces/interfaces/msg/detail/object_information__rosidl_typesupport_introspection_cpp.hpp
[0.872s] -- Up-to-date: /home/mscrobotics2425laptop3/Robotics_Team2/install/interfaces/include/interfaces/interfaces/msg/detail/object_information__type_support.cpp
[0.872s] -- Up-to-date: /home/mscrobotics2425laptop3/Robotics_Team2/install/interfaces/include/interfaces/interfaces/srv
[0.872s] -- Up-to-date: /home/mscrobotics2425laptop3/Robotics_Team2/install/interfaces/include/interfaces/interfaces/srv/detail
[0.872s] -- Up-to-date: /home/mscrobotics2425laptop3/Robotics_Team2/install/interfaces/include/interfaces/interfaces/srv/detail/object_grab__type_support.cpp
[0.872s] -- Up-to-date: /home/mscrobotics2425laptop3/Robotics_Team2/install/interfaces/include/interfaces/interfaces/srv/detail/object_grab__rosidl_typesupport_introspection_cpp.hpp
[0.872s] -- Up-to-date: /home/mscrobotics2425laptop3/Robotics_Team2/install/interfaces/lib/libinterfaces__rosidl_typesupport_introspection_cpp.so
[0.872s] -- Up-to-date: /home/mscrobotics2425laptop3/Robotics_Team2/install/interfaces/lib/libinterfaces__rosidl_typesupport_cpp.so
[0.872s] -- Up-to-date: /home/mscrobotics2425laptop3/Robotics_Team2/install/interfaces/share/interfaces/environment/pythonpath.sh
[0.872s] -- Up-to-date: /home/mscrobotics2425laptop3/Robotics_Team2/install/interfaces/share/interfaces/environment/pythonpath.dsv
[0.872s] -- Up-to-date: /home/mscrobotics2425laptop3/Robotics_Team2/install/interfaces/local/lib/python3.10/dist-packages/interfaces-0.0.0-py3.10.egg-info
[0.872s] -- Installing: /home/mscrobotics2425laptop3/Robotics_Team2/install/interfaces/local/lib/python3.10/dist-packages/interfaces-0.0.0-py3.10.egg-info/SOURCES.txt
[0.872s] -- Installing: /home/mscrobotics2425laptop3/Robotics_Team2/install/interfaces/local/lib/python3.10/dist-packages/interfaces-0.0.0-py3.10.egg-info/PKG-INFO
[0.872s] -- Installing: /home/mscrobotics2425laptop3/Robotics_Team2/install/interfaces/local/lib/python3.10/dist-packages/interfaces-0.0.0-py3.10.egg-info/top_level.txt
[0.872s] -- Installing: /home/mscrobotics2425laptop3/Robotics_Team2/install/interfaces/local/lib/python3.10/dist-packages/interfaces-0.0.0-py3.10.egg-info/dependency_links.txt
[0.872s] -- Up-to-date: /home/mscrobotics2425laptop3/Robotics_Team2/install/interfaces/local/lib/python3.10/dist-packages/interfaces
[0.873s] -- Up-to-date: /home/mscrobotics2425laptop3/Robotics_Team2/install/interfaces/local/lib/python3.10/dist-packages/interfaces/__init__.py
[0.873s] -- Up-to-date: /home/mscrobotics2425laptop3/Robotics_Team2/install/interfaces/local/lib/python3.10/dist-packages/interfaces/_interfaces_s.ep.rosidl_typesupport_fastrtps_c.c
[0.873s] -- Up-to-date: /home/mscrobotics2425laptop3/Robotics_Team2/install/interfaces/local/lib/python3.10/dist-packages/interfaces/interfaces_s__rosidl_typesupport_introspection_c.cpython-310-x86_64-linux-gnu.so
[0.873s] -- Up-to-date: /home/mscrobotics2425laptop3/Robotics_Team2/install/interfaces/local/lib/python3.10/dist-packages/interfaces/libinterfaces__rosidl_generator_py.so
[0.873s] -- Up-to-date: /home/mscrobotics2425laptop3/Robotics_Team2/install/interfaces/local/lib/python3.10/dist-packages/interfaces/_interfaces_s.ep.rosidl_typesupport_introspection_c.c
[0.873s] -- Up-to-date: /home/mscrobotics2425laptop3/Robotics_Team2/install/interfaces/local/lib/python3.10/dist-packages/interfaces/interfaces_s__rosidl_typesupport_c.cpython-310-x86_64-linux-gnu.so
[0.873s] -- Up-to-date: /home/mscrobotics2425laptop3/Robotics_Team2/install/interfaces/local/lib/python3.10/dist-packages/interfaces/interfaces_s__rosidl_typesupport_fastrtps_c.cpython-310-x86_64-linux-gnu.so
[0.873s] -- Up-to-date: /home/mscrobotics2425laptop3/Robotics_Team2/install/interfaces/local/lib/python3.10/dist-packages/interfaces/msg
[0.873s] -- Up-to-date: /home/mscrobotics2425laptop3/Robotics_Team2/install/interfaces/local/lib/python3.10/dist-packages/interfaces/msg/__init__.py
[0.873s] -- Up-to-date: /home/mscrobotics2425laptop3/Robotics_Team2/install/interfaces/local/lib/python3.10/dist-packages/interfaces/msg/_object_information_s.c
[0.873s] -- Up-to-date: /home/mscrobotics2425laptop3/Robotics_Team2/install/interfaces/local/lib/python3.10/dist-packages/interfaces/msg/_object_information.py
[0.873s] -- Up-to-date: /home/mscrobotics2425laptop3/Robotics_Team2/install/interfaces/local/lib/python3.10/dist-packages/interfaces/srv
[0.873s] -- Up-to-date: /home/mscrobotics2425laptop3/Robotics_Team2/install/interfaces/local/lib/python3.10/dist-packages/interfaces/srv/__init__.py
[0.873s] -- Up-to-date: /home/mscrobotics2425laptop3/Robotics_Team2/install/interfaces/local/lib/python3.10/dist-packages/interfaces/srv/_object_grab.py
[0.873s] -- Up-to-date: /home/mscrobotics2425laptop3/Robotics_Team2/install/interfaces/local/lib/python3.10/dist-packages/interfaces/srv/_object_grab_s.c
[0.874s] -- Up-to-date: /home/mscrobotics2425laptop3/Robotics_Team2/install/interfaces/local/lib/python3.10/dist-packages/interfaces/_interfaces_s.ep.rosidl_typesupport_c.c
[0.904s] Listing '/home/mscrobotics2425laptop3/Robotics_Team2/install/interfaces/local/lib/python3.10/dist-packages/interfaces'...
[0.904s] Listing '/home/mscrobotics2425laptop3/Robotics_Team2/install/interfaces/local/lib/python3.10/dist-packages/interfaces/msg'...
[0.905s] Listing '/home/mscrobotics2425laptop3/Robotics_Team2/install/interfaces/local/lib/python3.10/dist-packages/interfaces/srv'...
[0.910s] -- Up-to-date: /home/mscrobotics2425laptop3/Robotics_Team2/install/interfaces/local/lib/python3.10/dist-packages/interfaces/interfaces_s__rosidl_typesupport_fastrtps_c.cpython-310-x86_64-linux-gnu.so
[0.910s] -- Up-to-date: /home/mscrobotics2425laptop3/Robotics_Team2/install/interfaces/local/lib/python3.10/dist-packages/interfaces/interfaces_s__rosidl_typesupport_introspection_c.cpython-310-x86_64-linux-gnu.so
[0.910s] -- Up-to-date: /home/mscrobotics2425laptop3/Robotics_Team2/install/interfaces/local/lib/python3.10/dist-packages/interfaces/interfaces_s__rosidl_typesupport_c.cpython-310-x86_64-linux-gnu.so
[0.911s] -- Up-to-date: /home/mscrobotics2425laptop3/Robotics_Team2/install/interfaces/lib/libinterfaces__rosidl_generator_py.so
[0.911s] -- Up-to-date: /home/mscrobotics2425laptop3/Robotics_Team2/install/interfaces/share/interfaces/msg/ObjectInformation.idl
[0.911s] -- Up-to-date: /home/mscrobotics2425laptop3/Robotics_Team2/install/interfaces/share/interfaces/srv/ObjectGrab.idl
[0.911s] -- Up-to-date: /home/mscrobotics2425laptop3/Robotics_Team2/install/interfaces/share/interfaces/msg/ObjectInformation.msg
[0.911s] -- Up-to-date: /home/mscrobotics2425laptop3/Robotics_Team2/install/interfaces/share/interfaces/srv/ObjectGrab.srv
[0.911s] -- Up-to-date: /home/mscrobotics2425laptop3/Robotics_Team2/install/interfaces/share/interfaces/srv/ObjectGrab_Request.msg
[0.911s] -- Up-to-date: /home/mscrobotics2425laptop3/Robotics_Team2/install/interfaces/share/interfaces/srv/ObjectGrab_Response.msg
[0.911s] -- Up-to-date: /home/mscrobotics2425laptop3/Robotics_Team2/install/interfaces/share/ament_index/resource_index/package_run_dependencies/interfaces
[0.911s] -- Up-to-date: /home/mscrobotics2425laptop3/Robotics_Team2/install/interfaces/share/ament_index/resource_index/parent_prefix_path/interfaces
[0.912s] -- Up-to-date: /home/mscrobotics2425laptop3/Robotics_Team2/install/interfaces/share/interfaces/environment/ament_prefix_path.sh
[0.912s] -- Up-to-date: /home/mscrobotics2425laptop3/Robotics_Team2/install/interfaces/share/interfaces/environment/ament_prefix_path.dsv
[0.912s] -- Up-to-date: /home/mscrobotics2425laptop3/Robotics_Team2/install/interfaces/share/interfaces/environment/path.sh
[0.912s] -- Up-to-date: /home/mscrobotics2425laptop3/Robotics_Team2/install/interfaces/share/interfaces/environment/path.dsv
[0.912s] -- Up-to-date: /home/mscrobotics2425laptop3/Robotics_Team2/install/interfaces/share/interfaces/local_setup.bash
[0.912s] -- Up-to-date: /home/mscrobotics2425laptop3/Robotics_Team2/install/interfaces/share/interfaces/local_setup.sh
[0.912s] -- Up-to-date: /home/mscrobotics2425laptop3/Robotics_Team2/install/interfaces/share/interfaces/local_setup.zsh
[0.912s] -- Up-to-date: /home/mscrobotics2425laptop3/Robotics_Team2/install/interfaces/share/interfaces/local_setup.dsv
[0.912s] -- Up-to-date: /home/mscrobotics2425laptop3/Robotics_Team2/install/interfaces/share/interfaces/package.dsv
[0.912s] -- Up-to-date: /home/mscrobotics2425laptop3/Robotics_Team2/install/interfaces/share/ament_index/resource_index/packages/interfaces
[0.912s] -- Up-to-date: /home/mscrobotics2425laptop3/Robotics_Team2/install/interfaces/share/interfaces/cmake/export_interfaces__rosidl_generator_cExport.cmake
[0.912s] -- Up-to-date: /home/mscrobotics2425laptop3/Robotics_Team2/install/interfaces/share/interfaces/cmake/export_interfaces__rosidl_generator_cExport-noconfig.cmake
[0.913s] -- Up-to-date: /home/mscrobotics2425laptop3/Robotics_Team2/install/interfaces/share/interfaces/cmake/export_interfaces__rosidl_typesupport_fastrtps_cExport.cmake
[0.913s] -- Up-to-date: /home/mscrobotics2425laptop3/Robotics_Team2/install/interfaces/share/interfaces/cmake/export_interfaces__rosidl_typesupport_fastrtps_cExport-noconfig.cmake
[0.913s] -- Up-to-date: /home/mscrobotics2425laptop3/Robotics_Team2/install/interfaces/share/interfaces/cmake/interfaces__rosidl_typesupport_introspection_cExport.cmake
[0.913s] -- Up-to-date: /home/mscrobotics2425laptop3/Robotics_Team2/install/interfaces/share/interfaces/cmake/interfaces__rosidl_typesupport_introspection_cExport-noconfig.cmake
[0.913s] -- Up-to-date: /home/mscrobotics2425laptop3/Robotics_Team2/install/interfaces/share/interfaces/cmake/interfaces__rosidl_typesupport_cExport.cmake
[0.913s] -- Up-to-date: /home/mscrobotics2425laptop3/Robotics_Team2/install/interfaces/share/interfaces/cmake/interfaces__rosidl_typesupport_cExport-noconfig.cmake
[0.913s] -- Up-to-date: /home/mscrobotics2425laptop3/Robotics_Team2/install/interfaces/share/interfaces/cmake/export_interfaces__rosidl_generator_cppExport.cmake
[0.913s] -- Up-to-date: /home/mscrobotics2425laptop3/Robotics_Team2/install/interfaces/share/interfaces/cmake/export_interfaces__rosidl_typesupport_fastrtps_cppExport.cmake
[0.913s] -- Up-to-date: /home/mscrobotics2425laptop3/Robotics_Team2/install/interfaces/share/interfaces/cmake/export_interfaces__rosidl_typesupport_fastrtps_cppExport-noconfig.cmake
[0.913s] -- Up-to-date: /home/mscrobotics2425laptop3/Robotics_Team2/install/interfaces/share/interfaces/cmake/interfaces__rosidl_typesupport_introspection_cppExport.cmake
[0.913s] -- Up-to-date: /home/mscrobotics2425laptop3/Robotics_Team2/install/interfaces/share/interfaces/cmake/interfaces__rosidl_typesupport_introspection_cppExport-noconfig.cmake
[0.913s] -- Up-to-date: /home/mscrobotics2425laptop3/Robotics_Team2/install/interfaces/share/interfaces/cmake/interfaces__rosidl_typesupport_cppExport.cmake
[0.913s] -- Up-to-date: /home/mscrobotics2425laptop3/Robotics_Team2/install/interfaces/share/interfaces/cmake/interfaces__rosidl_typesupport_cppExport-noconfig.cmake
[0.913s] -- Up-to-date: /home/mscrobotics2425laptop3/Robotics_Team2/install/interfaces/share/interfaces/cmake/export_interfaces__rosidl_generator_pyExport.cmake
[0.913s] -- Up-to-date: /home/mscrobotics2425laptop3/Robotics_Team2/install/interfaces/share/interfaces/cmake/export_interfaces__rosidl_generator_pyExport-noconfig.cmake
[0.914s] -- Up-to-date: /home/mscrobotics2425laptop3/Robotics_Team2/install/interfaces/share/interfaces/cmake/rosidl_cmake-extras.cmake
[0.914s] -- Up-to-date: /home/mscrobotics2425laptop3/Robotics_Team2/install/interfaces/share/interfaces/cmake/ament_cmake_export_include_directories-extras.cmake
[0.914s] -- Up-to-date: /home/mscrobotics2425laptop3/Robotics_Team2/install/interfaces/share/interfaces/cmake/ament_cmake_export_libraries-extras.cmake
[0.914s] -- Up-to-date: /home/mscrobotics2425laptop3/Robotics_Team2/install/interfaces/share/interfaces/cmake/ament_cmake_export_targets-extras.cmake
[0.914s] -- Up-to-date: /home/mscrobotics2425laptop3/Robotics_Team2/install/interfaces/share/interfaces/cmake/rosidl_cmake_export_typesupport_targets-extras.cmake
[0.914s] -- Up-to-date: /home/mscrobotics2425laptop3/Robotics_Team2/install/interfaces/share/interfaces/cmake/ament_cmake_export_dependencies-extras.cmake
[0.914s] -- Up-to-date: /home/mscrobotics2425laptop3/Robotics_Team2/install/interfaces/share/interfaces/cmake/rosidl_cmake_export_typesupport_libraries-extras.cmake
[0.914s] -- Up-to-date: /home/mscrobotics2425laptop3/Robotics_Team2/install/interfaces/share/interfaces/cmake/interfacesConfig.cmake
[0.914s] -- Up-to-date: /home/mscrobotics2425laptop3/Robotics_Team2/install/interfaces/share/interfaces/cmake/interfacesConfig-version.cmake
[0.914s] -- Up-to-date: /home/mscrobotics2425laptop3/Robotics_Team2/install/interfaces/share/interfaces/package.xml
[0.916s] Invoked command in '/home/mscrobotics2425laptop3/Robotics_Team2/build/interfaces' returned '0': CMAKE_PREFIX_PATH=${CMAKE_PREFIX_PATH}:/home/mscrobotics2425laptop3/Robotics_Team2/install/team2_nav:/home/mscrobotics2425laptop3/Robotics_Team2/install/rpLidar_lab:/home/mscrobotics2425laptop3/Robotics_Team2/install/object_detection:/home/mscrobotics2425laptop3/Robotics_Team2/install/manipulator:/home/mscrobotics2425laptop3/interbotix_ws/install/interbotix_xs_modules:/home/mscrobotics2425laptop3/interbotix_ws/install/interbotix_perception_modules:/home/mscrobotics2425laptop3/interbotix_ws/install/interbotix_common_modules:/opt/ros/humble /usr/bin/cmake --install /home/mscrobotics2425laptop3/Robotics_Team2/build/interfaces
