[4.720s] Invoking command in '/home/mscrobotics2425laptop3/Robotics_Team2/src/object_detection': PYTHONPATH=/home/mscrobotics2425laptop3/Robotics_Team2/build/object_detection/prefix_override:/usr/lib/python3/dist-packages/colcon_core/task/python/colcon_distutils_commands:/home/mscrobotics2425laptop3/Robotics_Team2/install/object_detection/lib/python3.10/site-packages:${PYTHONPATH} /usr/bin/python3 -W ignore:setup.py install is deprecated -W ignore:easy_install command is deprecated setup.py egg_info --egg-base ../../build/object_detection build --build-base /home/mscrobotics2425laptop3/Robotics_Team2/build/object_detection/build install --record /home/mscrobotics2425laptop3/Robotics_Team2/build/object_detection/install.log --single-version-externally-managed install_data
[5.382s] running egg_info
[5.382s] writing ../../build/object_detection/object_detection.egg-info/PKG-INFO
[5.383s] writing dependency_links to ../../build/object_detection/object_detection.egg-info/dependency_links.txt
[5.383s] writing entry points to ../../build/object_detection/object_detection.egg-info/entry_points.txt
[5.383s] writing requirements to ../../build/object_detection/object_detection.egg-info/requires.txt
[5.383s] writing top-level names to ../../build/object_detection/object_detection.egg-info/top_level.txt
[5.400s] reading manifest file '../../build/object_detection/object_detection.egg-info/SOURCES.txt'
[5.401s] writing manifest file '../../build/object_detection/object_detection.egg-info/SOURCES.txt'
[5.401s] running build
[5.401s] running build_py
[5.401s] running install
[5.404s] running install_lib
[5.416s] running install_data
[5.416s] running install_egg_info
[5.429s] removing '/home/mscrobotics2425laptop3/Robotics_Team2/install/object_detection/lib/python3.10/site-packages/object_detection-0.0.0-py3.10.egg-info' (and everything under it)
[5.437s] Copying ../../build/object_detection/object_detection.egg-info to /home/mscrobotics2425laptop3/Robotics_Team2/install/object_detection/lib/python3.10/site-packages/object_detection-0.0.0-py3.10.egg-info
[5.447s] running install_scripts
[5.578s] Installing collect_data script to /home/mscrobotics2425laptop3/Robotics_Team2/install/object_detection/lib/object_detection
[5.579s] Installing predict script to /home/mscrobotics2425laptop3/Robotics_Team2/install/object_detection/lib/object_detection
[5.582s] Installing test script to /home/mscrobotics2425laptop3/Robotics_Team2/install/object_detection/lib/object_detection
[5.587s] writing list of installed files to '/home/mscrobotics2425laptop3/Robotics_Team2/build/object_detection/install.log'
[5.665s] Invoked command in '/home/mscrobotics2425laptop3/Robotics_Team2/src/object_detection' returned '0': PYTHONPATH=/home/mscrobotics2425laptop3/Robotics_Team2/build/object_detection/prefix_override:/usr/lib/python3/dist-packages/colcon_core/task/python/colcon_distutils_commands:/home/mscrobotics2425laptop3/Robotics_Team2/install/object_detection/lib/python3.10/site-packages:${PYTHONPATH} /usr/bin/python3 -W ignore:setup.py install is deprecated -W ignore:easy_install command is deprecated setup.py egg_info --egg-base ../../build/object_detection build --build-base /home/mscrobotics2425laptop3/Robotics_Team2/build/object_detection/build install --record /home/mscrobotics2425laptop3/Robotics_Team2/build/object_detection/install.log --single-version-externally-managed install_data
