running egg_info
writing ../../build/manipulator/manipulator.egg-info/PKG-INFO
writing dependency_links to ../../build/manipulator/manipulator.egg-info/dependency_links.txt
writing entry points to ../../build/manipulator/manipulator.egg-info/entry_points.txt
writing requirements to ../../build/manipulator/manipulator.egg-info/requires.txt
writing top-level names to ../../build/manipulator/manipulator.egg-info/top_level.txt
reading manifest file '../../build/manipulator/manipulator.egg-info/SOURCES.txt'
writing manifest file '../../build/manipulator/manipulator.egg-info/SOURCES.txt'
running build
running build_py
copying manipulator/server_of_perception_for_grasp.py -> /home/mscrobotics2425laptop3/Robotics_Team2/build/manipulator/build/lib/manipulator
running install
running install_lib
copying /home/mscrobotics2425laptop3/Robotics_Team2/build/manipulator/build/lib/manipulator/server_of_perception_for_grasp.py -> /home/mscrobotics2425laptop3/Robotics_Team2/install/manipulator/lib/python3.10/site-packages/manipulator
byte-compiling /home/mscrobotics2425laptop3/Robotics_Team2/install/manipulator/lib/python3.10/site-packages/manipulator/server_of_perception_for_grasp.py to server_of_perception_for_grasp.cpython-310.pyc
running install_data
copying package.xml -> /home/mscrobotics2425laptop3/Robotics_Team2/install/manipulator/share/manipulator
running install_egg_info
removing '/home/mscrobotics2425laptop3/Robotics_Team2/install/manipulator/lib/python3.10/site-packages/manipulator-0.0.0-py3.10.egg-info' (and everything under it)
Copying ../../build/manipulator/manipulator.egg-info to /home/mscrobotics2425laptop3/Robotics_Team2/install/manipulator/lib/python3.10/site-packages/manipulator-0.0.0-py3.10.egg-info
running install_scripts
Installing ServerOfPerceptionAndGrasp script to /home/mscrobotics2425laptop3/Robotics_Team2/install/manipulator/lib/manipulator
writing list of installed files to '/home/mscrobotics2425laptop3/Robotics_Team2/build/manipulator/install.log'
