[0.615s] Invoking command in '/home/mscrobotics2425laptop3/Robotics_Team2/src/manipulator': AMENT_PREFIX_PATH=/home/mscrobotics2425laptop3/Robotics_Team2/install/package_with_interfaces:${AMENT_PREFIX_PATH} CMAKE_PREFIX_PATH=/home/mscrobotics2425laptop3/Robotics_Team2/install/package_with_interfaces:${CMAKE_PREFIX_PATH} LD_LIBRARY_PATH=/home/mscrobotics2425laptop3/Robotics_Team2/install/package_with_interfaces/lib:${LD_LIBRARY_PATH} PYTHONPATH=/home/mscrobotics2425laptop3/Robotics_Team2/build/manipulator/prefix_override:/usr/lib/python3/dist-packages/colcon_core/task/python/colcon_distutils_commands:/home/mscrobotics2425laptop3/Robotics_Team2/install/manipulator/lib/python3.10/site-packages:/home/mscrobotics2425laptop3/Robotics_Team2/install/package_with_interfaces/local/lib/python3.10/dist-packages:${PYTHONPATH} /usr/bin/python3 -W ignore:setup.py install is deprecated -W ignore:easy_install command is deprecated setup.py egg_info --egg-base ../../build/manipulator build --build-base /home/mscrobotics2425laptop3/Robotics_Team2/build/manipulator/build install --record /home/mscrobotics2425laptop3/Robotics_Team2/build/manipulator/install.log --single-version-externally-managed install_data
[0.879s] running egg_info
[0.879s] writing ../../build/manipulator/manipulator.egg-info/PKG-INFO
[0.880s] writing dependency_links to ../../build/manipulator/manipulator.egg-info/dependency_links.txt
[0.880s] writing entry points to ../../build/manipulator/manipulator.egg-info/entry_points.txt
[0.881s] writing requirements to ../../build/manipulator/manipulator.egg-info/requires.txt
[0.881s] writing top-level names to ../../build/manipulator/manipulator.egg-info/top_level.txt
[0.881s] reading manifest file '../../build/manipulator/manipulator.egg-info/SOURCES.txt'
[0.883s] writing manifest file '../../build/manipulator/manipulator.egg-info/SOURCES.txt'
[0.883s] running build
[0.883s] running build_py
[0.884s] copying manipulator/server_of_perception_for_grasp.py -> /home/mscrobotics2425laptop3/Robotics_Team2/build/manipulator/build/lib/manipulator
[0.884s] running install
[0.884s] running install_lib
[0.884s] copying /home/mscrobotics2425laptop3/Robotics_Team2/build/manipulator/build/lib/manipulator/server_of_perception_for_grasp.py -> /home/mscrobotics2425laptop3/Robotics_Team2/install/manipulator/lib/python3.10/site-packages/manipulator
[0.885s] byte-compiling /home/mscrobotics2425laptop3/Robotics_Team2/install/manipulator/lib/python3.10/site-packages/manipulator/server_of_perception_for_grasp.py to server_of_perception_for_grasp.cpython-310.pyc
[0.886s] running install_data
[0.887s] copying package.xml -> /home/mscrobotics2425laptop3/Robotics_Team2/install/manipulator/share/manipulator
[0.888s] running install_egg_info
[0.888s] removing '/home/mscrobotics2425laptop3/Robotics_Team2/install/manipulator/lib/python3.10/site-packages/manipulator-0.0.0-py3.10.egg-info' (and everything under it)
[0.888s] Copying ../../build/manipulator/manipulator.egg-info to /home/mscrobotics2425laptop3/Robotics_Team2/install/manipulator/lib/python3.10/site-packages/manipulator-0.0.0-py3.10.egg-info
[0.888s] running install_scripts
[0.913s] Installing ServerOfPerceptionAndGrasp script to /home/mscrobotics2425laptop3/Robotics_Team2/install/manipulator/lib/manipulator
[0.914s] writing list of installed files to '/home/mscrobotics2425laptop3/Robotics_Team2/build/manipulator/install.log'
[0.953s] Invoked command in '/home/mscrobotics2425laptop3/Robotics_Team2/src/manipulator' returned '0': AMENT_PREFIX_PATH=/home/mscrobotics2425laptop3/Robotics_Team2/install/package_with_interfaces:${AMENT_PREFIX_PATH} CMAKE_PREFIX_PATH=/home/mscrobotics2425laptop3/Robotics_Team2/install/package_with_interfaces:${CMAKE_PREFIX_PATH} LD_LIBRARY_PATH=/home/mscrobotics2425laptop3/Robotics_Team2/install/package_with_interfaces/lib:${LD_LIBRARY_PATH} PYTHONPATH=/home/mscrobotics2425laptop3/Robotics_Team2/build/manipulator/prefix_override:/usr/lib/python3/dist-packages/colcon_core/task/python/colcon_distutils_commands:/home/mscrobotics2425laptop3/Robotics_Team2/install/manipulator/lib/python3.10/site-packages:/home/mscrobotics2425laptop3/Robotics_Team2/install/package_with_interfaces/local/lib/python3.10/dist-packages:${PYTHONPATH} /usr/bin/python3 -W ignore:setup.py install is deprecated -W ignore:easy_install command is deprecated setup.py egg_info --egg-base ../../build/manipulator build --build-base /home/mscrobotics2425laptop3/Robotics_Team2/build/manipulator/build install --record /home/mscrobotics2425laptop3/Robotics_Team2/build/manipulator/install.log --single-version-externally-managed install_data
