[9.527s] Invoking command in '/home/mscrobotics2425laptop16/Robotics_Team2/src/fake_arm': PYTHONPATH=/home/mscrobotics2425laptop16/Robotics_Team2/build/fake_arm/prefix_override:/usr/lib/python3/dist-packages/colcon_core/task/python/colcon_distutils_commands:/home/mscrobotics2425laptop16/Robotics_Team2/install/fake_arm/lib/python3.10/site-packages:${PYTHONPATH} /usr/bin/python3 -W ignore:setup.py install is deprecated -W ignore:easy_install command is deprecated setup.py egg_info --egg-base ../../build/fake_arm build --build-base /home/mscrobotics2425laptop16/Robotics_Team2/build/fake_arm/build install --record /home/mscrobotics2425laptop16/Robotics_Team2/build/fake_arm/install.log --single-version-externally-managed install_data
[10.144s] /home/mscrobotics2425laptop16/.local/lib/python3.10/site-packages/setuptools/_distutils/dist.py:261: UserWarning: Unknown distribution option: 'tests_require'
[10.144s]   warnings.warn(msg)
[10.918s] running egg_info
[11.017s] writing ../../build/fake_arm/fake_arm.egg-info/PKG-INFO
[11.017s] writing dependency_links to ../../build/fake_arm/fake_arm.egg-info/dependency_links.txt
[11.017s] writing entry points to ../../build/fake_arm/fake_arm.egg-info/entry_points.txt
[11.018s] writing requirements to ../../build/fake_arm/fake_arm.egg-info/requires.txt
[11.020s] writing top-level names to ../../build/fake_arm/fake_arm.egg-info/top_level.txt
[11.213s] reading manifest file '../../build/fake_arm/fake_arm.egg-info/SOURCES.txt'
[11.214s] writing manifest file '../../build/fake_arm/fake_arm.egg-info/SOURCES.txt'
[11.214s] running build
[11.214s] running build_py
[11.214s] copying fake_arm/fake.py -> /home/mscrobotics2425laptop16/Robotics_Team2/build/fake_arm/build/lib/fake_arm
[11.215s] copying fake_arm/__init__.py -> /home/mscrobotics2425laptop16/Robotics_Team2/build/fake_arm/build/lib/fake_arm
[11.215s] running install
[11.234s] running install_lib
[11.322s] running install_data
[11.323s] copying resource/fake_arm -> /home/mscrobotics2425laptop16/Robotics_Team2/install/fake_arm/share/ament_index/resource_index/packages
[11.324s] copying package.xml -> /home/mscrobotics2425laptop16/Robotics_Team2/install/fake_arm/share/fake_arm
[11.324s] running install_egg_info
[11.434s] removing '/home/mscrobotics2425laptop16/Robotics_Team2/install/fake_arm/lib/python3.10/site-packages/fake_arm-0.0.0-py3.10.egg-info' (and everything under it)
[11.435s] Copying ../../build/fake_arm/fake_arm.egg-info to /home/mscrobotics2425laptop16/Robotics_Team2/install/fake_arm/lib/python3.10/site-packages/fake_arm-0.0.0-py3.10.egg-info
[11.443s] running install_scripts
[12.588s] Installing fake script to /home/mscrobotics2425laptop16/Robotics_Team2/install/fake_arm/lib/fake_arm
[12.588s] writing list of installed files to '/home/mscrobotics2425laptop16/Robotics_Team2/build/fake_arm/install.log'
[12.655s] Invoked command in '/home/mscrobotics2425laptop16/Robotics_Team2/src/fake_arm' returned '0': PYTHONPATH=/home/mscrobotics2425laptop16/Robotics_Team2/build/fake_arm/prefix_override:/usr/lib/python3/dist-packages/colcon_core/task/python/colcon_distutils_commands:/home/mscrobotics2425laptop16/Robotics_Team2/install/fake_arm/lib/python3.10/site-packages:${PYTHONPATH} /usr/bin/python3 -W ignore:setup.py install is deprecated -W ignore:easy_install command is deprecated setup.py egg_info --egg-base ../../build/fake_arm build --build-base /home/mscrobotics2425laptop16/Robotics_Team2/build/fake_arm/build install --record /home/mscrobotics2425laptop16/Robotics_Team2/build/fake_arm/install.log --single-version-externally-managed install_data
