[1.698s] Invoking command in '/home/mscrobotics2425laptop3/Robotics_Team2/src/object_detection': PYTHONPATH=/home/mscrobotics2425laptop3/Robotics_Team2/build/object_detection/prefix_override:/usr/lib/python3/dist-packages/colcon_core/task/python/colcon_distutils_commands:/home/mscrobotics2425laptop3/Robotics_Team2/install/object_detection/lib/python3.10/site-packages:${PYTHONPATH} /usr/bin/python3 -W ignore:setup.py install is deprecated -W ignore:easy_install command is deprecated setup.py egg_info --egg-base ../../build/object_detection build --build-base /home/mscrobotics2425laptop3/Robotics_Team2/build/object_detection/build install --record /home/mscrobotics2425laptop3/Robotics_Team2/build/object_detection/install.log --single-version-externally-managed install_data
[2.126s] running egg_info
[2.127s] creating ../../build/object_detection/object_detection.egg-info
[2.127s] writing ../../build/object_detection/object_detection.egg-info/PKG-INFO
[2.127s] writing dependency_links to ../../build/object_detection/object_detection.egg-info/dependency_links.txt
[2.127s] writing entry points to ../../build/object_detection/object_detection.egg-info/entry_points.txt
[2.128s] writing requirements to ../../build/object_detection/object_detection.egg-info/requires.txt
[2.128s] writing top-level names to ../../build/object_detection/object_detection.egg-info/top_level.txt
[2.128s] writing manifest file '../../build/object_detection/object_detection.egg-info/SOURCES.txt'
[2.129s] reading manifest file '../../build/object_detection/object_detection.egg-info/SOURCES.txt'
[2.130s] writing manifest file '../../build/object_detection/object_detection.egg-info/SOURCES.txt'
[2.130s] running build
[2.130s] running build_py
[2.131s] creating /home/mscrobotics2425laptop3/Robotics_Team2/build/object_detection/build
[2.131s] creating /home/mscrobotics2425laptop3/Robotics_Team2/build/object_detection/build/lib
[2.131s] creating /home/mscrobotics2425laptop3/Robotics_Team2/build/object_detection/build/lib/object_detection
[2.131s] copying object_detection/__init__.py -> /home/mscrobotics2425laptop3/Robotics_Team2/build/object_detection/build/lib/object_detection
[2.131s] copying object_detection/color_predict.py -> /home/mscrobotics2425laptop3/Robotics_Team2/build/object_detection/build/lib/object_detection
[2.131s] copying object_detection/find_range.py -> /home/mscrobotics2425laptop3/Robotics_Team2/build/object_detection/build/lib/object_detection
[2.131s] copying object_detection/predict_by_mask.py -> /home/mscrobotics2425laptop3/Robotics_Team2/build/object_detection/build/lib/object_detection
[2.131s] copying object_detection/collect_data.py -> /home/mscrobotics2425laptop3/Robotics_Team2/build/object_detection/build/lib/object_detection
[2.132s] copying object_detection/predict.py -> /home/mscrobotics2425laptop3/Robotics_Team2/build/object_detection/build/lib/object_detection
[2.132s] running install
[2.132s] running install_lib
[2.134s] creating /home/mscrobotics2425laptop3/Robotics_Team2/install/object_detection/lib/python3.10/site-packages/object_detection
[2.134s] copying /home/mscrobotics2425laptop3/Robotics_Team2/build/object_detection/build/lib/object_detection/__init__.py -> /home/mscrobotics2425laptop3/Robotics_Team2/install/object_detection/lib/python3.10/site-packages/object_detection
[2.134s] copying /home/mscrobotics2425laptop3/Robotics_Team2/build/object_detection/build/lib/object_detection/color_predict.py -> /home/mscrobotics2425laptop3/Robotics_Team2/install/object_detection/lib/python3.10/site-packages/object_detection
[2.134s] copying /home/mscrobotics2425laptop3/Robotics_Team2/build/object_detection/build/lib/object_detection/find_range.py -> /home/mscrobotics2425laptop3/Robotics_Team2/install/object_detection/lib/python3.10/site-packages/object_detection
[2.134s] copying /home/mscrobotics2425laptop3/Robotics_Team2/build/object_detection/build/lib/object_detection/predict_by_mask.py -> /home/mscrobotics2425laptop3/Robotics_Team2/install/object_detection/lib/python3.10/site-packages/object_detection
[2.134s] copying /home/mscrobotics2425laptop3/Robotics_Team2/build/object_detection/build/lib/object_detection/collect_data.py -> /home/mscrobotics2425laptop3/Robotics_Team2/install/object_detection/lib/python3.10/site-packages/object_detection
[2.134s] copying /home/mscrobotics2425laptop3/Robotics_Team2/build/object_detection/build/lib/object_detection/predict.py -> /home/mscrobotics2425laptop3/Robotics_Team2/install/object_detection/lib/python3.10/site-packages/object_detection
[2.135s] byte-compiling /home/mscrobotics2425laptop3/Robotics_Team2/install/object_detection/lib/python3.10/site-packages/object_detection/__init__.py to __init__.cpython-310.pyc
[2.136s] byte-compiling /home/mscrobotics2425laptop3/Robotics_Team2/install/object_detection/lib/python3.10/site-packages/object_detection/color_predict.py to color_predict.cpython-310.pyc
[2.138s] byte-compiling /home/mscrobotics2425laptop3/Robotics_Team2/install/object_detection/lib/python3.10/site-packages/object_detection/find_range.py to find_range.cpython-310.pyc
[2.139s] byte-compiling /home/mscrobotics2425laptop3/Robotics_Team2/install/object_detection/lib/python3.10/site-packages/object_detection/predict_by_mask.py to predict_by_mask.cpython-310.pyc
[2.142s] byte-compiling /home/mscrobotics2425laptop3/Robotics_Team2/install/object_detection/lib/python3.10/site-packages/object_detection/collect_data.py to collect_data.cpython-310.pyc
[2.142s] byte-compiling /home/mscrobotics2425laptop3/Robotics_Team2/install/object_detection/lib/python3.10/site-packages/object_detection/predict.py to predict.cpython-310.pyc
[2.144s] running install_data
[2.144s] creating /home/mscrobotics2425laptop3/Robotics_Team2/install/object_detection/share/ament_index
[2.144s] creating /home/mscrobotics2425laptop3/Robotics_Team2/install/object_detection/share/ament_index/resource_index
[2.145s] creating /home/mscrobotics2425laptop3/Robotics_Team2/install/object_detection/share/ament_index/resource_index/packages
[2.145s] copying resource/object_detection -> /home/mscrobotics2425laptop3/Robotics_Team2/install/object_detection/share/ament_index/resource_index/packages
[2.145s] copying package.xml -> /home/mscrobotics2425laptop3/Robotics_Team2/install/object_detection/share/object_detection
[2.145s] running install_egg_info
[2.148s] Copying ../../build/object_detection/object_detection.egg-info to /home/mscrobotics2425laptop3/Robotics_Team2/install/object_detection/lib/python3.10/site-packages/object_detection-0.0.0-py3.10.egg-info
[2.149s] running install_scripts
[2.170s] Installing collect_data script to /home/mscrobotics2425laptop3/Robotics_Team2/install/object_detection/lib/object_detection
[2.171s] Installing color_predict script to /home/mscrobotics2425laptop3/Robotics_Team2/install/object_detection/lib/object_detection
[2.171s] Installing find_range script to /home/mscrobotics2425laptop3/Robotics_Team2/install/object_detection/lib/object_detection
[2.171s] Installing predict script to /home/mscrobotics2425laptop3/Robotics_Team2/install/object_detection/lib/object_detection
[2.171s] Installing predict_by_mask script to /home/mscrobotics2425laptop3/Robotics_Team2/install/object_detection/lib/object_detection
[2.171s] Installing test script to /home/mscrobotics2425laptop3/Robotics_Team2/install/object_detection/lib/object_detection
[2.171s] writing list of installed files to '/home/mscrobotics2425laptop3/Robotics_Team2/build/object_detection/install.log'
[2.207s] Invoked command in '/home/mscrobotics2425laptop3/Robotics_Team2/src/object_detection' returned '0': PYTHONPATH=/home/mscrobotics2425laptop3/Robotics_Team2/build/object_detection/prefix_override:/usr/lib/python3/dist-packages/colcon_core/task/python/colcon_distutils_commands:/home/mscrobotics2425laptop3/Robotics_Team2/install/object_detection/lib/python3.10/site-packages:${PYTHONPATH} /usr/bin/python3 -W ignore:setup.py install is deprecated -W ignore:easy_install command is deprecated setup.py egg_info --egg-base ../../build/object_detection build --build-base /home/mscrobotics2425laptop3/Robotics_Team2/build/object_detection/build install --record /home/mscrobotics2425laptop3/Robotics_Team2/build/object_detection/install.log --single-version-externally-managed install_data
