[0.024s] Invoking command in '/home/mscrobotics2425laptop21/nav/build/leo_description': /usr/bin/cmake /home/mscrobotics2425laptop21/nav/leo_common/leo_description -DCATKIN_INSTALL_INTO_PREFIX_ROOT=0 -DCMAKE_INSTALL_PREFIX=/home/mscrobotics2425laptop21/nav/install/leo_description
[0.101s] -- The C compiler identification is GNU 11.4.0
[0.170s] -- The CXX compiler identification is GNU 11.4.0
[0.182s] -- Detecting C compiler ABI info
[0.279s] -- Detecting C compiler ABI info - done
[0.287s] -- Check for working C compiler: /usr/bin/cc - skipped
[0.287s] -- Detecting C compile features
[0.287s] -- Detecting C compile features - done
[0.291s] -- Detecting CXX compiler ABI info
[0.401s] -- Detecting CXX compiler ABI info - done
[0.417s] -- Check for working CXX compiler: /usr/bin/c++ - skipped
[0.418s] -- Detecting CXX compile features
[0.419s] -- Detecting CXX compile features - done
[0.445s] [31mCMake Error at CMakeLists.txt:5 (find_package):
[0.445s]   By not providing "Findcatkin.cmake" in CMAKE_MODULE_PATH this project has
[0.445s]   asked CMake to find a package configuration file provided by "catkin", but
[0.445s]   CMake did not find one.
[0.445s] 
[0.446s]   Could not find a package configuration file provided by "catkin" with any
[0.446s]   of the following names:
[0.446s] 
[0.446s]     catkinConfig.cmake
[0.446s]     catkin-config.cmake
[0.446s] 
[0.446s]   Add the installation prefix of "catkin" to CMAKE_PREFIX_PATH or set
[0.446s]   "catkin_DIR" to a directory containing one of the above files.  If "catkin"
[0.447s]   provides a separate development package or SDK, be sure it has been
[0.447s]   installed.
[0.447s] 
[0.447s] [0m
[0.447s] -- Configuring incomplete, errors occurred!
[0.447s] See also "/home/mscrobotics2425laptop21/nav/build/leo_description/CMakeFiles/CMakeOutput.log".
[0.450s] Invoked command in '/home/mscrobotics2425laptop21/nav/build/leo_description' returned '1': /usr/bin/cmake /home/mscrobotics2425laptop21/nav/leo_common/leo_description -DCATKIN_INSTALL_INTO_PREFIX_ROOT=0 -DCMAKE_INSTALL_PREFIX=/home/mscrobotics2425laptop21/nav/install/leo_description
