/home/mscrobotics2425laptop16/.local/lib/python3.10/site-packages/setuptools/_distutils/dist.py:261: UserWarning: Unknown distribution option: 'tests_require'
  warnings.warn(msg)
running egg_info
writing ../../build/fake_arm/fake_arm.egg-info/PKG-INFO
writing dependency_links to ../../build/fake_arm/fake_arm.egg-info/dependency_links.txt
writing entry points to ../../build/fake_arm/fake_arm.egg-info/entry_points.txt
writing requirements to ../../build/fake_arm/fake_arm.egg-info/requires.txt
writing top-level names to ../../build/fake_arm/fake_arm.egg-info/top_level.txt
reading manifest file '../../build/fake_arm/fake_arm.egg-info/SOURCES.txt'
writing manifest file '../../build/fake_arm/fake_arm.egg-info/SOURCES.txt'
running build
running build_py
copying fake_arm/fake.py -> /home/mscrobotics2425laptop16/Robotics_Team2/build/fake_arm/build/lib/fake_arm
copying fake_arm/__init__.py -> /home/mscrobotics2425laptop16/Robotics_Team2/build/fake_arm/build/lib/fake_arm
running install
running install_lib
running install_data
copying resource/fake_arm -> /home/mscrobotics2425laptop16/Robotics_Team2/install/fake_arm/share/ament_index/resource_index/packages
copying package.xml -> /home/mscrobotics2425laptop16/Robotics_Team2/install/fake_arm/share/fake_arm
running install_egg_info
removing '/home/mscrobotics2425laptop16/Robotics_Team2/install/fake_arm/lib/python3.10/site-packages/fake_arm-0.0.0-py3.10.egg-info' (and everything under it)
Copying ../../build/fake_arm/fake_arm.egg-info to /home/mscrobotics2425laptop16/Robotics_Team2/install/fake_arm/lib/python3.10/site-packages/fake_arm-0.0.0-py3.10.egg-info
running install_scripts
Installing fake script to /home/mscrobotics2425laptop16/Robotics_Team2/install/fake_arm/lib/fake_arm
writing list of installed files to '/home/mscrobotics2425laptop16/Robotics_Team2/build/fake_arm/install.log'
