[2.127s] Invoking command in '/home/mscrobotics2425laptop3/Robotics_Team2/src/team2_nav': PYTHONPATH=/home/mscrobotics2425laptop3/Robotics_Team2/build/team2_nav/prefix_override:/usr/lib/python3/dist-packages/colcon_core/task/python/colcon_distutils_commands:/home/mscrobotics2425laptop3/Robotics_Team2/install/team2_nav/lib/python3.10/site-packages:${PYTHONPATH} /usr/bin/python3 -W ignore:setup.py install is deprecated -W ignore:easy_install command is deprecated setup.py egg_info --egg-base ../../build/team2_nav build --build-base /home/mscrobotics2425laptop3/Robotics_Team2/build/team2_nav/build install --record /home/mscrobotics2425laptop3/Robotics_Team2/build/team2_nav/install.log --single-version-externally-managed install_data
[2.940s] running egg_info
[2.942s] writing ../../build/team2_nav/team2_nav.egg-info/PKG-INFO
[2.942s] writing dependency_links to ../../build/team2_nav/team2_nav.egg-info/dependency_links.txt
[2.946s] writing entry points to ../../build/team2_nav/team2_nav.egg-info/entry_points.txt
[2.946s] writing requirements to ../../build/team2_nav/team2_nav.egg-info/requires.txt
[2.947s] writing top-level names to ../../build/team2_nav/team2_nav.egg-info/top_level.txt
[2.948s] reading manifest file '../../build/team2_nav/team2_nav.egg-info/SOURCES.txt'
[2.950s] writing manifest file '../../build/team2_nav/team2_nav.egg-info/SOURCES.txt'
[2.950s] running build
[2.950s] running build_py
[2.953s] running install
[2.954s] running install_lib
[2.958s] running install_data
[2.959s] running install_egg_info
[2.966s] removing '/home/mscrobotics2425laptop3/Robotics_Team2/install/team2_nav/lib/python3.10/site-packages/team2_nav-0.0.0-py3.10.egg-info' (and everything under it)
[2.966s] Copying ../../build/team2_nav/team2_nav.egg-info to /home/mscrobotics2425laptop3/Robotics_Team2/install/team2_nav/lib/python3.10/site-packages/team2_nav-0.0.0-py3.10.egg-info
[2.973s] running install_scripts
[3.044s] Installing explorer script to /home/mscrobotics2425laptop3/Robotics_Team2/install/team2_nav/lib/team2_nav
[3.044s] writing list of installed files to '/home/mscrobotics2425laptop3/Robotics_Team2/build/team2_nav/install.log'
[3.119s] Invoked command in '/home/mscrobotics2425laptop3/Robotics_Team2/src/team2_nav' returned '0': PYTHONPATH=/home/mscrobotics2425laptop3/Robotics_Team2/build/team2_nav/prefix_override:/usr/lib/python3/dist-packages/colcon_core/task/python/colcon_distutils_commands:/home/mscrobotics2425laptop3/Robotics_Team2/install/team2_nav/lib/python3.10/site-packages:${PYTHONPATH} /usr/bin/python3 -W ignore:setup.py install is deprecated -W ignore:easy_install command is deprecated setup.py egg_info --egg-base ../../build/team2_nav build --build-base /home/mscrobotics2425laptop3/Robotics_Team2/build/team2_nav/build install --record /home/mscrobotics2425laptop3/Robotics_Team2/build/team2_nav/install.log --single-version-externally-managed install_data
