[4.965s] Invoking command in '/home/mscrobotics2425laptop16/Robotics_Team2/src/manipulator': AMENT_PREFIX_PATH=/home/mscrobotics2425laptop16/Robotics_Team2/install/package_with_interfaces:${AMENT_PREFIX_PATH} CMAKE_PREFIX_PATH=/home/mscrobotics2425laptop16/Robotics_Team2/install/package_with_interfaces:${CMAKE_PREFIX_PATH} LD_LIBRARY_PATH=/home/mscrobotics2425laptop16/Robotics_Team2/install/package_with_interfaces/lib:${LD_LIBRARY_PATH} PYTHONPATH=/home/mscrobotics2425laptop16/Robotics_Team2/build/manipulator/prefix_override:/usr/lib/python3/dist-packages/colcon_core/task/python/colcon_distutils_commands:/home/mscrobotics2425laptop16/Robotics_Team2/install/manipulator/lib/python3.10/site-packages:/home/mscrobotics2425laptop16/Robotics_Team2/install/package_with_interfaces/local/lib/python3.10/dist-packages:${PYTHONPATH} /usr/bin/python3 -W ignore:setup.py install is deprecated -W ignore:easy_install command is deprecated setup.py egg_info --egg-base ../../build/manipulator build --build-base /home/mscrobotics2425laptop16/Robotics_Team2/build/manipulator/build install --record /home/mscrobotics2425laptop16/Robotics_Team2/build/manipulator/install.log --single-version-externally-managed install_data
[5.679s] /home/mscrobotics2425laptop16/.local/lib/python3.10/site-packages/setuptools/_distutils/dist.py:261: UserWarning: Unknown distribution option: 'tests_require'
[5.680s]   warnings.warn(msg)
[6.189s] running egg_info
[6.291s] writing ../../build/manipulator/manipulator.egg-info/PKG-INFO
[6.304s] writing dependency_links to ../../build/manipulator/manipulator.egg-info/dependency_links.txt
[6.307s] writing entry points to ../../build/manipulator/manipulator.egg-info/entry_points.txt
[6.308s] writing requirements to ../../build/manipulator/manipulator.egg-info/requires.txt
[6.308s] writing top-level names to ../../build/manipulator/manipulator.egg-info/top_level.txt
[6.637s] reading manifest file '../../build/manipulator/manipulator.egg-info/SOURCES.txt'
[6.644s] writing manifest file '../../build/manipulator/manipulator.egg-info/SOURCES.txt'
[6.648s] running build
[6.649s] running build_py
[6.654s] copying manipulator/server_of_perception_for_grasp.py -> /home/mscrobotics2425laptop16/Robotics_Team2/build/manipulator/build/lib/manipulator
[6.657s] copying manipulator/garsp_test.py -> /home/mscrobotics2425laptop16/Robotics_Team2/build/manipulator/build/lib/manipulator
[6.658s] copying manipulator/__init__.py -> /home/mscrobotics2425laptop16/Robotics_Team2/build/manipulator/build/lib/manipulator
[6.662s] copying manipulator/ee_pose.py -> /home/mscrobotics2425laptop16/Robotics_Team2/build/manipulator/build/lib/manipulator
[6.665s] running install
[6.705s] running install_lib
[6.842s] copying /home/mscrobotics2425laptop16/Robotics_Team2/build/manipulator/build/lib/manipulator/server_of_perception_for_grasp.py -> /home/mscrobotics2425laptop16/Robotics_Team2/install/manipulator/lib/python3.10/site-packages/manipulator
[6.842s] byte-compiling /home/mscrobotics2425laptop16/Robotics_Team2/install/manipulator/lib/python3.10/site-packages/manipulator/server_of_perception_for_grasp.py to server_of_perception_for_grasp.cpython-310.pyc
[6.844s] running install_data
[6.845s] copying resource/manipulator -> /home/mscrobotics2425laptop16/Robotics_Team2/install/manipulator/share/ament_index/resource_index/packages
[6.847s] copying package.xml -> /home/mscrobotics2425laptop16/Robotics_Team2/install/manipulator/share/manipulator
[6.848s] running install_egg_info
[6.939s] removing '/home/mscrobotics2425laptop16/Robotics_Team2/install/manipulator/lib/python3.10/site-packages/manipulator-0.0.0-py3.10.egg-info' (and everything under it)
[6.941s] Copying ../../build/manipulator/manipulator.egg-info to /home/mscrobotics2425laptop16/Robotics_Team2/install/manipulator/lib/python3.10/site-packages/manipulator-0.0.0-py3.10.egg-info
[6.949s] running install_scripts
[7.649s] Installing ServerOfPerceptionAndGrasp script to /home/mscrobotics2425laptop16/Robotics_Team2/install/manipulator/lib/manipulator
[7.654s] writing list of installed files to '/home/mscrobotics2425laptop16/Robotics_Team2/build/manipulator/install.log'
[7.764s] Invoked command in '/home/mscrobotics2425laptop16/Robotics_Team2/src/manipulator' returned '0': AMENT_PREFIX_PATH=/home/mscrobotics2425laptop16/Robotics_Team2/install/package_with_interfaces:${AMENT_PREFIX_PATH} CMAKE_PREFIX_PATH=/home/mscrobotics2425laptop16/Robotics_Team2/install/package_with_interfaces:${CMAKE_PREFIX_PATH} LD_LIBRARY_PATH=/home/mscrobotics2425laptop16/Robotics_Team2/install/package_with_interfaces/lib:${LD_LIBRARY_PATH} PYTHONPATH=/home/mscrobotics2425laptop16/Robotics_Team2/build/manipulator/prefix_override:/usr/lib/python3/dist-packages/colcon_core/task/python/colcon_distutils_commands:/home/mscrobotics2425laptop16/Robotics_Team2/install/manipulator/lib/python3.10/site-packages:/home/mscrobotics2425laptop16/Robotics_Team2/install/package_with_interfaces/local/lib/python3.10/dist-packages:${PYTHONPATH} /usr/bin/python3 -W ignore:setup.py install is deprecated -W ignore:easy_install command is deprecated setup.py egg_info --egg-base ../../build/manipulator build --build-base /home/mscrobotics2425laptop16/Robotics_Team2/build/manipulator/build install --record /home/mscrobotics2425laptop16/Robotics_Team2/build/manipulator/install.log --single-version-externally-managed install_data
