[0.049s] Invoking command in '/home/mscrobotics2425laptop3/Robotics_Team2/build/interfaces': CMAKE_PREFIX_PATH=${CMAKE_PREFIX_PATH}:/home/mscrobotics2425laptop3/interbotix_ws/install/interbotix_xs_modules:/home/mscrobotics2425laptop3/interbotix_ws/install/interbotix_perception_modules:/home/mscrobotics2425laptop3/interbotix_ws/install/interbotix_common_modules:/opt/ros/humble /usr/bin/cmake /home/mscrobotics2425laptop3/Robotics_Team2/src/interfaces -DCMAKE_INSTALL_PREFIX=/home/mscrobotics2425laptop3/Robotics_Team2/install/interfaces
[0.694s] -- The C compiler identification is GNU 11.4.0
[0.694s] -- The CXX compiler identification is GNU 11.4.0
[0.695s] -- Detecting C compiler ABI info
[0.696s] -- Detecting C compiler ABI info - done
[0.696s] -- Check for working C compiler: /usr/bin/cc - skipped
[0.696s] -- Detecting C compile features
[0.696s] -- Detecting C compile features - done
[0.696s] -- Detecting CXX compiler ABI info
[0.696s] -- Detecting CXX compiler ABI info - done
[0.696s] -- Check for working CXX compiler: /usr/bin/c++ - skipped
[0.696s] -- Detecting CXX compile features
[0.696s] -- Detecting CXX compile features - done
[0.696s] -- Found ament_cmake: 1.3.11 (/opt/ros/humble/share/ament_cmake/cmake)
[0.696s] -- Found Python3: /usr/bin/python3 (found version "3.10.12") found components: Interpreter 
[0.696s] -- Found rosidl_default_generators: 1.2.0 (/opt/ros/humble/share/rosidl_default_generators/cmake)
[0.696s] -- Using all available rosidl_typesupport_c: rosidl_typesupport_fastrtps_c;rosidl_typesupport_introspection_c
[0.696s] -- Found rosidl_adapter: 3.1.6 (/opt/ros/humble/share/rosidl_adapter/cmake)
[0.752s] -- Using all available rosidl_typesupport_cpp: rosidl_typesupport_fastrtps_cpp;rosidl_typesupport_introspection_cpp
[1.031s] -- Found ament_cmake_ros: 0.10.0 (/opt/ros/humble/share/ament_cmake_ros/cmake)
[1.200s] -- Using all available rosidl_typesupport_c: rosidl_typesupport_fastrtps_c;rosidl_typesupport_introspection_c
[1.404s] -- Using all available rosidl_typesupport_cpp: rosidl_typesupport_fastrtps_cpp;rosidl_typesupport_introspection_cpp
[1.420s] -- Found PythonInterp: /usr/bin/python3 (found suitable version "3.10.12", minimum required is "3.6") 
[1.426s] -- Found python_cmake_module: 0.10.0 (/opt/ros/humble/share/python_cmake_module/cmake)
[1.456s] -- Found PythonLibs: /usr/lib/x86_64-linux-gnu/libpython3.10.so (found suitable version "3.10.12", minimum required is "3.5") 
[1.456s] -- Using PYTHON_EXECUTABLE: /usr/bin/python3
[1.456s] -- Using PYTHON_INCLUDE_DIRS: /usr/include/python3.10
[1.456s] -- Using PYTHON_LIBRARIES: /usr/lib/x86_64-linux-gnu/libpython3.10.so
[1.472s] -- Found PythonExtra: .so  
[1.510s] -- Found ament_lint_auto: 0.12.11 (/opt/ros/humble/share/ament_lint_auto/cmake)
[1.560s] -- Added test 'lint_cmake' to check CMake code style
[1.563s] -- Added test 'xmllint' to check XML markup files
[1.567s] -- Configuring done
[1.585s] -- Generating done
[1.591s] -- Build files have been written to: /home/mscrobotics2425laptop3/Robotics_Team2/build/interfaces
[1.595s] Invoked command in '/home/mscrobotics2425laptop3/Robotics_Team2/build/interfaces' returned '0': CMAKE_PREFIX_PATH=${CMAKE_PREFIX_PATH}:/home/mscrobotics2425laptop3/interbotix_ws/install/interbotix_xs_modules:/home/mscrobotics2425laptop3/interbotix_ws/install/interbotix_perception_modules:/home/mscrobotics2425laptop3/interbotix_ws/install/interbotix_common_modules:/opt/ros/humble /usr/bin/cmake /home/mscrobotics2425laptop3/Robotics_Team2/src/interfaces -DCMAKE_INSTALL_PREFIX=/home/mscrobotics2425laptop3/Robotics_Team2/install/interfaces
[1.596s] Invoking command in '/home/mscrobotics2425laptop3/Robotics_Team2/build/interfaces': CMAKE_PREFIX_PATH=${CMAKE_PREFIX_PATH}:/home/mscrobotics2425laptop3/interbotix_ws/install/interbotix_xs_modules:/home/mscrobotics2425laptop3/interbotix_ws/install/interbotix_perception_modules:/home/mscrobotics2425laptop3/interbotix_ws/install/interbotix_common_modules:/opt/ros/humble /usr/bin/cmake --build /home/mscrobotics2425laptop3/Robotics_Team2/build/interfaces -- -j12 -l12
[1.637s] [  2%] [34m[1mGenerating C code for ROS interfaces[0m
[1.644s] [  5%] [34m[1mGenerating C++ code for ROS interfaces[0m
[1.649s] [  5%] Built target ament_cmake_python_copy_interfaces
[1.832s] running egg_info
[1.832s] creating interfaces.egg-info
[1.832s] writing interfaces.egg-info/PKG-INFO
[1.832s] writing dependency_links to interfaces.egg-info/dependency_links.txt
[1.833s] writing top-level names to interfaces.egg-info/top_level.txt
[1.833s] writing manifest file 'interfaces.egg-info/SOURCES.txt'
[1.834s] reading manifest file 'interfaces.egg-info/SOURCES.txt'
[1.834s] writing manifest file 'interfaces.egg-info/SOURCES.txt'
[1.854s] [  5%] Built target ament_cmake_python_build_interfaces_egg
[1.870s] [  5%] Built target interfaces__cpp
[1.880s] [ 12%] [34m[1mGenerating C++ type support dispatch for ROS interfaces[0m
[1.880s] [ 12%] [34m[1mGenerating C++ introspection for ROS interfaces[0m
[1.880s] [ 12%] [34m[1mGenerating C++ type support for eProsima Fast-RTPS[0m
[1.920s] [ 15%] [32mBuilding C object CMakeFiles/interfaces__rosidl_generator_c.dir/rosidl_generator_c/interfaces/msg/detail/object_information__functions.c.o[0m
[1.922s] [ 17%] [32mBuilding C object CMakeFiles/interfaces__rosidl_generator_c.dir/rosidl_generator_c/interfaces/srv/detail/object_grab__functions.c.o[0m
[1.980s] [ 20%] [32m[1mLinking C shared library libinterfaces__rosidl_generator_c.so[0m
[2.015s] [ 20%] Built target interfaces__rosidl_generator_c
[2.025s] [ 23%] [34m[1mGenerating C type support for eProsima Fast-RTPS[0m
[2.028s] [ 25%] [34m[1mGenerating C type support dispatch for ROS interfaces[0m
[2.028s] [ 28%] [34m[1mGenerating C introspection for ROS interfaces[0m
[2.156s] [ 33%] [32mBuilding CXX object CMakeFiles/interfaces__rosidl_typesupport_cpp.dir/rosidl_typesupport_cpp/interfaces/srv/object_grab__type_support.cpp.o[0m
[2.156s] [ 33%] [32mBuilding CXX object CMakeFiles/interfaces__rosidl_typesupport_cpp.dir/rosidl_typesupport_cpp/interfaces/msg/object_information__type_support.cpp.o[0m
[2.167s] [ 35%] [32mBuilding CXX object CMakeFiles/interfaces__rosidl_typesupport_fastrtps_cpp.dir/rosidl_typesupport_fastrtps_cpp/interfaces/msg/detail/dds_fastrtps/object_information__type_support.cpp.o[0m
[2.168s] [ 38%] [32mBuilding CXX object CMakeFiles/interfaces__rosidl_typesupport_fastrtps_cpp.dir/rosidl_typesupport_fastrtps_cpp/interfaces/srv/detail/dds_fastrtps/object_grab__type_support.cpp.o[0m
[2.174s] [ 41%] [32mBuilding CXX object CMakeFiles/interfaces__rosidl_typesupport_introspection_cpp.dir/rosidl_typesupport_introspection_cpp/interfaces/msg/detail/object_information__type_support.cpp.o[0m
[2.177s] [ 43%] [32mBuilding CXX object CMakeFiles/interfaces__rosidl_typesupport_introspection_cpp.dir/rosidl_typesupport_introspection_cpp/interfaces/srv/detail/object_grab__type_support.cpp.o[0m
[2.273s] [ 46%] [32mBuilding CXX object CMakeFiles/interfaces__rosidl_typesupport_c.dir/rosidl_typesupport_c/interfaces/msg/object_information__type_support.cpp.o[0m
[2.273s] [ 48%] [32mBuilding CXX object CMakeFiles/interfaces__rosidl_typesupport_c.dir/rosidl_typesupport_c/interfaces/srv/object_grab__type_support.cpp.o[0m
[2.294s] [ 51%] [32mBuilding C object CMakeFiles/interfaces__rosidl_typesupport_introspection_c.dir/rosidl_typesupport_introspection_c/interfaces/msg/detail/object_information__type_support.c.o[0m
[2.296s] [ 53%] [32mBuilding C object CMakeFiles/interfaces__rosidl_typesupport_introspection_c.dir/rosidl_typesupport_introspection_c/interfaces/srv/detail/object_grab__type_support.c.o[0m
[2.312s] [ 56%] [32m[1mLinking CXX shared library libinterfaces__rosidl_typesupport_c.so[0m
[2.353s] [ 58%] [32m[1mLinking C shared library libinterfaces__rosidl_typesupport_introspection_c.so[0m
[2.372s] [ 58%] Built target interfaces__rosidl_typesupport_c
[2.386s] [ 58%] Built target interfaces__rosidl_typesupport_introspection_c
[2.388s] [ 61%] [32mBuilding CXX object CMakeFiles/interfaces__rosidl_typesupport_fastrtps_c.dir/rosidl_typesupport_fastrtps_c/interfaces/msg/detail/object_information__type_support_c.cpp.o[0m
[2.392s] [ 64%] [32mBuilding CXX object CMakeFiles/interfaces__rosidl_typesupport_fastrtps_c.dir/rosidl_typesupport_fastrtps_c/interfaces/srv/detail/object_grab__type_support_c.cpp.o[0m
[2.513s] [ 66%] [32m[1mLinking CXX shared library libinterfaces__rosidl_typesupport_cpp.so[0m
[2.568s] [ 66%] Built target interfaces__rosidl_typesupport_cpp
[2.636s] [ 69%] [32m[1mLinking CXX shared library libinterfaces__rosidl_typesupport_introspection_cpp.so[0m
[2.666s] [ 71%] [32m[1mLinking CXX shared library libinterfaces__rosidl_typesupport_fastrtps_cpp.so[0m
[2.691s] [ 71%] Built target interfaces__rosidl_typesupport_introspection_cpp
[2.701s] [ 74%] [32m[1mLinking CXX shared library libinterfaces__rosidl_typesupport_fastrtps_c.so[0m
[2.730s] [ 74%] Built target interfaces__rosidl_typesupport_fastrtps_cpp
[2.769s] [ 74%] Built target interfaces__rosidl_typesupport_fastrtps_c
[2.789s] [ 74%] Built target interfaces
[2.806s] [ 76%] [34m[1mGenerating Python code for ROS interfaces[0m
[3.079s] [ 76%] Built target interfaces__py
[3.101s] [ 79%] [32mBuilding C object CMakeFiles/interfaces__rosidl_generator_py.dir/rosidl_generator_py/interfaces/msg/_object_information_s.c.o[0m
[3.101s] [ 82%] [32mBuilding C object CMakeFiles/interfaces__rosidl_generator_py.dir/rosidl_generator_py/interfaces/srv/_object_grab_s.c.o[0m
[3.178s] [ 84%] [32m[1mLinking C shared library rosidl_generator_py/interfaces/libinterfaces__rosidl_generator_py.so[0m
[3.210s] [ 84%] Built target interfaces__rosidl_generator_py
[3.232s] [ 87%] [32mBuilding C object CMakeFiles/interfaces__rosidl_typesupport_fastrtps_c__pyext.dir/rosidl_generator_py/interfaces/_interfaces_s.ep.rosidl_typesupport_fastrtps_c.c.o[0m
[3.232s] [ 89%] [32mBuilding C object CMakeFiles/interfaces__rosidl_typesupport_introspection_c__pyext.dir/rosidl_generator_py/interfaces/_interfaces_s.ep.rosidl_typesupport_introspection_c.c.o[0m
[3.236s] [ 92%] [32mBuilding C object CMakeFiles/interfaces__rosidl_typesupport_c__pyext.dir/rosidl_generator_py/interfaces/_interfaces_s.ep.rosidl_typesupport_c.c.o[0m
[3.293s] [ 94%] [32m[1mLinking C shared library rosidl_generator_py/interfaces/interfaces_s__rosidl_typesupport_introspection_c.cpython-310-x86_64-linux-gnu.so[0m
[3.293s] [ 97%] [32m[1mLinking C shared library rosidl_generator_py/interfaces/interfaces_s__rosidl_typesupport_c.cpython-310-x86_64-linux-gnu.so[0m
[3.324s] [ 97%] Built target interfaces__rosidl_typesupport_introspection_c__pyext
[3.329s] [100%] [32m[1mLinking C shared library rosidl_generator_py/interfaces/interfaces_s__rosidl_typesupport_fastrtps_c.cpython-310-x86_64-linux-gnu.so[0m
[3.332s] [100%] Built target interfaces__rosidl_typesupport_c__pyext
[3.353s] [100%] Built target interfaces__rosidl_typesupport_fastrtps_c__pyext
[3.361s] Invoked command in '/home/mscrobotics2425laptop3/Robotics_Team2/build/interfaces' returned '0': CMAKE_PREFIX_PATH=${CMAKE_PREFIX_PATH}:/home/mscrobotics2425laptop3/interbotix_ws/install/interbotix_xs_modules:/home/mscrobotics2425laptop3/interbotix_ws/install/interbotix_perception_modules:/home/mscrobotics2425laptop3/interbotix_ws/install/interbotix_common_modules:/opt/ros/humble /usr/bin/cmake --build /home/mscrobotics2425laptop3/Robotics_Team2/build/interfaces -- -j12 -l12
[3.368s] Invoking command in '/home/mscrobotics2425laptop3/Robotics_Team2/build/interfaces': CMAKE_PREFIX_PATH=${CMAKE_PREFIX_PATH}:/home/mscrobotics2425laptop3/interbotix_ws/install/interbotix_xs_modules:/home/mscrobotics2425laptop3/interbotix_ws/install/interbotix_perception_modules:/home/mscrobotics2425laptop3/interbotix_ws/install/interbotix_common_modules:/opt/ros/humble /usr/bin/cmake --install /home/mscrobotics2425laptop3/Robotics_Team2/build/interfaces
[3.376s] -- Install configuration: ""
[3.376s] -- Installing: /home/mscrobotics2425laptop3/Robotics_Team2/install/interfaces/share/ament_index/resource_index/rosidl_interfaces/interfaces
[3.376s] -- Installing: /home/mscrobotics2425laptop3/Robotics_Team2/install/interfaces/include/interfaces/interfaces
[3.376s] -- Installing: /home/mscrobotics2425laptop3/Robotics_Team2/install/interfaces/include/interfaces/interfaces/msg
[3.376s] -- Installing: /home/mscrobotics2425laptop3/Robotics_Team2/install/interfaces/include/interfaces/interfaces/msg/object_information.h
[3.376s] -- Installing: /home/mscrobotics2425laptop3/Robotics_Team2/install/interfaces/include/interfaces/interfaces/msg/detail
[3.376s] -- Installing: /home/mscrobotics2425laptop3/Robotics_Team2/install/interfaces/include/interfaces/interfaces/msg/detail/object_information__functions.c
[3.376s] -- Installing: /home/mscrobotics2425laptop3/Robotics_Team2/install/interfaces/include/interfaces/interfaces/msg/detail/object_information__struct.h
[3.376s] -- Installing: /home/mscrobotics2425laptop3/Robotics_Team2/install/interfaces/include/interfaces/interfaces/msg/detail/object_information__type_support.h
[3.377s] -- Installing: /home/mscrobotics2425laptop3/Robotics_Team2/install/interfaces/include/interfaces/interfaces/msg/detail/object_information__functions.h
[3.377s] -- Installing: /home/mscrobotics2425laptop3/Robotics_Team2/install/interfaces/include/interfaces/interfaces/msg/rosidl_generator_c__visibility_control.h
[3.377s] -- Installing: /home/mscrobotics2425laptop3/Robotics_Team2/install/interfaces/include/interfaces/interfaces/srv
[3.377s] -- Installing: /home/mscrobotics2425laptop3/Robotics_Team2/install/interfaces/include/interfaces/interfaces/srv/detail
[3.377s] -- Installing: /home/mscrobotics2425laptop3/Robotics_Team2/install/interfaces/include/interfaces/interfaces/srv/detail/object_grab__functions.c
[3.377s] -- Installing: /home/mscrobotics2425laptop3/Robotics_Team2/install/interfaces/include/interfaces/interfaces/srv/detail/object_grab__struct.h
[3.377s] -- Installing: /home/mscrobotics2425laptop3/Robotics_Team2/install/interfaces/include/interfaces/interfaces/srv/detail/object_grab__functions.h
[3.377s] -- Installing: /home/mscrobotics2425laptop3/Robotics_Team2/install/interfaces/include/interfaces/interfaces/srv/detail/object_grab__type_support.h
[3.377s] -- Installing: /home/mscrobotics2425laptop3/Robotics_Team2/install/interfaces/include/interfaces/interfaces/srv/object_grab.h
[3.377s] -- Installing: /home/mscrobotics2425laptop3/Robotics_Team2/install/interfaces/share/interfaces/environment/library_path.sh
[3.377s] -- Installing: /home/mscrobotics2425laptop3/Robotics_Team2/install/interfaces/share/interfaces/environment/library_path.dsv
[3.377s] -- Installing: /home/mscrobotics2425laptop3/Robotics_Team2/install/interfaces/lib/libinterfaces__rosidl_generator_c.so
[3.377s] -- Set runtime path of "/home/mscrobotics2425laptop3/Robotics_Team2/install/interfaces/lib/libinterfaces__rosidl_generator_c.so" to ""
[3.377s] -- Up-to-date: /home/mscrobotics2425laptop3/Robotics_Team2/install/interfaces/include/interfaces/interfaces
[3.377s] -- Up-to-date: /home/mscrobotics2425laptop3/Robotics_Team2/install/interfaces/include/interfaces/interfaces/msg
[3.378s] -- Installing: /home/mscrobotics2425laptop3/Robotics_Team2/install/interfaces/include/interfaces/interfaces/msg/rosidl_typesupport_fastrtps_c__visibility_control.h
[3.378s] -- Up-to-date: /home/mscrobotics2425laptop3/Robotics_Team2/install/interfaces/include/interfaces/interfaces/msg/detail
[3.378s] -- Installing: /home/mscrobotics2425laptop3/Robotics_Team2/install/interfaces/include/interfaces/interfaces/msg/detail/object_information__rosidl_typesupport_fastrtps_c.h
[3.378s] -- Up-to-date: /home/mscrobotics2425laptop3/Robotics_Team2/install/interfaces/include/interfaces/interfaces/srv
[3.378s] -- Up-to-date: /home/mscrobotics2425laptop3/Robotics_Team2/install/interfaces/include/interfaces/interfaces/srv/detail
[3.378s] -- Installing: /home/mscrobotics2425laptop3/Robotics_Team2/install/interfaces/include/interfaces/interfaces/srv/detail/object_grab__rosidl_typesupport_fastrtps_c.h
[3.378s] -- Installing: /home/mscrobotics2425laptop3/Robotics_Team2/install/interfaces/lib/libinterfaces__rosidl_typesupport_fastrtps_c.so
[3.378s] -- Set runtime path of "/home/mscrobotics2425laptop3/Robotics_Team2/install/interfaces/lib/libinterfaces__rosidl_typesupport_fastrtps_c.so" to ""
[3.378s] -- Up-to-date: /home/mscrobotics2425laptop3/Robotics_Team2/install/interfaces/include/interfaces/interfaces
[3.378s] -- Up-to-date: /home/mscrobotics2425laptop3/Robotics_Team2/install/interfaces/include/interfaces/interfaces/msg
[3.378s] -- Up-to-date: /home/mscrobotics2425laptop3/Robotics_Team2/install/interfaces/include/interfaces/interfaces/msg/detail
[3.378s] -- Installing: /home/mscrobotics2425laptop3/Robotics_Team2/install/interfaces/include/interfaces/interfaces/msg/detail/object_information__rosidl_typesupport_introspection_c.h
[3.378s] -- Installing: /home/mscrobotics2425laptop3/Robotics_Team2/install/interfaces/include/interfaces/interfaces/msg/detail/object_information__type_support.c
[3.378s] -- Installing: /home/mscrobotics2425laptop3/Robotics_Team2/install/interfaces/include/interfaces/interfaces/msg/rosidl_typesupport_introspection_c__visibility_control.h
[3.379s] -- Up-to-date: /home/mscrobotics2425laptop3/Robotics_Team2/install/interfaces/include/interfaces/interfaces/srv
[3.379s] -- Up-to-date: /home/mscrobotics2425laptop3/Robotics_Team2/install/interfaces/include/interfaces/interfaces/srv/detail
[3.379s] -- Installing: /home/mscrobotics2425laptop3/Robotics_Team2/install/interfaces/include/interfaces/interfaces/srv/detail/object_grab__type_support.c
[3.379s] -- Installing: /home/mscrobotics2425laptop3/Robotics_Team2/install/interfaces/include/interfaces/interfaces/srv/detail/object_grab__rosidl_typesupport_introspection_c.h
[3.379s] -- Installing: /home/mscrobotics2425laptop3/Robotics_Team2/install/interfaces/lib/libinterfaces__rosidl_typesupport_introspection_c.so
[3.379s] -- Set runtime path of "/home/mscrobotics2425laptop3/Robotics_Team2/install/interfaces/lib/libinterfaces__rosidl_typesupport_introspection_c.so" to ""
[3.379s] -- Installing: /home/mscrobotics2425laptop3/Robotics_Team2/install/interfaces/lib/libinterfaces__rosidl_typesupport_c.so
[3.379s] -- Set runtime path of "/home/mscrobotics2425laptop3/Robotics_Team2/install/interfaces/lib/libinterfaces__rosidl_typesupport_c.so" to ""
[3.379s] -- Up-to-date: /home/mscrobotics2425laptop3/Robotics_Team2/install/interfaces/include/interfaces/interfaces
[3.379s] -- Up-to-date: /home/mscrobotics2425laptop3/Robotics_Team2/install/interfaces/include/interfaces/interfaces/msg
[3.379s] -- Installing: /home/mscrobotics2425laptop3/Robotics_Team2/install/interfaces/include/interfaces/interfaces/msg/object_information.hpp
[3.379s] -- Up-to-date: /home/mscrobotics2425laptop3/Robotics_Team2/install/interfaces/include/interfaces/interfaces/msg/detail
[3.379s] -- Installing: /home/mscrobotics2425laptop3/Robotics_Team2/install/interfaces/include/interfaces/interfaces/msg/detail/object_information__builder.hpp
[3.379s] -- Installing: /home/mscrobotics2425laptop3/Robotics_Team2/install/interfaces/include/interfaces/interfaces/msg/detail/object_information__traits.hpp
[3.379s] -- Installing: /home/mscrobotics2425laptop3/Robotics_Team2/install/interfaces/include/interfaces/interfaces/msg/detail/object_information__type_support.hpp
[3.379s] -- Installing: /home/mscrobotics2425laptop3/Robotics_Team2/install/interfaces/include/interfaces/interfaces/msg/detail/object_information__struct.hpp
[3.379s] -- Installing: /home/mscrobotics2425laptop3/Robotics_Team2/install/interfaces/include/interfaces/interfaces/msg/rosidl_generator_cpp__visibility_control.hpp
[3.380s] -- Up-to-date: /home/mscrobotics2425laptop3/Robotics_Team2/install/interfaces/include/interfaces/interfaces/srv
[3.380s] -- Installing: /home/mscrobotics2425laptop3/Robotics_Team2/install/interfaces/include/interfaces/interfaces/srv/object_grab.hpp
[3.380s] -- Up-to-date: /home/mscrobotics2425laptop3/Robotics_Team2/install/interfaces/include/interfaces/interfaces/srv/detail
[3.380s] -- Installing: /home/mscrobotics2425laptop3/Robotics_Team2/install/interfaces/include/interfaces/interfaces/srv/detail/object_grab__struct.hpp
[3.380s] -- Installing: /home/mscrobotics2425laptop3/Robotics_Team2/install/interfaces/include/interfaces/interfaces/srv/detail/object_grab__traits.hpp
[3.380s] -- Installing: /home/mscrobotics2425laptop3/Robotics_Team2/install/interfaces/include/interfaces/interfaces/srv/detail/object_grab__builder.hpp
[3.380s] -- Installing: /home/mscrobotics2425laptop3/Robotics_Team2/install/interfaces/include/interfaces/interfaces/srv/detail/object_grab__type_support.hpp
[3.380s] -- Up-to-date: /home/mscrobotics2425laptop3/Robotics_Team2/install/interfaces/include/interfaces/interfaces
[3.380s] -- Up-to-date: /home/mscrobotics2425laptop3/Robotics_Team2/install/interfaces/include/interfaces/interfaces/msg
[3.380s] -- Up-to-date: /home/mscrobotics2425laptop3/Robotics_Team2/install/interfaces/include/interfaces/interfaces/msg/detail
[3.380s] -- Installing: /home/mscrobotics2425laptop3/Robotics_Team2/install/interfaces/include/interfaces/interfaces/msg/detail/dds_fastrtps
[3.380s] -- Installing: /home/mscrobotics2425laptop3/Robotics_Team2/install/interfaces/include/interfaces/interfaces/msg/detail/object_information__rosidl_typesupport_fastrtps_cpp.hpp
[3.380s] -- Installing: /home/mscrobotics2425laptop3/Robotics_Team2/install/interfaces/include/interfaces/interfaces/msg/rosidl_typesupport_fastrtps_cpp__visibility_control.h
[3.380s] -- Up-to-date: /home/mscrobotics2425laptop3/Robotics_Team2/install/interfaces/include/interfaces/interfaces/srv
[3.380s] -- Up-to-date: /home/mscrobotics2425laptop3/Robotics_Team2/install/interfaces/include/interfaces/interfaces/srv/detail
[3.380s] -- Installing: /home/mscrobotics2425laptop3/Robotics_Team2/install/interfaces/include/interfaces/interfaces/srv/detail/object_grab__rosidl_typesupport_fastrtps_cpp.hpp
[3.381s] -- Installing: /home/mscrobotics2425laptop3/Robotics_Team2/install/interfaces/include/interfaces/interfaces/srv/detail/dds_fastrtps
[3.381s] -- Installing: /home/mscrobotics2425laptop3/Robotics_Team2/install/interfaces/lib/libinterfaces__rosidl_typesupport_fastrtps_cpp.so
[3.381s] -- Set runtime path of "/home/mscrobotics2425laptop3/Robotics_Team2/install/interfaces/lib/libinterfaces__rosidl_typesupport_fastrtps_cpp.so" to ""
[3.381s] -- Up-to-date: /home/mscrobotics2425laptop3/Robotics_Team2/install/interfaces/include/interfaces/interfaces
[3.381s] -- Up-to-date: /home/mscrobotics2425laptop3/Robotics_Team2/install/interfaces/include/interfaces/interfaces/msg
[3.381s] -- Up-to-date: /home/mscrobotics2425laptop3/Robotics_Team2/install/interfaces/include/interfaces/interfaces/msg/detail
[3.381s] -- Installing: /home/mscrobotics2425laptop3/Robotics_Team2/install/interfaces/include/interfaces/interfaces/msg/detail/object_information__rosidl_typesupport_introspection_cpp.hpp
[3.381s] -- Installing: /home/mscrobotics2425laptop3/Robotics_Team2/install/interfaces/include/interfaces/interfaces/msg/detail/object_information__type_support.cpp
[3.381s] -- Up-to-date: /home/mscrobotics2425laptop3/Robotics_Team2/install/interfaces/include/interfaces/interfaces/srv
[3.381s] -- Up-to-date: /home/mscrobotics2425laptop3/Robotics_Team2/install/interfaces/include/interfaces/interfaces/srv/detail
[3.381s] -- Installing: /home/mscrobotics2425laptop3/Robotics_Team2/install/interfaces/include/interfaces/interfaces/srv/detail/object_grab__type_support.cpp
[3.381s] -- Installing: /home/mscrobotics2425laptop3/Robotics_Team2/install/interfaces/include/interfaces/interfaces/srv/detail/object_grab__rosidl_typesupport_introspection_cpp.hpp
[3.381s] -- Installing: /home/mscrobotics2425laptop3/Robotics_Team2/install/interfaces/lib/libinterfaces__rosidl_typesupport_introspection_cpp.so
[3.381s] -- Set runtime path of "/home/mscrobotics2425laptop3/Robotics_Team2/install/interfaces/lib/libinterfaces__rosidl_typesupport_introspection_cpp.so" to ""
[3.381s] -- Installing: /home/mscrobotics2425laptop3/Robotics_Team2/install/interfaces/lib/libinterfaces__rosidl_typesupport_cpp.so
[3.381s] -- Set runtime path of "/home/mscrobotics2425laptop3/Robotics_Team2/install/interfaces/lib/libinterfaces__rosidl_typesupport_cpp.so" to ""
[3.381s] -- Installing: /home/mscrobotics2425laptop3/Robotics_Team2/install/interfaces/share/interfaces/environment/pythonpath.sh
[3.381s] -- Installing: /home/mscrobotics2425laptop3/Robotics_Team2/install/interfaces/share/interfaces/environment/pythonpath.dsv
[3.382s] -- Installing: /home/mscrobotics2425laptop3/Robotics_Team2/install/interfaces/local/lib/python3.10/dist-packages/interfaces-0.0.0-py3.10.egg-info
[3.382s] -- Installing: /home/mscrobotics2425laptop3/Robotics_Team2/install/interfaces/local/lib/python3.10/dist-packages/interfaces-0.0.0-py3.10.egg-info/SOURCES.txt
[3.382s] -- Installing: /home/mscrobotics2425laptop3/Robotics_Team2/install/interfaces/local/lib/python3.10/dist-packages/interfaces-0.0.0-py3.10.egg-info/PKG-INFO
[3.382s] -- Installing: /home/mscrobotics2425laptop3/Robotics_Team2/install/interfaces/local/lib/python3.10/dist-packages/interfaces-0.0.0-py3.10.egg-info/top_level.txt
[3.382s] -- Installing: /home/mscrobotics2425laptop3/Robotics_Team2/install/interfaces/local/lib/python3.10/dist-packages/interfaces-0.0.0-py3.10.egg-info/dependency_links.txt
[3.382s] -- Installing: /home/mscrobotics2425laptop3/Robotics_Team2/install/interfaces/local/lib/python3.10/dist-packages/interfaces
[3.382s] -- Installing: /home/mscrobotics2425laptop3/Robotics_Team2/install/interfaces/local/lib/python3.10/dist-packages/interfaces/__init__.py
[3.382s] -- Installing: /home/mscrobotics2425laptop3/Robotics_Team2/install/interfaces/local/lib/python3.10/dist-packages/interfaces/_interfaces_s.ep.rosidl_typesupport_fastrtps_c.c
[3.382s] -- Installing: /home/mscrobotics2425laptop3/Robotics_Team2/install/interfaces/local/lib/python3.10/dist-packages/interfaces/interfaces_s__rosidl_typesupport_introspection_c.cpython-310-x86_64-linux-gnu.so
[3.382s] -- Installing: /home/mscrobotics2425laptop3/Robotics_Team2/install/interfaces/local/lib/python3.10/dist-packages/interfaces/libinterfaces__rosidl_generator_py.so
[3.382s] -- Installing: /home/mscrobotics2425laptop3/Robotics_Team2/install/interfaces/local/lib/python3.10/dist-packages/interfaces/_interfaces_s.ep.rosidl_typesupport_introspection_c.c
[3.382s] -- Installing: /home/mscrobotics2425laptop3/Robotics_Team2/install/interfaces/local/lib/python3.10/dist-packages/interfaces/interfaces_s__rosidl_typesupport_c.cpython-310-x86_64-linux-gnu.so
[3.382s] -- Installing: /home/mscrobotics2425laptop3/Robotics_Team2/install/interfaces/local/lib/python3.10/dist-packages/interfaces/interfaces_s__rosidl_typesupport_fastrtps_c.cpython-310-x86_64-linux-gnu.so
[3.382s] -- Installing: /home/mscrobotics2425laptop3/Robotics_Team2/install/interfaces/local/lib/python3.10/dist-packages/interfaces/msg
[3.382s] -- Installing: /home/mscrobotics2425laptop3/Robotics_Team2/install/interfaces/local/lib/python3.10/dist-packages/interfaces/msg/__init__.py
[3.382s] -- Installing: /home/mscrobotics2425laptop3/Robotics_Team2/install/interfaces/local/lib/python3.10/dist-packages/interfaces/msg/_object_information_s.c
[3.382s] -- Installing: /home/mscrobotics2425laptop3/Robotics_Team2/install/interfaces/local/lib/python3.10/dist-packages/interfaces/msg/_object_information.py
[3.382s] -- Installing: /home/mscrobotics2425laptop3/Robotics_Team2/install/interfaces/local/lib/python3.10/dist-packages/interfaces/srv
[3.383s] -- Installing: /home/mscrobotics2425laptop3/Robotics_Team2/install/interfaces/local/lib/python3.10/dist-packages/interfaces/srv/__init__.py
[3.383s] -- Installing: /home/mscrobotics2425laptop3/Robotics_Team2/install/interfaces/local/lib/python3.10/dist-packages/interfaces/srv/_object_grab.py
[3.383s] -- Installing: /home/mscrobotics2425laptop3/Robotics_Team2/install/interfaces/local/lib/python3.10/dist-packages/interfaces/srv/_object_grab_s.c
[3.383s] -- Installing: /home/mscrobotics2425laptop3/Robotics_Team2/install/interfaces/local/lib/python3.10/dist-packages/interfaces/_interfaces_s.ep.rosidl_typesupport_c.c
[3.413s] Listing '/home/mscrobotics2425laptop3/Robotics_Team2/install/interfaces/local/lib/python3.10/dist-packages/interfaces'...
[3.413s] Compiling '/home/mscrobotics2425laptop3/Robotics_Team2/install/interfaces/local/lib/python3.10/dist-packages/interfaces/__init__.py'...
[3.413s] Listing '/home/mscrobotics2425laptop3/Robotics_Team2/install/interfaces/local/lib/python3.10/dist-packages/interfaces/msg'...
[3.413s] Compiling '/home/mscrobotics2425laptop3/Robotics_Team2/install/interfaces/local/lib/python3.10/dist-packages/interfaces/msg/__init__.py'...
[3.413s] Compiling '/home/mscrobotics2425laptop3/Robotics_Team2/install/interfaces/local/lib/python3.10/dist-packages/interfaces/msg/_object_information.py'...
[3.413s] Listing '/home/mscrobotics2425laptop3/Robotics_Team2/install/interfaces/local/lib/python3.10/dist-packages/interfaces/srv'...
[3.413s] Compiling '/home/mscrobotics2425laptop3/Robotics_Team2/install/interfaces/local/lib/python3.10/dist-packages/interfaces/srv/__init__.py'...
[3.413s] Compiling '/home/mscrobotics2425laptop3/Robotics_Team2/install/interfaces/local/lib/python3.10/dist-packages/interfaces/srv/_object_grab.py'...
[3.417s] -- Installing: /home/mscrobotics2425laptop3/Robotics_Team2/install/interfaces/local/lib/python3.10/dist-packages/interfaces/interfaces_s__rosidl_typesupport_fastrtps_c.cpython-310-x86_64-linux-gnu.so
[3.417s] -- Set runtime path of "/home/mscrobotics2425laptop3/Robotics_Team2/install/interfaces/local/lib/python3.10/dist-packages/interfaces/interfaces_s__rosidl_typesupport_fastrtps_c.cpython-310-x86_64-linux-gnu.so" to ""
[3.417s] -- Installing: /home/mscrobotics2425laptop3/Robotics_Team2/install/interfaces/local/lib/python3.10/dist-packages/interfaces/interfaces_s__rosidl_typesupport_introspection_c.cpython-310-x86_64-linux-gnu.so
[3.417s] -- Set runtime path of "/home/mscrobotics2425laptop3/Robotics_Team2/install/interfaces/local/lib/python3.10/dist-packages/interfaces/interfaces_s__rosidl_typesupport_introspection_c.cpython-310-x86_64-linux-gnu.so" to ""
[3.418s] -- Installing: /home/mscrobotics2425laptop3/Robotics_Team2/install/interfaces/local/lib/python3.10/dist-packages/interfaces/interfaces_s__rosidl_typesupport_c.cpython-310-x86_64-linux-gnu.so
[3.418s] -- Set runtime path of "/home/mscrobotics2425laptop3/Robotics_Team2/install/interfaces/local/lib/python3.10/dist-packages/interfaces/interfaces_s__rosidl_typesupport_c.cpython-310-x86_64-linux-gnu.so" to ""
[3.418s] -- Installing: /home/mscrobotics2425laptop3/Robotics_Team2/install/interfaces/lib/libinterfaces__rosidl_generator_py.so
[3.418s] -- Set runtime path of "/home/mscrobotics2425laptop3/Robotics_Team2/install/interfaces/lib/libinterfaces__rosidl_generator_py.so" to ""
[3.418s] -- Installing: /home/mscrobotics2425laptop3/Robotics_Team2/install/interfaces/share/interfaces/msg/ObjectInformation.idl
[3.418s] -- Installing: /home/mscrobotics2425laptop3/Robotics_Team2/install/interfaces/share/interfaces/srv/ObjectGrab.idl
[3.419s] -- Installing: /home/mscrobotics2425laptop3/Robotics_Team2/install/interfaces/share/interfaces/msg/ObjectInformation.msg
[3.419s] -- Installing: /home/mscrobotics2425laptop3/Robotics_Team2/install/interfaces/share/interfaces/srv/ObjectGrab.srv
[3.419s] -- Installing: /home/mscrobotics2425laptop3/Robotics_Team2/install/interfaces/share/interfaces/srv/ObjectGrab_Request.msg
[3.419s] -- Installing: /home/mscrobotics2425laptop3/Robotics_Team2/install/interfaces/share/interfaces/srv/ObjectGrab_Response.msg
[3.419s] -- Installing: /home/mscrobotics2425laptop3/Robotics_Team2/install/interfaces/share/ament_index/resource_index/package_run_dependencies/interfaces
[3.419s] -- Installing: /home/mscrobotics2425laptop3/Robotics_Team2/install/interfaces/share/ament_index/resource_index/parent_prefix_path/interfaces
[3.419s] -- Installing: /home/mscrobotics2425laptop3/Robotics_Team2/install/interfaces/share/interfaces/environment/ament_prefix_path.sh
[3.420s] -- Installing: /home/mscrobotics2425laptop3/Robotics_Team2/install/interfaces/share/interfaces/environment/ament_prefix_path.dsv
[3.420s] -- Installing: /home/mscrobotics2425laptop3/Robotics_Team2/install/interfaces/share/interfaces/environment/path.sh
[3.420s] -- Installing: /home/mscrobotics2425laptop3/Robotics_Team2/install/interfaces/share/interfaces/environment/path.dsv
[3.420s] -- Installing: /home/mscrobotics2425laptop3/Robotics_Team2/install/interfaces/share/interfaces/local_setup.bash
[3.420s] -- Installing: /home/mscrobotics2425laptop3/Robotics_Team2/install/interfaces/share/interfaces/local_setup.sh
[3.420s] -- Installing: /home/mscrobotics2425laptop3/Robotics_Team2/install/interfaces/share/interfaces/local_setup.zsh
[3.420s] -- Installing: /home/mscrobotics2425laptop3/Robotics_Team2/install/interfaces/share/interfaces/local_setup.dsv
[3.421s] -- Installing: /home/mscrobotics2425laptop3/Robotics_Team2/install/interfaces/share/interfaces/package.dsv
[3.421s] -- Installing: /home/mscrobotics2425laptop3/Robotics_Team2/install/interfaces/share/ament_index/resource_index/packages/interfaces
[3.421s] -- Installing: /home/mscrobotics2425laptop3/Robotics_Team2/install/interfaces/share/interfaces/cmake/export_interfaces__rosidl_generator_cExport.cmake
[3.421s] -- Installing: /home/mscrobotics2425laptop3/Robotics_Team2/install/interfaces/share/interfaces/cmake/export_interfaces__rosidl_generator_cExport-noconfig.cmake
[3.421s] -- Installing: /home/mscrobotics2425laptop3/Robotics_Team2/install/interfaces/share/interfaces/cmake/export_interfaces__rosidl_typesupport_fastrtps_cExport.cmake
[3.421s] -- Installing: /home/mscrobotics2425laptop3/Robotics_Team2/install/interfaces/share/interfaces/cmake/export_interfaces__rosidl_typesupport_fastrtps_cExport-noconfig.cmake
[3.421s] -- Installing: /home/mscrobotics2425laptop3/Robotics_Team2/install/interfaces/share/interfaces/cmake/interfaces__rosidl_typesupport_introspection_cExport.cmake
[3.421s] -- Installing: /home/mscrobotics2425laptop3/Robotics_Team2/install/interfaces/share/interfaces/cmake/interfaces__rosidl_typesupport_introspection_cExport-noconfig.cmake
[3.422s] -- Installing: /home/mscrobotics2425laptop3/Robotics_Team2/install/interfaces/share/interfaces/cmake/interfaces__rosidl_typesupport_cExport.cmake
[3.422s] -- Installing: /home/mscrobotics2425laptop3/Robotics_Team2/install/interfaces/share/interfaces/cmake/interfaces__rosidl_typesupport_cExport-noconfig.cmake
[3.422s] -- Installing: /home/mscrobotics2425laptop3/Robotics_Team2/install/interfaces/share/interfaces/cmake/export_interfaces__rosidl_generator_cppExport.cmake
[3.422s] -- Installing: /home/mscrobotics2425laptop3/Robotics_Team2/install/interfaces/share/interfaces/cmake/export_interfaces__rosidl_typesupport_fastrtps_cppExport.cmake
[3.422s] -- Installing: /home/mscrobotics2425laptop3/Robotics_Team2/install/interfaces/share/interfaces/cmake/export_interfaces__rosidl_typesupport_fastrtps_cppExport-noconfig.cmake
[3.422s] -- Installing: /home/mscrobotics2425laptop3/Robotics_Team2/install/interfaces/share/interfaces/cmake/interfaces__rosidl_typesupport_introspection_cppExport.cmake
[3.422s] -- Installing: /home/mscrobotics2425laptop3/Robotics_Team2/install/interfaces/share/interfaces/cmake/interfaces__rosidl_typesupport_introspection_cppExport-noconfig.cmake
[3.422s] -- Installing: /home/mscrobotics2425laptop3/Robotics_Team2/install/interfaces/share/interfaces/cmake/interfaces__rosidl_typesupport_cppExport.cmake
[3.423s] -- Installing: /home/mscrobotics2425laptop3/Robotics_Team2/install/interfaces/share/interfaces/cmake/interfaces__rosidl_typesupport_cppExport-noconfig.cmake
[3.423s] -- Installing: /home/mscrobotics2425laptop3/Robotics_Team2/install/interfaces/share/interfaces/cmake/export_interfaces__rosidl_generator_pyExport.cmake
[3.423s] -- Installing: /home/mscrobotics2425laptop3/Robotics_Team2/install/interfaces/share/interfaces/cmake/export_interfaces__rosidl_generator_pyExport-noconfig.cmake
[3.423s] -- Installing: /home/mscrobotics2425laptop3/Robotics_Team2/install/interfaces/share/interfaces/cmake/rosidl_cmake-extras.cmake
[3.423s] -- Installing: /home/mscrobotics2425laptop3/Robotics_Team2/install/interfaces/share/interfaces/cmake/ament_cmake_export_include_directories-extras.cmake
[3.423s] -- Installing: /home/mscrobotics2425laptop3/Robotics_Team2/install/interfaces/share/interfaces/cmake/ament_cmake_export_libraries-extras.cmake
[3.423s] -- Installing: /home/mscrobotics2425laptop3/Robotics_Team2/install/interfaces/share/interfaces/cmake/ament_cmake_export_targets-extras.cmake
[3.423s] -- Installing: /home/mscrobotics2425laptop3/Robotics_Team2/install/interfaces/share/interfaces/cmake/rosidl_cmake_export_typesupport_targets-extras.cmake
[3.424s] -- Installing: /home/mscrobotics2425laptop3/Robotics_Team2/install/interfaces/share/interfaces/cmake/ament_cmake_export_dependencies-extras.cmake
[3.424s] -- Installing: /home/mscrobotics2425laptop3/Robotics_Team2/install/interfaces/share/interfaces/cmake/rosidl_cmake_export_typesupport_libraries-extras.cmake
[3.424s] -- Installing: /home/mscrobotics2425laptop3/Robotics_Team2/install/interfaces/share/interfaces/cmake/interfacesConfig.cmake
[3.424s] -- Installing: /home/mscrobotics2425laptop3/Robotics_Team2/install/interfaces/share/interfaces/cmake/interfacesConfig-version.cmake
[3.424s] -- Installing: /home/mscrobotics2425laptop3/Robotics_Team2/install/interfaces/share/interfaces/package.xml
[3.426s] Invoked command in '/home/mscrobotics2425laptop3/Robotics_Team2/build/interfaces' returned '0': CMAKE_PREFIX_PATH=${CMAKE_PREFIX_PATH}:/home/mscrobotics2425laptop3/interbotix_ws/install/interbotix_xs_modules:/home/mscrobotics2425laptop3/interbotix_ws/install/interbotix_perception_modules:/home/mscrobotics2425laptop3/interbotix_ws/install/interbotix_common_modules:/opt/ros/humble /usr/bin/cmake --install /home/mscrobotics2425laptop3/Robotics_Team2/build/interfaces
