[1.430s] Invoking command in '/home/mscrobotics2425laptop21/Team2_Workspace/src/object_detection': PYTHONPATH=/home/mscrobotics2425laptop21/Team2_Workspace/build/object_detection/prefix_override:/usr/lib/python3/dist-packages/colcon_core/task/python/colcon_distutils_commands:/home/mscrobotics2425laptop21/Team2_Workspace/install/object_detection/lib/python3.10/site-packages:${PYTHONPATH} /usr/bin/python3 -W ignore:setup.py install is deprecated setup.py egg_info --egg-base ../../build/object_detection build --build-base /home/mscrobotics2425laptop21/Team2_Workspace/build/object_detection/build install --record /home/mscrobotics2425laptop21/Team2_Workspace/build/object_detection/install.log --single-version-externally-managed install_data
[1.807s] running egg_info
[1.808s] writing ../../build/object_detection/object_detection.egg-info/PKG-INFO
[1.809s] writing dependency_links to ../../build/object_detection/object_detection.egg-info/dependency_links.txt
[1.809s] writing entry points to ../../build/object_detection/object_detection.egg-info/entry_points.txt
[1.810s] writing requirements to ../../build/object_detection/object_detection.egg-info/requires.txt
[1.810s] writing top-level names to ../../build/object_detection/object_detection.egg-info/top_level.txt
[1.814s] reading manifest file '../../build/object_detection/object_detection.egg-info/SOURCES.txt'
[1.817s] writing manifest file '../../build/object_detection/object_detection.egg-info/SOURCES.txt'
[1.817s] running build
[1.817s] running build_py
[1.818s] running install
[1.819s] running install_lib
[1.822s] running install_data
[1.822s] running install_egg_info
[1.826s] removing '/home/mscrobotics2425laptop21/Team2_Workspace/install/object_detection/lib/python3.10/site-packages/object_detection-0.0.0-py3.10.egg-info' (and everything under it)
[1.826s] Copying ../../build/object_detection/object_detection.egg-info to /home/mscrobotics2425laptop21/Team2_Workspace/install/object_detection/lib/python3.10/site-packages/object_detection-0.0.0-py3.10.egg-info
[1.828s] running install_scripts
[1.872s] Installing collect_data script to /home/mscrobotics2425laptop21/Team2_Workspace/install/object_detection/lib/object_detection
[1.872s] Installing predict script to /home/mscrobotics2425laptop21/Team2_Workspace/install/object_detection/lib/object_detection
[1.873s] Installing test script to /home/mscrobotics2425laptop21/Team2_Workspace/install/object_detection/lib/object_detection
[1.873s] writing list of installed files to '/home/mscrobotics2425laptop21/Team2_Workspace/build/object_detection/install.log'
[1.913s] Invoked command in '/home/mscrobotics2425laptop21/Team2_Workspace/src/object_detection' returned '0': PYTHONPATH=/home/mscrobotics2425laptop21/Team2_Workspace/build/object_detection/prefix_override:/usr/lib/python3/dist-packages/colcon_core/task/python/colcon_distutils_commands:/home/mscrobotics2425laptop21/Team2_Workspace/install/object_detection/lib/python3.10/site-packages:${PYTHONPATH} /usr/bin/python3 -W ignore:setup.py install is deprecated setup.py egg_info --egg-base ../../build/object_detection build --build-base /home/mscrobotics2425laptop21/Team2_Workspace/build/object_detection/build install --record /home/mscrobotics2425laptop21/Team2_Workspace/build/object_detection/install.log --single-version-externally-managed install_data
