[4.691s] Invoking command in '/home/mscrobotics2425laptop3/Robotics_Team2/src/nav/team2_nav': PYTHONPATH=/home/mscrobotics2425laptop3/Robotics_Team2/build/team2_nav/prefix_override:/usr/lib/python3/dist-packages/colcon_core/task/python/colcon_distutils_commands:/home/mscrobotics2425laptop3/Robotics_Team2/install/team2_nav/lib/python3.10/site-packages:${PYTHONPATH} /usr/bin/python3 -W ignore:setup.py install is deprecated -W ignore:easy_install command is deprecated setup.py egg_info --egg-base ../../../build/team2_nav build --build-base /home/mscrobotics2425laptop3/Robotics_Team2/build/team2_nav/build install --record /home/mscrobotics2425laptop3/Robotics_Team2/build/team2_nav/install.log --single-version-externally-managed install_data
[5.640s] running egg_info
[5.642s] writing ../../../build/team2_nav/team2_nav.egg-info/PKG-INFO
[5.643s] writing dependency_links to ../../../build/team2_nav/team2_nav.egg-info/dependency_links.txt
[5.644s] writing entry points to ../../../build/team2_nav/team2_nav.egg-info/entry_points.txt
[5.664s] writing requirements to ../../../build/team2_nav/team2_nav.egg-info/requires.txt
[5.665s] writing top-level names to ../../../build/team2_nav/team2_nav.egg-info/top_level.txt
[5.668s] reading manifest file '../../../build/team2_nav/team2_nav.egg-info/SOURCES.txt'
[5.682s] writing manifest file '../../../build/team2_nav/team2_nav.egg-info/SOURCES.txt'
[5.682s] running build
[5.686s] running build_py
[5.687s] running install
[5.687s] running install_lib
[5.687s] running install_data
[5.688s] running install_egg_info
[5.705s] removing '/home/mscrobotics2425laptop3/Robotics_Team2/install/team2_nav/lib/python3.10/site-packages/team2_nav-0.0.0-py3.10.egg-info' (and everything under it)
[5.705s] Copying ../../../build/team2_nav/team2_nav.egg-info to /home/mscrobotics2425laptop3/Robotics_Team2/install/team2_nav/lib/python3.10/site-packages/team2_nav-0.0.0-py3.10.egg-info
[5.709s] running install_scripts
[5.828s] writing list of installed files to '/home/mscrobotics2425laptop3/Robotics_Team2/build/team2_nav/install.log'
[6.008s] Invoked command in '/home/mscrobotics2425laptop3/Robotics_Team2/src/nav/team2_nav' returned '0': PYTHONPATH=/home/mscrobotics2425laptop3/Robotics_Team2/build/team2_nav/prefix_override:/usr/lib/python3/dist-packages/colcon_core/task/python/colcon_distutils_commands:/home/mscrobotics2425laptop3/Robotics_Team2/install/team2_nav/lib/python3.10/site-packages:${PYTHONPATH} /usr/bin/python3 -W ignore:setup.py install is deprecated -W ignore:easy_install command is deprecated setup.py egg_info --egg-base ../../../build/team2_nav build --build-base /home/mscrobotics2425laptop3/Robotics_Team2/build/team2_nav/build install --record /home/mscrobotics2425laptop3/Robotics_Team2/build/team2_nav/install.log --single-version-externally-managed install_data
