[0.066s] [34mcolcon[0m [1;30mDEBUG[0m [32mCommand line arguments: ['/usr/bin/colcon', 'build'][0m
[0.066s] [34mcolcon[0m [1;30mDEBUG[0m [32mParsed command line arguments: Namespace(log_base=None, log_level=None, verb_name='build', build_base='build', install_base='install', merge_install=False, symlink_install=False, test_result_base=None, continue_on_error=False, executor='parallel', parallel_workers=12, event_handlers=None, ignore_user_meta=False, metas=['./colcon.meta'], base_paths=['.'], packages_ignore=None, packages_ignore_regex=None, paths=None, packages_up_to=None, packages_up_to_regex=None, packages_above=None, packages_above_and_dependencies=None, packages_above_depth=None, packages_select_by_dep=None, packages_skip_by_dep=None, packages_skip_up_to=None, packages_select_build_failed=False, packages_skip_build_finished=False, packages_select_test_failures=False, packages_skip_test_passed=False, packages_select=None, packages_skip=None, packages_select_regex=None, packages_skip_regex=None, packages_start=None, packages_end=None, allow_overriding=[], cmake_args=None, cmake_target=None, cmake_target_skip_unavailable=False, cmake_clean_cache=False, cmake_clean_first=False, cmake_force_configure=False, ament_cmake_args=None, catkin_cmake_args=None, catkin_skip_building_tests=False, mixin_files=None, mixin=None, verb_parser=<colcon_mixin.mixin.mixin_argument.MixinArgumentDecorator object at 0x79cbf483f6d0>, verb_extension=<colcon_core.verb.build.BuildVerb object at 0x79cbf49a56f0>, main=<bound method BuildVerb.main of <colcon_core.verb.build.BuildVerb object at 0x79cbf49a56f0>>, mixin_verb=('build',))[0m
[0.176s] [34mcolcon.colcon_core.package_discovery[0m [1;30mLevel 1[0m discover_packages(colcon_meta) check parameters
[0.176s] [34mcolcon.colcon_core.package_discovery[0m [1;30mLevel 1[0m discover_packages(recursive) check parameters
[0.176s] [34mcolcon.colcon_core.package_discovery[0m [1;30mLevel 1[0m discover_packages(ignore) check parameters
[0.176s] [34mcolcon.colcon_core.package_discovery[0m [1;30mLevel 1[0m discover_packages(path) check parameters
[0.176s] [34mcolcon.colcon_core.package_discovery[0m [1;30mLevel 1[0m discover_packages(colcon_meta) discover
[0.176s] [34mcolcon.colcon_core.package_discovery[0m [1;30mLevel 1[0m discover_packages(recursive) discover
[0.176s] [34mcolcon.colcon_core.package_discovery[0m [1;30mINFO[0m Crawling recursively for packages in '/home/mscrobotics2425laptop21/nav'
[0.176s] [34mcolcon.colcon_core.package_identification[0m [1;30mLevel 1[0m _identify(.) by extensions ['ignore', 'ignore_ament_install']
[0.176s] [34mcolcon.colcon_core.package_identification[0m [1;30mLevel 1[0m _identify(.) by extension 'ignore'
[0.176s] [34mcolcon.colcon_core.package_identification[0m [1;30mLevel 1[0m _identify(.) by extension 'ignore_ament_install'
[0.176s] [34mcolcon.colcon_core.package_identification[0m [1;30mLevel 1[0m _identify(.) by extensions ['colcon_pkg']
[0.176s] [34mcolcon.colcon_core.package_identification[0m [1;30mLevel 1[0m _identify(.) by extension 'colcon_pkg'
[0.176s] [34mcolcon.colcon_core.package_identification[0m [1;30mLevel 1[0m _identify(.) by extensions ['colcon_meta']
[0.176s] [34mcolcon.colcon_core.package_identification[0m [1;30mLevel 1[0m _identify(.) by extension 'colcon_meta'
[0.176s] [34mcolcon.colcon_core.package_identification[0m [1;30mLevel 1[0m _identify(.) by extensions ['ros']
[0.176s] [34mcolcon.colcon_core.package_identification[0m [1;30mLevel 1[0m _identify(.) by extension 'ros'
[0.183s] [34mcolcon.colcon_core.package_identification[0m [1;30mLevel 1[0m _identify(.) by extensions ['cmake', 'python']
[0.183s] [34mcolcon.colcon_core.package_identification[0m [1;30mLevel 1[0m _identify(.) by extension 'cmake'
[0.183s] [34mcolcon.colcon_core.package_identification[0m [1;30mLevel 1[0m _identify(.) by extension 'python'
[0.183s] [34mcolcon.colcon_core.package_identification[0m [1;30mLevel 1[0m _identify(.) by extensions ['python_setup_py']
[0.183s] [34mcolcon.colcon_core.package_identification[0m [1;30mLevel 1[0m _identify(.) by extension 'python_setup_py'
[0.183s] [34mcolcon.colcon_core.package_identification[0m [1;30mLevel 1[0m _identify(build) by extensions ['ignore', 'ignore_ament_install']
[0.183s] [34mcolcon.colcon_core.package_identification[0m [1;30mLevel 1[0m _identify(build) by extension 'ignore'
[0.183s] [34mcolcon.colcon_core.package_identification[0m [1;30mLevel 1[0m _identify(build) ignored
[0.183s] [34mcolcon.colcon_core.package_identification[0m [1;30mLevel 1[0m _identify(install) by extensions ['ignore', 'ignore_ament_install']
[0.183s] [34mcolcon.colcon_core.package_identification[0m [1;30mLevel 1[0m _identify(install) by extension 'ignore'
[0.183s] [34mcolcon.colcon_core.package_identification[0m [1;30mLevel 1[0m _identify(install) ignored
[0.183s] [34mcolcon.colcon_core.package_identification[0m [1;30mLevel 1[0m _identify(log) by extensions ['ignore', 'ignore_ament_install']
[0.183s] [34mcolcon.colcon_core.package_identification[0m [1;30mLevel 1[0m _identify(log) by extension 'ignore'
[0.183s] [34mcolcon.colcon_core.package_identification[0m [1;30mLevel 1[0m _identify(log) ignored
[0.183s] [34mcolcon.colcon_core.package_identification[0m [1;30mLevel 1[0m _identify(rplidar_ros) by extensions ['ignore', 'ignore_ament_install']
[0.183s] [34mcolcon.colcon_core.package_identification[0m [1;30mLevel 1[0m _identify(rplidar_ros) by extension 'ignore'
[0.183s] [34mcolcon.colcon_core.package_identification[0m [1;30mLevel 1[0m _identify(rplidar_ros) by extension 'ignore_ament_install'
[0.183s] [34mcolcon.colcon_core.package_identification[0m [1;30mLevel 1[0m _identify(rplidar_ros) by extensions ['colcon_pkg']
[0.183s] [34mcolcon.colcon_core.package_identification[0m [1;30mLevel 1[0m _identify(rplidar_ros) by extension 'colcon_pkg'
[0.184s] [34mcolcon.colcon_core.package_identification[0m [1;30mLevel 1[0m _identify(rplidar_ros) by extensions ['colcon_meta']
[0.184s] [34mcolcon.colcon_core.package_identification[0m [1;30mLevel 1[0m _identify(rplidar_ros) by extension 'colcon_meta'
[0.184s] [34mcolcon.colcon_core.package_identification[0m [1;30mLevel 1[0m _identify(rplidar_ros) by extensions ['ros']
[0.184s] [34mcolcon.colcon_core.package_identification[0m [1;30mLevel 1[0m _identify(rplidar_ros) by extension 'ros'
[0.185s] [34mcolcon.colcon_core.package_identification[0m [1;30mDEBUG[0m [32mPackage 'rplidar_ros' with type 'ros.ament_cmake' and name 'rplidar_ros'[0m
[0.185s] [34mcolcon.colcon_core.package_identification[0m [1;30mLevel 1[0m _identify(team2_nav) by extensions ['ignore', 'ignore_ament_install']
[0.185s] [34mcolcon.colcon_core.package_identification[0m [1;30mLevel 1[0m _identify(team2_nav) by extension 'ignore'
[0.185s] [34mcolcon.colcon_core.package_identification[0m [1;30mLevel 1[0m _identify(team2_nav) by extension 'ignore_ament_install'
[0.185s] [34mcolcon.colcon_core.package_identification[0m [1;30mLevel 1[0m _identify(team2_nav) by extensions ['colcon_pkg']
[0.185s] [34mcolcon.colcon_core.package_identification[0m [1;30mLevel 1[0m _identify(team2_nav) by extension 'colcon_pkg'
[0.185s] [34mcolcon.colcon_core.package_identification[0m [1;30mLevel 1[0m _identify(team2_nav) by extensions ['colcon_meta']
[0.185s] [34mcolcon.colcon_core.package_identification[0m [1;30mLevel 1[0m _identify(team2_nav) by extension 'colcon_meta'
[0.185s] [34mcolcon.colcon_core.package_identification[0m [1;30mLevel 1[0m _identify(team2_nav) by extensions ['ros']
[0.185s] [34mcolcon.colcon_core.package_identification[0m [1;30mLevel 1[0m _identify(team2_nav) by extension 'ros'
[0.185s] [34mcolcon.colcon_core.package_identification[0m [1;30mDEBUG[0m [32mPackage 'team2_nav' with type 'ros.ament_python' and name 'team2_nav'[0m
[0.186s] [34mcolcon.colcon_core.package_discovery[0m [1;30mLevel 1[0m discover_packages(recursive) using defaults
[0.186s] [34mcolcon.colcon_core.package_discovery[0m [1;30mLevel 1[0m discover_packages(ignore) discover
[0.186s] [34mcolcon.colcon_core.package_discovery[0m [1;30mLevel 1[0m discover_packages(ignore) using defaults
[0.186s] [34mcolcon.colcon_core.package_discovery[0m [1;30mLevel 1[0m discover_packages(path) discover
[0.186s] [34mcolcon.colcon_core.package_discovery[0m [1;30mLevel 1[0m discover_packages(path) using defaults
[0.194s] [34mcolcon.colcon_core.package_discovery[0m [1;30mLevel 1[0m discover_packages(prefix_path) check parameters
[0.194s] [34mcolcon.colcon_core.package_discovery[0m [1;30mLevel 1[0m discover_packages(prefix_path) discover
[0.196s] [34mcolcon.colcon_installed_package_information.package_discovery[0m [1;30mDEBUG[0m [32mFound 3 installed packages in /home/mscrobotics2425laptop21/nav/install[0m
[0.196s] [34mcolcon.colcon_installed_package_information.package_discovery[0m [1;30mDEBUG[0m [32mFound 34 installed packages in /home/mscrobotics2425laptop21/interbotix_ws/install[0m
[0.197s] [34mcolcon.colcon_installed_package_information.package_discovery[0m [1;30mDEBUG[0m [32mFound 1 installed packages in /home/mscrobotics2425laptop21/apriltag_ws/install[0m
[0.197s] [34mcolcon.colcon_installed_package_information.package_discovery[0m [1;30mDEBUG[0m [32mFound 441 installed packages in /opt/ros/humble[0m
[0.199s] [34mcolcon.colcon_core.package_discovery[0m [1;30mLevel 1[0m discover_packages(prefix_path) using defaults
[0.224s] [34mcolcon.colcon_core.verb[0m [1;30mLevel 5[0m set package 'rplidar_ros' build argument 'cmake_args' from command line to 'None'
[0.224s] [34mcolcon.colcon_core.verb[0m [1;30mLevel 5[0m set package 'rplidar_ros' build argument 'cmake_target' from command line to 'None'
[0.224s] [34mcolcon.colcon_core.verb[0m [1;30mLevel 5[0m set package 'rplidar_ros' build argument 'cmake_target_skip_unavailable' from command line to 'False'
[0.224s] [34mcolcon.colcon_core.verb[0m [1;30mLevel 5[0m set package 'rplidar_ros' build argument 'cmake_clean_cache' from command line to 'False'
[0.224s] [34mcolcon.colcon_core.verb[0m [1;30mLevel 5[0m set package 'rplidar_ros' build argument 'cmake_clean_first' from command line to 'False'
[0.224s] [34mcolcon.colcon_core.verb[0m [1;30mLevel 5[0m set package 'rplidar_ros' build argument 'cmake_force_configure' from command line to 'False'
[0.224s] [34mcolcon.colcon_core.verb[0m [1;30mLevel 5[0m set package 'rplidar_ros' build argument 'ament_cmake_args' from command line to 'None'
[0.224s] [34mcolcon.colcon_core.verb[0m [1;30mLevel 5[0m set package 'rplidar_ros' build argument 'catkin_cmake_args' from command line to 'None'
[0.224s] [34mcolcon.colcon_core.verb[0m [1;30mLevel 5[0m set package 'rplidar_ros' build argument 'catkin_skip_building_tests' from command line to 'False'
[0.224s] [34mcolcon.colcon_core.verb[0m [1;30mDEBUG[0m [32mBuilding package 'rplidar_ros' with the following arguments: {'ament_cmake_args': None, 'build_base': '/home/mscrobotics2425laptop21/nav/build/rplidar_ros', 'catkin_cmake_args': None, 'catkin_skip_building_tests': False, 'cmake_args': None, 'cmake_clean_cache': False, 'cmake_clean_first': False, 'cmake_force_configure': False, 'cmake_target': None, 'cmake_target_skip_unavailable': False, 'install_base': '/home/mscrobotics2425laptop21/nav/install/rplidar_ros', 'merge_install': False, 'path': '/home/mscrobotics2425laptop21/nav/rplidar_ros', 'symlink_install': False, 'test_result_base': None}[0m
[0.224s] [34mcolcon.colcon_core.verb[0m [1;30mLevel 5[0m set package 'team2_nav' build argument 'cmake_args' from command line to 'None'
[0.224s] [34mcolcon.colcon_core.verb[0m [1;30mLevel 5[0m set package 'team2_nav' build argument 'cmake_target' from command line to 'None'
[0.224s] [34mcolcon.colcon_core.verb[0m [1;30mLevel 5[0m set package 'team2_nav' build argument 'cmake_target_skip_unavailable' from command line to 'False'
[0.224s] [34mcolcon.colcon_core.verb[0m [1;30mLevel 5[0m set package 'team2_nav' build argument 'cmake_clean_cache' from command line to 'False'
[0.224s] [34mcolcon.colcon_core.verb[0m [1;30mLevel 5[0m set package 'team2_nav' build argument 'cmake_clean_first' from command line to 'False'
[0.224s] [34mcolcon.colcon_core.verb[0m [1;30mLevel 5[0m set package 'team2_nav' build argument 'cmake_force_configure' from command line to 'False'
[0.224s] [34mcolcon.colcon_core.verb[0m [1;30mLevel 5[0m set package 'team2_nav' build argument 'ament_cmake_args' from command line to 'None'
[0.224s] [34mcolcon.colcon_core.verb[0m [1;30mLevel 5[0m set package 'team2_nav' build argument 'catkin_cmake_args' from command line to 'None'
[0.224s] [34mcolcon.colcon_core.verb[0m [1;30mLevel 5[0m set package 'team2_nav' build argument 'catkin_skip_building_tests' from command line to 'False'
[0.224s] [34mcolcon.colcon_core.verb[0m [1;30mDEBUG[0m [32mBuilding package 'team2_nav' with the following arguments: {'ament_cmake_args': None, 'build_base': '/home/mscrobotics2425laptop21/nav/build/team2_nav', 'catkin_cmake_args': None, 'catkin_skip_building_tests': False, 'cmake_args': None, 'cmake_clean_cache': False, 'cmake_clean_first': False, 'cmake_force_configure': False, 'cmake_target': None, 'cmake_target_skip_unavailable': False, 'install_base': '/home/mscrobotics2425laptop21/nav/install/team2_nav', 'merge_install': False, 'path': '/home/mscrobotics2425laptop21/nav/team2_nav', 'symlink_install': False, 'test_result_base': None}[0m
[0.224s] [34mcolcon.colcon_core.executor[0m [1;30mINFO[0m Executing jobs using 'parallel' executor
[0.225s] [34mcolcon.colcon_parallel_executor.executor.parallel[0m [1;30mDEBUG[0m [32mrun_until_complete[0m
[0.225s] [34mcolcon.colcon_ros.task.ament_cmake.build[0m [1;30mINFO[0m Building ROS package in '/home/mscrobotics2425laptop21/nav/rplidar_ros' with build type 'ament_cmake'
[0.225s] [34mcolcon.colcon_cmake.task.cmake.build[0m [1;30mINFO[0m Building CMake package in '/home/mscrobotics2425laptop21/nav/rplidar_ros'
[0.226s] [34mcolcon.colcon_core.plugin_system[0m [1;30mINFO[0m Skipping extension 'colcon_core.shell.bat': Not used on non-Windows systems
[0.227s] [34mcolcon.colcon_core.shell[0m [1;30mINFO[0m Skip shell extension 'powershell' for command environment: Not usable outside of PowerShell
[0.227s] [34mcolcon.colcon_core.shell[0m [1;30mDEBUG[0m [32mSkip shell extension 'dsv' for command environment[0m
[0.230s] [34mcolcon.colcon_ros.task.ament_python.build[0m [1;30mINFO[0m Building ROS package in '/home/mscrobotics2425laptop21/nav/team2_nav' with build type 'ament_python'
[0.230s] [34mcolcon.colcon_core.shell[0m [1;30mLevel 1[0m create_environment_hook('team2_nav', 'ament_prefix_path')
[0.230s] [34mcolcon.colcon_core.shell[0m [1;30mINFO[0m Creating environment hook '/home/mscrobotics2425laptop21/nav/install/team2_nav/share/team2_nav/hook/ament_prefix_path.ps1'
[0.230s] [34mcolcon.colcon_core.shell[0m [1;30mINFO[0m Creating environment descriptor '/home/mscrobotics2425laptop21/nav/install/team2_nav/share/team2_nav/hook/ament_prefix_path.dsv'
[0.231s] [34mcolcon.colcon_core.shell[0m [1;30mINFO[0m Creating environment hook '/home/mscrobotics2425laptop21/nav/install/team2_nav/share/team2_nav/hook/ament_prefix_path.sh'
[0.232s] [34mcolcon.colcon_core.shell[0m [1;30mINFO[0m Skip shell extension 'powershell' for command environment: Not usable outside of PowerShell
[0.232s] [34mcolcon.colcon_core.shell[0m [1;30mDEBUG[0m [32mSkip shell extension 'dsv' for command environment[0m
[0.245s] [34mcolcon.colcon_core.event_handler.log_command[0m [1;30mDEBUG[0m [32mInvoking command in '/home/mscrobotics2425laptop21/nav/build/rplidar_ros': CMAKE_PREFIX_PATH=/home/mscrobotics2425laptop21/nav/install/rplidar_ros:/home/mscrobotics2425laptop21/nav/install/team2_nav:/home/mscrobotics2425laptop21/interbotix_ws/install/interbotix_xs_modules:/home/mscrobotics2425laptop21/interbotix_ws/install/interbotix_perception_modules:/home/mscrobotics2425laptop21/interbotix_ws/install/interbotix_common_modules:/home/mscrobotics2425laptop21/nav/install/leo_description:/home/mscrobotics2425laptop21/interbotix_ws/install/interbotix_ros_xsarms_examples:/home/mscrobotics2425laptop21/interbotix_ws/install/interbotix_xsarm_moveit_interface:/home/mscrobotics2425laptop21/interbotix_ws/install/interbotix_moveit_interface:/home/mscrobotics2425laptop21/interbotix_ws/install/moveit_visual_tools:/home/mscrobotics2425laptop21/interbotix_ws/install/interbotix_ros_xsarms:/home/mscrobotics2425laptop21/interbotix_ws/install/interbotix_xsarm_moveit:/home/mscrobotics2425laptop21/interbotix_ws/install/interbotix_xsarm_sim:/home/mscrobotics2425laptop21/interbotix_ws/install/interbotix_xsarm_ros_control:/home/mscrobotics2425laptop21/interbotix_ws/install/interbotix_xsarm_puppet:/home/mscrobotics2425laptop21/interbotix_ws/install/interbotix_xsarm_perception:/home/mscrobotics2425laptop21/interbotix_ws/install/interbotix_xsarm_joy:/home/mscrobotics2425laptop21/interbotix_ws/install/interbotix_xsarm_gravity_compensation:/home/mscrobotics2425laptop21/interbotix_ws/install/interbotix_xsarm_dual:/home/mscrobotics2425laptop21/interbotix_ws/install/interbotix_xsarm_control:/home/mscrobotics2425laptop21/interbotix_ws/install/interbotix_xsarm_descriptions:/home/mscrobotics2425laptop21/interbotix_ws/install/interbotix_xs_toolbox:/home/mscrobotics2425laptop21/interbotix_ws/install/interbotix_xs_rviz:/home/mscrobotics2425laptop21/interbotix_ws/install/interbotix_ros_xseries:/home/mscrobotics2425laptop21/interbotix_ws/install/interbotix_xs_sdk:/home/mscrobotics2425laptop21/interbotix_ws/install/interbotix_xs_ros_control:/home/mscrobotics2425laptop21/interbotix_ws/install/interbotix_perception_toolbox:/home/mscrobotics2425laptop21/interbotix_ws/install/interbotix_perception_pipelines:/home/mscrobotics2425laptop21/interbotix_ws/install/interbotix_common_toolbox:/home/mscrobotics2425laptop21/interbotix_ws/install/interbotix_gravity_compensation:/home/mscrobotics2425laptop21/interbotix_ws/install/interbotix_xs_msgs:/home/mscrobotics2425laptop21/interbotix_ws/install/interbotix_xs_driver:/home/mscrobotics2425laptop21/interbotix_ws/install/interbotix_tf_tools:/home/mscrobotics2425laptop21/interbotix_ws/install/interbotix_perception_msgs:/home/mscrobotics2425laptop21/interbotix_ws/install/interbotix_moveit_interface_msgs:/home/mscrobotics2425laptop21/interbotix_ws/install/interbotix_common_sim:/home/mscrobotics2425laptop21/interbotix_ws/install/dynamixel_workbench_toolbox:/home/mscrobotics2425laptop21/apriltag_ws/install/apriltag_ros:/opt/ros/humble: /usr/bin/cmake --build /home/mscrobotics2425laptop21/nav/build/rplidar_ros -- -j12 -l12[0m
[0.447s] [34mcolcon.colcon_core.task.python.build[0m [1;30mINFO[0m Building Python package in '/home/mscrobotics2425laptop21/nav/team2_nav'
[0.448s] [34mcolcon.colcon_core.shell[0m [1;30mINFO[0m Skip shell extension 'powershell' for command environment: Not usable outside of PowerShell
[0.448s] [34mcolcon.colcon_core.shell[0m [1;30mDEBUG[0m [32mSkip shell extension 'dsv' for command environment[0m
[0.453s] [34mcolcon.colcon_core.event_handler.log_command[0m [1;30mDEBUG[0m [32mInvoked command in '/home/mscrobotics2425laptop21/nav/build/rplidar_ros' returned '0': CMAKE_PREFIX_PATH=/home/mscrobotics2425laptop21/nav/install/rplidar_ros:/home/mscrobotics2425laptop21/nav/install/team2_nav:/home/mscrobotics2425laptop21/interbotix_ws/install/interbotix_xs_modules:/home/mscrobotics2425laptop21/interbotix_ws/install/interbotix_perception_modules:/home/mscrobotics2425laptop21/interbotix_ws/install/interbotix_common_modules:/home/mscrobotics2425laptop21/nav/install/leo_description:/home/mscrobotics2425laptop21/interbotix_ws/install/interbotix_ros_xsarms_examples:/home/mscrobotics2425laptop21/interbotix_ws/install/interbotix_xsarm_moveit_interface:/home/mscrobotics2425laptop21/interbotix_ws/install/interbotix_moveit_interface:/home/mscrobotics2425laptop21/interbotix_ws/install/moveit_visual_tools:/home/mscrobotics2425laptop21/interbotix_ws/install/interbotix_ros_xsarms:/home/mscrobotics2425laptop21/interbotix_ws/install/interbotix_xsarm_moveit:/home/mscrobotics2425laptop21/interbotix_ws/install/interbotix_xsarm_sim:/home/mscrobotics2425laptop21/interbotix_ws/install/interbotix_xsarm_ros_control:/home/mscrobotics2425laptop21/interbotix_ws/install/interbotix_xsarm_puppet:/home/mscrobotics2425laptop21/interbotix_ws/install/interbotix_xsarm_perception:/home/mscrobotics2425laptop21/interbotix_ws/install/interbotix_xsarm_joy:/home/mscrobotics2425laptop21/interbotix_ws/install/interbotix_xsarm_gravity_compensation:/home/mscrobotics2425laptop21/interbotix_ws/install/interbotix_xsarm_dual:/home/mscrobotics2425laptop21/interbotix_ws/install/interbotix_xsarm_control:/home/mscrobotics2425laptop21/interbotix_ws/install/interbotix_xsarm_descriptions:/home/mscrobotics2425laptop21/interbotix_ws/install/interbotix_xs_toolbox:/home/mscrobotics2425laptop21/interbotix_ws/install/interbotix_xs_rviz:/home/mscrobotics2425laptop21/interbotix_ws/install/interbotix_ros_xseries:/home/mscrobotics2425laptop21/interbotix_ws/install/interbotix_xs_sdk:/home/mscrobotics2425laptop21/interbotix_ws/install/interbotix_xs_ros_control:/home/mscrobotics2425laptop21/interbotix_ws/install/interbotix_perception_toolbox:/home/mscrobotics2425laptop21/interbotix_ws/install/interbotix_perception_pipelines:/home/mscrobotics2425laptop21/interbotix_ws/install/interbotix_common_toolbox:/home/mscrobotics2425laptop21/interbotix_ws/install/interbotix_gravity_compensation:/home/mscrobotics2425laptop21/interbotix_ws/install/interbotix_xs_msgs:/home/mscrobotics2425laptop21/interbotix_ws/install/interbotix_xs_driver:/home/mscrobotics2425laptop21/interbotix_ws/install/interbotix_tf_tools:/home/mscrobotics2425laptop21/interbotix_ws/install/interbotix_perception_msgs:/home/mscrobotics2425laptop21/interbotix_ws/install/interbotix_moveit_interface_msgs:/home/mscrobotics2425laptop21/interbotix_ws/install/interbotix_common_sim:/home/mscrobotics2425laptop21/interbotix_ws/install/dynamixel_workbench_toolbox:/home/mscrobotics2425laptop21/apriltag_ws/install/apriltag_ros:/opt/ros/humble: /usr/bin/cmake --build /home/mscrobotics2425laptop21/nav/build/rplidar_ros -- -j12 -l12[0m
[0.461s] [34mcolcon.colcon_core.event_handler.log_command[0m [1;30mDEBUG[0m [32mInvoking command in '/home/mscrobotics2425laptop21/nav/build/rplidar_ros': CMAKE_PREFIX_PATH=/home/mscrobotics2425laptop21/nav/install/rplidar_ros:/home/mscrobotics2425laptop21/nav/install/team2_nav:/home/mscrobotics2425laptop21/interbotix_ws/install/interbotix_xs_modules:/home/mscrobotics2425laptop21/interbotix_ws/install/interbotix_perception_modules:/home/mscrobotics2425laptop21/interbotix_ws/install/interbotix_common_modules:/home/mscrobotics2425laptop21/nav/install/leo_description:/home/mscrobotics2425laptop21/interbotix_ws/install/interbotix_ros_xsarms_examples:/home/mscrobotics2425laptop21/interbotix_ws/install/interbotix_xsarm_moveit_interface:/home/mscrobotics2425laptop21/interbotix_ws/install/interbotix_moveit_interface:/home/mscrobotics2425laptop21/interbotix_ws/install/moveit_visual_tools:/home/mscrobotics2425laptop21/interbotix_ws/install/interbotix_ros_xsarms:/home/mscrobotics2425laptop21/interbotix_ws/install/interbotix_xsarm_moveit:/home/mscrobotics2425laptop21/interbotix_ws/install/interbotix_xsarm_sim:/home/mscrobotics2425laptop21/interbotix_ws/install/interbotix_xsarm_ros_control:/home/mscrobotics2425laptop21/interbotix_ws/install/interbotix_xsarm_puppet:/home/mscrobotics2425laptop21/interbotix_ws/install/interbotix_xsarm_perception:/home/mscrobotics2425laptop21/interbotix_ws/install/interbotix_xsarm_joy:/home/mscrobotics2425laptop21/interbotix_ws/install/interbotix_xsarm_gravity_compensation:/home/mscrobotics2425laptop21/interbotix_ws/install/interbotix_xsarm_dual:/home/mscrobotics2425laptop21/interbotix_ws/install/interbotix_xsarm_control:/home/mscrobotics2425laptop21/interbotix_ws/install/interbotix_xsarm_descriptions:/home/mscrobotics2425laptop21/interbotix_ws/install/interbotix_xs_toolbox:/home/mscrobotics2425laptop21/interbotix_ws/install/interbotix_xs_rviz:/home/mscrobotics2425laptop21/interbotix_ws/install/interbotix_ros_xseries:/home/mscrobotics2425laptop21/interbotix_ws/install/interbotix_xs_sdk:/home/mscrobotics2425laptop21/interbotix_ws/install/interbotix_xs_ros_control:/home/mscrobotics2425laptop21/interbotix_ws/install/interbotix_perception_toolbox:/home/mscrobotics2425laptop21/interbotix_ws/install/interbotix_perception_pipelines:/home/mscrobotics2425laptop21/interbotix_ws/install/interbotix_common_toolbox:/home/mscrobotics2425laptop21/interbotix_ws/install/interbotix_gravity_compensation:/home/mscrobotics2425laptop21/interbotix_ws/install/interbotix_xs_msgs:/home/mscrobotics2425laptop21/interbotix_ws/install/interbotix_xs_driver:/home/mscrobotics2425laptop21/interbotix_ws/install/interbotix_tf_tools:/home/mscrobotics2425laptop21/interbotix_ws/install/interbotix_perception_msgs:/home/mscrobotics2425laptop21/interbotix_ws/install/interbotix_moveit_interface_msgs:/home/mscrobotics2425laptop21/interbotix_ws/install/interbotix_common_sim:/home/mscrobotics2425laptop21/interbotix_ws/install/dynamixel_workbench_toolbox:/home/mscrobotics2425laptop21/apriltag_ws/install/apriltag_ros:/opt/ros/humble: /usr/bin/cmake --install /home/mscrobotics2425laptop21/nav/build/rplidar_ros[0m
[0.469s] [34mcolcon.colcon_core.environment[0m [1;30mLevel 1[0m create_environment_scripts_only(rplidar_ros)
[0.469s] [34mcolcon.colcon_core.event_handler.log_command[0m [1;30mDEBUG[0m [32mInvoked command in '/home/mscrobotics2425laptop21/nav/build/rplidar_ros' returned '0': CMAKE_PREFIX_PATH=/home/mscrobotics2425laptop21/nav/install/rplidar_ros:/home/mscrobotics2425laptop21/nav/install/team2_nav:/home/mscrobotics2425laptop21/interbotix_ws/install/interbotix_xs_modules:/home/mscrobotics2425laptop21/interbotix_ws/install/interbotix_perception_modules:/home/mscrobotics2425laptop21/interbotix_ws/install/interbotix_common_modules:/home/mscrobotics2425laptop21/nav/install/leo_description:/home/mscrobotics2425laptop21/interbotix_ws/install/interbotix_ros_xsarms_examples:/home/mscrobotics2425laptop21/interbotix_ws/install/interbotix_xsarm_moveit_interface:/home/mscrobotics2425laptop21/interbotix_ws/install/interbotix_moveit_interface:/home/mscrobotics2425laptop21/interbotix_ws/install/moveit_visual_tools:/home/mscrobotics2425laptop21/interbotix_ws/install/interbotix_ros_xsarms:/home/mscrobotics2425laptop21/interbotix_ws/install/interbotix_xsarm_moveit:/home/mscrobotics2425laptop21/interbotix_ws/install/interbotix_xsarm_sim:/home/mscrobotics2425laptop21/interbotix_ws/install/interbotix_xsarm_ros_control:/home/mscrobotics2425laptop21/interbotix_ws/install/interbotix_xsarm_puppet:/home/mscrobotics2425laptop21/interbotix_ws/install/interbotix_xsarm_perception:/home/mscrobotics2425laptop21/interbotix_ws/install/interbotix_xsarm_joy:/home/mscrobotics2425laptop21/interbotix_ws/install/interbotix_xsarm_gravity_compensation:/home/mscrobotics2425laptop21/interbotix_ws/install/interbotix_xsarm_dual:/home/mscrobotics2425laptop21/interbotix_ws/install/interbotix_xsarm_control:/home/mscrobotics2425laptop21/interbotix_ws/install/interbotix_xsarm_descriptions:/home/mscrobotics2425laptop21/interbotix_ws/install/interbotix_xs_toolbox:/home/mscrobotics2425laptop21/interbotix_ws/install/interbotix_xs_rviz:/home/mscrobotics2425laptop21/interbotix_ws/install/interbotix_ros_xseries:/home/mscrobotics2425laptop21/interbotix_ws/install/interbotix_xs_sdk:/home/mscrobotics2425laptop21/interbotix_ws/install/interbotix_xs_ros_control:/home/mscrobotics2425laptop21/interbotix_ws/install/interbotix_perception_toolbox:/home/mscrobotics2425laptop21/interbotix_ws/install/interbotix_perception_pipelines:/home/mscrobotics2425laptop21/interbotix_ws/install/interbotix_common_toolbox:/home/mscrobotics2425laptop21/interbotix_ws/install/interbotix_gravity_compensation:/home/mscrobotics2425laptop21/interbotix_ws/install/interbotix_xs_msgs:/home/mscrobotics2425laptop21/interbotix_ws/install/interbotix_xs_driver:/home/mscrobotics2425laptop21/interbotix_ws/install/interbotix_tf_tools:/home/mscrobotics2425laptop21/interbotix_ws/install/interbotix_perception_msgs:/home/mscrobotics2425laptop21/interbotix_ws/install/interbotix_moveit_interface_msgs:/home/mscrobotics2425laptop21/interbotix_ws/install/interbotix_common_sim:/home/mscrobotics2425laptop21/interbotix_ws/install/dynamixel_workbench_toolbox:/home/mscrobotics2425laptop21/apriltag_ws/install/apriltag_ros:/opt/ros/humble: /usr/bin/cmake --install /home/mscrobotics2425laptop21/nav/build/rplidar_ros[0m
[0.471s] [34mcolcon.colcon_core.environment[0m [1;30mLevel 1[0m checking '/home/mscrobotics2425laptop21/nav/install/rplidar_ros' for CMake module files
[0.471s] [34mcolcon.colcon_core.environment[0m [1;30mLevel 1[0m checking '/home/mscrobotics2425laptop21/nav/install/rplidar_ros' for CMake config files
[0.471s] [34mcolcon.colcon_core.shell[0m [1;30mLevel 1[0m create_environment_hook('rplidar_ros', 'cmake_prefix_path')
[0.471s] [34mcolcon.colcon_core.shell[0m [1;30mINFO[0m Creating environment hook '/home/mscrobotics2425laptop21/nav/install/rplidar_ros/share/rplidar_ros/hook/cmake_prefix_path.ps1'
[0.472s] [34mcolcon.colcon_core.shell[0m [1;30mINFO[0m Creating environment descriptor '/home/mscrobotics2425laptop21/nav/install/rplidar_ros/share/rplidar_ros/hook/cmake_prefix_path.dsv'
[0.472s] [34mcolcon.colcon_core.shell[0m [1;30mINFO[0m Creating environment hook '/home/mscrobotics2425laptop21/nav/install/rplidar_ros/share/rplidar_ros/hook/cmake_prefix_path.sh'
[0.472s] [34mcolcon.colcon_core.environment[0m [1;30mLevel 1[0m checking '/home/mscrobotics2425laptop21/nav/install/rplidar_ros/lib'
[0.472s] [34mcolcon.colcon_core.environment[0m [1;30mLevel 1[0m checking '/home/mscrobotics2425laptop21/nav/install/rplidar_ros/bin'
[0.472s] [34mcolcon.colcon_core.environment[0m [1;30mLevel 1[0m checking '/home/mscrobotics2425laptop21/nav/install/rplidar_ros/lib/pkgconfig/rplidar_ros.pc'
[0.473s] [34mcolcon.colcon_core.environment[0m [1;30mLevel 1[0m checking '/home/mscrobotics2425laptop21/nav/install/rplidar_ros/lib/python3.10/site-packages'
[0.473s] [34mcolcon.colcon_core.environment[0m [1;30mLevel 1[0m checking '/home/mscrobotics2425laptop21/nav/install/rplidar_ros/bin'
[0.473s] [34mcolcon.colcon_core.shell[0m [1;30mINFO[0m Creating package script '/home/mscrobotics2425laptop21/nav/install/rplidar_ros/share/rplidar_ros/package.ps1'
[0.473s] [34mcolcon.colcon_core.shell[0m [1;30mINFO[0m Creating package descriptor '/home/mscrobotics2425laptop21/nav/install/rplidar_ros/share/rplidar_ros/package.dsv'
[0.474s] [34mcolcon.colcon_core.shell[0m [1;30mINFO[0m Creating package script '/home/mscrobotics2425laptop21/nav/install/rplidar_ros/share/rplidar_ros/package.sh'
[0.474s] [34mcolcon.colcon_core.shell[0m [1;30mINFO[0m Creating package script '/home/mscrobotics2425laptop21/nav/install/rplidar_ros/share/rplidar_ros/package.bash'
[0.474s] [34mcolcon.colcon_core.shell[0m [1;30mINFO[0m Creating package script '/home/mscrobotics2425laptop21/nav/install/rplidar_ros/share/rplidar_ros/package.zsh'
[0.475s] [34mcolcon.colcon_core.environment[0m [1;30mLevel 1[0m create_file_with_runtime_dependencies(/home/mscrobotics2425laptop21/nav/install/rplidar_ros/share/colcon-core/packages/rplidar_ros)
[0.475s] [34mcolcon.colcon_core.environment[0m [1;30mLevel 1[0m create_environment_scripts_only(rplidar_ros)
[0.475s] [34mcolcon.colcon_core.environment[0m [1;30mLevel 1[0m checking '/home/mscrobotics2425laptop21/nav/install/rplidar_ros' for CMake module files
[0.475s] [34mcolcon.colcon_core.environment[0m [1;30mLevel 1[0m checking '/home/mscrobotics2425laptop21/nav/install/rplidar_ros' for CMake config files
[0.476s] [34mcolcon.colcon_core.shell[0m [1;30mLevel 1[0m create_environment_hook('rplidar_ros', 'cmake_prefix_path')
[0.476s] [34mcolcon.colcon_core.shell[0m [1;30mINFO[0m Creating environment hook '/home/mscrobotics2425laptop21/nav/install/rplidar_ros/share/rplidar_ros/hook/cmake_prefix_path.ps1'
[0.476s] [34mcolcon.colcon_core.shell[0m [1;30mINFO[0m Creating environment descriptor '/home/mscrobotics2425laptop21/nav/install/rplidar_ros/share/rplidar_ros/hook/cmake_prefix_path.dsv'
[0.476s] [34mcolcon.colcon_core.shell[0m [1;30mINFO[0m Creating environment hook '/home/mscrobotics2425laptop21/nav/install/rplidar_ros/share/rplidar_ros/hook/cmake_prefix_path.sh'
[0.476s] [34mcolcon.colcon_core.environment[0m [1;30mLevel 1[0m checking '/home/mscrobotics2425laptop21/nav/install/rplidar_ros/lib'
[0.476s] [34mcolcon.colcon_core.environment[0m [1;30mLevel 1[0m checking '/home/mscrobotics2425laptop21/nav/install/rplidar_ros/bin'
[0.476s] [34mcolcon.colcon_core.environment[0m [1;30mLevel 1[0m checking '/home/mscrobotics2425laptop21/nav/install/rplidar_ros/lib/pkgconfig/rplidar_ros.pc'
[0.477s] [34mcolcon.colcon_core.environment[0m [1;30mLevel 1[0m checking '/home/mscrobotics2425laptop21/nav/install/rplidar_ros/lib/python3.10/site-packages'
[0.477s] [34mcolcon.colcon_core.environment[0m [1;30mLevel 1[0m checking '/home/mscrobotics2425laptop21/nav/install/rplidar_ros/bin'
[0.477s] [34mcolcon.colcon_core.shell[0m [1;30mINFO[0m Creating package script '/home/mscrobotics2425laptop21/nav/install/rplidar_ros/share/rplidar_ros/package.ps1'
[0.477s] [34mcolcon.colcon_core.shell[0m [1;30mINFO[0m Creating package descriptor '/home/mscrobotics2425laptop21/nav/install/rplidar_ros/share/rplidar_ros/package.dsv'
[0.477s] [34mcolcon.colcon_core.shell[0m [1;30mINFO[0m Creating package script '/home/mscrobotics2425laptop21/nav/install/rplidar_ros/share/rplidar_ros/package.sh'
[0.477s] [34mcolcon.colcon_core.shell[0m [1;30mINFO[0m Creating package script '/home/mscrobotics2425laptop21/nav/install/rplidar_ros/share/rplidar_ros/package.bash'
[0.478s] [34mcolcon.colcon_core.shell[0m [1;30mINFO[0m Creating package script '/home/mscrobotics2425laptop21/nav/install/rplidar_ros/share/rplidar_ros/package.zsh'
[0.478s] [34mcolcon.colcon_core.environment[0m [1;30mLevel 1[0m create_file_with_runtime_dependencies(/home/mscrobotics2425laptop21/nav/install/rplidar_ros/share/colcon-core/packages/rplidar_ros)
[0.730s] [34mcolcon.colcon_core.event_handler.log_command[0m [1;30mDEBUG[0m [32mInvoking command in '/home/mscrobotics2425laptop21/nav/team2_nav': PYTHONPATH=/home/mscrobotics2425laptop21/nav/build/team2_nav/prefix_override:/usr/lib/python3/dist-packages/colcon_core/task/python/colcon_distutils_commands:/home/mscrobotics2425laptop21/nav/install/team2_nav/lib/python3.10/site-packages:${PYTHONPATH} /usr/bin/python3 -W ignore:setup.py install is deprecated -W ignore:easy_install command is deprecated setup.py egg_info --egg-base ../build/team2_nav build --build-base /home/mscrobotics2425laptop21/nav/build/team2_nav/build install --record /home/mscrobotics2425laptop21/nav/build/team2_nav/install.log --single-version-externally-managed install_data[0m
[0.930s] [34mcolcon.colcon_core.environment[0m [1;30mLevel 1[0m checking '/home/mscrobotics2425laptop21/nav/install/team2_nav' for CMake module files
[0.930s] [34mcolcon.colcon_core.event_handler.log_command[0m [1;30mDEBUG[0m [32mInvoked command in '/home/mscrobotics2425laptop21/nav/team2_nav' returned '0': PYTHONPATH=/home/mscrobotics2425laptop21/nav/build/team2_nav/prefix_override:/usr/lib/python3/dist-packages/colcon_core/task/python/colcon_distutils_commands:/home/mscrobotics2425laptop21/nav/install/team2_nav/lib/python3.10/site-packages:${PYTHONPATH} /usr/bin/python3 -W ignore:setup.py install is deprecated -W ignore:easy_install command is deprecated setup.py egg_info --egg-base ../build/team2_nav build --build-base /home/mscrobotics2425laptop21/nav/build/team2_nav/build install --record /home/mscrobotics2425laptop21/nav/build/team2_nav/install.log --single-version-externally-managed install_data[0m
[0.930s] [34mcolcon.colcon_core.environment[0m [1;30mLevel 1[0m checking '/home/mscrobotics2425laptop21/nav/install/team2_nav' for CMake config files
[0.931s] [34mcolcon.colcon_core.environment[0m [1;30mLevel 1[0m checking '/home/mscrobotics2425laptop21/nav/install/team2_nav/lib'
[0.931s] [34mcolcon.colcon_core.environment[0m [1;30mLevel 1[0m checking '/home/mscrobotics2425laptop21/nav/install/team2_nav/bin'
[0.931s] [34mcolcon.colcon_core.environment[0m [1;30mLevel 1[0m checking '/home/mscrobotics2425laptop21/nav/install/team2_nav/lib/pkgconfig/team2_nav.pc'
[0.931s] [34mcolcon.colcon_core.environment[0m [1;30mLevel 1[0m checking '/home/mscrobotics2425laptop21/nav/install/team2_nav/lib/python3.10/site-packages'
[0.931s] [34mcolcon.colcon_core.shell[0m [1;30mLevel 1[0m create_environment_hook('team2_nav', 'pythonpath')
[0.931s] [34mcolcon.colcon_core.shell[0m [1;30mINFO[0m Creating environment hook '/home/mscrobotics2425laptop21/nav/install/team2_nav/share/team2_nav/hook/pythonpath.ps1'
[0.931s] [34mcolcon.colcon_core.shell[0m [1;30mINFO[0m Creating environment descriptor '/home/mscrobotics2425laptop21/nav/install/team2_nav/share/team2_nav/hook/pythonpath.dsv'
[0.932s] [34mcolcon.colcon_core.shell[0m [1;30mINFO[0m Creating environment hook '/home/mscrobotics2425laptop21/nav/install/team2_nav/share/team2_nav/hook/pythonpath.sh'
[0.932s] [34mcolcon.colcon_core.environment[0m [1;30mLevel 1[0m checking '/home/mscrobotics2425laptop21/nav/install/team2_nav/bin'
[0.932s] [34mcolcon.colcon_core.environment[0m [1;30mLevel 1[0m create_environment_scripts_only(team2_nav)
[0.932s] [34mcolcon.colcon_core.shell[0m [1;30mINFO[0m Creating package script '/home/mscrobotics2425laptop21/nav/install/team2_nav/share/team2_nav/package.ps1'
[0.933s] [34mcolcon.colcon_core.shell[0m [1;30mINFO[0m Creating package descriptor '/home/mscrobotics2425laptop21/nav/install/team2_nav/share/team2_nav/package.dsv'
[0.933s] [34mcolcon.colcon_core.shell[0m [1;30mINFO[0m Creating package script '/home/mscrobotics2425laptop21/nav/install/team2_nav/share/team2_nav/package.sh'
[0.933s] [34mcolcon.colcon_core.shell[0m [1;30mINFO[0m Creating package script '/home/mscrobotics2425laptop21/nav/install/team2_nav/share/team2_nav/package.bash'
[0.933s] [34mcolcon.colcon_core.shell[0m [1;30mINFO[0m Creating package script '/home/mscrobotics2425laptop21/nav/install/team2_nav/share/team2_nav/package.zsh'
[0.934s] [34mcolcon.colcon_core.environment[0m [1;30mLevel 1[0m create_file_with_runtime_dependencies(/home/mscrobotics2425laptop21/nav/install/team2_nav/share/colcon-core/packages/team2_nav)
[0.934s] [34mcolcon.colcon_parallel_executor.executor.parallel[0m [1;30mDEBUG[0m [32mclosing loop[0m
[0.934s] [34mcolcon.colcon_parallel_executor.executor.parallel[0m [1;30mDEBUG[0m [32mloop closed[0m
[0.934s] [34mcolcon.colcon_parallel_executor.executor.parallel[0m [1;30mDEBUG[0m [32mrun_until_complete finished with '0'[0m
[0.934s] [34mcolcon.colcon_core.event_reactor[0m [1;30mDEBUG[0m [32mjoining thread[0m
[0.937s] [34mcolcon.colcon_core.plugin_system[0m [1;30mINFO[0m Skipping extension 'colcon_notification.desktop_notification.terminal_notifier': Not used on non-Darwin systems
[0.937s] [34mcolcon.colcon_core.plugin_system[0m [1;30mINFO[0m Skipping extension 'colcon_notification.desktop_notification.win32': Not used on non-Windows systems
[0.937s] [34mcolcon.colcon_notification.desktop_notification[0m [1;30mINFO[0m Sending desktop notification using 'notify2'
[0.946s] [34mcolcon.colcon_core.event_reactor[0m [1;30mDEBUG[0m [32mjoined thread[0m
[0.946s] [34mcolcon.colcon_core.shell[0m [1;30mINFO[0m Creating prefix script '/home/mscrobotics2425laptop21/nav/install/local_setup.ps1'
[0.947s] [34mcolcon.colcon_core.shell[0m [1;30mINFO[0m Creating prefix util module '/home/mscrobotics2425laptop21/nav/install/_local_setup_util_ps1.py'
[0.948s] [34mcolcon.colcon_core.shell[0m [1;30mINFO[0m Creating prefix chain script '/home/mscrobotics2425laptop21/nav/install/setup.ps1'
[0.949s] [34mcolcon.colcon_core.shell[0m [1;30mINFO[0m Creating prefix script '/home/mscrobotics2425laptop21/nav/install/local_setup.sh'
[0.949s] [34mcolcon.colcon_core.shell[0m [1;30mINFO[0m Creating prefix util module '/home/mscrobotics2425laptop21/nav/install/_local_setup_util_sh.py'
[0.950s] [34mcolcon.colcon_core.shell[0m [1;30mINFO[0m Creating prefix chain script '/home/mscrobotics2425laptop21/nav/install/setup.sh'
[0.951s] [34mcolcon.colcon_core.shell[0m [1;30mINFO[0m Creating prefix script '/home/mscrobotics2425laptop21/nav/install/local_setup.bash'
[0.951s] [34mcolcon.colcon_core.shell[0m [1;30mINFO[0m Creating prefix chain script '/home/mscrobotics2425laptop21/nav/install/setup.bash'
[0.952s] [34mcolcon.colcon_core.shell[0m [1;30mINFO[0m Creating prefix script '/home/mscrobotics2425laptop21/nav/install/local_setup.zsh'
[0.952s] [34mcolcon.colcon_core.shell[0m [1;30mINFO[0m Creating prefix chain script '/home/mscrobotics2425laptop21/nav/install/setup.zsh'
