[1.194s] Invoking command in '/home/mscrobotics2425laptop3/Robotics_Team2/src/object_detection': PYTHONPATH=/home/mscrobotics2425laptop3/Robotics_Team2/build/object_detection/prefix_override:/usr/lib/python3/dist-packages/colcon_core/task/python/colcon_distutils_commands:/home/mscrobotics2425laptop3/Robotics_Team2/install/object_detection/lib/python3.10/site-packages:${PYTHONPATH} /usr/bin/python3 -W ignore:setup.py install is deprecated -W ignore:easy_install command is deprecated setup.py egg_info --egg-base ../../build/object_detection build --build-base /home/mscrobotics2425laptop3/Robotics_Team2/build/object_detection/build install --record /home/mscrobotics2425laptop3/Robotics_Team2/build/object_detection/install.log --single-version-externally-managed install_data
[1.471s] running egg_info
[1.472s] writing ../../build/object_detection/object_detection.egg-info/PKG-INFO
[1.472s] writing dependency_links to ../../build/object_detection/object_detection.egg-info/dependency_links.txt
[1.473s] writing entry points to ../../build/object_detection/object_detection.egg-info/entry_points.txt
[1.473s] writing requirements to ../../build/object_detection/object_detection.egg-info/requires.txt
[1.473s] writing top-level names to ../../build/object_detection/object_detection.egg-info/top_level.txt
[1.476s] reading manifest file '../../build/object_detection/object_detection.egg-info/SOURCES.txt'
[1.476s] writing manifest file '../../build/object_detection/object_detection.egg-info/SOURCES.txt'
[1.476s] running build
[1.476s] running build_py
[1.477s] copying object_detection/predict.py -> /home/mscrobotics2425laptop3/Robotics_Team2/build/object_detection/build/lib/object_detection
[1.477s] running install
[1.477s] running install_lib
[1.478s] copying /home/mscrobotics2425laptop3/Robotics_Team2/build/object_detection/build/lib/object_detection/predict.py -> /home/mscrobotics2425laptop3/Robotics_Team2/install/object_detection/lib/python3.10/site-packages/object_detection
[1.481s] byte-compiling /home/mscrobotics2425laptop3/Robotics_Team2/install/object_detection/lib/python3.10/site-packages/object_detection/predict.py to predict.cpython-310.pyc
[1.484s] running install_data
[1.501s] copying resource/object_detection -> /home/mscrobotics2425laptop3/Robotics_Team2/install/object_detection/share/ament_index/resource_index/packages
[1.501s] copying package.xml -> /home/mscrobotics2425laptop3/Robotics_Team2/install/object_detection/share/object_detection
[1.501s] running install_egg_info
[1.501s] removing '/home/mscrobotics2425laptop3/Robotics_Team2/install/object_detection/lib/python3.10/site-packages/object_detection-0.0.0-py3.10.egg-info' (and everything under it)
[1.502s] Copying ../../build/object_detection/object_detection.egg-info to /home/mscrobotics2425laptop3/Robotics_Team2/install/object_detection/lib/python3.10/site-packages/object_detection-0.0.0-py3.10.egg-info
[1.502s] running install_scripts
[1.516s] Installing collect_data script to /home/mscrobotics2425laptop3/Robotics_Team2/install/object_detection/lib/object_detection
[1.517s] Installing predict script to /home/mscrobotics2425laptop3/Robotics_Team2/install/object_detection/lib/object_detection
[1.517s] Installing test script to /home/mscrobotics2425laptop3/Robotics_Team2/install/object_detection/lib/object_detection
[1.517s] writing list of installed files to '/home/mscrobotics2425laptop3/Robotics_Team2/build/object_detection/install.log'
[1.544s] Invoked command in '/home/mscrobotics2425laptop3/Robotics_Team2/src/object_detection' returned '0': PYTHONPATH=/home/mscrobotics2425laptop3/Robotics_Team2/build/object_detection/prefix_override:/usr/lib/python3/dist-packages/colcon_core/task/python/colcon_distutils_commands:/home/mscrobotics2425laptop3/Robotics_Team2/install/object_detection/lib/python3.10/site-packages:${PYTHONPATH} /usr/bin/python3 -W ignore:setup.py install is deprecated -W ignore:easy_install command is deprecated setup.py egg_info --egg-base ../../build/object_detection build --build-base /home/mscrobotics2425laptop3/Robotics_Team2/build/object_detection/build install --record /home/mscrobotics2425laptop3/Robotics_Team2/build/object_detection/install.log --single-version-externally-managed install_data
