[2.288s] Invoking command in '/home/mscrobotics2425laptop16/Robotics_Team2/src/manipulator': PYTHONPATH=/home/mscrobotics2425laptop16/Robotics_Team2/build/manipulator/prefix_override:/usr/lib/python3/dist-packages/colcon_core/task/python/colcon_distutils_commands:/home/mscrobotics2425laptop16/Robotics_Team2/install/manipulator/lib/python3.10/site-packages:${PYTHONPATH} /usr/bin/python3 -W ignore:setup.py install is deprecated -W ignore:easy_install command is deprecated setup.py egg_info --egg-base ../../build/manipulator build --build-base /home/mscrobotics2425laptop16/Robotics_Team2/build/manipulator/build install --record /home/mscrobotics2425laptop16/Robotics_Team2/build/manipulator/install.log --single-version-externally-managed install_data
[2.736s] /home/mscrobotics2425laptop16/.local/lib/python3.10/site-packages/setuptools/_distutils/dist.py:261: UserWarning: Unknown distribution option: 'tests_require'
[2.736s]   warnings.warn(msg)
[3.028s] running egg_info
[3.077s] creating ../../build/manipulator/manipulator.egg-info
[3.078s] writing ../../build/manipulator/manipulator.egg-info/PKG-INFO
[3.080s] writing dependency_links to ../../build/manipulator/manipulator.egg-info/dependency_links.txt
[3.081s] writing entry points to ../../build/manipulator/manipulator.egg-info/entry_points.txt
[3.083s] writing requirements to ../../build/manipulator/manipulator.egg-info/requires.txt
[3.084s] writing top-level names to ../../build/manipulator/manipulator.egg-info/top_level.txt
[3.085s] writing manifest file '../../build/manipulator/manipulator.egg-info/SOURCES.txt'
[3.250s] reading manifest file '../../build/manipulator/manipulator.egg-info/SOURCES.txt'
[3.253s] writing manifest file '../../build/manipulator/manipulator.egg-info/SOURCES.txt'
[3.253s] running build
[3.254s] running build_py
[3.254s] creating /home/mscrobotics2425laptop16/Robotics_Team2/build/manipulator/build/lib/manipulator
[3.255s] copying manipulator/server_of_perception_for_grasp.py -> /home/mscrobotics2425laptop16/Robotics_Team2/build/manipulator/build/lib/manipulator
[3.256s] copying manipulator/garsp_test.py -> /home/mscrobotics2425laptop16/Robotics_Team2/build/manipulator/build/lib/manipulator
[3.256s] copying manipulator/__init__.py -> /home/mscrobotics2425laptop16/Robotics_Team2/build/manipulator/build/lib/manipulator
[3.257s] copying manipulator/ee_pose.py -> /home/mscrobotics2425laptop16/Robotics_Team2/build/manipulator/build/lib/manipulator
[3.258s] running install
[3.272s] running install_lib
[3.352s] creating /home/mscrobotics2425laptop16/Robotics_Team2/install/manipulator/lib/python3.10/site-packages/manipulator
[3.352s] copying /home/mscrobotics2425laptop16/Robotics_Team2/build/manipulator/build/lib/manipulator/server_of_perception_for_grasp.py -> /home/mscrobotics2425laptop16/Robotics_Team2/install/manipulator/lib/python3.10/site-packages/manipulator
[3.353s] copying /home/mscrobotics2425laptop16/Robotics_Team2/build/manipulator/build/lib/manipulator/garsp_test.py -> /home/mscrobotics2425laptop16/Robotics_Team2/install/manipulator/lib/python3.10/site-packages/manipulator
[3.354s] copying /home/mscrobotics2425laptop16/Robotics_Team2/build/manipulator/build/lib/manipulator/__init__.py -> /home/mscrobotics2425laptop16/Robotics_Team2/install/manipulator/lib/python3.10/site-packages/manipulator
[3.355s] copying /home/mscrobotics2425laptop16/Robotics_Team2/build/manipulator/build/lib/manipulator/ee_pose.py -> /home/mscrobotics2425laptop16/Robotics_Team2/install/manipulator/lib/python3.10/site-packages/manipulator
[3.357s] byte-compiling /home/mscrobotics2425laptop16/Robotics_Team2/install/manipulator/lib/python3.10/site-packages/manipulator/server_of_perception_for_grasp.py to server_of_perception_for_grasp.cpython-310.pyc
[3.359s] byte-compiling /home/mscrobotics2425laptop16/Robotics_Team2/install/manipulator/lib/python3.10/site-packages/manipulator/garsp_test.py to garsp_test.cpython-310.pyc
[3.361s] byte-compiling /home/mscrobotics2425laptop16/Robotics_Team2/install/manipulator/lib/python3.10/site-packages/manipulator/__init__.py to __init__.cpython-310.pyc
[3.362s] byte-compiling /home/mscrobotics2425laptop16/Robotics_Team2/install/manipulator/lib/python3.10/site-packages/manipulator/ee_pose.py to ee_pose.cpython-310.pyc
[3.363s] running install_data
[3.365s] creating /home/mscrobotics2425laptop16/Robotics_Team2/install/manipulator/share/ament_index/resource_index/packages
[3.367s] copying resource/manipulator -> /home/mscrobotics2425laptop16/Robotics_Team2/install/manipulator/share/ament_index/resource_index/packages
[3.367s] copying package.xml -> /home/mscrobotics2425laptop16/Robotics_Team2/install/manipulator/share/manipulator
[3.368s] running install_egg_info
[3.452s] Copying ../../build/manipulator/manipulator.egg-info to /home/mscrobotics2425laptop16/Robotics_Team2/install/manipulator/lib/python3.10/site-packages/manipulator-0.0.0-py3.10.egg-info
[3.456s] running install_scripts
[3.972s] Installing ServerOfPerceptionAndGrasp script to /home/mscrobotics2425laptop16/Robotics_Team2/install/manipulator/lib/manipulator
[3.975s] writing list of installed files to '/home/mscrobotics2425laptop16/Robotics_Team2/build/manipulator/install.log'
[4.063s] Invoked command in '/home/mscrobotics2425laptop16/Robotics_Team2/src/manipulator' returned '0': PYTHONPATH=/home/mscrobotics2425laptop16/Robotics_Team2/build/manipulator/prefix_override:/usr/lib/python3/dist-packages/colcon_core/task/python/colcon_distutils_commands:/home/mscrobotics2425laptop16/Robotics_Team2/install/manipulator/lib/python3.10/site-packages:${PYTHONPATH} /usr/bin/python3 -W ignore:setup.py install is deprecated -W ignore:easy_install command is deprecated setup.py egg_info --egg-base ../../build/manipulator build --build-base /home/mscrobotics2425laptop16/Robotics_Team2/build/manipulator/build install --record /home/mscrobotics2425laptop16/Robotics_Team2/build/manipulator/install.log --single-version-externally-managed install_data
