running egg_info
creating ../../build/manipulator/manipulator.egg-info
writing ../../build/manipulator/manipulator.egg-info/PKG-INFO
writing dependency_links to ../../build/manipulator/manipulator.egg-info/dependency_links.txt
writing entry points to ../../build/manipulator/manipulator.egg-info/entry_points.txt
writing requirements to ../../build/manipulator/manipulator.egg-info/requires.txt
writing top-level names to ../../build/manipulator/manipulator.egg-info/top_level.txt
writing manifest file '../../build/manipulator/manipulator.egg-info/SOURCES.txt'
reading manifest file '../../build/manipulator/manipulator.egg-info/SOURCES.txt'
writing manifest file '../../build/manipulator/manipulator.egg-info/SOURCES.txt'
running build
running build_py
creating /home/mscrobotics2425laptop3/Robotics_Team2/build/manipulator/build
creating /home/mscrobotics2425laptop3/Robotics_Team2/build/manipulator/build/lib
creating /home/mscrobotics2425laptop3/Robotics_Team2/build/manipulator/build/lib/manipulator
copying manipulator/__init__.py -> /home/mscrobotics2425laptop3/Robotics_Team2/build/manipulator/build/lib/manipulator
copying manipulator/server_of_perception_for_grasp.py -> /home/mscrobotics2425laptop3/Robotics_Team2/build/manipulator/build/lib/manipulator
running install
running install_lib
creating /home/mscrobotics2425laptop3/Robotics_Team2/install/manipulator/lib/python3.10/site-packages/manipulator
copying /home/mscrobotics2425laptop3/Robotics_Team2/build/manipulator/build/lib/manipulator/__init__.py -> /home/mscrobotics2425laptop3/Robotics_Team2/install/manipulator/lib/python3.10/site-packages/manipulator
copying /home/mscrobotics2425laptop3/Robotics_Team2/build/manipulator/build/lib/manipulator/server_of_perception_for_grasp.py -> /home/mscrobotics2425laptop3/Robotics_Team2/install/manipulator/lib/python3.10/site-packages/manipulator
byte-compiling /home/mscrobotics2425laptop3/Robotics_Team2/install/manipulator/lib/python3.10/site-packages/manipulator/__init__.py to __init__.cpython-310.pyc
byte-compiling /home/mscrobotics2425laptop3/Robotics_Team2/install/manipulator/lib/python3.10/site-packages/manipulator/server_of_perception_for_grasp.py to server_of_perception_for_grasp.cpython-310.pyc
running install_data
creating /home/mscrobotics2425laptop3/Robotics_Team2/install/manipulator/share/ament_index
creating /home/mscrobotics2425laptop3/Robotics_Team2/install/manipulator/share/ament_index/resource_index
creating /home/mscrobotics2425laptop3/Robotics_Team2/install/manipulator/share/ament_index/resource_index/packages
copying resource/manipulator -> /home/mscrobotics2425laptop3/Robotics_Team2/install/manipulator/share/ament_index/resource_index/packages
copying package.xml -> /home/mscrobotics2425laptop3/Robotics_Team2/install/manipulator/share/manipulator
running install_egg_info
Copying ../../build/manipulator/manipulator.egg-info to /home/mscrobotics2425laptop3/Robotics_Team2/install/manipulator/lib/python3.10/site-packages/manipulator-0.0.0-py3.10.egg-info
running install_scripts
Installing ServerOfPerceptionAndGrasp script to /home/mscrobotics2425laptop3/Robotics_Team2/install/manipulator/lib/manipulator
writing list of installed files to '/home/mscrobotics2425laptop3/Robotics_Team2/build/manipulator/install.log'
