[1.275s] Invoking command in '/home/mscrobotics2425laptop3/Robotics_Team2/src/manipulator': PYTHONPATH=/home/mscrobotics2425laptop3/Robotics_Team2/build/manipulator/prefix_override:/usr/lib/python3/dist-packages/colcon_core/task/python/colcon_distutils_commands:/home/mscrobotics2425laptop3/Robotics_Team2/install/manipulator/lib/python3.10/site-packages:${PYTHONPATH} /usr/bin/python3 -W ignore:setup.py install is deprecated -W ignore:easy_install command is deprecated setup.py egg_info --egg-base ../../build/manipulator build --build-base /home/mscrobotics2425laptop3/Robotics_Team2/build/manipulator/build install --record /home/mscrobotics2425laptop3/Robotics_Team2/build/manipulator/install.log --single-version-externally-managed install_data
[1.485s] running egg_info
[1.486s] creating ../../build/manipulator/manipulator.egg-info
[1.486s] writing ../../build/manipulator/manipulator.egg-info/PKG-INFO
[1.486s] writing dependency_links to ../../build/manipulator/manipulator.egg-info/dependency_links.txt
[1.486s] writing entry points to ../../build/manipulator/manipulator.egg-info/entry_points.txt
[1.486s] writing requirements to ../../build/manipulator/manipulator.egg-info/requires.txt
[1.486s] writing top-level names to ../../build/manipulator/manipulator.egg-info/top_level.txt
[1.486s] writing manifest file '../../build/manipulator/manipulator.egg-info/SOURCES.txt'
[1.487s] reading manifest file '../../build/manipulator/manipulator.egg-info/SOURCES.txt'
[1.487s] writing manifest file '../../build/manipulator/manipulator.egg-info/SOURCES.txt'
[1.487s] running build
[1.487s] running build_py
[1.487s] creating /home/mscrobotics2425laptop3/Robotics_Team2/build/manipulator/build
[1.487s] creating /home/mscrobotics2425laptop3/Robotics_Team2/build/manipulator/build/lib
[1.487s] creating /home/mscrobotics2425laptop3/Robotics_Team2/build/manipulator/build/lib/manipulator
[1.488s] copying manipulator/__init__.py -> /home/mscrobotics2425laptop3/Robotics_Team2/build/manipulator/build/lib/manipulator
[1.488s] copying manipulator/server_of_perception_for_grasp.py -> /home/mscrobotics2425laptop3/Robotics_Team2/build/manipulator/build/lib/manipulator
[1.488s] running install
[1.488s] running install_lib
[1.488s] creating /home/mscrobotics2425laptop3/Robotics_Team2/install/manipulator/lib/python3.10/site-packages/manipulator
[1.488s] copying /home/mscrobotics2425laptop3/Robotics_Team2/build/manipulator/build/lib/manipulator/__init__.py -> /home/mscrobotics2425laptop3/Robotics_Team2/install/manipulator/lib/python3.10/site-packages/manipulator
[1.488s] copying /home/mscrobotics2425laptop3/Robotics_Team2/build/manipulator/build/lib/manipulator/server_of_perception_for_grasp.py -> /home/mscrobotics2425laptop3/Robotics_Team2/install/manipulator/lib/python3.10/site-packages/manipulator
[1.489s] byte-compiling /home/mscrobotics2425laptop3/Robotics_Team2/install/manipulator/lib/python3.10/site-packages/manipulator/__init__.py to __init__.cpython-310.pyc
[1.489s] byte-compiling /home/mscrobotics2425laptop3/Robotics_Team2/install/manipulator/lib/python3.10/site-packages/manipulator/server_of_perception_for_grasp.py to server_of_perception_for_grasp.cpython-310.pyc
[1.489s] running install_data
[1.489s] creating /home/mscrobotics2425laptop3/Robotics_Team2/install/manipulator/share/ament_index
[1.489s] creating /home/mscrobotics2425laptop3/Robotics_Team2/install/manipulator/share/ament_index/resource_index
[1.489s] creating /home/mscrobotics2425laptop3/Robotics_Team2/install/manipulator/share/ament_index/resource_index/packages
[1.490s] copying resource/manipulator -> /home/mscrobotics2425laptop3/Robotics_Team2/install/manipulator/share/ament_index/resource_index/packages
[1.490s] copying package.xml -> /home/mscrobotics2425laptop3/Robotics_Team2/install/manipulator/share/manipulator
[1.490s] running install_egg_info
[1.495s] Copying ../../build/manipulator/manipulator.egg-info to /home/mscrobotics2425laptop3/Robotics_Team2/install/manipulator/lib/python3.10/site-packages/manipulator-0.0.0-py3.10.egg-info
[1.495s] running install_scripts
[1.518s] Installing ServerOfPerceptionAndGrasp script to /home/mscrobotics2425laptop3/Robotics_Team2/install/manipulator/lib/manipulator
[1.519s] writing list of installed files to '/home/mscrobotics2425laptop3/Robotics_Team2/build/manipulator/install.log'
[1.550s] Invoked command in '/home/mscrobotics2425laptop3/Robotics_Team2/src/manipulator' returned '0': PYTHONPATH=/home/mscrobotics2425laptop3/Robotics_Team2/build/manipulator/prefix_override:/usr/lib/python3/dist-packages/colcon_core/task/python/colcon_distutils_commands:/home/mscrobotics2425laptop3/Robotics_Team2/install/manipulator/lib/python3.10/site-packages:${PYTHONPATH} /usr/bin/python3 -W ignore:setup.py install is deprecated -W ignore:easy_install command is deprecated setup.py egg_info --egg-base ../../build/manipulator build --build-base /home/mscrobotics2425laptop3/Robotics_Team2/build/manipulator/build install --record /home/mscrobotics2425laptop3/Robotics_Team2/build/manipulator/install.log --single-version-externally-managed install_data
