running egg_info
writing ../../build/rpLidar_lab/rpLidar_lab.egg-info/PKG-INFO
writing dependency_links to ../../build/rpLidar_lab/rpLidar_lab.egg-info/dependency_links.txt
writing entry points to ../../build/rpLidar_lab/rpLidar_lab.egg-info/entry_points.txt
writing requirements to ../../build/rpLidar_lab/rpLidar_lab.egg-info/requires.txt
writing top-level names to ../../build/rpLidar_lab/rpLidar_lab.egg-info/top_level.txt
reading manifest file '../../build/rpLidar_lab/rpLidar_lab.egg-info/SOURCES.txt'
writing manifest file '../../build/rpLidar_lab/rpLidar_lab.egg-info/SOURCES.txt'
running build
running build_py
copying rpLidar_lab/lidar_data_collector.py -> /home/mscrobotics2425laptop21/Team2_Workspace/build/rpLidar_lab/build/lib/rpLidar_lab
running install
running install_lib
copying /home/mscrobotics2425laptop21/Team2_Workspace/build/rpLidar_lab/build/lib/rpLidar_lab/lidar_data_collector.py -> /home/mscrobotics2425laptop21/Team2_Workspace/install/rpLidar_lab/lib/python3.10/site-packages/rpLidar_lab
byte-compiling /home/mscrobotics2425laptop21/Team2_Workspace/install/rpLidar_lab/lib/python3.10/site-packages/rpLidar_lab/lidar_data_collector.py to lidar_data_collector.cpython-310.pyc
running install_data
running install_egg_info
removing '/home/mscrobotics2425laptop21/Team2_Workspace/install/rpLidar_lab/lib/python3.10/site-packages/rpLidar_lab-0.0.0-py3.10.egg-info' (and everything under it)
Copying ../../build/rpLidar_lab/rpLidar_lab.egg-info to /home/mscrobotics2425laptop21/Team2_Workspace/install/rpLidar_lab/lib/python3.10/site-packages/rpLidar_lab-0.0.0-py3.10.egg-info
running install_scripts
Installing lidar_lab script to /home/mscrobotics2425laptop21/Team2_Workspace/install/rpLidar_lab/lib/rpLidar_lab
writing list of installed files to '/home/mscrobotics2425laptop21/Team2_Workspace/build/rpLidar_lab/install.log'
