[2.187s] Invoking command in '/home/mscrobotics2425laptop3/Robotics_Team2/src/rpLidar_lab': PYTHONPATH=/home/mscrobotics2425laptop3/Robotics_Team2/build/rpLidar_lab/prefix_override:/usr/lib/python3/dist-packages/colcon_core/task/python/colcon_distutils_commands:/home/mscrobotics2425laptop3/Robotics_Team2/install/rpLidar_lab/lib/python3.10/site-packages:${PYTHONPATH} /usr/bin/python3 -W ignore:setup.py install is deprecated -W ignore:easy_install command is deprecated setup.py egg_info --egg-base ../../build/rpLidar_lab build --build-base /home/mscrobotics2425laptop3/Robotics_Team2/build/rpLidar_lab/build install --record /home/mscrobotics2425laptop3/Robotics_Team2/build/rpLidar_lab/install.log --single-version-externally-managed install_data
[2.996s] running egg_info
[2.999s] writing ../../build/rpLidar_lab/rpLidar_lab.egg-info/PKG-INFO
[2.999s] writing dependency_links to ../../build/rpLidar_lab/rpLidar_lab.egg-info/dependency_links.txt
[3.001s] writing entry points to ../../build/rpLidar_lab/rpLidar_lab.egg-info/entry_points.txt
[3.001s] writing requirements to ../../build/rpLidar_lab/rpLidar_lab.egg-info/requires.txt
[3.001s] writing top-level names to ../../build/rpLidar_lab/rpLidar_lab.egg-info/top_level.txt
[3.006s] reading manifest file '../../build/rpLidar_lab/rpLidar_lab.egg-info/SOURCES.txt'
[3.009s] writing manifest file '../../build/rpLidar_lab/rpLidar_lab.egg-info/SOURCES.txt'
[3.010s] running build
[3.010s] running build_py
[3.010s] running install
[3.014s] running install_lib
[3.017s] running install_data
[3.019s] running install_egg_info
[3.021s] removing '/home/mscrobotics2425laptop3/Robotics_Team2/install/rpLidar_lab/lib/python3.10/site-packages/rpLidar_lab-0.0.0-py3.10.egg-info' (and everything under it)
[3.022s] Copying ../../build/rpLidar_lab/rpLidar_lab.egg-info to /home/mscrobotics2425laptop3/Robotics_Team2/install/rpLidar_lab/lib/python3.10/site-packages/rpLidar_lab-0.0.0-py3.10.egg-info
[3.025s] running install_scripts
[3.095s] Installing lidar_lab script to /home/mscrobotics2425laptop3/Robotics_Team2/install/rpLidar_lab/lib/rpLidar_lab
[3.095s] writing list of installed files to '/home/mscrobotics2425laptop3/Robotics_Team2/build/rpLidar_lab/install.log'
[3.173s] Invoked command in '/home/mscrobotics2425laptop3/Robotics_Team2/src/rpLidar_lab' returned '0': PYTHONPATH=/home/mscrobotics2425laptop3/Robotics_Team2/build/rpLidar_lab/prefix_override:/usr/lib/python3/dist-packages/colcon_core/task/python/colcon_distutils_commands:/home/mscrobotics2425laptop3/Robotics_Team2/install/rpLidar_lab/lib/python3.10/site-packages:${PYTHONPATH} /usr/bin/python3 -W ignore:setup.py install is deprecated -W ignore:easy_install command is deprecated setup.py egg_info --egg-base ../../build/rpLidar_lab build --build-base /home/mscrobotics2425laptop3/Robotics_Team2/build/rpLidar_lab/build install --record /home/mscrobotics2425laptop3/Robotics_Team2/build/rpLidar_lab/install.log --single-version-externally-managed install_data
