[1.478s] Invoking command in '/home/mscrobotics2425laptop3/Robotics_Team2/src/start_node': PYTHONPATH=/home/mscrobotics2425laptop3/Robotics_Team2/build/start_node/prefix_override:/usr/lib/python3/dist-packages/colcon_core/task/python/colcon_distutils_commands:/home/mscrobotics2425laptop3/Robotics_Team2/install/start_node/lib/python3.10/site-packages:${PYTHONPATH} /usr/bin/python3 -W ignore:setup.py install is deprecated -W ignore:easy_install command is deprecated setup.py egg_info --egg-base ../../build/start_node build --build-base /home/mscrobotics2425laptop3/Robotics_Team2/build/start_node/build install --record /home/mscrobotics2425laptop3/Robotics_Team2/build/start_node/install.log --single-version-externally-managed install_data
[1.790s] running egg_info
[1.790s] writing ../../build/start_node/start_node.egg-info/PKG-INFO
[1.790s] writing dependency_links to ../../build/start_node/start_node.egg-info/dependency_links.txt
[1.791s] writing entry points to ../../build/start_node/start_node.egg-info/entry_points.txt
[1.791s] writing requirements to ../../build/start_node/start_node.egg-info/requires.txt
[1.792s] writing top-level names to ../../build/start_node/start_node.egg-info/top_level.txt
[1.793s] reading manifest file '../../build/start_node/start_node.egg-info/SOURCES.txt'
[1.794s] writing manifest file '../../build/start_node/start_node.egg-info/SOURCES.txt'
[1.794s] running build
[1.795s] running build_py
[1.795s] copying start_node/start_node.py -> /home/mscrobotics2425laptop3/Robotics_Team2/build/start_node/build/lib/start_node
[1.795s] running install
[1.795s] running install_lib
[1.797s] copying /home/mscrobotics2425laptop3/Robotics_Team2/build/start_node/build/lib/start_node/start_node.py -> /home/mscrobotics2425laptop3/Robotics_Team2/install/start_node/lib/python3.10/site-packages/start_node
[1.798s] byte-compiling /home/mscrobotics2425laptop3/Robotics_Team2/install/start_node/lib/python3.10/site-packages/start_node/start_node.py to start_node.cpython-310.pyc
[1.808s] running install_data
[1.808s] running install_egg_info
[1.809s] removing '/home/mscrobotics2425laptop3/Robotics_Team2/install/start_node/lib/python3.10/site-packages/start_node-0.0.0-py3.10.egg-info' (and everything under it)
[1.809s] Copying ../../build/start_node/start_node.egg-info to /home/mscrobotics2425laptop3/Robotics_Team2/install/start_node/lib/python3.10/site-packages/start_node-0.0.0-py3.10.egg-info
[1.809s] running install_scripts
[1.830s] Installing switch_initiate_to_explore script to /home/mscrobotics2425laptop3/Robotics_Team2/install/start_node/lib/start_node
[1.830s] writing list of installed files to '/home/mscrobotics2425laptop3/Robotics_Team2/build/start_node/install.log'
[1.876s] Invoked command in '/home/mscrobotics2425laptop3/Robotics_Team2/src/start_node' returned '0': PYTHONPATH=/home/mscrobotics2425laptop3/Robotics_Team2/build/start_node/prefix_override:/usr/lib/python3/dist-packages/colcon_core/task/python/colcon_distutils_commands:/home/mscrobotics2425laptop3/Robotics_Team2/install/start_node/lib/python3.10/site-packages:${PYTHONPATH} /usr/bin/python3 -W ignore:setup.py install is deprecated -W ignore:easy_install command is deprecated setup.py egg_info --egg-base ../../build/start_node build --build-base /home/mscrobotics2425laptop3/Robotics_Team2/build/start_node/build install --record /home/mscrobotics2425laptop3/Robotics_Team2/build/start_node/install.log --single-version-externally-managed install_data
