[1.458s] Invoking command in '/home/mscrobotics2425laptop21/Team2_Workspace/src/object_detection': PYTHONPATH=/home/mscrobotics2425laptop21/Team2_Workspace/build/object_detection/prefix_override:/usr/lib/python3/dist-packages/colcon_core/task/python/colcon_distutils_commands:/home/mscrobotics2425laptop21/Team2_Workspace/install/object_detection/lib/python3.10/site-packages:${PYTHONPATH} /usr/bin/python3 -W ignore:setup.py install is deprecated setup.py egg_info --egg-base ../../build/object_detection build --build-base /home/mscrobotics2425laptop21/Team2_Workspace/build/object_detection/build install --record /home/mscrobotics2425laptop21/Team2_Workspace/build/object_detection/install.log --single-version-externally-managed install_data
[1.895s] running egg_info
[1.897s] writing ../../build/object_detection/object_detection.egg-info/PKG-INFO
[1.898s] writing dependency_links to ../../build/object_detection/object_detection.egg-info/dependency_links.txt
[1.898s] writing entry points to ../../build/object_detection/object_detection.egg-info/entry_points.txt
[1.899s] writing requirements to ../../build/object_detection/object_detection.egg-info/requires.txt
[1.900s] writing top-level names to ../../build/object_detection/object_detection.egg-info/top_level.txt
[1.906s] reading manifest file '../../build/object_detection/object_detection.egg-info/SOURCES.txt'
[1.910s] writing manifest file '../../build/object_detection/object_detection.egg-info/SOURCES.txt'
[1.910s] running build
[1.911s] running build_py
[1.911s] copying object_detection/collect_data.py -> /home/mscrobotics2425laptop21/Team2_Workspace/build/object_detection/build/lib/object_detection
[1.912s] running install
[1.913s] running install_lib
[1.915s] copying /home/mscrobotics2425laptop21/Team2_Workspace/build/object_detection/build/lib/object_detection/collect_data.py -> /home/mscrobotics2425laptop21/Team2_Workspace/install/object_detection/lib/python3.10/site-packages/object_detection
[1.916s] byte-compiling /home/mscrobotics2425laptop21/Team2_Workspace/install/object_detection/lib/python3.10/site-packages/object_detection/collect_data.py to collect_data.cpython-310.pyc
[1.918s] running install_data
[1.918s] running install_egg_info
[1.923s] removing '/home/mscrobotics2425laptop21/Team2_Workspace/install/object_detection/lib/python3.10/site-packages/object_detection-0.0.0-py3.10.egg-info' (and everything under it)
[1.924s] Copying ../../build/object_detection/object_detection.egg-info to /home/mscrobotics2425laptop21/Team2_Workspace/install/object_detection/lib/python3.10/site-packages/object_detection-0.0.0-py3.10.egg-info
[1.927s] running install_scripts
[1.984s] Installing collect_data script to /home/mscrobotics2425laptop21/Team2_Workspace/install/object_detection/lib/object_detection
[1.984s] Installing predict script to /home/mscrobotics2425laptop21/Team2_Workspace/install/object_detection/lib/object_detection
[1.985s] Installing test script to /home/mscrobotics2425laptop21/Team2_Workspace/install/object_detection/lib/object_detection
[1.986s] writing list of installed files to '/home/mscrobotics2425laptop21/Team2_Workspace/build/object_detection/install.log'
[2.073s] Invoked command in '/home/mscrobotics2425laptop21/Team2_Workspace/src/object_detection' returned '0': PYTHONPATH=/home/mscrobotics2425laptop21/Team2_Workspace/build/object_detection/prefix_override:/usr/lib/python3/dist-packages/colcon_core/task/python/colcon_distutils_commands:/home/mscrobotics2425laptop21/Team2_Workspace/install/object_detection/lib/python3.10/site-packages:${PYTHONPATH} /usr/bin/python3 -W ignore:setup.py install is deprecated setup.py egg_info --egg-base ../../build/object_detection build --build-base /home/mscrobotics2425laptop21/Team2_Workspace/build/object_detection/build install --record /home/mscrobotics2425laptop21/Team2_Workspace/build/object_detection/install.log --single-version-externally-managed install_data
