[1.453s] Invoking command in '/home/mscrobotics2425laptop21/Team2_Workspace/src/rpLidar_lab': PYTHONPATH=/home/mscrobotics2425laptop21/Team2_Workspace/build/rpLidar_lab/prefix_override:/usr/lib/python3/dist-packages/colcon_core/task/python/colcon_distutils_commands:/home/mscrobotics2425laptop21/Team2_Workspace/install/rpLidar_lab/lib/python3.10/site-packages:${PYTHONPATH} /usr/bin/python3 -W ignore:setup.py install is deprecated setup.py egg_info --egg-base ../../build/rpLidar_lab build --build-base /home/mscrobotics2425laptop21/Team2_Workspace/build/rpLidar_lab/build install --record /home/mscrobotics2425laptop21/Team2_Workspace/build/rpLidar_lab/install.log --single-version-externally-managed install_data
[1.847s] running egg_info
[1.848s] writing ../../build/rpLidar_lab/rpLidar_lab.egg-info/PKG-INFO
[1.849s] writing dependency_links to ../../build/rpLidar_lab/rpLidar_lab.egg-info/dependency_links.txt
[1.850s] writing entry points to ../../build/rpLidar_lab/rpLidar_lab.egg-info/entry_points.txt
[1.851s] writing requirements to ../../build/rpLidar_lab/rpLidar_lab.egg-info/requires.txt
[1.851s] writing top-level names to ../../build/rpLidar_lab/rpLidar_lab.egg-info/top_level.txt
[1.855s] reading manifest file '../../build/rpLidar_lab/rpLidar_lab.egg-info/SOURCES.txt'
[1.857s] writing manifest file '../../build/rpLidar_lab/rpLidar_lab.egg-info/SOURCES.txt'
[1.858s] running build
[1.858s] running build_py
[1.858s] copying rpLidar_lab/lidar_data_collector.py -> /home/mscrobotics2425laptop21/Team2_Workspace/build/rpLidar_lab/build/lib/rpLidar_lab
[1.859s] running install
[1.860s] running install_lib
[1.862s] copying /home/mscrobotics2425laptop21/Team2_Workspace/build/rpLidar_lab/build/lib/rpLidar_lab/lidar_data_collector.py -> /home/mscrobotics2425laptop21/Team2_Workspace/install/rpLidar_lab/lib/python3.10/site-packages/rpLidar_lab
[1.863s] byte-compiling /home/mscrobotics2425laptop21/Team2_Workspace/install/rpLidar_lab/lib/python3.10/site-packages/rpLidar_lab/lidar_data_collector.py to lidar_data_collector.cpython-310.pyc
[1.865s] running install_data
[1.866s] running install_egg_info
[1.870s] removing '/home/mscrobotics2425laptop21/Team2_Workspace/install/rpLidar_lab/lib/python3.10/site-packages/rpLidar_lab-0.0.0-py3.10.egg-info' (and everything under it)
[1.871s] Copying ../../build/rpLidar_lab/rpLidar_lab.egg-info to /home/mscrobotics2425laptop21/Team2_Workspace/install/rpLidar_lab/lib/python3.10/site-packages/rpLidar_lab-0.0.0-py3.10.egg-info
[1.873s] running install_scripts
[1.919s] Installing lidar_lab script to /home/mscrobotics2425laptop21/Team2_Workspace/install/rpLidar_lab/lib/rpLidar_lab
[1.920s] writing list of installed files to '/home/mscrobotics2425laptop21/Team2_Workspace/build/rpLidar_lab/install.log'
[1.967s] Invoked command in '/home/mscrobotics2425laptop21/Team2_Workspace/src/rpLidar_lab' returned '0': PYTHONPATH=/home/mscrobotics2425laptop21/Team2_Workspace/build/rpLidar_lab/prefix_override:/usr/lib/python3/dist-packages/colcon_core/task/python/colcon_distutils_commands:/home/mscrobotics2425laptop21/Team2_Workspace/install/rpLidar_lab/lib/python3.10/site-packages:${PYTHONPATH} /usr/bin/python3 -W ignore:setup.py install is deprecated setup.py egg_info --egg-base ../../build/rpLidar_lab build --build-base /home/mscrobotics2425laptop21/Team2_Workspace/build/rpLidar_lab/build install --record /home/mscrobotics2425laptop21/Team2_Workspace/build/rpLidar_lab/install.log --single-version-externally-managed install_data
