[6.704s] Invoking command in '/home/mscrobotics2425laptop16/Robotics_Team2/src/team2_nav': PYTHONPATH=/home/mscrobotics2425laptop16/Robotics_Team2/src/build/team2_nav/prefix_override:/usr/lib/python3/dist-packages/colcon_core/task/python/colcon_distutils_commands:/home/mscrobotics2425laptop16/Robotics_Team2/src/install/team2_nav/lib/python3.10/site-packages:${PYTHONPATH} /usr/bin/python3 -W ignore:setup.py install is deprecated -W ignore:easy_install command is deprecated setup.py egg_info --egg-base ../build/team2_nav build --build-base /home/mscrobotics2425laptop16/Robotics_Team2/src/build/team2_nav/build install --record /home/mscrobotics2425laptop16/Robotics_Team2/src/build/team2_nav/install.log --single-version-externally-managed install_data
[8.081s] running egg_info
[8.143s] creating ../build/team2_nav/team2_nav.egg-info
[8.146s] writing ../build/team2_nav/team2_nav.egg-info/PKG-INFO
[8.148s] writing dependency_links to ../build/team2_nav/team2_nav.egg-info/dependency_links.txt
[8.149s] writing entry points to ../build/team2_nav/team2_nav.egg-info/entry_points.txt
[8.150s] writing requirements to ../build/team2_nav/team2_nav.egg-info/requires.txt
[8.150s] writing top-level names to ../build/team2_nav/team2_nav.egg-info/top_level.txt
[8.150s] writing manifest file '../build/team2_nav/team2_nav.egg-info/SOURCES.txt'
[8.305s] reading manifest file '../build/team2_nav/team2_nav.egg-info/SOURCES.txt'
[8.306s] writing manifest file '../build/team2_nav/team2_nav.egg-info/SOURCES.txt'
[8.306s] running build
[8.306s] running build_py
[8.306s] creating /home/mscrobotics2425laptop16/Robotics_Team2/src/build/team2_nav/build/lib/team2_nav
[8.306s] copying team2_nav/explorer.py -> /home/mscrobotics2425laptop16/Robotics_Team2/src/build/team2_nav/build/lib/team2_nav
[8.306s] copying team2_nav/__init__.py -> /home/mscrobotics2425laptop16/Robotics_Team2/src/build/team2_nav/build/lib/team2_nav
[8.307s] running install
[8.311s] running install_lib
[8.375s] creating /home/mscrobotics2425laptop16/Robotics_Team2/src/install/team2_nav/lib/python3.10/site-packages/team2_nav
[8.375s] copying /home/mscrobotics2425laptop16/Robotics_Team2/src/build/team2_nav/build/lib/team2_nav/explorer.py -> /home/mscrobotics2425laptop16/Robotics_Team2/src/install/team2_nav/lib/python3.10/site-packages/team2_nav
[8.378s] copying /home/mscrobotics2425laptop16/Robotics_Team2/src/build/team2_nav/build/lib/team2_nav/__init__.py -> /home/mscrobotics2425laptop16/Robotics_Team2/src/install/team2_nav/lib/python3.10/site-packages/team2_nav
[8.379s] byte-compiling /home/mscrobotics2425laptop16/Robotics_Team2/src/install/team2_nav/lib/python3.10/site-packages/team2_nav/explorer.py to explorer.cpython-310.pyc
[8.387s] byte-compiling /home/mscrobotics2425laptop16/Robotics_Team2/src/install/team2_nav/lib/python3.10/site-packages/team2_nav/__init__.py to __init__.cpython-310.pyc
[8.388s] running install_data
[8.389s] creating /home/mscrobotics2425laptop16/Robotics_Team2/src/install/team2_nav/share/ament_index/resource_index/packages
[8.389s] copying resource/team2_nav -> /home/mscrobotics2425laptop16/Robotics_Team2/src/install/team2_nav/share/ament_index/resource_index/packages
[8.389s] copying package.xml -> /home/mscrobotics2425laptop16/Robotics_Team2/src/install/team2_nav/share/team2_nav
[8.389s] creating /home/mscrobotics2425laptop16/Robotics_Team2/src/install/team2_nav/share/team2_nav/launch
[8.390s] copying launch/leo_rover.launch.py -> /home/mscrobotics2425laptop16/Robotics_Team2/src/install/team2_nav/share/team2_nav/launch
[8.390s] copying launch/nav.launch.py -> /home/mscrobotics2425laptop16/Robotics_Team2/src/install/team2_nav/share/team2_nav/launch
[8.395s] creating /home/mscrobotics2425laptop16/Robotics_Team2/src/install/team2_nav/share/team2_nav/config
[8.396s] copying config/controller.yaml -> /home/mscrobotics2425laptop16/Robotics_Team2/src/install/team2_nav/share/team2_nav/config
[8.396s] copying config/bt_nav.yaml -> /home/mscrobotics2425laptop16/Robotics_Team2/src/install/team2_nav/share/team2_nav/config
[8.396s] copying config/imu_filter_params.yaml -> /home/mscrobotics2425laptop16/Robotics_Team2/src/install/team2_nav/share/team2_nav/config
[8.396s] copying config/localization_params.yaml -> /home/mscrobotics2425laptop16/Robotics_Team2/src/install/team2_nav/share/team2_nav/config
[8.396s] copying config/planner.yaml -> /home/mscrobotics2425laptop16/Robotics_Team2/src/install/team2_nav/share/team2_nav/config
[8.405s] creating /home/mscrobotics2425laptop16/Robotics_Team2/src/install/team2_nav/share/team2_nav/urdf
[8.406s] copying urdf/leo.urdf -> /home/mscrobotics2425laptop16/Robotics_Team2/src/install/team2_nav/share/team2_nav/urdf
[8.406s] creating /home/mscrobotics2425laptop16/Robotics_Team2/src/install/team2_nav/share/team2_nav/meshes
[8.406s] copying meshes/Generic_100mm_lidar.stl -> /home/mscrobotics2425laptop16/Robotics_Team2/src/install/team2_nav/share/team2_nav/meshes
[8.407s] creating /home/mscrobotics2425laptop16/Robotics_Team2/src/install/team2_nav/share/team2_nav/models
[8.407s] copying models/Wheel_outline.stl -> /home/mscrobotics2425laptop16/Robotics_Team2/src/install/team2_nav/share/team2_nav/models
[8.407s] copying models/Mecanum_wheel_outline.stl -> /home/mscrobotics2425laptop16/Robotics_Team2/src/install/team2_nav/share/team2_nav/models
[8.407s] copying models/Rocker_outline.stl -> /home/mscrobotics2425laptop16/Robotics_Team2/src/install/team2_nav/share/team2_nav/models
[8.407s] copying models/Chassis_outline.stl -> /home/mscrobotics2425laptop16/Robotics_Team2/src/install/team2_nav/share/team2_nav/models
[8.411s] copying models/WheelMecanumA.dae -> /home/mscrobotics2425laptop16/Robotics_Team2/src/install/team2_nav/share/team2_nav/models
[8.415s] copying models/Chassis.dae -> /home/mscrobotics2425laptop16/Robotics_Team2/src/install/team2_nav/share/team2_nav/models
[8.429s] copying models/Antenna.dae -> /home/mscrobotics2425laptop16/Robotics_Team2/src/install/team2_nav/share/team2_nav/models
[8.430s] copying models/WheelA.dae -> /home/mscrobotics2425laptop16/Robotics_Team2/src/install/team2_nav/share/team2_nav/models
[8.434s] copying models/Rocker.dae -> /home/mscrobotics2425laptop16/Robotics_Team2/src/install/team2_nav/share/team2_nav/models
[8.442s] copying models/WheelMecanumB.dae -> /home/mscrobotics2425laptop16/Robotics_Team2/src/install/team2_nav/share/team2_nav/models
[8.450s] copying models/WheelB.dae -> /home/mscrobotics2425laptop16/Robotics_Team2/src/install/team2_nav/share/team2_nav/models
[8.456s] running install_egg_info
[8.520s] Copying ../build/team2_nav/team2_nav.egg-info to /home/mscrobotics2425laptop16/Robotics_Team2/src/install/team2_nav/lib/python3.10/site-packages/team2_nav-0.0.0-py3.10.egg-info
[8.523s] running install_scripts
[9.086s] Installing explorer script to /home/mscrobotics2425laptop16/Robotics_Team2/src/install/team2_nav/lib/team2_nav
[9.086s] writing list of installed files to '/home/mscrobotics2425laptop16/Robotics_Team2/src/build/team2_nav/install.log'
[9.240s] Invoked command in '/home/mscrobotics2425laptop16/Robotics_Team2/src/team2_nav' returned '0': PYTHONPATH=/home/mscrobotics2425laptop16/Robotics_Team2/src/build/team2_nav/prefix_override:/usr/lib/python3/dist-packages/colcon_core/task/python/colcon_distutils_commands:/home/mscrobotics2425laptop16/Robotics_Team2/src/install/team2_nav/lib/python3.10/site-packages:${PYTHONPATH} /usr/bin/python3 -W ignore:setup.py install is deprecated -W ignore:easy_install command is deprecated setup.py egg_info --egg-base ../build/team2_nav build --build-base /home/mscrobotics2425laptop16/Robotics_Team2/src/build/team2_nav/build install --record /home/mscrobotics2425laptop16/Robotics_Team2/src/build/team2_nav/install.log --single-version-externally-managed install_data
