[4.064s] Invoking command in '/home/mscrobotics2425laptop3/Robotics_Team2/src/rpLidar_lab': PYTHONPATH=/home/mscrobotics2425laptop3/Robotics_Team2/build/rpLidar_lab/prefix_override:/usr/lib/python3/dist-packages/colcon_core/task/python/colcon_distutils_commands:/home/mscrobotics2425laptop3/Robotics_Team2/install/rpLidar_lab/lib/python3.10/site-packages:${PYTHONPATH} /usr/bin/python3 -W ignore:setup.py install is deprecated -W ignore:easy_install command is deprecated setup.py egg_info --egg-base ../../build/rpLidar_lab build --build-base /home/mscrobotics2425laptop3/Robotics_Team2/build/rpLidar_lab/build install --record /home/mscrobotics2425laptop3/Robotics_Team2/build/rpLidar_lab/install.log --single-version-externally-managed install_data
[5.438s] running egg_info
[5.438s] writing ../../build/rpLidar_lab/rpLidar_lab.egg-info/PKG-INFO
[5.438s] writing dependency_links to ../../build/rpLidar_lab/rpLidar_lab.egg-info/dependency_links.txt
[5.439s] writing entry points to ../../build/rpLidar_lab/rpLidar_lab.egg-info/entry_points.txt
[5.439s] writing requirements to ../../build/rpLidar_lab/rpLidar_lab.egg-info/requires.txt
[5.448s] writing top-level names to ../../build/rpLidar_lab/rpLidar_lab.egg-info/top_level.txt
[5.455s] reading manifest file '../../build/rpLidar_lab/rpLidar_lab.egg-info/SOURCES.txt'
[5.461s] writing manifest file '../../build/rpLidar_lab/rpLidar_lab.egg-info/SOURCES.txt'
[5.472s] running build
[5.472s] running build_py
[5.472s] running install
[5.475s] running install_lib
[5.476s] running install_data
[5.483s] running install_egg_info
[5.508s] removing '/home/mscrobotics2425laptop3/Robotics_Team2/install/rpLidar_lab/lib/python3.10/site-packages/rpLidar_lab-0.0.0-py3.10.egg-info' (and everything under it)
[5.511s] Copying ../../build/rpLidar_lab/rpLidar_lab.egg-info to /home/mscrobotics2425laptop3/Robotics_Team2/install/rpLidar_lab/lib/python3.10/site-packages/rpLidar_lab-0.0.0-py3.10.egg-info
[5.524s] running install_scripts
[5.599s] Installing lidar_lab script to /home/mscrobotics2425laptop3/Robotics_Team2/install/rpLidar_lab/lib/rpLidar_lab
[5.604s] writing list of installed files to '/home/mscrobotics2425laptop3/Robotics_Team2/build/rpLidar_lab/install.log'
[5.689s] Invoked command in '/home/mscrobotics2425laptop3/Robotics_Team2/src/rpLidar_lab' returned '0': PYTHONPATH=/home/mscrobotics2425laptop3/Robotics_Team2/build/rpLidar_lab/prefix_override:/usr/lib/python3/dist-packages/colcon_core/task/python/colcon_distutils_commands:/home/mscrobotics2425laptop3/Robotics_Team2/install/rpLidar_lab/lib/python3.10/site-packages:${PYTHONPATH} /usr/bin/python3 -W ignore:setup.py install is deprecated -W ignore:easy_install command is deprecated setup.py egg_info --egg-base ../../build/rpLidar_lab build --build-base /home/mscrobotics2425laptop3/Robotics_Team2/build/rpLidar_lab/build install --record /home/mscrobotics2425laptop3/Robotics_Team2/build/rpLidar_lab/install.log --single-version-externally-managed install_data
