[0.252s] DEBUG:colcon:Command line arguments: ['/usr/bin/colcon', 'build']
[0.252s] DEBUG:colcon:Parsed command line arguments: Namespace(log_base=None, log_level=None, verb_name='build', build_base='build', install_base='install', merge_install=False, symlink_install=False, test_result_base=None, continue_on_error=False, executor='parallel', parallel_workers=12, event_handlers=None, ignore_user_meta=False, metas=['./colcon.meta'], base_paths=['.'], packages_ignore=None, packages_ignore_regex=None, paths=None, packages_up_to=None, packages_up_to_regex=None, packages_above=None, packages_above_and_dependencies=None, packages_above_depth=None, packages_select_by_dep=None, packages_skip_by_dep=None, packages_skip_up_to=None, packages_select_build_failed=False, packages_skip_build_finished=False, packages_select_test_failures=False, packages_skip_test_passed=False, packages_select=None, packages_skip=None, packages_select_regex=None, packages_skip_regex=None, packages_start=None, packages_end=None, allow_overriding=[], cmake_args=None, cmake_target=None, cmake_target_skip_unavailable=False, cmake_clean_cache=False, cmake_clean_first=False, cmake_force_configure=False, ament_cmake_args=None, catkin_cmake_args=None, catkin_skip_building_tests=False, mixin_files=None, mixin=None, verb_parser=<colcon_mixin.mixin.mixin_argument.MixinArgumentDecorator object at 0x75570dbabd00>, verb_extension=<colcon_core.verb.build.BuildVerb object at 0x75570dbab730>, main=<bound method BuildVerb.main of <colcon_core.verb.build.BuildVerb object at 0x75570dbab730>>, mixin_verb=('build',))
[0.343s] Level 1:colcon.colcon_core.package_discovery:discover_packages(colcon_meta) check parameters
[0.344s] Level 1:colcon.colcon_core.package_discovery:discover_packages(recursive) check parameters
[0.344s] Level 1:colcon.colcon_core.package_discovery:discover_packages(ignore) check parameters
[0.344s] Level 1:colcon.colcon_core.package_discovery:discover_packages(path) check parameters
[0.344s] Level 1:colcon.colcon_core.package_discovery:discover_packages(colcon_meta) discover
[0.344s] Level 1:colcon.colcon_core.package_discovery:discover_packages(recursive) discover
[0.344s] INFO:colcon.colcon_core.package_discovery:Crawling recursively for packages in '/home/mscrobotics2425laptop16/Robotics_Team2'
[0.344s] Level 1:colcon.colcon_core.package_identification:_identify(.) by extensions ['ignore', 'ignore_ament_install']
[0.344s] Level 1:colcon.colcon_core.package_identification:_identify(.) by extension 'ignore'
[0.345s] Level 1:colcon.colcon_core.package_identification:_identify(.) by extension 'ignore_ament_install'
[0.345s] Level 1:colcon.colcon_core.package_identification:_identify(.) by extensions ['colcon_pkg']
[0.345s] Level 1:colcon.colcon_core.package_identification:_identify(.) by extension 'colcon_pkg'
[0.345s] Level 1:colcon.colcon_core.package_identification:_identify(.) by extensions ['colcon_meta']
[0.345s] Level 1:colcon.colcon_core.package_identification:_identify(.) by extension 'colcon_meta'
[0.345s] Level 1:colcon.colcon_core.package_identification:_identify(.) by extensions ['ros']
[0.345s] Level 1:colcon.colcon_core.package_identification:_identify(.) by extension 'ros'
[0.382s] Level 1:colcon.colcon_core.package_identification:_identify(.) by extensions ['cmake', 'python']
[0.382s] Level 1:colcon.colcon_core.package_identification:_identify(.) by extension 'cmake'
[0.382s] Level 1:colcon.colcon_core.package_identification:_identify(.) by extension 'python'
[0.382s] Level 1:colcon.colcon_core.package_identification:_identify(.) by extensions ['python_setup_py']
[0.382s] Level 1:colcon.colcon_core.package_identification:_identify(.) by extension 'python_setup_py'
[0.383s] Level 1:colcon.colcon_core.package_identification:_identify(build) by extensions ['ignore', 'ignore_ament_install']
[0.383s] Level 1:colcon.colcon_core.package_identification:_identify(build) by extension 'ignore'
[0.383s] Level 1:colcon.colcon_core.package_identification:_identify(build) ignored
[0.383s] Level 1:colcon.colcon_core.package_identification:_identify(image) by extensions ['ignore', 'ignore_ament_install']
[0.384s] Level 1:colcon.colcon_core.package_identification:_identify(image) by extension 'ignore'
[0.384s] Level 1:colcon.colcon_core.package_identification:_identify(image) by extension 'ignore_ament_install'
[0.384s] Level 1:colcon.colcon_core.package_identification:_identify(image) by extensions ['colcon_pkg']
[0.384s] Level 1:colcon.colcon_core.package_identification:_identify(image) by extension 'colcon_pkg'
[0.384s] Level 1:colcon.colcon_core.package_identification:_identify(image) by extensions ['colcon_meta']
[0.384s] Level 1:colcon.colcon_core.package_identification:_identify(image) by extension 'colcon_meta'
[0.384s] Level 1:colcon.colcon_core.package_identification:_identify(image) by extensions ['ros']
[0.384s] Level 1:colcon.colcon_core.package_identification:_identify(image) by extension 'ros'
[0.384s] Level 1:colcon.colcon_core.package_identification:_identify(image) by extensions ['cmake', 'python']
[0.384s] Level 1:colcon.colcon_core.package_identification:_identify(image) by extension 'cmake'
[0.384s] Level 1:colcon.colcon_core.package_identification:_identify(image) by extension 'python'
[0.385s] Level 1:colcon.colcon_core.package_identification:_identify(image) by extensions ['python_setup_py']
[0.385s] Level 1:colcon.colcon_core.package_identification:_identify(image) by extension 'python_setup_py'
[0.385s] Level 1:colcon.colcon_core.package_identification:_identify(install) by extensions ['ignore', 'ignore_ament_install']
[0.385s] Level 1:colcon.colcon_core.package_identification:_identify(install) by extension 'ignore'
[0.385s] Level 1:colcon.colcon_core.package_identification:_identify(install) ignored
[0.385s] Level 1:colcon.colcon_core.package_identification:_identify(log) by extensions ['ignore', 'ignore_ament_install']
[0.385s] Level 1:colcon.colcon_core.package_identification:_identify(log) by extension 'ignore'
[0.386s] Level 1:colcon.colcon_core.package_identification:_identify(log) ignored
[0.386s] Level 1:colcon.colcon_core.package_identification:_identify(src) by extensions ['ignore', 'ignore_ament_install']
[0.386s] Level 1:colcon.colcon_core.package_identification:_identify(src) by extension 'ignore'
[0.386s] Level 1:colcon.colcon_core.package_identification:_identify(src) by extension 'ignore_ament_install'
[0.386s] Level 1:colcon.colcon_core.package_identification:_identify(src) by extensions ['colcon_pkg']
[0.386s] Level 1:colcon.colcon_core.package_identification:_identify(src) by extension 'colcon_pkg'
[0.386s] Level 1:colcon.colcon_core.package_identification:_identify(src) by extensions ['colcon_meta']
[0.386s] Level 1:colcon.colcon_core.package_identification:_identify(src) by extension 'colcon_meta'
[0.386s] Level 1:colcon.colcon_core.package_identification:_identify(src) by extensions ['ros']
[0.386s] Level 1:colcon.colcon_core.package_identification:_identify(src) by extension 'ros'
[0.387s] Level 1:colcon.colcon_core.package_identification:_identify(src) by extensions ['cmake', 'python']
[0.387s] Level 1:colcon.colcon_core.package_identification:_identify(src) by extension 'cmake'
[0.387s] Level 1:colcon.colcon_core.package_identification:_identify(src) by extension 'python'
[0.387s] Level 1:colcon.colcon_core.package_identification:_identify(src) by extensions ['python_setup_py']
[0.387s] Level 1:colcon.colcon_core.package_identification:_identify(src) by extension 'python_setup_py'
[0.387s] Level 1:colcon.colcon_core.package_identification:_identify(src/fake_arm) by extensions ['ignore', 'ignore_ament_install']
[0.387s] Level 1:colcon.colcon_core.package_identification:_identify(src/fake_arm) by extension 'ignore'
[0.387s] Level 1:colcon.colcon_core.package_identification:_identify(src/fake_arm) by extension 'ignore_ament_install'
[0.387s] Level 1:colcon.colcon_core.package_identification:_identify(src/fake_arm) by extensions ['colcon_pkg']
[0.387s] Level 1:colcon.colcon_core.package_identification:_identify(src/fake_arm) by extension 'colcon_pkg'
[0.387s] Level 1:colcon.colcon_core.package_identification:_identify(src/fake_arm) by extensions ['colcon_meta']
[0.388s] Level 1:colcon.colcon_core.package_identification:_identify(src/fake_arm) by extension 'colcon_meta'
[0.388s] Level 1:colcon.colcon_core.package_identification:_identify(src/fake_arm) by extensions ['ros']
[0.388s] Level 1:colcon.colcon_core.package_identification:_identify(src/fake_arm) by extension 'ros'
[0.394s] DEBUG:colcon.colcon_core.package_identification:Package 'src/fake_arm' with type 'ros.ament_python' and name 'fake_arm'
[0.394s] Level 1:colcon.colcon_core.package_identification:_identify(src/manipulator) by extensions ['ignore', 'ignore_ament_install']
[0.395s] Level 1:colcon.colcon_core.package_identification:_identify(src/manipulator) by extension 'ignore'
[0.395s] Level 1:colcon.colcon_core.package_identification:_identify(src/manipulator) by extension 'ignore_ament_install'
[0.395s] Level 1:colcon.colcon_core.package_identification:_identify(src/manipulator) by extensions ['colcon_pkg']
[0.395s] Level 1:colcon.colcon_core.package_identification:_identify(src/manipulator) by extension 'colcon_pkg'
[0.395s] Level 1:colcon.colcon_core.package_identification:_identify(src/manipulator) by extensions ['colcon_meta']
[0.395s] Level 1:colcon.colcon_core.package_identification:_identify(src/manipulator) by extension 'colcon_meta'
[0.395s] Level 1:colcon.colcon_core.package_identification:_identify(src/manipulator) by extensions ['ros']
[0.395s] Level 1:colcon.colcon_core.package_identification:_identify(src/manipulator) by extension 'ros'
[0.397s] DEBUG:colcon.colcon_core.package_identification:Package 'src/manipulator' with type 'ros.ament_python' and name 'manipulator'
[0.397s] Level 1:colcon.colcon_core.package_identification:_identify(src/nav) by extensions ['ignore', 'ignore_ament_install']
[0.397s] Level 1:colcon.colcon_core.package_identification:_identify(src/nav) by extension 'ignore'
[0.397s] Level 1:colcon.colcon_core.package_identification:_identify(src/nav) by extension 'ignore_ament_install'
[0.397s] Level 1:colcon.colcon_core.package_identification:_identify(src/nav) by extensions ['colcon_pkg']
[0.397s] Level 1:colcon.colcon_core.package_identification:_identify(src/nav) by extension 'colcon_pkg'
[0.397s] Level 1:colcon.colcon_core.package_identification:_identify(src/nav) by extensions ['colcon_meta']
[0.398s] Level 1:colcon.colcon_core.package_identification:_identify(src/nav) by extension 'colcon_meta'
[0.398s] Level 1:colcon.colcon_core.package_identification:_identify(src/nav) by extensions ['ros']
[0.398s] Level 1:colcon.colcon_core.package_identification:_identify(src/nav) by extension 'ros'
[0.398s] Level 1:colcon.colcon_core.package_identification:_identify(src/nav) by extensions ['cmake', 'python']
[0.398s] Level 1:colcon.colcon_core.package_identification:_identify(src/nav) by extension 'cmake'
[0.398s] Level 1:colcon.colcon_core.package_identification:_identify(src/nav) by extension 'python'
[0.398s] Level 1:colcon.colcon_core.package_identification:_identify(src/nav) by extensions ['python_setup_py']
[0.398s] Level 1:colcon.colcon_core.package_identification:_identify(src/nav) by extension 'python_setup_py'
[0.398s] Level 1:colcon.colcon_core.package_identification:_identify(src/nav/build) by extensions ['ignore', 'ignore_ament_install']
[0.398s] Level 1:colcon.colcon_core.package_identification:_identify(src/nav/build) by extension 'ignore'
[0.399s] Level 1:colcon.colcon_core.package_identification:_identify(src/nav/build) ignored
[0.399s] Level 1:colcon.colcon_core.package_identification:_identify(src/nav/install) by extensions ['ignore', 'ignore_ament_install']
[0.399s] Level 1:colcon.colcon_core.package_identification:_identify(src/nav/install) by extension 'ignore'
[0.399s] Level 1:colcon.colcon_core.package_identification:_identify(src/nav/install) ignored
[0.399s] Level 1:colcon.colcon_core.package_identification:_identify(src/nav/log) by extensions ['ignore', 'ignore_ament_install']
[0.399s] Level 1:colcon.colcon_core.package_identification:_identify(src/nav/log) by extension 'ignore'
[0.400s] Level 1:colcon.colcon_core.package_identification:_identify(src/nav/log) ignored
[0.400s] Level 1:colcon.colcon_core.package_identification:_identify(src/nav/team2_nav) by extensions ['ignore', 'ignore_ament_install']
[0.400s] Level 1:colcon.colcon_core.package_identification:_identify(src/nav/team2_nav) by extension 'ignore'
[0.400s] Level 1:colcon.colcon_core.package_identification:_identify(src/nav/team2_nav) by extension 'ignore_ament_install'
[0.400s] Level 1:colcon.colcon_core.package_identification:_identify(src/nav/team2_nav) by extensions ['colcon_pkg']
[0.400s] Level 1:colcon.colcon_core.package_identification:_identify(src/nav/team2_nav) by extension 'colcon_pkg'
[0.400s] Level 1:colcon.colcon_core.package_identification:_identify(src/nav/team2_nav) by extensions ['colcon_meta']
[0.400s] Level 1:colcon.colcon_core.package_identification:_identify(src/nav/team2_nav) by extension 'colcon_meta'
[0.401s] Level 1:colcon.colcon_core.package_identification:_identify(src/nav/team2_nav) by extensions ['ros']
[0.401s] Level 1:colcon.colcon_core.package_identification:_identify(src/nav/team2_nav) by extension 'ros'
[0.402s] DEBUG:colcon.colcon_core.package_identification:Package 'src/nav/team2_nav' with type 'ros.ament_python' and name 'team2_nav'
[0.402s] Level 1:colcon.colcon_core.package_identification:_identify(src/object_detection) by extensions ['ignore', 'ignore_ament_install']
[0.403s] Level 1:colcon.colcon_core.package_identification:_identify(src/object_detection) by extension 'ignore'
[0.403s] Level 1:colcon.colcon_core.package_identification:_identify(src/object_detection) by extension 'ignore_ament_install'
[0.403s] Level 1:colcon.colcon_core.package_identification:_identify(src/object_detection) by extensions ['colcon_pkg']
[0.403s] Level 1:colcon.colcon_core.package_identification:_identify(src/object_detection) by extension 'colcon_pkg'
[0.403s] Level 1:colcon.colcon_core.package_identification:_identify(src/object_detection) by extensions ['colcon_meta']
[0.403s] Level 1:colcon.colcon_core.package_identification:_identify(src/object_detection) by extension 'colcon_meta'
[0.403s] Level 1:colcon.colcon_core.package_identification:_identify(src/object_detection) by extensions ['ros']
[0.403s] Level 1:colcon.colcon_core.package_identification:_identify(src/object_detection) by extension 'ros'
[0.405s] DEBUG:colcon.colcon_core.package_identification:Package 'src/object_detection' with type 'ros.ament_python' and name 'object_detection'
[0.405s] Level 1:colcon.colcon_core.package_identification:_identify(src/package_with_interfaces) by extensions ['ignore', 'ignore_ament_install']
[0.405s] Level 1:colcon.colcon_core.package_identification:_identify(src/package_with_interfaces) by extension 'ignore'
[0.405s] Level 1:colcon.colcon_core.package_identification:_identify(src/package_with_interfaces) by extension 'ignore_ament_install'
[0.405s] Level 1:colcon.colcon_core.package_identification:_identify(src/package_with_interfaces) by extensions ['colcon_pkg']
[0.405s] Level 1:colcon.colcon_core.package_identification:_identify(src/package_with_interfaces) by extension 'colcon_pkg'
[0.405s] Level 1:colcon.colcon_core.package_identification:_identify(src/package_with_interfaces) by extensions ['colcon_meta']
[0.405s] Level 1:colcon.colcon_core.package_identification:_identify(src/package_with_interfaces) by extension 'colcon_meta'
[0.406s] Level 1:colcon.colcon_core.package_identification:_identify(src/package_with_interfaces) by extensions ['ros']
[0.406s] Level 1:colcon.colcon_core.package_identification:_identify(src/package_with_interfaces) by extension 'ros'
[0.407s] DEBUG:colcon.colcon_core.package_identification:Package 'src/package_with_interfaces' with type 'ros.ament_cmake' and name 'package_with_interfaces'
[0.407s] Level 1:colcon.colcon_core.package_identification:_identify(src/rpLidar_lab) by extensions ['ignore', 'ignore_ament_install']
[0.407s] Level 1:colcon.colcon_core.package_identification:_identify(src/rpLidar_lab) by extension 'ignore'
[0.407s] Level 1:colcon.colcon_core.package_identification:_identify(src/rpLidar_lab) by extension 'ignore_ament_install'
[0.408s] Level 1:colcon.colcon_core.package_identification:_identify(src/rpLidar_lab) by extensions ['colcon_pkg']
[0.408s] Level 1:colcon.colcon_core.package_identification:_identify(src/rpLidar_lab) by extension 'colcon_pkg'
[0.408s] Level 1:colcon.colcon_core.package_identification:_identify(src/rpLidar_lab) by extensions ['colcon_meta']
[0.408s] Level 1:colcon.colcon_core.package_identification:_identify(src/rpLidar_lab) by extension 'colcon_meta'
[0.408s] Level 1:colcon.colcon_core.package_identification:_identify(src/rpLidar_lab) by extensions ['ros']
[0.408s] Level 1:colcon.colcon_core.package_identification:_identify(src/rpLidar_lab) by extension 'ros'
[0.410s] DEBUG:colcon.colcon_core.package_identification:Package 'src/rpLidar_lab' with type 'ros.ament_python' and name 'rpLidar_lab'
[0.410s] Level 1:colcon.colcon_core.package_discovery:discover_packages(recursive) using defaults
[0.410s] Level 1:colcon.colcon_core.package_discovery:discover_packages(ignore) discover
[0.410s] Level 1:colcon.colcon_core.package_discovery:discover_packages(ignore) using defaults
[0.410s] Level 1:colcon.colcon_core.package_discovery:discover_packages(path) discover
[0.410s] Level 1:colcon.colcon_core.package_discovery:discover_packages(path) using defaults
[0.464s] Level 1:colcon.colcon_core.package_discovery:discover_packages(prefix_path) check parameters
[0.464s] Level 1:colcon.colcon_core.package_discovery:discover_packages(prefix_path) discover
[0.466s] WARNING:colcon.colcon_ros.prefix_path.ament:The path '/home/mscrobotics2425laptop16/Robotics_Team2/install/interfaces' in the environment variable AMENT_PREFIX_PATH doesn't exist
[0.468s] WARNING:colcon.colcon_ros.prefix_path.catkin:The path '/home/mscrobotics2425laptop16/Robotics_Team2/install/interfaces' in the environment variable CMAKE_PREFIX_PATH doesn't exist
[0.471s] DEBUG:colcon.colcon_installed_package_information.package_discovery:Found 6 installed packages in /home/mscrobotics2425laptop16/Robotics_Team2/install
[0.473s] DEBUG:colcon.colcon_installed_package_information.package_discovery:Found 35 installed packages in /home/mscrobotics2425laptop16/interbotix_ws/install
[0.475s] DEBUG:colcon.colcon_installed_package_information.package_discovery:Found 1 installed packages in /home/mscrobotics2425laptop16/apriltag_ws/install
[0.478s] DEBUG:colcon.colcon_installed_package_information.package_discovery:Found 433 installed packages in /opt/ros/humble
[0.482s] Level 1:colcon.colcon_core.package_discovery:discover_packages(prefix_path) using defaults
[0.612s] Level 5:colcon.colcon_core.verb:set package 'fake_arm' build argument 'cmake_args' from command line to 'None'
[0.612s] Level 5:colcon.colcon_core.verb:set package 'fake_arm' build argument 'cmake_target' from command line to 'None'
[0.612s] Level 5:colcon.colcon_core.verb:set package 'fake_arm' build argument 'cmake_target_skip_unavailable' from command line to 'False'
[0.613s] Level 5:colcon.colcon_core.verb:set package 'fake_arm' build argument 'cmake_clean_cache' from command line to 'False'
[0.613s] Level 5:colcon.colcon_core.verb:set package 'fake_arm' build argument 'cmake_clean_first' from command line to 'False'
[0.613s] Level 5:colcon.colcon_core.verb:set package 'fake_arm' build argument 'cmake_force_configure' from command line to 'False'
[0.613s] Level 5:colcon.colcon_core.verb:set package 'fake_arm' build argument 'ament_cmake_args' from command line to 'None'
[0.613s] Level 5:colcon.colcon_core.verb:set package 'fake_arm' build argument 'catkin_cmake_args' from command line to 'None'
[0.613s] Level 5:colcon.colcon_core.verb:set package 'fake_arm' build argument 'catkin_skip_building_tests' from command line to 'False'
[0.613s] DEBUG:colcon.colcon_core.verb:Building package 'fake_arm' with the following arguments: {'ament_cmake_args': None, 'build_base': '/home/mscrobotics2425laptop16/Robotics_Team2/build/fake_arm', 'catkin_cmake_args': None, 'catkin_skip_building_tests': False, 'cmake_args': None, 'cmake_clean_cache': False, 'cmake_clean_first': False, 'cmake_force_configure': False, 'cmake_target': None, 'cmake_target_skip_unavailable': False, 'install_base': '/home/mscrobotics2425laptop16/Robotics_Team2/install/fake_arm', 'merge_install': False, 'path': '/home/mscrobotics2425laptop16/Robotics_Team2/src/fake_arm', 'symlink_install': False, 'test_result_base': None}
[0.613s] Level 5:colcon.colcon_core.verb:set package 'object_detection' build argument 'cmake_args' from command line to 'None'
[0.613s] Level 5:colcon.colcon_core.verb:set package 'object_detection' build argument 'cmake_target' from command line to 'None'
[0.613s] Level 5:colcon.colcon_core.verb:set package 'object_detection' build argument 'cmake_target_skip_unavailable' from command line to 'False'
[0.614s] Level 5:colcon.colcon_core.verb:set package 'object_detection' build argument 'cmake_clean_cache' from command line to 'False'
[0.614s] Level 5:colcon.colcon_core.verb:set package 'object_detection' build argument 'cmake_clean_first' from command line to 'False'
[0.614s] Level 5:colcon.colcon_core.verb:set package 'object_detection' build argument 'cmake_force_configure' from command line to 'False'
[0.614s] Level 5:colcon.colcon_core.verb:set package 'object_detection' build argument 'ament_cmake_args' from command line to 'None'
[0.614s] Level 5:colcon.colcon_core.verb:set package 'object_detection' build argument 'catkin_cmake_args' from command line to 'None'
[0.614s] Level 5:colcon.colcon_core.verb:set package 'object_detection' build argument 'catkin_skip_building_tests' from command line to 'False'
[0.614s] DEBUG:colcon.colcon_core.verb:Building package 'object_detection' with the following arguments: {'ament_cmake_args': None, 'build_base': '/home/mscrobotics2425laptop16/Robotics_Team2/build/object_detection', 'catkin_cmake_args': None, 'catkin_skip_building_tests': False, 'cmake_args': None, 'cmake_clean_cache': False, 'cmake_clean_first': False, 'cmake_force_configure': False, 'cmake_target': None, 'cmake_target_skip_unavailable': False, 'install_base': '/home/mscrobotics2425laptop16/Robotics_Team2/install/object_detection', 'merge_install': False, 'path': '/home/mscrobotics2425laptop16/Robotics_Team2/src/object_detection', 'symlink_install': False, 'test_result_base': None}
[0.614s] Level 5:colcon.colcon_core.verb:set package 'package_with_interfaces' build argument 'cmake_args' from command line to 'None'
[0.614s] Level 5:colcon.colcon_core.verb:set package 'package_with_interfaces' build argument 'cmake_target' from command line to 'None'
[0.614s] Level 5:colcon.colcon_core.verb:set package 'package_with_interfaces' build argument 'cmake_target_skip_unavailable' from command line to 'False'
[0.614s] Level 5:colcon.colcon_core.verb:set package 'package_with_interfaces' build argument 'cmake_clean_cache' from command line to 'False'
[0.614s] Level 5:colcon.colcon_core.verb:set package 'package_with_interfaces' build argument 'cmake_clean_first' from command line to 'False'
[0.614s] Level 5:colcon.colcon_core.verb:set package 'package_with_interfaces' build argument 'cmake_force_configure' from command line to 'False'
[0.614s] Level 5:colcon.colcon_core.verb:set package 'package_with_interfaces' build argument 'ament_cmake_args' from command line to 'None'
[0.614s] Level 5:colcon.colcon_core.verb:set package 'package_with_interfaces' build argument 'catkin_cmake_args' from command line to 'None'
[0.615s] Level 5:colcon.colcon_core.verb:set package 'package_with_interfaces' build argument 'catkin_skip_building_tests' from command line to 'False'
[0.615s] DEBUG:colcon.colcon_core.verb:Building package 'package_with_interfaces' with the following arguments: {'ament_cmake_args': None, 'build_base': '/home/mscrobotics2425laptop16/Robotics_Team2/build/package_with_interfaces', 'catkin_cmake_args': None, 'catkin_skip_building_tests': False, 'cmake_args': None, 'cmake_clean_cache': False, 'cmake_clean_first': False, 'cmake_force_configure': False, 'cmake_target': None, 'cmake_target_skip_unavailable': False, 'install_base': '/home/mscrobotics2425laptop16/Robotics_Team2/install/package_with_interfaces', 'merge_install': False, 'path': '/home/mscrobotics2425laptop16/Robotics_Team2/src/package_with_interfaces', 'symlink_install': False, 'test_result_base': None}
[0.615s] Level 5:colcon.colcon_core.verb:set package 'rpLidar_lab' build argument 'cmake_args' from command line to 'None'
[0.615s] Level 5:colcon.colcon_core.verb:set package 'rpLidar_lab' build argument 'cmake_target' from command line to 'None'
[0.615s] Level 5:colcon.colcon_core.verb:set package 'rpLidar_lab' build argument 'cmake_target_skip_unavailable' from command line to 'False'
[0.615s] Level 5:colcon.colcon_core.verb:set package 'rpLidar_lab' build argument 'cmake_clean_cache' from command line to 'False'
[0.615s] Level 5:colcon.colcon_core.verb:set package 'rpLidar_lab' build argument 'cmake_clean_first' from command line to 'False'
[0.615s] Level 5:colcon.colcon_core.verb:set package 'rpLidar_lab' build argument 'cmake_force_configure' from command line to 'False'
[0.615s] Level 5:colcon.colcon_core.verb:set package 'rpLidar_lab' build argument 'ament_cmake_args' from command line to 'None'
[0.615s] Level 5:colcon.colcon_core.verb:set package 'rpLidar_lab' build argument 'catkin_cmake_args' from command line to 'None'
[0.615s] Level 5:colcon.colcon_core.verb:set package 'rpLidar_lab' build argument 'catkin_skip_building_tests' from command line to 'False'
[0.615s] DEBUG:colcon.colcon_core.verb:Building package 'rpLidar_lab' with the following arguments: {'ament_cmake_args': None, 'build_base': '/home/mscrobotics2425laptop16/Robotics_Team2/build/rpLidar_lab', 'catkin_cmake_args': None, 'catkin_skip_building_tests': False, 'cmake_args': None, 'cmake_clean_cache': False, 'cmake_clean_first': False, 'cmake_force_configure': False, 'cmake_target': None, 'cmake_target_skip_unavailable': False, 'install_base': '/home/mscrobotics2425laptop16/Robotics_Team2/install/rpLidar_lab', 'merge_install': False, 'path': '/home/mscrobotics2425laptop16/Robotics_Team2/src/rpLidar_lab', 'symlink_install': False, 'test_result_base': None}
[0.616s] Level 5:colcon.colcon_core.verb:set package 'team2_nav' build argument 'cmake_args' from command line to 'None'
[0.616s] Level 5:colcon.colcon_core.verb:set package 'team2_nav' build argument 'cmake_target' from command line to 'None'
[0.616s] Level 5:colcon.colcon_core.verb:set package 'team2_nav' build argument 'cmake_target_skip_unavailable' from command line to 'False'
[0.616s] Level 5:colcon.colcon_core.verb:set package 'team2_nav' build argument 'cmake_clean_cache' from command line to 'False'
[0.616s] Level 5:colcon.colcon_core.verb:set package 'team2_nav' build argument 'cmake_clean_first' from command line to 'False'
[0.616s] Level 5:colcon.colcon_core.verb:set package 'team2_nav' build argument 'cmake_force_configure' from command line to 'False'
[0.616s] Level 5:colcon.colcon_core.verb:set package 'team2_nav' build argument 'ament_cmake_args' from command line to 'None'
[0.616s] Level 5:colcon.colcon_core.verb:set package 'team2_nav' build argument 'catkin_cmake_args' from command line to 'None'
[0.616s] Level 5:colcon.colcon_core.verb:set package 'team2_nav' build argument 'catkin_skip_building_tests' from command line to 'False'
[0.616s] DEBUG:colcon.colcon_core.verb:Building package 'team2_nav' with the following arguments: {'ament_cmake_args': None, 'build_base': '/home/mscrobotics2425laptop16/Robotics_Team2/build/team2_nav', 'catkin_cmake_args': None, 'catkin_skip_building_tests': False, 'cmake_args': None, 'cmake_clean_cache': False, 'cmake_clean_first': False, 'cmake_force_configure': False, 'cmake_target': None, 'cmake_target_skip_unavailable': False, 'install_base': '/home/mscrobotics2425laptop16/Robotics_Team2/install/team2_nav', 'merge_install': False, 'path': '/home/mscrobotics2425laptop16/Robotics_Team2/src/nav/team2_nav', 'symlink_install': False, 'test_result_base': None}
[0.617s] Level 5:colcon.colcon_core.verb:set package 'manipulator' build argument 'cmake_args' from command line to 'None'
[0.617s] Level 5:colcon.colcon_core.verb:set package 'manipulator' build argument 'cmake_target' from command line to 'None'
[0.617s] Level 5:colcon.colcon_core.verb:set package 'manipulator' build argument 'cmake_target_skip_unavailable' from command line to 'False'
[0.617s] Level 5:colcon.colcon_core.verb:set package 'manipulator' build argument 'cmake_clean_cache' from command line to 'False'
[0.617s] Level 5:colcon.colcon_core.verb:set package 'manipulator' build argument 'cmake_clean_first' from command line to 'False'
[0.617s] Level 5:colcon.colcon_core.verb:set package 'manipulator' build argument 'cmake_force_configure' from command line to 'False'
[0.617s] Level 5:colcon.colcon_core.verb:set package 'manipulator' build argument 'ament_cmake_args' from command line to 'None'
[0.617s] Level 5:colcon.colcon_core.verb:set package 'manipulator' build argument 'catkin_cmake_args' from command line to 'None'
[0.618s] Level 5:colcon.colcon_core.verb:set package 'manipulator' build argument 'catkin_skip_building_tests' from command line to 'False'
[0.618s] DEBUG:colcon.colcon_core.verb:Building package 'manipulator' with the following arguments: {'ament_cmake_args': None, 'build_base': '/home/mscrobotics2425laptop16/Robotics_Team2/build/manipulator', 'catkin_cmake_args': None, 'catkin_skip_building_tests': False, 'cmake_args': None, 'cmake_clean_cache': False, 'cmake_clean_first': False, 'cmake_force_configure': False, 'cmake_target': None, 'cmake_target_skip_unavailable': False, 'install_base': '/home/mscrobotics2425laptop16/Robotics_Team2/install/manipulator', 'merge_install': False, 'path': '/home/mscrobotics2425laptop16/Robotics_Team2/src/manipulator', 'symlink_install': False, 'test_result_base': None}
[0.618s] INFO:colcon.colcon_core.executor:Executing jobs using 'parallel' executor
[0.621s] DEBUG:colcon.colcon_parallel_executor.executor.parallel:run_until_complete
[0.621s] INFO:colcon.colcon_ros.task.ament_cmake.build:Building ROS package in '/home/mscrobotics2425laptop16/Robotics_Team2/src/package_with_interfaces' with build type 'ament_cmake'
[0.622s] INFO:colcon.colcon_cmake.task.cmake.build:Building CMake package in '/home/mscrobotics2425laptop16/Robotics_Team2/src/package_with_interfaces'
[0.626s] INFO:colcon.colcon_core.plugin_system:Skipping extension 'colcon_core.shell.bat': Not used on non-Windows systems
[0.626s] INFO:colcon.colcon_core.shell:Skip shell extension 'powershell' for command environment: Not usable outside of PowerShell
[0.626s] DEBUG:colcon.colcon_core.shell:Skip shell extension 'dsv' for command environment
[0.639s] INFO:colcon.colcon_ros.task.ament_python.build:Building ROS package in '/home/mscrobotics2425laptop16/Robotics_Team2/src/fake_arm' with build type 'ament_python'
[0.639s] Level 1:colcon.colcon_core.shell:create_environment_hook('fake_arm', 'ament_prefix_path')
[0.640s] INFO:colcon.colcon_core.shell:Creating environment hook '/home/mscrobotics2425laptop16/Robotics_Team2/install/fake_arm/share/fake_arm/hook/ament_prefix_path.ps1'
[0.641s] INFO:colcon.colcon_core.shell:Creating environment descriptor '/home/mscrobotics2425laptop16/Robotics_Team2/install/fake_arm/share/fake_arm/hook/ament_prefix_path.dsv'
[0.642s] INFO:colcon.colcon_core.shell:Creating environment hook '/home/mscrobotics2425laptop16/Robotics_Team2/install/fake_arm/share/fake_arm/hook/ament_prefix_path.sh'
[0.644s] INFO:colcon.colcon_core.shell:Skip shell extension 'powershell' for command environment: Not usable outside of PowerShell
[0.644s] DEBUG:colcon.colcon_core.shell:Skip shell extension 'dsv' for command environment
[0.658s] INFO:colcon.colcon_ros.task.ament_python.build:Building ROS package in '/home/mscrobotics2425laptop16/Robotics_Team2/src/object_detection' with build type 'ament_python'
[0.659s] Level 1:colcon.colcon_core.shell:create_environment_hook('object_detection', 'ament_prefix_path')
[0.660s] INFO:colcon.colcon_core.shell:Creating environment hook '/home/mscrobotics2425laptop16/Robotics_Team2/install/object_detection/share/object_detection/hook/ament_prefix_path.ps1'
[0.662s] INFO:colcon.colcon_core.shell:Creating environment descriptor '/home/mscrobotics2425laptop16/Robotics_Team2/install/object_detection/share/object_detection/hook/ament_prefix_path.dsv'
[0.663s] INFO:colcon.colcon_core.shell:Creating environment hook '/home/mscrobotics2425laptop16/Robotics_Team2/install/object_detection/share/object_detection/hook/ament_prefix_path.sh'
[0.664s] INFO:colcon.colcon_core.shell:Skip shell extension 'powershell' for command environment: Not usable outside of PowerShell
[0.664s] DEBUG:colcon.colcon_core.shell:Skip shell extension 'dsv' for command environment
[0.680s] INFO:colcon.colcon_ros.task.ament_python.build:Building ROS package in '/home/mscrobotics2425laptop16/Robotics_Team2/src/rpLidar_lab' with build type 'ament_python'
[0.681s] Level 1:colcon.colcon_core.shell:create_environment_hook('rpLidar_lab', 'ament_prefix_path')
[0.681s] INFO:colcon.colcon_core.shell:Creating environment hook '/home/mscrobotics2425laptop16/Robotics_Team2/install/rpLidar_lab/share/rpLidar_lab/hook/ament_prefix_path.ps1'
[0.684s] INFO:colcon.colcon_core.shell:Creating environment descriptor '/home/mscrobotics2425laptop16/Robotics_Team2/install/rpLidar_lab/share/rpLidar_lab/hook/ament_prefix_path.dsv'
[0.688s] INFO:colcon.colcon_core.shell:Creating environment hook '/home/mscrobotics2425laptop16/Robotics_Team2/install/rpLidar_lab/share/rpLidar_lab/hook/ament_prefix_path.sh'
[0.691s] INFO:colcon.colcon_core.shell:Skip shell extension 'powershell' for command environment: Not usable outside of PowerShell
[0.691s] DEBUG:colcon.colcon_core.shell:Skip shell extension 'dsv' for command environment
[0.719s] INFO:colcon.colcon_ros.task.ament_python.build:Building ROS package in '/home/mscrobotics2425laptop16/Robotics_Team2/src/nav/team2_nav' with build type 'ament_python'
[0.720s] Level 1:colcon.colcon_core.shell:create_environment_hook('team2_nav', 'ament_prefix_path')
[0.721s] INFO:colcon.colcon_core.shell:Creating environment hook '/home/mscrobotics2425laptop16/Robotics_Team2/install/team2_nav/share/team2_nav/hook/ament_prefix_path.ps1'
[0.723s] INFO:colcon.colcon_core.shell:Creating environment descriptor '/home/mscrobotics2425laptop16/Robotics_Team2/install/team2_nav/share/team2_nav/hook/ament_prefix_path.dsv'
[0.725s] INFO:colcon.colcon_core.shell:Creating environment hook '/home/mscrobotics2425laptop16/Robotics_Team2/install/team2_nav/share/team2_nav/hook/ament_prefix_path.sh'
[0.729s] INFO:colcon.colcon_core.shell:Skip shell extension 'powershell' for command environment: Not usable outside of PowerShell
[0.729s] DEBUG:colcon.colcon_core.shell:Skip shell extension 'dsv' for command environment
[0.772s] DEBUG:colcon.colcon_core.event_handler.log_command:Invoking command in '/home/mscrobotics2425laptop16/Robotics_Team2/build/package_with_interfaces': CMAKE_PREFIX_PATH=${CMAKE_PREFIX_PATH}:/home/mscrobotics2425laptop16/Robotics_Team2/install/team2_nav:/home/mscrobotics2425laptop16/Robotics_Team2/install/rpLidar_lab:/home/mscrobotics2425laptop16/Robotics_Team2/install/manipulator:/home/mscrobotics2425laptop16/Robotics_Team2/install/object_detection:/home/mscrobotics2425laptop16/Robotics_Team2/install/fake_arm:/home/mscrobotics2425laptop16/interbotix_ws/install/interbotix_xs_modules:/home/mscrobotics2425laptop16/interbotix_ws/install/interbotix_perception_modules:/home/mscrobotics2425laptop16/interbotix_ws/install/interbotix_common_modules:/home/mscrobotics2425laptop16/interbotix_ws/install/control_pkg:/opt/ros/humble /usr/bin/cmake --build /home/mscrobotics2425laptop16/Robotics_Team2/build/package_with_interfaces -- -j12 -l12
[1.724s] INFO:colcon.colcon_core.task.python.build:Building Python package in '/home/mscrobotics2425laptop16/Robotics_Team2/src/fake_arm'
[1.725s] INFO:colcon.colcon_core.shell:Skip shell extension 'powershell' for command environment: Not usable outside of PowerShell
[1.725s] DEBUG:colcon.colcon_core.shell:Skip shell extension 'dsv' for command environment
[2.340s] INFO:colcon.colcon_core.task.python.build:Building Python package in '/home/mscrobotics2425laptop16/Robotics_Team2/src/object_detection'
[2.341s] INFO:colcon.colcon_core.shell:Skip shell extension 'powershell' for command environment: Not usable outside of PowerShell
[2.341s] DEBUG:colcon.colcon_core.shell:Skip shell extension 'dsv' for command environment
[2.963s] INFO:colcon.colcon_core.task.python.build:Building Python package in '/home/mscrobotics2425laptop16/Robotics_Team2/src/rpLidar_lab'
[2.965s] INFO:colcon.colcon_core.shell:Skip shell extension 'powershell' for command environment: Not usable outside of PowerShell
[2.965s] DEBUG:colcon.colcon_core.shell:Skip shell extension 'dsv' for command environment
[3.607s] INFO:colcon.colcon_core.task.python.build:Building Python package in '/home/mscrobotics2425laptop16/Robotics_Team2/src/nav/team2_nav'
[3.607s] INFO:colcon.colcon_core.shell:Skip shell extension 'powershell' for command environment: Not usable outside of PowerShell
[3.607s] DEBUG:colcon.colcon_core.shell:Skip shell extension 'dsv' for command environment
[3.649s] DEBUG:colcon.colcon_core.event_handler.log_command:Invoked command in '/home/mscrobotics2425laptop16/Robotics_Team2/build/package_with_interfaces' returned '0': CMAKE_PREFIX_PATH=${CMAKE_PREFIX_PATH}:/home/mscrobotics2425laptop16/Robotics_Team2/install/team2_nav:/home/mscrobotics2425laptop16/Robotics_Team2/install/rpLidar_lab:/home/mscrobotics2425laptop16/Robotics_Team2/install/manipulator:/home/mscrobotics2425laptop16/Robotics_Team2/install/object_detection:/home/mscrobotics2425laptop16/Robotics_Team2/install/fake_arm:/home/mscrobotics2425laptop16/interbotix_ws/install/interbotix_xs_modules:/home/mscrobotics2425laptop16/interbotix_ws/install/interbotix_perception_modules:/home/mscrobotics2425laptop16/interbotix_ws/install/interbotix_common_modules:/home/mscrobotics2425laptop16/interbotix_ws/install/control_pkg:/opt/ros/humble /usr/bin/cmake --build /home/mscrobotics2425laptop16/Robotics_Team2/build/package_with_interfaces -- -j12 -l12
[3.688s] DEBUG:colcon.colcon_core.event_handler.log_command:Invoking command in '/home/mscrobotics2425laptop16/Robotics_Team2/build/package_with_interfaces': CMAKE_PREFIX_PATH=${CMAKE_PREFIX_PATH}:/home/mscrobotics2425laptop16/Robotics_Team2/install/team2_nav:/home/mscrobotics2425laptop16/Robotics_Team2/install/rpLidar_lab:/home/mscrobotics2425laptop16/Robotics_Team2/install/manipulator:/home/mscrobotics2425laptop16/Robotics_Team2/install/object_detection:/home/mscrobotics2425laptop16/Robotics_Team2/install/fake_arm:/home/mscrobotics2425laptop16/interbotix_ws/install/interbotix_xs_modules:/home/mscrobotics2425laptop16/interbotix_ws/install/interbotix_perception_modules:/home/mscrobotics2425laptop16/interbotix_ws/install/interbotix_common_modules:/home/mscrobotics2425laptop16/interbotix_ws/install/control_pkg:/opt/ros/humble /usr/bin/cmake --install /home/mscrobotics2425laptop16/Robotics_Team2/build/package_with_interfaces
[3.923s] Level 1:colcon.colcon_core.environment:create_environment_scripts_only(package_with_interfaces)
[3.926s] DEBUG:colcon.colcon_core.event_handler.log_command:Invoked command in '/home/mscrobotics2425laptop16/Robotics_Team2/build/package_with_interfaces' returned '0': CMAKE_PREFIX_PATH=${CMAKE_PREFIX_PATH}:/home/mscrobotics2425laptop16/Robotics_Team2/install/team2_nav:/home/mscrobotics2425laptop16/Robotics_Team2/install/rpLidar_lab:/home/mscrobotics2425laptop16/Robotics_Team2/install/manipulator:/home/mscrobotics2425laptop16/Robotics_Team2/install/object_detection:/home/mscrobotics2425laptop16/Robotics_Team2/install/fake_arm:/home/mscrobotics2425laptop16/interbotix_ws/install/interbotix_xs_modules:/home/mscrobotics2425laptop16/interbotix_ws/install/interbotix_perception_modules:/home/mscrobotics2425laptop16/interbotix_ws/install/interbotix_common_modules:/home/mscrobotics2425laptop16/interbotix_ws/install/control_pkg:/opt/ros/humble /usr/bin/cmake --install /home/mscrobotics2425laptop16/Robotics_Team2/build/package_with_interfaces
[3.934s] Level 1:colcon.colcon_core.environment:checking '/home/mscrobotics2425laptop16/Robotics_Team2/install/package_with_interfaces' for CMake module files
[3.937s] Level 1:colcon.colcon_core.environment:checking '/home/mscrobotics2425laptop16/Robotics_Team2/install/package_with_interfaces' for CMake config files
[3.939s] Level 1:colcon.colcon_core.shell:create_environment_hook('package_with_interfaces', 'cmake_prefix_path')
[3.940s] INFO:colcon.colcon_core.shell:Creating environment hook '/home/mscrobotics2425laptop16/Robotics_Team2/install/package_with_interfaces/share/package_with_interfaces/hook/cmake_prefix_path.ps1'
[3.942s] INFO:colcon.colcon_core.shell:Creating environment descriptor '/home/mscrobotics2425laptop16/Robotics_Team2/install/package_with_interfaces/share/package_with_interfaces/hook/cmake_prefix_path.dsv'
[3.943s] INFO:colcon.colcon_core.shell:Creating environment hook '/home/mscrobotics2425laptop16/Robotics_Team2/install/package_with_interfaces/share/package_with_interfaces/hook/cmake_prefix_path.sh'
[3.947s] Level 1:colcon.colcon_core.environment:checking '/home/mscrobotics2425laptop16/Robotics_Team2/install/package_with_interfaces/lib'
[3.949s] Level 1:colcon.colcon_core.shell:create_environment_hook('package_with_interfaces', 'ld_library_path_lib')
[3.950s] INFO:colcon.colcon_core.shell:Creating environment hook '/home/mscrobotics2425laptop16/Robotics_Team2/install/package_with_interfaces/share/package_with_interfaces/hook/ld_library_path_lib.ps1'
[3.951s] INFO:colcon.colcon_core.shell:Creating environment descriptor '/home/mscrobotics2425laptop16/Robotics_Team2/install/package_with_interfaces/share/package_with_interfaces/hook/ld_library_path_lib.dsv'
[3.952s] INFO:colcon.colcon_core.shell:Creating environment hook '/home/mscrobotics2425laptop16/Robotics_Team2/install/package_with_interfaces/share/package_with_interfaces/hook/ld_library_path_lib.sh'
[3.954s] Level 1:colcon.colcon_core.environment:checking '/home/mscrobotics2425laptop16/Robotics_Team2/install/package_with_interfaces/bin'
[3.955s] Level 1:colcon.colcon_core.environment:checking '/home/mscrobotics2425laptop16/Robotics_Team2/install/package_with_interfaces/lib/pkgconfig/package_with_interfaces.pc'
[3.956s] Level 1:colcon.colcon_core.environment:checking '/home/mscrobotics2425laptop16/Robotics_Team2/install/package_with_interfaces/lib/python3.10/site-packages'
[3.956s] Level 1:colcon.colcon_core.environment:checking '/home/mscrobotics2425laptop16/Robotics_Team2/install/package_with_interfaces/bin'
[3.958s] INFO:colcon.colcon_core.shell:Creating package script '/home/mscrobotics2425laptop16/Robotics_Team2/install/package_with_interfaces/share/package_with_interfaces/package.ps1'
[3.963s] INFO:colcon.colcon_core.shell:Creating package descriptor '/home/mscrobotics2425laptop16/Robotics_Team2/install/package_with_interfaces/share/package_with_interfaces/package.dsv'
[3.966s] INFO:colcon.colcon_core.shell:Creating package script '/home/mscrobotics2425laptop16/Robotics_Team2/install/package_with_interfaces/share/package_with_interfaces/package.sh'
[3.970s] INFO:colcon.colcon_core.shell:Creating package script '/home/mscrobotics2425laptop16/Robotics_Team2/install/package_with_interfaces/share/package_with_interfaces/package.bash'
[3.973s] INFO:colcon.colcon_core.shell:Creating package script '/home/mscrobotics2425laptop16/Robotics_Team2/install/package_with_interfaces/share/package_with_interfaces/package.zsh'
[3.975s] Level 1:colcon.colcon_core.environment:create_file_with_runtime_dependencies(/home/mscrobotics2425laptop16/Robotics_Team2/install/package_with_interfaces/share/colcon-core/packages/package_with_interfaces)
[3.978s] Level 1:colcon.colcon_core.environment:create_environment_scripts_only(package_with_interfaces)
[3.980s] Level 1:colcon.colcon_core.environment:checking '/home/mscrobotics2425laptop16/Robotics_Team2/install/package_with_interfaces' for CMake module files
[3.982s] Level 1:colcon.colcon_core.environment:checking '/home/mscrobotics2425laptop16/Robotics_Team2/install/package_with_interfaces' for CMake config files
[3.985s] Level 1:colcon.colcon_core.shell:create_environment_hook('package_with_interfaces', 'cmake_prefix_path')
[3.987s] INFO:colcon.colcon_core.shell:Creating environment hook '/home/mscrobotics2425laptop16/Robotics_Team2/install/package_with_interfaces/share/package_with_interfaces/hook/cmake_prefix_path.ps1'
[3.988s] INFO:colcon.colcon_core.shell:Creating environment descriptor '/home/mscrobotics2425laptop16/Robotics_Team2/install/package_with_interfaces/share/package_with_interfaces/hook/cmake_prefix_path.dsv'
[3.990s] INFO:colcon.colcon_core.shell:Creating environment hook '/home/mscrobotics2425laptop16/Robotics_Team2/install/package_with_interfaces/share/package_with_interfaces/hook/cmake_prefix_path.sh'
[3.993s] Level 1:colcon.colcon_core.environment:checking '/home/mscrobotics2425laptop16/Robotics_Team2/install/package_with_interfaces/lib'
[3.993s] Level 1:colcon.colcon_core.shell:create_environment_hook('package_with_interfaces', 'ld_library_path_lib')
[3.994s] INFO:colcon.colcon_core.shell:Creating environment hook '/home/mscrobotics2425laptop16/Robotics_Team2/install/package_with_interfaces/share/package_with_interfaces/hook/ld_library_path_lib.ps1'
[3.996s] INFO:colcon.colcon_core.shell:Creating environment descriptor '/home/mscrobotics2425laptop16/Robotics_Team2/install/package_with_interfaces/share/package_with_interfaces/hook/ld_library_path_lib.dsv'
[3.998s] INFO:colcon.colcon_core.shell:Creating environment hook '/home/mscrobotics2425laptop16/Robotics_Team2/install/package_with_interfaces/share/package_with_interfaces/hook/ld_library_path_lib.sh'
[4.002s] Level 1:colcon.colcon_core.environment:checking '/home/mscrobotics2425laptop16/Robotics_Team2/install/package_with_interfaces/bin'
[4.002s] Level 1:colcon.colcon_core.environment:checking '/home/mscrobotics2425laptop16/Robotics_Team2/install/package_with_interfaces/lib/pkgconfig/package_with_interfaces.pc'
[4.003s] Level 1:colcon.colcon_core.environment:checking '/home/mscrobotics2425laptop16/Robotics_Team2/install/package_with_interfaces/lib/python3.10/site-packages'
[4.004s] Level 1:colcon.colcon_core.environment:checking '/home/mscrobotics2425laptop16/Robotics_Team2/install/package_with_interfaces/bin'
[4.006s] INFO:colcon.colcon_core.shell:Creating package script '/home/mscrobotics2425laptop16/Robotics_Team2/install/package_with_interfaces/share/package_with_interfaces/package.ps1'
[4.009s] INFO:colcon.colcon_core.shell:Creating package descriptor '/home/mscrobotics2425laptop16/Robotics_Team2/install/package_with_interfaces/share/package_with_interfaces/package.dsv'
[4.011s] INFO:colcon.colcon_core.shell:Creating package script '/home/mscrobotics2425laptop16/Robotics_Team2/install/package_with_interfaces/share/package_with_interfaces/package.sh'
[4.014s] INFO:colcon.colcon_core.shell:Creating package script '/home/mscrobotics2425laptop16/Robotics_Team2/install/package_with_interfaces/share/package_with_interfaces/package.bash'
[4.017s] INFO:colcon.colcon_core.shell:Creating package script '/home/mscrobotics2425laptop16/Robotics_Team2/install/package_with_interfaces/share/package_with_interfaces/package.zsh'
[4.020s] Level 1:colcon.colcon_core.environment:create_file_with_runtime_dependencies(/home/mscrobotics2425laptop16/Robotics_Team2/install/package_with_interfaces/share/colcon-core/packages/package_with_interfaces)
[4.022s] INFO:colcon.colcon_ros.task.ament_python.build:Building ROS package in '/home/mscrobotics2425laptop16/Robotics_Team2/src/manipulator' with build type 'ament_python'
[4.022s] Level 1:colcon.colcon_core.shell:create_environment_hook('manipulator', 'ament_prefix_path')
[4.024s] INFO:colcon.colcon_core.shell:Creating environment hook '/home/mscrobotics2425laptop16/Robotics_Team2/install/manipulator/share/manipulator/hook/ament_prefix_path.ps1'
[4.033s] INFO:colcon.colcon_core.shell:Creating environment descriptor '/home/mscrobotics2425laptop16/Robotics_Team2/install/manipulator/share/manipulator/hook/ament_prefix_path.dsv'
[4.036s] INFO:colcon.colcon_core.shell:Creating environment hook '/home/mscrobotics2425laptop16/Robotics_Team2/install/manipulator/share/manipulator/hook/ament_prefix_path.sh'
[4.039s] INFO:colcon.colcon_core.shell:Skip shell extension 'powershell' for command environment: Not usable outside of PowerShell
[4.039s] DEBUG:colcon.colcon_core.shell:Skip shell extension 'dsv' for command environment
[4.996s] INFO:colcon.colcon_core.task.python.build:Building Python package in '/home/mscrobotics2425laptop16/Robotics_Team2/src/manipulator'
[4.998s] INFO:colcon.colcon_core.shell:Skip shell extension 'powershell' for command environment: Not usable outside of PowerShell
[4.998s] DEBUG:colcon.colcon_core.shell:Skip shell extension 'dsv' for command environment
[5.392s] DEBUG:colcon.colcon_core.event_handler.log_command:Invoking command in '/home/mscrobotics2425laptop16/Robotics_Team2/src/object_detection': PYTHONPATH=/home/mscrobotics2425laptop16/Robotics_Team2/build/object_detection/prefix_override:/usr/lib/python3/dist-packages/colcon_core/task/python/colcon_distutils_commands:/home/mscrobotics2425laptop16/Robotics_Team2/install/object_detection/lib/python3.10/site-packages:${PYTHONPATH} /usr/bin/python3 -W ignore:setup.py install is deprecated -W ignore:easy_install command is deprecated setup.py egg_info --egg-base ../../build/object_detection build --build-base /home/mscrobotics2425laptop16/Robotics_Team2/build/object_detection/build install --record /home/mscrobotics2425laptop16/Robotics_Team2/build/object_detection/install.log --single-version-externally-managed install_data
[5.673s] DEBUG:colcon.colcon_core.event_handler.log_command:Invoking command in '/home/mscrobotics2425laptop16/Robotics_Team2/src/rpLidar_lab': PYTHONPATH=/home/mscrobotics2425laptop16/Robotics_Team2/build/rpLidar_lab/prefix_override:/usr/lib/python3/dist-packages/colcon_core/task/python/colcon_distutils_commands:/home/mscrobotics2425laptop16/Robotics_Team2/install/rpLidar_lab/lib/python3.10/site-packages:${PYTHONPATH} /usr/bin/python3 -W ignore:setup.py install is deprecated -W ignore:easy_install command is deprecated setup.py egg_info --egg-base ../../build/rpLidar_lab build --build-base /home/mscrobotics2425laptop16/Robotics_Team2/build/rpLidar_lab/build install --record /home/mscrobotics2425laptop16/Robotics_Team2/build/rpLidar_lab/install.log --single-version-externally-managed install_data
[6.031s] DEBUG:colcon.colcon_core.event_handler.log_command:Invoking command in '/home/mscrobotics2425laptop16/Robotics_Team2/src/fake_arm': PYTHONPATH=/home/mscrobotics2425laptop16/Robotics_Team2/build/fake_arm/prefix_override:/usr/lib/python3/dist-packages/colcon_core/task/python/colcon_distutils_commands:/home/mscrobotics2425laptop16/Robotics_Team2/install/fake_arm/lib/python3.10/site-packages:${PYTHONPATH} /usr/bin/python3 -W ignore:setup.py install is deprecated -W ignore:easy_install command is deprecated setup.py egg_info --egg-base ../../build/fake_arm build --build-base /home/mscrobotics2425laptop16/Robotics_Team2/build/fake_arm/build install --record /home/mscrobotics2425laptop16/Robotics_Team2/build/fake_arm/install.log --single-version-externally-managed install_data
[6.095s] DEBUG:colcon.colcon_core.event_handler.log_command:Invoking command in '/home/mscrobotics2425laptop16/Robotics_Team2/src/nav/team2_nav': PYTHONPATH=/home/mscrobotics2425laptop16/Robotics_Team2/build/team2_nav/prefix_override:/usr/lib/python3/dist-packages/colcon_core/task/python/colcon_distutils_commands:/home/mscrobotics2425laptop16/Robotics_Team2/install/team2_nav/lib/python3.10/site-packages:${PYTHONPATH} /usr/bin/python3 -W ignore:setup.py install is deprecated -W ignore:easy_install command is deprecated setup.py egg_info --egg-base ../../../build/team2_nav build --build-base /home/mscrobotics2425laptop16/Robotics_Team2/build/team2_nav/build install --record /home/mscrobotics2425laptop16/Robotics_Team2/build/team2_nav/install.log --single-version-externally-managed install_data
[7.130s] DEBUG:colcon.colcon_core.event_handler.log_command:Invoking command in '/home/mscrobotics2425laptop16/Robotics_Team2/src/manipulator': PYTHONPATH=/home/mscrobotics2425laptop16/Robotics_Team2/build/manipulator/prefix_override:/usr/lib/python3/dist-packages/colcon_core/task/python/colcon_distutils_commands:/home/mscrobotics2425laptop16/Robotics_Team2/install/manipulator/lib/python3.10/site-packages:${PYTHONPATH} /usr/bin/python3 -W ignore:setup.py install is deprecated -W ignore:easy_install command is deprecated setup.py egg_info --egg-base ../../build/manipulator build --build-base /home/mscrobotics2425laptop16/Robotics_Team2/build/manipulator/build install --record /home/mscrobotics2425laptop16/Robotics_Team2/build/manipulator/install.log --single-version-externally-managed install_data
[7.855s] Level 1:colcon.colcon_core.environment:checking '/home/mscrobotics2425laptop16/Robotics_Team2/install/object_detection' for CMake module files
[7.858s] DEBUG:colcon.colcon_core.event_handler.log_command:Invoked command in '/home/mscrobotics2425laptop16/Robotics_Team2/src/object_detection' returned '0': PYTHONPATH=/home/mscrobotics2425laptop16/Robotics_Team2/build/object_detection/prefix_override:/usr/lib/python3/dist-packages/colcon_core/task/python/colcon_distutils_commands:/home/mscrobotics2425laptop16/Robotics_Team2/install/object_detection/lib/python3.10/site-packages:${PYTHONPATH} /usr/bin/python3 -W ignore:setup.py install is deprecated -W ignore:easy_install command is deprecated setup.py egg_info --egg-base ../../build/object_detection build --build-base /home/mscrobotics2425laptop16/Robotics_Team2/build/object_detection/build install --record /home/mscrobotics2425laptop16/Robotics_Team2/build/object_detection/install.log --single-version-externally-managed install_data
[7.859s] Level 1:colcon.colcon_core.environment:checking '/home/mscrobotics2425laptop16/Robotics_Team2/install/object_detection' for CMake config files
[7.860s] Level 1:colcon.colcon_core.environment:checking '/home/mscrobotics2425laptop16/Robotics_Team2/install/object_detection/lib'
[7.860s] Level 1:colcon.colcon_core.environment:checking '/home/mscrobotics2425laptop16/Robotics_Team2/install/object_detection/bin'
[7.860s] Level 1:colcon.colcon_core.environment:checking '/home/mscrobotics2425laptop16/Robotics_Team2/install/object_detection/lib/pkgconfig/object_detection.pc'
[7.861s] Level 1:colcon.colcon_core.environment:checking '/home/mscrobotics2425laptop16/Robotics_Team2/install/object_detection/lib/python3.10/site-packages'
[7.862s] Level 1:colcon.colcon_core.shell:create_environment_hook('object_detection', 'pythonpath')
[7.862s] INFO:colcon.colcon_core.shell:Creating environment hook '/home/mscrobotics2425laptop16/Robotics_Team2/install/object_detection/share/object_detection/hook/pythonpath.ps1'
[7.865s] INFO:colcon.colcon_core.shell:Creating environment descriptor '/home/mscrobotics2425laptop16/Robotics_Team2/install/object_detection/share/object_detection/hook/pythonpath.dsv'
[7.867s] INFO:colcon.colcon_core.shell:Creating environment hook '/home/mscrobotics2425laptop16/Robotics_Team2/install/object_detection/share/object_detection/hook/pythonpath.sh'
[7.870s] Level 1:colcon.colcon_core.environment:checking '/home/mscrobotics2425laptop16/Robotics_Team2/install/object_detection/bin'
[7.871s] Level 1:colcon.colcon_core.environment:create_environment_scripts_only(object_detection)
[7.872s] INFO:colcon.colcon_core.shell:Creating package script '/home/mscrobotics2425laptop16/Robotics_Team2/install/object_detection/share/object_detection/package.ps1'
[7.875s] INFO:colcon.colcon_core.shell:Creating package descriptor '/home/mscrobotics2425laptop16/Robotics_Team2/install/object_detection/share/object_detection/package.dsv'
[7.877s] INFO:colcon.colcon_core.shell:Creating package script '/home/mscrobotics2425laptop16/Robotics_Team2/install/object_detection/share/object_detection/package.sh'
[7.879s] INFO:colcon.colcon_core.shell:Creating package script '/home/mscrobotics2425laptop16/Robotics_Team2/install/object_detection/share/object_detection/package.bash'
[7.880s] INFO:colcon.colcon_core.shell:Creating package script '/home/mscrobotics2425laptop16/Robotics_Team2/install/object_detection/share/object_detection/package.zsh'
[7.881s] Level 1:colcon.colcon_core.environment:create_file_with_runtime_dependencies(/home/mscrobotics2425laptop16/Robotics_Team2/install/object_detection/share/colcon-core/packages/object_detection)
[8.089s] Level 1:colcon.colcon_core.environment:checking '/home/mscrobotics2425laptop16/Robotics_Team2/install/rpLidar_lab' for CMake module files
[8.091s] DEBUG:colcon.colcon_core.event_handler.log_command:Invoked command in '/home/mscrobotics2425laptop16/Robotics_Team2/src/rpLidar_lab' returned '0': PYTHONPATH=/home/mscrobotics2425laptop16/Robotics_Team2/build/rpLidar_lab/prefix_override:/usr/lib/python3/dist-packages/colcon_core/task/python/colcon_distutils_commands:/home/mscrobotics2425laptop16/Robotics_Team2/install/rpLidar_lab/lib/python3.10/site-packages:${PYTHONPATH} /usr/bin/python3 -W ignore:setup.py install is deprecated -W ignore:easy_install command is deprecated setup.py egg_info --egg-base ../../build/rpLidar_lab build --build-base /home/mscrobotics2425laptop16/Robotics_Team2/build/rpLidar_lab/build install --record /home/mscrobotics2425laptop16/Robotics_Team2/build/rpLidar_lab/install.log --single-version-externally-managed install_data
[8.092s] Level 1:colcon.colcon_core.environment:checking '/home/mscrobotics2425laptop16/Robotics_Team2/install/rpLidar_lab' for CMake config files
[8.094s] Level 1:colcon.colcon_core.environment:checking '/home/mscrobotics2425laptop16/Robotics_Team2/install/rpLidar_lab/lib'
[8.094s] Level 1:colcon.colcon_core.environment:checking '/home/mscrobotics2425laptop16/Robotics_Team2/install/rpLidar_lab/bin'
[8.094s] Level 1:colcon.colcon_core.environment:checking '/home/mscrobotics2425laptop16/Robotics_Team2/install/rpLidar_lab/lib/pkgconfig/rpLidar_lab.pc'
[8.095s] Level 1:colcon.colcon_core.environment:checking '/home/mscrobotics2425laptop16/Robotics_Team2/install/rpLidar_lab/lib/python3.10/site-packages'
[8.096s] Level 1:colcon.colcon_core.shell:create_environment_hook('rpLidar_lab', 'pythonpath')
[8.096s] INFO:colcon.colcon_core.shell:Creating environment hook '/home/mscrobotics2425laptop16/Robotics_Team2/install/rpLidar_lab/share/rpLidar_lab/hook/pythonpath.ps1'
[8.098s] INFO:colcon.colcon_core.shell:Creating environment descriptor '/home/mscrobotics2425laptop16/Robotics_Team2/install/rpLidar_lab/share/rpLidar_lab/hook/pythonpath.dsv'
[8.100s] INFO:colcon.colcon_core.shell:Creating environment hook '/home/mscrobotics2425laptop16/Robotics_Team2/install/rpLidar_lab/share/rpLidar_lab/hook/pythonpath.sh'
[8.103s] Level 1:colcon.colcon_core.environment:checking '/home/mscrobotics2425laptop16/Robotics_Team2/install/rpLidar_lab/bin'
[8.104s] Level 1:colcon.colcon_core.environment:create_environment_scripts_only(rpLidar_lab)
[8.105s] INFO:colcon.colcon_core.shell:Creating package script '/home/mscrobotics2425laptop16/Robotics_Team2/install/rpLidar_lab/share/rpLidar_lab/package.ps1'
[8.110s] INFO:colcon.colcon_core.shell:Creating package descriptor '/home/mscrobotics2425laptop16/Robotics_Team2/install/rpLidar_lab/share/rpLidar_lab/package.dsv'
[8.113s] INFO:colcon.colcon_core.shell:Creating package script '/home/mscrobotics2425laptop16/Robotics_Team2/install/rpLidar_lab/share/rpLidar_lab/package.sh'
[8.115s] INFO:colcon.colcon_core.shell:Creating package script '/home/mscrobotics2425laptop16/Robotics_Team2/install/rpLidar_lab/share/rpLidar_lab/package.bash'
[8.117s] INFO:colcon.colcon_core.shell:Creating package script '/home/mscrobotics2425laptop16/Robotics_Team2/install/rpLidar_lab/share/rpLidar_lab/package.zsh'
[8.119s] Level 1:colcon.colcon_core.environment:create_file_with_runtime_dependencies(/home/mscrobotics2425laptop16/Robotics_Team2/install/rpLidar_lab/share/colcon-core/packages/rpLidar_lab)
[8.307s] Level 1:colcon.colcon_core.environment:checking '/home/mscrobotics2425laptop16/Robotics_Team2/install/fake_arm' for CMake module files
[8.309s] DEBUG:colcon.colcon_core.event_handler.log_command:Invoked command in '/home/mscrobotics2425laptop16/Robotics_Team2/src/fake_arm' returned '0': PYTHONPATH=/home/mscrobotics2425laptop16/Robotics_Team2/build/fake_arm/prefix_override:/usr/lib/python3/dist-packages/colcon_core/task/python/colcon_distutils_commands:/home/mscrobotics2425laptop16/Robotics_Team2/install/fake_arm/lib/python3.10/site-packages:${PYTHONPATH} /usr/bin/python3 -W ignore:setup.py install is deprecated -W ignore:easy_install command is deprecated setup.py egg_info --egg-base ../../build/fake_arm build --build-base /home/mscrobotics2425laptop16/Robotics_Team2/build/fake_arm/build install --record /home/mscrobotics2425laptop16/Robotics_Team2/build/fake_arm/install.log --single-version-externally-managed install_data
[8.309s] Level 1:colcon.colcon_core.environment:checking '/home/mscrobotics2425laptop16/Robotics_Team2/install/fake_arm' for CMake config files
[8.311s] Level 1:colcon.colcon_core.environment:checking '/home/mscrobotics2425laptop16/Robotics_Team2/install/fake_arm/lib'
[8.311s] Level 1:colcon.colcon_core.environment:checking '/home/mscrobotics2425laptop16/Robotics_Team2/install/fake_arm/bin'
[8.311s] Level 1:colcon.colcon_core.environment:checking '/home/mscrobotics2425laptop16/Robotics_Team2/install/fake_arm/lib/pkgconfig/fake_arm.pc'
[8.312s] Level 1:colcon.colcon_core.environment:checking '/home/mscrobotics2425laptop16/Robotics_Team2/install/fake_arm/lib/python3.10/site-packages'
[8.312s] Level 1:colcon.colcon_core.shell:create_environment_hook('fake_arm', 'pythonpath')
[8.313s] INFO:colcon.colcon_core.shell:Creating environment hook '/home/mscrobotics2425laptop16/Robotics_Team2/install/fake_arm/share/fake_arm/hook/pythonpath.ps1'
[8.314s] INFO:colcon.colcon_core.shell:Creating environment descriptor '/home/mscrobotics2425laptop16/Robotics_Team2/install/fake_arm/share/fake_arm/hook/pythonpath.dsv'
[8.315s] INFO:colcon.colcon_core.shell:Creating environment hook '/home/mscrobotics2425laptop16/Robotics_Team2/install/fake_arm/share/fake_arm/hook/pythonpath.sh'
[8.318s] Level 1:colcon.colcon_core.environment:checking '/home/mscrobotics2425laptop16/Robotics_Team2/install/fake_arm/bin'
[8.319s] Level 1:colcon.colcon_core.environment:create_environment_scripts_only(fake_arm)
[8.321s] INFO:colcon.colcon_core.shell:Creating package script '/home/mscrobotics2425laptop16/Robotics_Team2/install/fake_arm/share/fake_arm/package.ps1'
[8.324s] INFO:colcon.colcon_core.shell:Creating package descriptor '/home/mscrobotics2425laptop16/Robotics_Team2/install/fake_arm/share/fake_arm/package.dsv'
[8.325s] INFO:colcon.colcon_core.shell:Creating package script '/home/mscrobotics2425laptop16/Robotics_Team2/install/fake_arm/share/fake_arm/package.sh'
[8.328s] INFO:colcon.colcon_core.shell:Creating package script '/home/mscrobotics2425laptop16/Robotics_Team2/install/fake_arm/share/fake_arm/package.bash'
[8.330s] INFO:colcon.colcon_core.shell:Creating package script '/home/mscrobotics2425laptop16/Robotics_Team2/install/fake_arm/share/fake_arm/package.zsh'
[8.332s] Level 1:colcon.colcon_core.environment:create_file_with_runtime_dependencies(/home/mscrobotics2425laptop16/Robotics_Team2/install/fake_arm/share/colcon-core/packages/fake_arm)
[8.537s] Level 1:colcon.colcon_core.environment:checking '/home/mscrobotics2425laptop16/Robotics_Team2/install/team2_nav' for CMake module files
[8.540s] DEBUG:colcon.colcon_core.event_handler.log_command:Invoked command in '/home/mscrobotics2425laptop16/Robotics_Team2/src/nav/team2_nav' returned '0': PYTHONPATH=/home/mscrobotics2425laptop16/Robotics_Team2/build/team2_nav/prefix_override:/usr/lib/python3/dist-packages/colcon_core/task/python/colcon_distutils_commands:/home/mscrobotics2425laptop16/Robotics_Team2/install/team2_nav/lib/python3.10/site-packages:${PYTHONPATH} /usr/bin/python3 -W ignore:setup.py install is deprecated -W ignore:easy_install command is deprecated setup.py egg_info --egg-base ../../../build/team2_nav build --build-base /home/mscrobotics2425laptop16/Robotics_Team2/build/team2_nav/build install --record /home/mscrobotics2425laptop16/Robotics_Team2/build/team2_nav/install.log --single-version-externally-managed install_data
[8.541s] Level 1:colcon.colcon_core.environment:checking '/home/mscrobotics2425laptop16/Robotics_Team2/install/team2_nav' for CMake config files
[8.543s] Level 1:colcon.colcon_core.environment:checking '/home/mscrobotics2425laptop16/Robotics_Team2/install/team2_nav/lib'
[8.543s] Level 1:colcon.colcon_core.environment:checking '/home/mscrobotics2425laptop16/Robotics_Team2/install/team2_nav/bin'
[8.544s] Level 1:colcon.colcon_core.environment:checking '/home/mscrobotics2425laptop16/Robotics_Team2/install/team2_nav/lib/pkgconfig/team2_nav.pc'
[8.544s] Level 1:colcon.colcon_core.environment:checking '/home/mscrobotics2425laptop16/Robotics_Team2/install/team2_nav/lib/python3.10/site-packages'
[8.544s] Level 1:colcon.colcon_core.shell:create_environment_hook('team2_nav', 'pythonpath')
[8.545s] INFO:colcon.colcon_core.shell:Creating environment hook '/home/mscrobotics2425laptop16/Robotics_Team2/install/team2_nav/share/team2_nav/hook/pythonpath.ps1'
[8.546s] INFO:colcon.colcon_core.shell:Creating environment descriptor '/home/mscrobotics2425laptop16/Robotics_Team2/install/team2_nav/share/team2_nav/hook/pythonpath.dsv'
[8.547s] INFO:colcon.colcon_core.shell:Creating environment hook '/home/mscrobotics2425laptop16/Robotics_Team2/install/team2_nav/share/team2_nav/hook/pythonpath.sh'
[8.549s] Level 1:colcon.colcon_core.environment:checking '/home/mscrobotics2425laptop16/Robotics_Team2/install/team2_nav/bin'
[8.549s] Level 1:colcon.colcon_core.environment:create_environment_scripts_only(team2_nav)
[8.550s] INFO:colcon.colcon_core.shell:Creating package script '/home/mscrobotics2425laptop16/Robotics_Team2/install/team2_nav/share/team2_nav/package.ps1'
[8.551s] INFO:colcon.colcon_core.shell:Creating package descriptor '/home/mscrobotics2425laptop16/Robotics_Team2/install/team2_nav/share/team2_nav/package.dsv'
[8.553s] INFO:colcon.colcon_core.shell:Creating package script '/home/mscrobotics2425laptop16/Robotics_Team2/install/team2_nav/share/team2_nav/package.sh'
[8.555s] INFO:colcon.colcon_core.shell:Creating package script '/home/mscrobotics2425laptop16/Robotics_Team2/install/team2_nav/share/team2_nav/package.bash'
[8.556s] INFO:colcon.colcon_core.shell:Creating package script '/home/mscrobotics2425laptop16/Robotics_Team2/install/team2_nav/share/team2_nav/package.zsh'
[8.557s] Level 1:colcon.colcon_core.environment:create_file_with_runtime_dependencies(/home/mscrobotics2425laptop16/Robotics_Team2/install/team2_nav/share/colcon-core/packages/team2_nav)
[9.162s] Level 1:colcon.colcon_core.environment:checking '/home/mscrobotics2425laptop16/Robotics_Team2/install/manipulator' for CMake module files
[9.164s] DEBUG:colcon.colcon_core.event_handler.log_command:Invoked command in '/home/mscrobotics2425laptop16/Robotics_Team2/src/manipulator' returned '0': PYTHONPATH=/home/mscrobotics2425laptop16/Robotics_Team2/build/manipulator/prefix_override:/usr/lib/python3/dist-packages/colcon_core/task/python/colcon_distutils_commands:/home/mscrobotics2425laptop16/Robotics_Team2/install/manipulator/lib/python3.10/site-packages:${PYTHONPATH} /usr/bin/python3 -W ignore:setup.py install is deprecated -W ignore:easy_install command is deprecated setup.py egg_info --egg-base ../../build/manipulator build --build-base /home/mscrobotics2425laptop16/Robotics_Team2/build/manipulator/build install --record /home/mscrobotics2425laptop16/Robotics_Team2/build/manipulator/install.log --single-version-externally-managed install_data
[9.165s] Level 1:colcon.colcon_core.environment:checking '/home/mscrobotics2425laptop16/Robotics_Team2/install/manipulator' for CMake config files
[9.166s] Level 1:colcon.colcon_core.environment:checking '/home/mscrobotics2425laptop16/Robotics_Team2/install/manipulator/lib'
[9.167s] Level 1:colcon.colcon_core.environment:checking '/home/mscrobotics2425laptop16/Robotics_Team2/install/manipulator/bin'
[9.167s] Level 1:colcon.colcon_core.environment:checking '/home/mscrobotics2425laptop16/Robotics_Team2/install/manipulator/lib/pkgconfig/manipulator.pc'
[9.167s] Level 1:colcon.colcon_core.environment:checking '/home/mscrobotics2425laptop16/Robotics_Team2/install/manipulator/lib/python3.10/site-packages'
[9.168s] Level 1:colcon.colcon_core.shell:create_environment_hook('manipulator', 'pythonpath')
[9.168s] INFO:colcon.colcon_core.shell:Creating environment hook '/home/mscrobotics2425laptop16/Robotics_Team2/install/manipulator/share/manipulator/hook/pythonpath.ps1'
[9.170s] INFO:colcon.colcon_core.shell:Creating environment descriptor '/home/mscrobotics2425laptop16/Robotics_Team2/install/manipulator/share/manipulator/hook/pythonpath.dsv'
[9.171s] INFO:colcon.colcon_core.shell:Creating environment hook '/home/mscrobotics2425laptop16/Robotics_Team2/install/manipulator/share/manipulator/hook/pythonpath.sh'
[9.174s] Level 1:colcon.colcon_core.environment:checking '/home/mscrobotics2425laptop16/Robotics_Team2/install/manipulator/bin'
[9.174s] Level 1:colcon.colcon_core.environment:create_environment_scripts_only(manipulator)
[9.175s] INFO:colcon.colcon_core.shell:Creating package script '/home/mscrobotics2425laptop16/Robotics_Team2/install/manipulator/share/manipulator/package.ps1'
[9.177s] INFO:colcon.colcon_core.shell:Creating package descriptor '/home/mscrobotics2425laptop16/Robotics_Team2/install/manipulator/share/manipulator/package.dsv'
[9.180s] INFO:colcon.colcon_core.shell:Creating package script '/home/mscrobotics2425laptop16/Robotics_Team2/install/manipulator/share/manipulator/package.sh'
[9.182s] INFO:colcon.colcon_core.shell:Creating package script '/home/mscrobotics2425laptop16/Robotics_Team2/install/manipulator/share/manipulator/package.bash'
[9.183s] INFO:colcon.colcon_core.shell:Creating package script '/home/mscrobotics2425laptop16/Robotics_Team2/install/manipulator/share/manipulator/package.zsh'
[9.185s] Level 1:colcon.colcon_core.environment:create_file_with_runtime_dependencies(/home/mscrobotics2425laptop16/Robotics_Team2/install/manipulator/share/colcon-core/packages/manipulator)
[9.186s] DEBUG:colcon.colcon_parallel_executor.executor.parallel:closing loop
[9.187s] DEBUG:colcon.colcon_parallel_executor.executor.parallel:loop closed
[9.187s] DEBUG:colcon.colcon_parallel_executor.executor.parallel:run_until_complete finished with '0'
[9.187s] DEBUG:colcon.colcon_core.event_reactor:joining thread
[9.209s] INFO:colcon.colcon_core.plugin_system:Skipping extension 'colcon_notification.desktop_notification.terminal_notifier': Not used on non-Darwin systems
[9.210s] INFO:colcon.colcon_core.plugin_system:Skipping extension 'colcon_notification.desktop_notification.win32': Not used on non-Windows systems
[9.210s] INFO:colcon.colcon_notification.desktop_notification:Sending desktop notification using 'notify2'
[9.245s] DEBUG:colcon.colcon_core.event_reactor:joined thread
[9.246s] INFO:colcon.colcon_core.shell:Creating prefix script '/home/mscrobotics2425laptop16/Robotics_Team2/install/local_setup.ps1'
[9.249s] INFO:colcon.colcon_core.shell:Creating prefix util module '/home/mscrobotics2425laptop16/Robotics_Team2/install/_local_setup_util_ps1.py'
[9.252s] INFO:colcon.colcon_core.shell:Creating prefix chain script '/home/mscrobotics2425laptop16/Robotics_Team2/install/setup.ps1'
[9.257s] INFO:colcon.colcon_core.shell:Creating prefix script '/home/mscrobotics2425laptop16/Robotics_Team2/install/local_setup.sh'
[9.260s] INFO:colcon.colcon_core.shell:Creating prefix util module '/home/mscrobotics2425laptop16/Robotics_Team2/install/_local_setup_util_sh.py'
[9.263s] INFO:colcon.colcon_core.shell:Creating prefix chain script '/home/mscrobotics2425laptop16/Robotics_Team2/install/setup.sh'
[9.273s] INFO:colcon.colcon_core.shell:Creating prefix script '/home/mscrobotics2425laptop16/Robotics_Team2/install/local_setup.bash'
[9.277s] INFO:colcon.colcon_core.shell:Creating prefix chain script '/home/mscrobotics2425laptop16/Robotics_Team2/install/setup.bash'
[9.289s] INFO:colcon.colcon_core.shell:Creating prefix script '/home/mscrobotics2425laptop16/Robotics_Team2/install/local_setup.zsh'
[9.292s] INFO:colcon.colcon_core.shell:Creating prefix chain script '/home/mscrobotics2425laptop16/Robotics_Team2/install/setup.zsh'
