[0.193s] DEBUG:colcon:Command line arguments: ['/usr/bin/colcon', 'build']
[0.193s] DEBUG:colcon:Parsed command line arguments: Namespace(log_base=None, log_level=None, verb_name='build', build_base='build', install_base='install', merge_install=False, symlink_install=False, test_result_base=None, continue_on_error=False, executor='parallel', parallel_workers=12, event_handlers=None, ignore_user_meta=False, metas=['./colcon.meta'], base_paths=['.'], packages_ignore=None, packages_ignore_regex=None, paths=None, packages_up_to=None, packages_up_to_regex=None, packages_above=None, packages_above_and_dependencies=None, packages_above_depth=None, packages_select_by_dep=None, packages_skip_by_dep=None, packages_skip_up_to=None, packages_select_build_failed=False, packages_skip_build_finished=False, packages_select_test_failures=False, packages_skip_test_passed=False, packages_select=None, packages_skip=None, packages_select_regex=None, packages_skip_regex=None, packages_start=None, packages_end=None, allow_overriding=[], cmake_args=None, cmake_target=None, cmake_target_skip_unavailable=False, cmake_clean_cache=False, cmake_clean_first=False, cmake_force_configure=False, ament_cmake_args=None, catkin_cmake_args=None, catkin_skip_building_tests=False, mixin_files=None, mixin=None, verb_parser=<colcon_mixin.mixin.mixin_argument.MixinArgumentDecorator object at 0x7f872f863d00>, verb_extension=<colcon_core.verb.build.BuildVerb object at 0x7f872f863730>, main=<bound method BuildVerb.main of <colcon_core.verb.build.BuildVerb object at 0x7f872f863730>>, mixin_verb=('build',))
[0.249s] Level 1:colcon.colcon_core.package_discovery:discover_packages(colcon_meta) check parameters
[0.249s] Level 1:colcon.colcon_core.package_discovery:discover_packages(recursive) check parameters
[0.249s] Level 1:colcon.colcon_core.package_discovery:discover_packages(ignore) check parameters
[0.249s] Level 1:colcon.colcon_core.package_discovery:discover_packages(path) check parameters
[0.249s] Level 1:colcon.colcon_core.package_discovery:discover_packages(colcon_meta) discover
[0.250s] Level 1:colcon.colcon_core.package_discovery:discover_packages(recursive) discover
[0.250s] INFO:colcon.colcon_core.package_discovery:Crawling recursively for packages in '/home/mscrobotics2425laptop16/Robotics_Team2'
[0.250s] Level 1:colcon.colcon_core.package_identification:_identify(.) by extensions ['ignore', 'ignore_ament_install']
[0.250s] Level 1:colcon.colcon_core.package_identification:_identify(.) by extension 'ignore'
[0.250s] Level 1:colcon.colcon_core.package_identification:_identify(.) by extension 'ignore_ament_install'
[0.250s] Level 1:colcon.colcon_core.package_identification:_identify(.) by extensions ['colcon_pkg']
[0.250s] Level 1:colcon.colcon_core.package_identification:_identify(.) by extension 'colcon_pkg'
[0.250s] Level 1:colcon.colcon_core.package_identification:_identify(.) by extensions ['colcon_meta']
[0.250s] Level 1:colcon.colcon_core.package_identification:_identify(.) by extension 'colcon_meta'
[0.250s] Level 1:colcon.colcon_core.package_identification:_identify(.) by extensions ['ros']
[0.250s] Level 1:colcon.colcon_core.package_identification:_identify(.) by extension 'ros'
[0.268s] Level 1:colcon.colcon_core.package_identification:_identify(.) by extensions ['cmake', 'python']
[0.268s] Level 1:colcon.colcon_core.package_identification:_identify(.) by extension 'cmake'
[0.268s] Level 1:colcon.colcon_core.package_identification:_identify(.) by extension 'python'
[0.268s] Level 1:colcon.colcon_core.package_identification:_identify(.) by extensions ['python_setup_py']
[0.269s] Level 1:colcon.colcon_core.package_identification:_identify(.) by extension 'python_setup_py'
[0.269s] Level 1:colcon.colcon_core.package_identification:_identify(build) by extensions ['ignore', 'ignore_ament_install']
[0.269s] Level 1:colcon.colcon_core.package_identification:_identify(build) by extension 'ignore'
[0.269s] Level 1:colcon.colcon_core.package_identification:_identify(build) ignored
[0.270s] Level 1:colcon.colcon_core.package_identification:_identify(image) by extensions ['ignore', 'ignore_ament_install']
[0.270s] Level 1:colcon.colcon_core.package_identification:_identify(image) by extension 'ignore'
[0.270s] Level 1:colcon.colcon_core.package_identification:_identify(image) by extension 'ignore_ament_install'
[0.270s] Level 1:colcon.colcon_core.package_identification:_identify(image) by extensions ['colcon_pkg']
[0.270s] Level 1:colcon.colcon_core.package_identification:_identify(image) by extension 'colcon_pkg'
[0.271s] Level 1:colcon.colcon_core.package_identification:_identify(image) by extensions ['colcon_meta']
[0.271s] Level 1:colcon.colcon_core.package_identification:_identify(image) by extension 'colcon_meta'
[0.271s] Level 1:colcon.colcon_core.package_identification:_identify(image) by extensions ['ros']
[0.271s] Level 1:colcon.colcon_core.package_identification:_identify(image) by extension 'ros'
[0.271s] Level 1:colcon.colcon_core.package_identification:_identify(image) by extensions ['cmake', 'python']
[0.271s] Level 1:colcon.colcon_core.package_identification:_identify(image) by extension 'cmake'
[0.272s] Level 1:colcon.colcon_core.package_identification:_identify(image) by extension 'python'
[0.272s] Level 1:colcon.colcon_core.package_identification:_identify(image) by extensions ['python_setup_py']
[0.272s] Level 1:colcon.colcon_core.package_identification:_identify(image) by extension 'python_setup_py'
[0.273s] Level 1:colcon.colcon_core.package_identification:_identify(install) by extensions ['ignore', 'ignore_ament_install']
[0.273s] Level 1:colcon.colcon_core.package_identification:_identify(install) by extension 'ignore'
[0.273s] Level 1:colcon.colcon_core.package_identification:_identify(install) ignored
[0.274s] Level 1:colcon.colcon_core.package_identification:_identify(log) by extensions ['ignore', 'ignore_ament_install']
[0.274s] Level 1:colcon.colcon_core.package_identification:_identify(log) by extension 'ignore'
[0.274s] Level 1:colcon.colcon_core.package_identification:_identify(log) ignored
[0.275s] Level 1:colcon.colcon_core.package_identification:_identify(src) by extensions ['ignore', 'ignore_ament_install']
[0.275s] Level 1:colcon.colcon_core.package_identification:_identify(src) by extension 'ignore'
[0.275s] Level 1:colcon.colcon_core.package_identification:_identify(src) by extension 'ignore_ament_install'
[0.275s] Level 1:colcon.colcon_core.package_identification:_identify(src) by extensions ['colcon_pkg']
[0.275s] Level 1:colcon.colcon_core.package_identification:_identify(src) by extension 'colcon_pkg'
[0.275s] Level 1:colcon.colcon_core.package_identification:_identify(src) by extensions ['colcon_meta']
[0.275s] Level 1:colcon.colcon_core.package_identification:_identify(src) by extension 'colcon_meta'
[0.275s] Level 1:colcon.colcon_core.package_identification:_identify(src) by extensions ['ros']
[0.276s] Level 1:colcon.colcon_core.package_identification:_identify(src) by extension 'ros'
[0.276s] Level 1:colcon.colcon_core.package_identification:_identify(src) by extensions ['cmake', 'python']
[0.276s] Level 1:colcon.colcon_core.package_identification:_identify(src) by extension 'cmake'
[0.276s] Level 1:colcon.colcon_core.package_identification:_identify(src) by extension 'python'
[0.276s] Level 1:colcon.colcon_core.package_identification:_identify(src) by extensions ['python_setup_py']
[0.276s] Level 1:colcon.colcon_core.package_identification:_identify(src) by extension 'python_setup_py'
[0.276s] Level 1:colcon.colcon_core.package_identification:_identify(src/fake_arm) by extensions ['ignore', 'ignore_ament_install']
[0.277s] Level 1:colcon.colcon_core.package_identification:_identify(src/fake_arm) by extension 'ignore'
[0.277s] Level 1:colcon.colcon_core.package_identification:_identify(src/fake_arm) by extension 'ignore_ament_install'
[0.277s] Level 1:colcon.colcon_core.package_identification:_identify(src/fake_arm) by extensions ['colcon_pkg']
[0.277s] Level 1:colcon.colcon_core.package_identification:_identify(src/fake_arm) by extension 'colcon_pkg'
[0.277s] Level 1:colcon.colcon_core.package_identification:_identify(src/fake_arm) by extensions ['colcon_meta']
[0.277s] Level 1:colcon.colcon_core.package_identification:_identify(src/fake_arm) by extension 'colcon_meta'
[0.277s] Level 1:colcon.colcon_core.package_identification:_identify(src/fake_arm) by extensions ['ros']
[0.277s] Level 1:colcon.colcon_core.package_identification:_identify(src/fake_arm) by extension 'ros'
[0.283s] DEBUG:colcon.colcon_core.package_identification:Package 'src/fake_arm' with type 'ros.ament_python' and name 'fake_arm'
[0.283s] Level 1:colcon.colcon_core.package_identification:_identify(src/manipulator) by extensions ['ignore', 'ignore_ament_install']
[0.283s] Level 1:colcon.colcon_core.package_identification:_identify(src/manipulator) by extension 'ignore'
[0.283s] Level 1:colcon.colcon_core.package_identification:_identify(src/manipulator) by extension 'ignore_ament_install'
[0.283s] Level 1:colcon.colcon_core.package_identification:_identify(src/manipulator) by extensions ['colcon_pkg']
[0.283s] Level 1:colcon.colcon_core.package_identification:_identify(src/manipulator) by extension 'colcon_pkg'
[0.284s] Level 1:colcon.colcon_core.package_identification:_identify(src/manipulator) by extensions ['colcon_meta']
[0.284s] Level 1:colcon.colcon_core.package_identification:_identify(src/manipulator) by extension 'colcon_meta'
[0.284s] Level 1:colcon.colcon_core.package_identification:_identify(src/manipulator) by extensions ['ros']
[0.284s] Level 1:colcon.colcon_core.package_identification:_identify(src/manipulator) by extension 'ros'
[0.285s] DEBUG:colcon.colcon_core.package_identification:Package 'src/manipulator' with type 'ros.ament_python' and name 'manipulator'
[0.285s] Level 1:colcon.colcon_core.package_identification:_identify(src/nav) by extensions ['ignore', 'ignore_ament_install']
[0.285s] Level 1:colcon.colcon_core.package_identification:_identify(src/nav) by extension 'ignore'
[0.285s] Level 1:colcon.colcon_core.package_identification:_identify(src/nav) by extension 'ignore_ament_install'
[0.285s] Level 1:colcon.colcon_core.package_identification:_identify(src/nav) by extensions ['colcon_pkg']
[0.285s] Level 1:colcon.colcon_core.package_identification:_identify(src/nav) by extension 'colcon_pkg'
[0.285s] Level 1:colcon.colcon_core.package_identification:_identify(src/nav) by extensions ['colcon_meta']
[0.285s] Level 1:colcon.colcon_core.package_identification:_identify(src/nav) by extension 'colcon_meta'
[0.285s] Level 1:colcon.colcon_core.package_identification:_identify(src/nav) by extensions ['ros']
[0.285s] Level 1:colcon.colcon_core.package_identification:_identify(src/nav) by extension 'ros'
[0.286s] Level 1:colcon.colcon_core.package_identification:_identify(src/nav) by extensions ['cmake', 'python']
[0.286s] Level 1:colcon.colcon_core.package_identification:_identify(src/nav) by extension 'cmake'
[0.286s] Level 1:colcon.colcon_core.package_identification:_identify(src/nav) by extension 'python'
[0.286s] Level 1:colcon.colcon_core.package_identification:_identify(src/nav) by extensions ['python_setup_py']
[0.286s] Level 1:colcon.colcon_core.package_identification:_identify(src/nav) by extension 'python_setup_py'
[0.286s] Level 1:colcon.colcon_core.package_identification:_identify(src/nav/build) by extensions ['ignore', 'ignore_ament_install']
[0.286s] Level 1:colcon.colcon_core.package_identification:_identify(src/nav/build) by extension 'ignore'
[0.286s] Level 1:colcon.colcon_core.package_identification:_identify(src/nav/build) ignored
[0.286s] Level 1:colcon.colcon_core.package_identification:_identify(src/nav/install) by extensions ['ignore', 'ignore_ament_install']
[0.287s] Level 1:colcon.colcon_core.package_identification:_identify(src/nav/install) by extension 'ignore'
[0.287s] Level 1:colcon.colcon_core.package_identification:_identify(src/nav/install) ignored
[0.287s] Level 1:colcon.colcon_core.package_identification:_identify(src/nav/log) by extensions ['ignore', 'ignore_ament_install']
[0.287s] Level 1:colcon.colcon_core.package_identification:_identify(src/nav/log) by extension 'ignore'
[0.287s] Level 1:colcon.colcon_core.package_identification:_identify(src/nav/log) ignored
[0.287s] Level 1:colcon.colcon_core.package_identification:_identify(src/nav/team2_nav) by extensions ['ignore', 'ignore_ament_install']
[0.287s] Level 1:colcon.colcon_core.package_identification:_identify(src/nav/team2_nav) by extension 'ignore'
[0.288s] Level 1:colcon.colcon_core.package_identification:_identify(src/nav/team2_nav) by extension 'ignore_ament_install'
[0.288s] Level 1:colcon.colcon_core.package_identification:_identify(src/nav/team2_nav) by extensions ['colcon_pkg']
[0.288s] Level 1:colcon.colcon_core.package_identification:_identify(src/nav/team2_nav) by extension 'colcon_pkg'
[0.288s] Level 1:colcon.colcon_core.package_identification:_identify(src/nav/team2_nav) by extensions ['colcon_meta']
[0.288s] Level 1:colcon.colcon_core.package_identification:_identify(src/nav/team2_nav) by extension 'colcon_meta'
[0.288s] Level 1:colcon.colcon_core.package_identification:_identify(src/nav/team2_nav) by extensions ['ros']
[0.288s] Level 1:colcon.colcon_core.package_identification:_identify(src/nav/team2_nav) by extension 'ros'
[0.290s] DEBUG:colcon.colcon_core.package_identification:Package 'src/nav/team2_nav' with type 'ros.ament_python' and name 'team2_nav'
[0.290s] Level 1:colcon.colcon_core.package_identification:_identify(src/object_detection) by extensions ['ignore', 'ignore_ament_install']
[0.291s] Level 1:colcon.colcon_core.package_identification:_identify(src/object_detection) by extension 'ignore'
[0.291s] Level 1:colcon.colcon_core.package_identification:_identify(src/object_detection) by extension 'ignore_ament_install'
[0.291s] Level 1:colcon.colcon_core.package_identification:_identify(src/object_detection) by extensions ['colcon_pkg']
[0.291s] Level 1:colcon.colcon_core.package_identification:_identify(src/object_detection) by extension 'colcon_pkg'
[0.291s] Level 1:colcon.colcon_core.package_identification:_identify(src/object_detection) by extensions ['colcon_meta']
[0.291s] Level 1:colcon.colcon_core.package_identification:_identify(src/object_detection) by extension 'colcon_meta'
[0.291s] Level 1:colcon.colcon_core.package_identification:_identify(src/object_detection) by extensions ['ros']
[0.291s] Level 1:colcon.colcon_core.package_identification:_identify(src/object_detection) by extension 'ros'
[0.293s] DEBUG:colcon.colcon_core.package_identification:Package 'src/object_detection' with type 'ros.ament_python' and name 'object_detection'
[0.293s] Level 1:colcon.colcon_core.package_identification:_identify(src/package_with_interfaces) by extensions ['ignore', 'ignore_ament_install']
[0.293s] Level 1:colcon.colcon_core.package_identification:_identify(src/package_with_interfaces) by extension 'ignore'
[0.293s] Level 1:colcon.colcon_core.package_identification:_identify(src/package_with_interfaces) by extension 'ignore_ament_install'
[0.293s] Level 1:colcon.colcon_core.package_identification:_identify(src/package_with_interfaces) by extensions ['colcon_pkg']
[0.293s] Level 1:colcon.colcon_core.package_identification:_identify(src/package_with_interfaces) by extension 'colcon_pkg'
[0.293s] Level 1:colcon.colcon_core.package_identification:_identify(src/package_with_interfaces) by extensions ['colcon_meta']
[0.293s] Level 1:colcon.colcon_core.package_identification:_identify(src/package_with_interfaces) by extension 'colcon_meta'
[0.293s] Level 1:colcon.colcon_core.package_identification:_identify(src/package_with_interfaces) by extensions ['ros']
[0.293s] Level 1:colcon.colcon_core.package_identification:_identify(src/package_with_interfaces) by extension 'ros'
[0.294s] DEBUG:colcon.colcon_core.package_identification:Package 'src/package_with_interfaces' with type 'ros.ament_cmake' and name 'package_with_interfaces'
[0.294s] Level 1:colcon.colcon_core.package_identification:_identify(src/rpLidar_lab) by extensions ['ignore', 'ignore_ament_install']
[0.295s] Level 1:colcon.colcon_core.package_identification:_identify(src/rpLidar_lab) by extension 'ignore'
[0.295s] Level 1:colcon.colcon_core.package_identification:_identify(src/rpLidar_lab) by extension 'ignore_ament_install'
[0.295s] Level 1:colcon.colcon_core.package_identification:_identify(src/rpLidar_lab) by extensions ['colcon_pkg']
[0.295s] Level 1:colcon.colcon_core.package_identification:_identify(src/rpLidar_lab) by extension 'colcon_pkg'
[0.295s] Level 1:colcon.colcon_core.package_identification:_identify(src/rpLidar_lab) by extensions ['colcon_meta']
[0.295s] Level 1:colcon.colcon_core.package_identification:_identify(src/rpLidar_lab) by extension 'colcon_meta'
[0.295s] Level 1:colcon.colcon_core.package_identification:_identify(src/rpLidar_lab) by extensions ['ros']
[0.295s] Level 1:colcon.colcon_core.package_identification:_identify(src/rpLidar_lab) by extension 'ros'
[0.296s] DEBUG:colcon.colcon_core.package_identification:Package 'src/rpLidar_lab' with type 'ros.ament_python' and name 'rpLidar_lab'
[0.296s] Level 1:colcon.colcon_core.package_discovery:discover_packages(recursive) using defaults
[0.296s] Level 1:colcon.colcon_core.package_discovery:discover_packages(ignore) discover
[0.296s] Level 1:colcon.colcon_core.package_discovery:discover_packages(ignore) using defaults
[0.297s] Level 1:colcon.colcon_core.package_discovery:discover_packages(path) discover
[0.297s] Level 1:colcon.colcon_core.package_discovery:discover_packages(path) using defaults
[0.348s] Level 1:colcon.colcon_core.package_discovery:discover_packages(prefix_path) check parameters
[0.348s] Level 1:colcon.colcon_core.package_discovery:discover_packages(prefix_path) discover
[0.349s] WARNING:colcon.colcon_ros.prefix_path.ament:The path '/home/mscrobotics2425laptop16/Robotics_Team2/install/interfaces' in the environment variable AMENT_PREFIX_PATH doesn't exist
[0.350s] WARNING:colcon.colcon_ros.prefix_path.catkin:The path '/home/mscrobotics2425laptop16/Robotics_Team2/install/interfaces' in the environment variable CMAKE_PREFIX_PATH doesn't exist
[0.352s] DEBUG:colcon.colcon_installed_package_information.package_discovery:Found 6 installed packages in /home/mscrobotics2425laptop16/Robotics_Team2/install
[0.353s] DEBUG:colcon.colcon_installed_package_information.package_discovery:Found 35 installed packages in /home/mscrobotics2425laptop16/interbotix_ws/install
[0.354s] DEBUG:colcon.colcon_installed_package_information.package_discovery:Found 1 installed packages in /home/mscrobotics2425laptop16/apriltag_ws/install
[0.357s] DEBUG:colcon.colcon_installed_package_information.package_discovery:Found 433 installed packages in /opt/ros/humble
[0.360s] Level 1:colcon.colcon_core.package_discovery:discover_packages(prefix_path) using defaults
[0.451s] Level 5:colcon.colcon_core.verb:set package 'fake_arm' build argument 'cmake_args' from command line to 'None'
[0.451s] Level 5:colcon.colcon_core.verb:set package 'fake_arm' build argument 'cmake_target' from command line to 'None'
[0.451s] Level 5:colcon.colcon_core.verb:set package 'fake_arm' build argument 'cmake_target_skip_unavailable' from command line to 'False'
[0.451s] Level 5:colcon.colcon_core.verb:set package 'fake_arm' build argument 'cmake_clean_cache' from command line to 'False'
[0.451s] Level 5:colcon.colcon_core.verb:set package 'fake_arm' build argument 'cmake_clean_first' from command line to 'False'
[0.451s] Level 5:colcon.colcon_core.verb:set package 'fake_arm' build argument 'cmake_force_configure' from command line to 'False'
[0.451s] Level 5:colcon.colcon_core.verb:set package 'fake_arm' build argument 'ament_cmake_args' from command line to 'None'
[0.452s] Level 5:colcon.colcon_core.verb:set package 'fake_arm' build argument 'catkin_cmake_args' from command line to 'None'
[0.452s] Level 5:colcon.colcon_core.verb:set package 'fake_arm' build argument 'catkin_skip_building_tests' from command line to 'False'
[0.452s] DEBUG:colcon.colcon_core.verb:Building package 'fake_arm' with the following arguments: {'ament_cmake_args': None, 'build_base': '/home/mscrobotics2425laptop16/Robotics_Team2/build/fake_arm', 'catkin_cmake_args': None, 'catkin_skip_building_tests': False, 'cmake_args': None, 'cmake_clean_cache': False, 'cmake_clean_first': False, 'cmake_force_configure': False, 'cmake_target': None, 'cmake_target_skip_unavailable': False, 'install_base': '/home/mscrobotics2425laptop16/Robotics_Team2/install/fake_arm', 'merge_install': False, 'path': '/home/mscrobotics2425laptop16/Robotics_Team2/src/fake_arm', 'symlink_install': False, 'test_result_base': None}
[0.452s] Level 5:colcon.colcon_core.verb:set package 'object_detection' build argument 'cmake_args' from command line to 'None'
[0.453s] Level 5:colcon.colcon_core.verb:set package 'object_detection' build argument 'cmake_target' from command line to 'None'
[0.453s] Level 5:colcon.colcon_core.verb:set package 'object_detection' build argument 'cmake_target_skip_unavailable' from command line to 'False'
[0.453s] Level 5:colcon.colcon_core.verb:set package 'object_detection' build argument 'cmake_clean_cache' from command line to 'False'
[0.453s] Level 5:colcon.colcon_core.verb:set package 'object_detection' build argument 'cmake_clean_first' from command line to 'False'
[0.453s] Level 5:colcon.colcon_core.verb:set package 'object_detection' build argument 'cmake_force_configure' from command line to 'False'
[0.453s] Level 5:colcon.colcon_core.verb:set package 'object_detection' build argument 'ament_cmake_args' from command line to 'None'
[0.453s] Level 5:colcon.colcon_core.verb:set package 'object_detection' build argument 'catkin_cmake_args' from command line to 'None'
[0.453s] Level 5:colcon.colcon_core.verb:set package 'object_detection' build argument 'catkin_skip_building_tests' from command line to 'False'
[0.453s] DEBUG:colcon.colcon_core.verb:Building package 'object_detection' with the following arguments: {'ament_cmake_args': None, 'build_base': '/home/mscrobotics2425laptop16/Robotics_Team2/build/object_detection', 'catkin_cmake_args': None, 'catkin_skip_building_tests': False, 'cmake_args': None, 'cmake_clean_cache': False, 'cmake_clean_first': False, 'cmake_force_configure': False, 'cmake_target': None, 'cmake_target_skip_unavailable': False, 'install_base': '/home/mscrobotics2425laptop16/Robotics_Team2/install/object_detection', 'merge_install': False, 'path': '/home/mscrobotics2425laptop16/Robotics_Team2/src/object_detection', 'symlink_install': False, 'test_result_base': None}
[0.453s] Level 5:colcon.colcon_core.verb:set package 'package_with_interfaces' build argument 'cmake_args' from command line to 'None'
[0.453s] Level 5:colcon.colcon_core.verb:set package 'package_with_interfaces' build argument 'cmake_target' from command line to 'None'
[0.453s] Level 5:colcon.colcon_core.verb:set package 'package_with_interfaces' build argument 'cmake_target_skip_unavailable' from command line to 'False'
[0.453s] Level 5:colcon.colcon_core.verb:set package 'package_with_interfaces' build argument 'cmake_clean_cache' from command line to 'False'
[0.453s] Level 5:colcon.colcon_core.verb:set package 'package_with_interfaces' build argument 'cmake_clean_first' from command line to 'False'
[0.453s] Level 5:colcon.colcon_core.verb:set package 'package_with_interfaces' build argument 'cmake_force_configure' from command line to 'False'
[0.453s] Level 5:colcon.colcon_core.verb:set package 'package_with_interfaces' build argument 'ament_cmake_args' from command line to 'None'
[0.453s] Level 5:colcon.colcon_core.verb:set package 'package_with_interfaces' build argument 'catkin_cmake_args' from command line to 'None'
[0.453s] Level 5:colcon.colcon_core.verb:set package 'package_with_interfaces' build argument 'catkin_skip_building_tests' from command line to 'False'
[0.453s] DEBUG:colcon.colcon_core.verb:Building package 'package_with_interfaces' with the following arguments: {'ament_cmake_args': None, 'build_base': '/home/mscrobotics2425laptop16/Robotics_Team2/build/package_with_interfaces', 'catkin_cmake_args': None, 'catkin_skip_building_tests': False, 'cmake_args': None, 'cmake_clean_cache': False, 'cmake_clean_first': False, 'cmake_force_configure': False, 'cmake_target': None, 'cmake_target_skip_unavailable': False, 'install_base': '/home/mscrobotics2425laptop16/Robotics_Team2/install/package_with_interfaces', 'merge_install': False, 'path': '/home/mscrobotics2425laptop16/Robotics_Team2/src/package_with_interfaces', 'symlink_install': False, 'test_result_base': None}
[0.454s] Level 5:colcon.colcon_core.verb:set package 'rpLidar_lab' build argument 'cmake_args' from command line to 'None'
[0.454s] Level 5:colcon.colcon_core.verb:set package 'rpLidar_lab' build argument 'cmake_target' from command line to 'None'
[0.454s] Level 5:colcon.colcon_core.verb:set package 'rpLidar_lab' build argument 'cmake_target_skip_unavailable' from command line to 'False'
[0.454s] Level 5:colcon.colcon_core.verb:set package 'rpLidar_lab' build argument 'cmake_clean_cache' from command line to 'False'
[0.454s] Level 5:colcon.colcon_core.verb:set package 'rpLidar_lab' build argument 'cmake_clean_first' from command line to 'False'
[0.454s] Level 5:colcon.colcon_core.verb:set package 'rpLidar_lab' build argument 'cmake_force_configure' from command line to 'False'
[0.454s] Level 5:colcon.colcon_core.verb:set package 'rpLidar_lab' build argument 'ament_cmake_args' from command line to 'None'
[0.454s] Level 5:colcon.colcon_core.verb:set package 'rpLidar_lab' build argument 'catkin_cmake_args' from command line to 'None'
[0.454s] Level 5:colcon.colcon_core.verb:set package 'rpLidar_lab' build argument 'catkin_skip_building_tests' from command line to 'False'
[0.454s] DEBUG:colcon.colcon_core.verb:Building package 'rpLidar_lab' with the following arguments: {'ament_cmake_args': None, 'build_base': '/home/mscrobotics2425laptop16/Robotics_Team2/build/rpLidar_lab', 'catkin_cmake_args': None, 'catkin_skip_building_tests': False, 'cmake_args': None, 'cmake_clean_cache': False, 'cmake_clean_first': False, 'cmake_force_configure': False, 'cmake_target': None, 'cmake_target_skip_unavailable': False, 'install_base': '/home/mscrobotics2425laptop16/Robotics_Team2/install/rpLidar_lab', 'merge_install': False, 'path': '/home/mscrobotics2425laptop16/Robotics_Team2/src/rpLidar_lab', 'symlink_install': False, 'test_result_base': None}
[0.454s] Level 5:colcon.colcon_core.verb:set package 'team2_nav' build argument 'cmake_args' from command line to 'None'
[0.454s] Level 5:colcon.colcon_core.verb:set package 'team2_nav' build argument 'cmake_target' from command line to 'None'
[0.454s] Level 5:colcon.colcon_core.verb:set package 'team2_nav' build argument 'cmake_target_skip_unavailable' from command line to 'False'
[0.454s] Level 5:colcon.colcon_core.verb:set package 'team2_nav' build argument 'cmake_clean_cache' from command line to 'False'
[0.454s] Level 5:colcon.colcon_core.verb:set package 'team2_nav' build argument 'cmake_clean_first' from command line to 'False'
[0.454s] Level 5:colcon.colcon_core.verb:set package 'team2_nav' build argument 'cmake_force_configure' from command line to 'False'
[0.454s] Level 5:colcon.colcon_core.verb:set package 'team2_nav' build argument 'ament_cmake_args' from command line to 'None'
[0.454s] Level 5:colcon.colcon_core.verb:set package 'team2_nav' build argument 'catkin_cmake_args' from command line to 'None'
[0.454s] Level 5:colcon.colcon_core.verb:set package 'team2_nav' build argument 'catkin_skip_building_tests' from command line to 'False'
[0.454s] DEBUG:colcon.colcon_core.verb:Building package 'team2_nav' with the following arguments: {'ament_cmake_args': None, 'build_base': '/home/mscrobotics2425laptop16/Robotics_Team2/build/team2_nav', 'catkin_cmake_args': None, 'catkin_skip_building_tests': False, 'cmake_args': None, 'cmake_clean_cache': False, 'cmake_clean_first': False, 'cmake_force_configure': False, 'cmake_target': None, 'cmake_target_skip_unavailable': False, 'install_base': '/home/mscrobotics2425laptop16/Robotics_Team2/install/team2_nav', 'merge_install': False, 'path': '/home/mscrobotics2425laptop16/Robotics_Team2/src/nav/team2_nav', 'symlink_install': False, 'test_result_base': None}
[0.455s] Level 5:colcon.colcon_core.verb:set package 'manipulator' build argument 'cmake_args' from command line to 'None'
[0.455s] Level 5:colcon.colcon_core.verb:set package 'manipulator' build argument 'cmake_target' from command line to 'None'
[0.455s] Level 5:colcon.colcon_core.verb:set package 'manipulator' build argument 'cmake_target_skip_unavailable' from command line to 'False'
[0.455s] Level 5:colcon.colcon_core.verb:set package 'manipulator' build argument 'cmake_clean_cache' from command line to 'False'
[0.455s] Level 5:colcon.colcon_core.verb:set package 'manipulator' build argument 'cmake_clean_first' from command line to 'False'
[0.455s] Level 5:colcon.colcon_core.verb:set package 'manipulator' build argument 'cmake_force_configure' from command line to 'False'
[0.455s] Level 5:colcon.colcon_core.verb:set package 'manipulator' build argument 'ament_cmake_args' from command line to 'None'
[0.455s] Level 5:colcon.colcon_core.verb:set package 'manipulator' build argument 'catkin_cmake_args' from command line to 'None'
[0.455s] Level 5:colcon.colcon_core.verb:set package 'manipulator' build argument 'catkin_skip_building_tests' from command line to 'False'
[0.455s] DEBUG:colcon.colcon_core.verb:Building package 'manipulator' with the following arguments: {'ament_cmake_args': None, 'build_base': '/home/mscrobotics2425laptop16/Robotics_Team2/build/manipulator', 'catkin_cmake_args': None, 'catkin_skip_building_tests': False, 'cmake_args': None, 'cmake_clean_cache': False, 'cmake_clean_first': False, 'cmake_force_configure': False, 'cmake_target': None, 'cmake_target_skip_unavailable': False, 'install_base': '/home/mscrobotics2425laptop16/Robotics_Team2/install/manipulator', 'merge_install': False, 'path': '/home/mscrobotics2425laptop16/Robotics_Team2/src/manipulator', 'symlink_install': False, 'test_result_base': None}
[0.455s] INFO:colcon.colcon_core.executor:Executing jobs using 'parallel' executor
[0.456s] DEBUG:colcon.colcon_parallel_executor.executor.parallel:run_until_complete
[0.457s] INFO:colcon.colcon_ros.task.ament_cmake.build:Building ROS package in '/home/mscrobotics2425laptop16/Robotics_Team2/src/package_with_interfaces' with build type 'ament_cmake'
[0.457s] INFO:colcon.colcon_cmake.task.cmake.build:Building CMake package in '/home/mscrobotics2425laptop16/Robotics_Team2/src/package_with_interfaces'
[0.461s] INFO:colcon.colcon_core.plugin_system:Skipping extension 'colcon_core.shell.bat': Not used on non-Windows systems
[0.461s] INFO:colcon.colcon_core.shell:Skip shell extension 'powershell' for command environment: Not usable outside of PowerShell
[0.461s] DEBUG:colcon.colcon_core.shell:Skip shell extension 'dsv' for command environment
[0.472s] INFO:colcon.colcon_ros.task.ament_python.build:Building ROS package in '/home/mscrobotics2425laptop16/Robotics_Team2/src/fake_arm' with build type 'ament_python'
[0.472s] Level 1:colcon.colcon_core.shell:create_environment_hook('fake_arm', 'ament_prefix_path')
[0.474s] INFO:colcon.colcon_core.shell:Creating environment hook '/home/mscrobotics2425laptop16/Robotics_Team2/install/fake_arm/share/fake_arm/hook/ament_prefix_path.ps1'
[0.476s] INFO:colcon.colcon_core.shell:Creating environment descriptor '/home/mscrobotics2425laptop16/Robotics_Team2/install/fake_arm/share/fake_arm/hook/ament_prefix_path.dsv'
[0.477s] INFO:colcon.colcon_core.shell:Creating environment hook '/home/mscrobotics2425laptop16/Robotics_Team2/install/fake_arm/share/fake_arm/hook/ament_prefix_path.sh'
[0.480s] INFO:colcon.colcon_core.shell:Skip shell extension 'powershell' for command environment: Not usable outside of PowerShell
[0.480s] DEBUG:colcon.colcon_core.shell:Skip shell extension 'dsv' for command environment
[0.492s] INFO:colcon.colcon_ros.task.ament_python.build:Building ROS package in '/home/mscrobotics2425laptop16/Robotics_Team2/src/object_detection' with build type 'ament_python'
[0.493s] Level 1:colcon.colcon_core.shell:create_environment_hook('object_detection', 'ament_prefix_path')
[0.493s] INFO:colcon.colcon_core.shell:Creating environment hook '/home/mscrobotics2425laptop16/Robotics_Team2/install/object_detection/share/object_detection/hook/ament_prefix_path.ps1'
[0.496s] INFO:colcon.colcon_core.shell:Creating environment descriptor '/home/mscrobotics2425laptop16/Robotics_Team2/install/object_detection/share/object_detection/hook/ament_prefix_path.dsv'
[0.497s] INFO:colcon.colcon_core.shell:Creating environment hook '/home/mscrobotics2425laptop16/Robotics_Team2/install/object_detection/share/object_detection/hook/ament_prefix_path.sh'
[0.499s] INFO:colcon.colcon_core.shell:Skip shell extension 'powershell' for command environment: Not usable outside of PowerShell
[0.499s] DEBUG:colcon.colcon_core.shell:Skip shell extension 'dsv' for command environment
[0.512s] INFO:colcon.colcon_ros.task.ament_python.build:Building ROS package in '/home/mscrobotics2425laptop16/Robotics_Team2/src/rpLidar_lab' with build type 'ament_python'
[0.512s] Level 1:colcon.colcon_core.shell:create_environment_hook('rpLidar_lab', 'ament_prefix_path')
[0.512s] INFO:colcon.colcon_core.shell:Creating environment hook '/home/mscrobotics2425laptop16/Robotics_Team2/install/rpLidar_lab/share/rpLidar_lab/hook/ament_prefix_path.ps1'
[0.514s] INFO:colcon.colcon_core.shell:Creating environment descriptor '/home/mscrobotics2425laptop16/Robotics_Team2/install/rpLidar_lab/share/rpLidar_lab/hook/ament_prefix_path.dsv'
[0.514s] INFO:colcon.colcon_core.shell:Creating environment hook '/home/mscrobotics2425laptop16/Robotics_Team2/install/rpLidar_lab/share/rpLidar_lab/hook/ament_prefix_path.sh'
[0.515s] INFO:colcon.colcon_core.shell:Skip shell extension 'powershell' for command environment: Not usable outside of PowerShell
[0.515s] DEBUG:colcon.colcon_core.shell:Skip shell extension 'dsv' for command environment
[0.528s] INFO:colcon.colcon_ros.task.ament_python.build:Building ROS package in '/home/mscrobotics2425laptop16/Robotics_Team2/src/nav/team2_nav' with build type 'ament_python'
[0.528s] Level 1:colcon.colcon_core.shell:create_environment_hook('team2_nav', 'ament_prefix_path')
[0.529s] INFO:colcon.colcon_core.shell:Creating environment hook '/home/mscrobotics2425laptop16/Robotics_Team2/install/team2_nav/share/team2_nav/hook/ament_prefix_path.ps1'
[0.532s] INFO:colcon.colcon_core.shell:Creating environment descriptor '/home/mscrobotics2425laptop16/Robotics_Team2/install/team2_nav/share/team2_nav/hook/ament_prefix_path.dsv'
[0.534s] INFO:colcon.colcon_core.shell:Creating environment hook '/home/mscrobotics2425laptop16/Robotics_Team2/install/team2_nav/share/team2_nav/hook/ament_prefix_path.sh'
[0.537s] INFO:colcon.colcon_core.shell:Skip shell extension 'powershell' for command environment: Not usable outside of PowerShell
[0.537s] DEBUG:colcon.colcon_core.shell:Skip shell extension 'dsv' for command environment
[0.574s] DEBUG:colcon.colcon_core.event_handler.log_command:Invoking command in '/home/mscrobotics2425laptop16/Robotics_Team2/build/package_with_interfaces': CMAKE_PREFIX_PATH=${CMAKE_PREFIX_PATH}:/home/mscrobotics2425laptop16/Robotics_Team2/install/team2_nav:/home/mscrobotics2425laptop16/Robotics_Team2/install/rpLidar_lab:/home/mscrobotics2425laptop16/Robotics_Team2/install/manipulator:/home/mscrobotics2425laptop16/Robotics_Team2/install/object_detection:/home/mscrobotics2425laptop16/Robotics_Team2/install/fake_arm:/home/mscrobotics2425laptop16/interbotix_ws/install/interbotix_xs_modules:/home/mscrobotics2425laptop16/interbotix_ws/install/interbotix_perception_modules:/home/mscrobotics2425laptop16/interbotix_ws/install/interbotix_common_modules:/home/mscrobotics2425laptop16/interbotix_ws/install/control_pkg:/opt/ros/humble /usr/bin/cmake --build /home/mscrobotics2425laptop16/Robotics_Team2/build/package_with_interfaces -- -j12 -l12
[1.316s] INFO:colcon.colcon_core.task.python.build:Building Python package in '/home/mscrobotics2425laptop16/Robotics_Team2/src/fake_arm'
[1.316s] INFO:colcon.colcon_core.shell:Skip shell extension 'powershell' for command environment: Not usable outside of PowerShell
[1.316s] DEBUG:colcon.colcon_core.shell:Skip shell extension 'dsv' for command environment
[1.793s] INFO:colcon.colcon_core.task.python.build:Building Python package in '/home/mscrobotics2425laptop16/Robotics_Team2/src/object_detection'
[1.793s] INFO:colcon.colcon_core.shell:Skip shell extension 'powershell' for command environment: Not usable outside of PowerShell
[1.793s] DEBUG:colcon.colcon_core.shell:Skip shell extension 'dsv' for command environment
[2.164s] INFO:colcon.colcon_core.task.python.build:Building Python package in '/home/mscrobotics2425laptop16/Robotics_Team2/src/rpLidar_lab'
[2.165s] INFO:colcon.colcon_core.shell:Skip shell extension 'powershell' for command environment: Not usable outside of PowerShell
[2.165s] DEBUG:colcon.colcon_core.shell:Skip shell extension 'dsv' for command environment
[2.616s] INFO:colcon.colcon_core.task.python.build:Building Python package in '/home/mscrobotics2425laptop16/Robotics_Team2/src/nav/team2_nav'
[2.618s] INFO:colcon.colcon_core.shell:Skip shell extension 'powershell' for command environment: Not usable outside of PowerShell
[2.618s] DEBUG:colcon.colcon_core.shell:Skip shell extension 'dsv' for command environment
[2.633s] DEBUG:colcon.colcon_core.event_handler.log_command:Invoked command in '/home/mscrobotics2425laptop16/Robotics_Team2/build/package_with_interfaces' returned '0': CMAKE_PREFIX_PATH=${CMAKE_PREFIX_PATH}:/home/mscrobotics2425laptop16/Robotics_Team2/install/team2_nav:/home/mscrobotics2425laptop16/Robotics_Team2/install/rpLidar_lab:/home/mscrobotics2425laptop16/Robotics_Team2/install/manipulator:/home/mscrobotics2425laptop16/Robotics_Team2/install/object_detection:/home/mscrobotics2425laptop16/Robotics_Team2/install/fake_arm:/home/mscrobotics2425laptop16/interbotix_ws/install/interbotix_xs_modules:/home/mscrobotics2425laptop16/interbotix_ws/install/interbotix_perception_modules:/home/mscrobotics2425laptop16/interbotix_ws/install/interbotix_common_modules:/home/mscrobotics2425laptop16/interbotix_ws/install/control_pkg:/opt/ros/humble /usr/bin/cmake --build /home/mscrobotics2425laptop16/Robotics_Team2/build/package_with_interfaces -- -j12 -l12
[2.659s] DEBUG:colcon.colcon_core.event_handler.log_command:Invoking command in '/home/mscrobotics2425laptop16/Robotics_Team2/build/package_with_interfaces': CMAKE_PREFIX_PATH=${CMAKE_PREFIX_PATH}:/home/mscrobotics2425laptop16/Robotics_Team2/install/team2_nav:/home/mscrobotics2425laptop16/Robotics_Team2/install/rpLidar_lab:/home/mscrobotics2425laptop16/Robotics_Team2/install/manipulator:/home/mscrobotics2425laptop16/Robotics_Team2/install/object_detection:/home/mscrobotics2425laptop16/Robotics_Team2/install/fake_arm:/home/mscrobotics2425laptop16/interbotix_ws/install/interbotix_xs_modules:/home/mscrobotics2425laptop16/interbotix_ws/install/interbotix_perception_modules:/home/mscrobotics2425laptop16/interbotix_ws/install/interbotix_common_modules:/home/mscrobotics2425laptop16/interbotix_ws/install/control_pkg:/opt/ros/humble /usr/bin/cmake --install /home/mscrobotics2425laptop16/Robotics_Team2/build/package_with_interfaces
[2.854s] Level 1:colcon.colcon_core.environment:create_environment_scripts_only(package_with_interfaces)
[2.856s] DEBUG:colcon.colcon_core.event_handler.log_command:Invoked command in '/home/mscrobotics2425laptop16/Robotics_Team2/build/package_with_interfaces' returned '0': CMAKE_PREFIX_PATH=${CMAKE_PREFIX_PATH}:/home/mscrobotics2425laptop16/Robotics_Team2/install/team2_nav:/home/mscrobotics2425laptop16/Robotics_Team2/install/rpLidar_lab:/home/mscrobotics2425laptop16/Robotics_Team2/install/manipulator:/home/mscrobotics2425laptop16/Robotics_Team2/install/object_detection:/home/mscrobotics2425laptop16/Robotics_Team2/install/fake_arm:/home/mscrobotics2425laptop16/interbotix_ws/install/interbotix_xs_modules:/home/mscrobotics2425laptop16/interbotix_ws/install/interbotix_perception_modules:/home/mscrobotics2425laptop16/interbotix_ws/install/interbotix_common_modules:/home/mscrobotics2425laptop16/interbotix_ws/install/control_pkg:/opt/ros/humble /usr/bin/cmake --install /home/mscrobotics2425laptop16/Robotics_Team2/build/package_with_interfaces
[2.860s] Level 1:colcon.colcon_core.environment:checking '/home/mscrobotics2425laptop16/Robotics_Team2/install/package_with_interfaces' for CMake module files
[2.862s] Level 1:colcon.colcon_core.environment:checking '/home/mscrobotics2425laptop16/Robotics_Team2/install/package_with_interfaces' for CMake config files
[2.863s] Level 1:colcon.colcon_core.shell:create_environment_hook('package_with_interfaces', 'cmake_prefix_path')
[2.864s] INFO:colcon.colcon_core.shell:Creating environment hook '/home/mscrobotics2425laptop16/Robotics_Team2/install/package_with_interfaces/share/package_with_interfaces/hook/cmake_prefix_path.ps1'
[2.867s] INFO:colcon.colcon_core.shell:Creating environment descriptor '/home/mscrobotics2425laptop16/Robotics_Team2/install/package_with_interfaces/share/package_with_interfaces/hook/cmake_prefix_path.dsv'
[2.869s] INFO:colcon.colcon_core.shell:Creating environment hook '/home/mscrobotics2425laptop16/Robotics_Team2/install/package_with_interfaces/share/package_with_interfaces/hook/cmake_prefix_path.sh'
[2.874s] Level 1:colcon.colcon_core.environment:checking '/home/mscrobotics2425laptop16/Robotics_Team2/install/package_with_interfaces/lib'
[2.875s] Level 1:colcon.colcon_core.shell:create_environment_hook('package_with_interfaces', 'ld_library_path_lib')
[2.875s] INFO:colcon.colcon_core.shell:Creating environment hook '/home/mscrobotics2425laptop16/Robotics_Team2/install/package_with_interfaces/share/package_with_interfaces/hook/ld_library_path_lib.ps1'
[2.877s] INFO:colcon.colcon_core.shell:Creating environment descriptor '/home/mscrobotics2425laptop16/Robotics_Team2/install/package_with_interfaces/share/package_with_interfaces/hook/ld_library_path_lib.dsv'
[2.878s] INFO:colcon.colcon_core.shell:Creating environment hook '/home/mscrobotics2425laptop16/Robotics_Team2/install/package_with_interfaces/share/package_with_interfaces/hook/ld_library_path_lib.sh'
[2.879s] Level 1:colcon.colcon_core.environment:checking '/home/mscrobotics2425laptop16/Robotics_Team2/install/package_with_interfaces/bin'
[2.879s] Level 1:colcon.colcon_core.environment:checking '/home/mscrobotics2425laptop16/Robotics_Team2/install/package_with_interfaces/lib/pkgconfig/package_with_interfaces.pc'
[2.880s] Level 1:colcon.colcon_core.environment:checking '/home/mscrobotics2425laptop16/Robotics_Team2/install/package_with_interfaces/lib/python3.10/site-packages'
[2.881s] Level 1:colcon.colcon_core.environment:checking '/home/mscrobotics2425laptop16/Robotics_Team2/install/package_with_interfaces/bin'
[2.882s] INFO:colcon.colcon_core.shell:Creating package script '/home/mscrobotics2425laptop16/Robotics_Team2/install/package_with_interfaces/share/package_with_interfaces/package.ps1'
[2.885s] INFO:colcon.colcon_core.shell:Creating package descriptor '/home/mscrobotics2425laptop16/Robotics_Team2/install/package_with_interfaces/share/package_with_interfaces/package.dsv'
[2.887s] INFO:colcon.colcon_core.shell:Creating package script '/home/mscrobotics2425laptop16/Robotics_Team2/install/package_with_interfaces/share/package_with_interfaces/package.sh'
[2.890s] INFO:colcon.colcon_core.shell:Creating package script '/home/mscrobotics2425laptop16/Robotics_Team2/install/package_with_interfaces/share/package_with_interfaces/package.bash'
[2.892s] INFO:colcon.colcon_core.shell:Creating package script '/home/mscrobotics2425laptop16/Robotics_Team2/install/package_with_interfaces/share/package_with_interfaces/package.zsh'
[2.894s] Level 1:colcon.colcon_core.environment:create_file_with_runtime_dependencies(/home/mscrobotics2425laptop16/Robotics_Team2/install/package_with_interfaces/share/colcon-core/packages/package_with_interfaces)
[2.896s] Level 1:colcon.colcon_core.environment:create_environment_scripts_only(package_with_interfaces)
[2.896s] Level 1:colcon.colcon_core.environment:checking '/home/mscrobotics2425laptop16/Robotics_Team2/install/package_with_interfaces' for CMake module files
[2.898s] Level 1:colcon.colcon_core.environment:checking '/home/mscrobotics2425laptop16/Robotics_Team2/install/package_with_interfaces' for CMake config files
[2.900s] Level 1:colcon.colcon_core.shell:create_environment_hook('package_with_interfaces', 'cmake_prefix_path')
[2.901s] INFO:colcon.colcon_core.shell:Creating environment hook '/home/mscrobotics2425laptop16/Robotics_Team2/install/package_with_interfaces/share/package_with_interfaces/hook/cmake_prefix_path.ps1'
[2.903s] INFO:colcon.colcon_core.shell:Creating environment descriptor '/home/mscrobotics2425laptop16/Robotics_Team2/install/package_with_interfaces/share/package_with_interfaces/hook/cmake_prefix_path.dsv'
[2.905s] INFO:colcon.colcon_core.shell:Creating environment hook '/home/mscrobotics2425laptop16/Robotics_Team2/install/package_with_interfaces/share/package_with_interfaces/hook/cmake_prefix_path.sh'
[2.908s] Level 1:colcon.colcon_core.environment:checking '/home/mscrobotics2425laptop16/Robotics_Team2/install/package_with_interfaces/lib'
[2.908s] Level 1:colcon.colcon_core.shell:create_environment_hook('package_with_interfaces', 'ld_library_path_lib')
[2.909s] INFO:colcon.colcon_core.shell:Creating environment hook '/home/mscrobotics2425laptop16/Robotics_Team2/install/package_with_interfaces/share/package_with_interfaces/hook/ld_library_path_lib.ps1'
[2.910s] INFO:colcon.colcon_core.shell:Creating environment descriptor '/home/mscrobotics2425laptop16/Robotics_Team2/install/package_with_interfaces/share/package_with_interfaces/hook/ld_library_path_lib.dsv'
[2.911s] INFO:colcon.colcon_core.shell:Creating environment hook '/home/mscrobotics2425laptop16/Robotics_Team2/install/package_with_interfaces/share/package_with_interfaces/hook/ld_library_path_lib.sh'
[2.912s] Level 1:colcon.colcon_core.environment:checking '/home/mscrobotics2425laptop16/Robotics_Team2/install/package_with_interfaces/bin'
[2.913s] Level 1:colcon.colcon_core.environment:checking '/home/mscrobotics2425laptop16/Robotics_Team2/install/package_with_interfaces/lib/pkgconfig/package_with_interfaces.pc'
[2.913s] Level 1:colcon.colcon_core.environment:checking '/home/mscrobotics2425laptop16/Robotics_Team2/install/package_with_interfaces/lib/python3.10/site-packages'
[2.914s] Level 1:colcon.colcon_core.environment:checking '/home/mscrobotics2425laptop16/Robotics_Team2/install/package_with_interfaces/bin'
[2.915s] INFO:colcon.colcon_core.shell:Creating package script '/home/mscrobotics2425laptop16/Robotics_Team2/install/package_with_interfaces/share/package_with_interfaces/package.ps1'
[2.918s] INFO:colcon.colcon_core.shell:Creating package descriptor '/home/mscrobotics2425laptop16/Robotics_Team2/install/package_with_interfaces/share/package_with_interfaces/package.dsv'
[2.920s] INFO:colcon.colcon_core.shell:Creating package script '/home/mscrobotics2425laptop16/Robotics_Team2/install/package_with_interfaces/share/package_with_interfaces/package.sh'
[2.921s] INFO:colcon.colcon_core.shell:Creating package script '/home/mscrobotics2425laptop16/Robotics_Team2/install/package_with_interfaces/share/package_with_interfaces/package.bash'
[2.923s] INFO:colcon.colcon_core.shell:Creating package script '/home/mscrobotics2425laptop16/Robotics_Team2/install/package_with_interfaces/share/package_with_interfaces/package.zsh'
[2.924s] Level 1:colcon.colcon_core.environment:create_file_with_runtime_dependencies(/home/mscrobotics2425laptop16/Robotics_Team2/install/package_with_interfaces/share/colcon-core/packages/package_with_interfaces)
[2.925s] INFO:colcon.colcon_ros.task.ament_python.build:Building ROS package in '/home/mscrobotics2425laptop16/Robotics_Team2/src/manipulator' with build type 'ament_python'
[2.925s] Level 1:colcon.colcon_core.shell:create_environment_hook('manipulator', 'ament_prefix_path')
[2.926s] INFO:colcon.colcon_core.shell:Creating environment hook '/home/mscrobotics2425laptop16/Robotics_Team2/install/manipulator/share/manipulator/hook/ament_prefix_path.ps1'
[2.928s] INFO:colcon.colcon_core.shell:Creating environment descriptor '/home/mscrobotics2425laptop16/Robotics_Team2/install/manipulator/share/manipulator/hook/ament_prefix_path.dsv'
[2.930s] INFO:colcon.colcon_core.shell:Creating environment hook '/home/mscrobotics2425laptop16/Robotics_Team2/install/manipulator/share/manipulator/hook/ament_prefix_path.sh'
[2.932s] INFO:colcon.colcon_core.shell:Skip shell extension 'powershell' for command environment: Not usable outside of PowerShell
[2.932s] DEBUG:colcon.colcon_core.shell:Skip shell extension 'dsv' for command environment
[3.479s] INFO:colcon.colcon_core.task.python.build:Building Python package in '/home/mscrobotics2425laptop16/Robotics_Team2/src/manipulator'
[3.480s] INFO:colcon.colcon_core.shell:Skip shell extension 'powershell' for command environment: Not usable outside of PowerShell
[3.480s] DEBUG:colcon.colcon_core.shell:Skip shell extension 'dsv' for command environment
[4.249s] DEBUG:colcon.colcon_core.event_handler.log_command:Invoking command in '/home/mscrobotics2425laptop16/Robotics_Team2/src/fake_arm': PYTHONPATH=/home/mscrobotics2425laptop16/Robotics_Team2/build/fake_arm/prefix_override:/usr/lib/python3/dist-packages/colcon_core/task/python/colcon_distutils_commands:/home/mscrobotics2425laptop16/Robotics_Team2/install/fake_arm/lib/python3.10/site-packages:${PYTHONPATH} /usr/bin/python3 -W ignore:setup.py install is deprecated -W ignore:easy_install command is deprecated setup.py egg_info --egg-base ../../build/fake_arm build --build-base /home/mscrobotics2425laptop16/Robotics_Team2/build/fake_arm/build install --record /home/mscrobotics2425laptop16/Robotics_Team2/build/fake_arm/install.log --single-version-externally-managed install_data
[4.811s] DEBUG:colcon.colcon_core.event_handler.log_command:Invoking command in '/home/mscrobotics2425laptop16/Robotics_Team2/src/object_detection': PYTHONPATH=/home/mscrobotics2425laptop16/Robotics_Team2/build/object_detection/prefix_override:/usr/lib/python3/dist-packages/colcon_core/task/python/colcon_distutils_commands:/home/mscrobotics2425laptop16/Robotics_Team2/install/object_detection/lib/python3.10/site-packages:${PYTHONPATH} /usr/bin/python3 -W ignore:setup.py install is deprecated -W ignore:easy_install command is deprecated setup.py egg_info --egg-base ../../build/object_detection build --build-base /home/mscrobotics2425laptop16/Robotics_Team2/build/object_detection/build install --record /home/mscrobotics2425laptop16/Robotics_Team2/build/object_detection/install.log --single-version-externally-managed install_data
[4.898s] DEBUG:colcon.colcon_core.event_handler.log_command:Invoking command in '/home/mscrobotics2425laptop16/Robotics_Team2/src/rpLidar_lab': PYTHONPATH=/home/mscrobotics2425laptop16/Robotics_Team2/build/rpLidar_lab/prefix_override:/usr/lib/python3/dist-packages/colcon_core/task/python/colcon_distutils_commands:/home/mscrobotics2425laptop16/Robotics_Team2/install/rpLidar_lab/lib/python3.10/site-packages:${PYTHONPATH} /usr/bin/python3 -W ignore:setup.py install is deprecated -W ignore:easy_install command is deprecated setup.py egg_info --egg-base ../../build/rpLidar_lab build --build-base /home/mscrobotics2425laptop16/Robotics_Team2/build/rpLidar_lab/build install --record /home/mscrobotics2425laptop16/Robotics_Team2/build/rpLidar_lab/install.log --single-version-externally-managed install_data
[4.908s] DEBUG:colcon.colcon_core.event_handler.log_command:Invoking command in '/home/mscrobotics2425laptop16/Robotics_Team2/src/nav/team2_nav': PYTHONPATH=/home/mscrobotics2425laptop16/Robotics_Team2/build/team2_nav/prefix_override:/usr/lib/python3/dist-packages/colcon_core/task/python/colcon_distutils_commands:/home/mscrobotics2425laptop16/Robotics_Team2/install/team2_nav/lib/python3.10/site-packages:${PYTHONPATH} /usr/bin/python3 -W ignore:setup.py install is deprecated -W ignore:easy_install command is deprecated setup.py egg_info --egg-base ../../../build/team2_nav build --build-base /home/mscrobotics2425laptop16/Robotics_Team2/build/team2_nav/build install --record /home/mscrobotics2425laptop16/Robotics_Team2/build/team2_nav/install.log --single-version-externally-managed install_data
[4.925s] DEBUG:colcon.colcon_core.event_handler.log_command:Invoking command in '/home/mscrobotics2425laptop16/Robotics_Team2/src/manipulator': PYTHONPATH=/home/mscrobotics2425laptop16/Robotics_Team2/build/manipulator/prefix_override:/usr/lib/python3/dist-packages/colcon_core/task/python/colcon_distutils_commands:/home/mscrobotics2425laptop16/Robotics_Team2/install/manipulator/lib/python3.10/site-packages:${PYTHONPATH} /usr/bin/python3 -W ignore:setup.py install is deprecated -W ignore:easy_install command is deprecated setup.py egg_info --egg-base ../../build/manipulator build --build-base /home/mscrobotics2425laptop16/Robotics_Team2/build/manipulator/build install --record /home/mscrobotics2425laptop16/Robotics_Team2/build/manipulator/install.log --single-version-externally-managed install_data
[6.315s] Level 1:colcon.colcon_core.environment:checking '/home/mscrobotics2425laptop16/Robotics_Team2/install/manipulator' for CMake module files
[6.318s] DEBUG:colcon.colcon_core.event_handler.log_command:Invoked command in '/home/mscrobotics2425laptop16/Robotics_Team2/src/manipulator' returned '0': PYTHONPATH=/home/mscrobotics2425laptop16/Robotics_Team2/build/manipulator/prefix_override:/usr/lib/python3/dist-packages/colcon_core/task/python/colcon_distutils_commands:/home/mscrobotics2425laptop16/Robotics_Team2/install/manipulator/lib/python3.10/site-packages:${PYTHONPATH} /usr/bin/python3 -W ignore:setup.py install is deprecated -W ignore:easy_install command is deprecated setup.py egg_info --egg-base ../../build/manipulator build --build-base /home/mscrobotics2425laptop16/Robotics_Team2/build/manipulator/build install --record /home/mscrobotics2425laptop16/Robotics_Team2/build/manipulator/install.log --single-version-externally-managed install_data
[6.321s] Level 1:colcon.colcon_core.environment:checking '/home/mscrobotics2425laptop16/Robotics_Team2/install/manipulator' for CMake config files
[6.333s] Level 1:colcon.colcon_core.environment:checking '/home/mscrobotics2425laptop16/Robotics_Team2/install/manipulator/lib'
[6.333s] Level 1:colcon.colcon_core.environment:checking '/home/mscrobotics2425laptop16/Robotics_Team2/install/manipulator/bin'
[6.333s] Level 1:colcon.colcon_core.environment:checking '/home/mscrobotics2425laptop16/Robotics_Team2/install/manipulator/lib/pkgconfig/manipulator.pc'
[6.334s] Level 1:colcon.colcon_core.environment:checking '/home/mscrobotics2425laptop16/Robotics_Team2/install/manipulator/lib/python3.10/site-packages'
[6.334s] Level 1:colcon.colcon_core.shell:create_environment_hook('manipulator', 'pythonpath')
[6.340s] INFO:colcon.colcon_core.shell:Creating environment hook '/home/mscrobotics2425laptop16/Robotics_Team2/install/manipulator/share/manipulator/hook/pythonpath.ps1'
[6.344s] INFO:colcon.colcon_core.shell:Creating environment descriptor '/home/mscrobotics2425laptop16/Robotics_Team2/install/manipulator/share/manipulator/hook/pythonpath.dsv'
[6.346s] INFO:colcon.colcon_core.shell:Creating environment hook '/home/mscrobotics2425laptop16/Robotics_Team2/install/manipulator/share/manipulator/hook/pythonpath.sh'
[6.350s] Level 1:colcon.colcon_core.environment:checking '/home/mscrobotics2425laptop16/Robotics_Team2/install/manipulator/bin'
[6.352s] Level 1:colcon.colcon_core.environment:create_environment_scripts_only(manipulator)
[6.355s] INFO:colcon.colcon_core.shell:Creating package script '/home/mscrobotics2425laptop16/Robotics_Team2/install/manipulator/share/manipulator/package.ps1'
[6.359s] INFO:colcon.colcon_core.shell:Creating package descriptor '/home/mscrobotics2425laptop16/Robotics_Team2/install/manipulator/share/manipulator/package.dsv'
[6.361s] INFO:colcon.colcon_core.shell:Creating package script '/home/mscrobotics2425laptop16/Robotics_Team2/install/manipulator/share/manipulator/package.sh'
[6.363s] INFO:colcon.colcon_core.shell:Creating package script '/home/mscrobotics2425laptop16/Robotics_Team2/install/manipulator/share/manipulator/package.bash'
[6.365s] INFO:colcon.colcon_core.shell:Creating package script '/home/mscrobotics2425laptop16/Robotics_Team2/install/manipulator/share/manipulator/package.zsh'
[6.366s] Level 1:colcon.colcon_core.environment:create_file_with_runtime_dependencies(/home/mscrobotics2425laptop16/Robotics_Team2/install/manipulator/share/colcon-core/packages/manipulator)
[6.390s] Level 1:colcon.colcon_core.environment:checking '/home/mscrobotics2425laptop16/Robotics_Team2/install/fake_arm' for CMake module files
[6.392s] DEBUG:colcon.colcon_core.event_handler.log_command:Invoked command in '/home/mscrobotics2425laptop16/Robotics_Team2/src/fake_arm' returned '0': PYTHONPATH=/home/mscrobotics2425laptop16/Robotics_Team2/build/fake_arm/prefix_override:/usr/lib/python3/dist-packages/colcon_core/task/python/colcon_distutils_commands:/home/mscrobotics2425laptop16/Robotics_Team2/install/fake_arm/lib/python3.10/site-packages:${PYTHONPATH} /usr/bin/python3 -W ignore:setup.py install is deprecated -W ignore:easy_install command is deprecated setup.py egg_info --egg-base ../../build/fake_arm build --build-base /home/mscrobotics2425laptop16/Robotics_Team2/build/fake_arm/build install --record /home/mscrobotics2425laptop16/Robotics_Team2/build/fake_arm/install.log --single-version-externally-managed install_data
[6.392s] Level 1:colcon.colcon_core.environment:checking '/home/mscrobotics2425laptop16/Robotics_Team2/install/fake_arm' for CMake config files
[6.395s] Level 1:colcon.colcon_core.environment:checking '/home/mscrobotics2425laptop16/Robotics_Team2/install/fake_arm/lib'
[6.395s] Level 1:colcon.colcon_core.environment:checking '/home/mscrobotics2425laptop16/Robotics_Team2/install/fake_arm/bin'
[6.396s] Level 1:colcon.colcon_core.environment:checking '/home/mscrobotics2425laptop16/Robotics_Team2/install/fake_arm/lib/pkgconfig/fake_arm.pc'
[6.396s] Level 1:colcon.colcon_core.environment:checking '/home/mscrobotics2425laptop16/Robotics_Team2/install/fake_arm/lib/python3.10/site-packages'
[6.396s] Level 1:colcon.colcon_core.shell:create_environment_hook('fake_arm', 'pythonpath')
[6.397s] INFO:colcon.colcon_core.shell:Creating environment hook '/home/mscrobotics2425laptop16/Robotics_Team2/install/fake_arm/share/fake_arm/hook/pythonpath.ps1'
[6.398s] INFO:colcon.colcon_core.shell:Creating environment descriptor '/home/mscrobotics2425laptop16/Robotics_Team2/install/fake_arm/share/fake_arm/hook/pythonpath.dsv'
[6.399s] INFO:colcon.colcon_core.shell:Creating environment hook '/home/mscrobotics2425laptop16/Robotics_Team2/install/fake_arm/share/fake_arm/hook/pythonpath.sh'
[6.401s] Level 1:colcon.colcon_core.environment:checking '/home/mscrobotics2425laptop16/Robotics_Team2/install/fake_arm/bin'
[6.401s] Level 1:colcon.colcon_core.environment:create_environment_scripts_only(fake_arm)
[6.402s] INFO:colcon.colcon_core.shell:Creating package script '/home/mscrobotics2425laptop16/Robotics_Team2/install/fake_arm/share/fake_arm/package.ps1'
[6.405s] INFO:colcon.colcon_core.shell:Creating package descriptor '/home/mscrobotics2425laptop16/Robotics_Team2/install/fake_arm/share/fake_arm/package.dsv'
[6.406s] INFO:colcon.colcon_core.shell:Creating package script '/home/mscrobotics2425laptop16/Robotics_Team2/install/fake_arm/share/fake_arm/package.sh'
[6.407s] INFO:colcon.colcon_core.shell:Creating package script '/home/mscrobotics2425laptop16/Robotics_Team2/install/fake_arm/share/fake_arm/package.bash'
[6.408s] INFO:colcon.colcon_core.shell:Creating package script '/home/mscrobotics2425laptop16/Robotics_Team2/install/fake_arm/share/fake_arm/package.zsh'
[6.409s] Level 1:colcon.colcon_core.environment:create_file_with_runtime_dependencies(/home/mscrobotics2425laptop16/Robotics_Team2/install/fake_arm/share/colcon-core/packages/fake_arm)
[6.876s] Level 1:colcon.colcon_core.environment:checking '/home/mscrobotics2425laptop16/Robotics_Team2/install/object_detection' for CMake module files
[6.877s] DEBUG:colcon.colcon_core.event_handler.log_command:Invoked command in '/home/mscrobotics2425laptop16/Robotics_Team2/src/object_detection' returned '0': PYTHONPATH=/home/mscrobotics2425laptop16/Robotics_Team2/build/object_detection/prefix_override:/usr/lib/python3/dist-packages/colcon_core/task/python/colcon_distutils_commands:/home/mscrobotics2425laptop16/Robotics_Team2/install/object_detection/lib/python3.10/site-packages:${PYTHONPATH} /usr/bin/python3 -W ignore:setup.py install is deprecated -W ignore:easy_install command is deprecated setup.py egg_info --egg-base ../../build/object_detection build --build-base /home/mscrobotics2425laptop16/Robotics_Team2/build/object_detection/build install --record /home/mscrobotics2425laptop16/Robotics_Team2/build/object_detection/install.log --single-version-externally-managed install_data
[6.878s] Level 1:colcon.colcon_core.environment:checking '/home/mscrobotics2425laptop16/Robotics_Team2/install/object_detection' for CMake config files
[6.880s] Level 1:colcon.colcon_core.environment:checking '/home/mscrobotics2425laptop16/Robotics_Team2/install/object_detection/lib'
[6.880s] Level 1:colcon.colcon_core.environment:checking '/home/mscrobotics2425laptop16/Robotics_Team2/install/object_detection/bin'
[6.880s] Level 1:colcon.colcon_core.environment:checking '/home/mscrobotics2425laptop16/Robotics_Team2/install/object_detection/lib/pkgconfig/object_detection.pc'
[6.881s] Level 1:colcon.colcon_core.environment:checking '/home/mscrobotics2425laptop16/Robotics_Team2/install/object_detection/lib/python3.10/site-packages'
[6.881s] Level 1:colcon.colcon_core.shell:create_environment_hook('object_detection', 'pythonpath')
[6.882s] INFO:colcon.colcon_core.shell:Creating environment hook '/home/mscrobotics2425laptop16/Robotics_Team2/install/object_detection/share/object_detection/hook/pythonpath.ps1'
[6.884s] INFO:colcon.colcon_core.shell:Creating environment descriptor '/home/mscrobotics2425laptop16/Robotics_Team2/install/object_detection/share/object_detection/hook/pythonpath.dsv'
[6.886s] INFO:colcon.colcon_core.shell:Creating environment hook '/home/mscrobotics2425laptop16/Robotics_Team2/install/object_detection/share/object_detection/hook/pythonpath.sh'
[6.887s] Level 1:colcon.colcon_core.environment:checking '/home/mscrobotics2425laptop16/Robotics_Team2/install/object_detection/bin'
[6.888s] Level 1:colcon.colcon_core.environment:create_environment_scripts_only(object_detection)
[6.888s] INFO:colcon.colcon_core.shell:Creating package script '/home/mscrobotics2425laptop16/Robotics_Team2/install/object_detection/share/object_detection/package.ps1'
[6.889s] INFO:colcon.colcon_core.shell:Creating package descriptor '/home/mscrobotics2425laptop16/Robotics_Team2/install/object_detection/share/object_detection/package.dsv'
[6.891s] INFO:colcon.colcon_core.shell:Creating package script '/home/mscrobotics2425laptop16/Robotics_Team2/install/object_detection/share/object_detection/package.sh'
[6.891s] INFO:colcon.colcon_core.shell:Creating package script '/home/mscrobotics2425laptop16/Robotics_Team2/install/object_detection/share/object_detection/package.bash'
[6.892s] INFO:colcon.colcon_core.shell:Creating package script '/home/mscrobotics2425laptop16/Robotics_Team2/install/object_detection/share/object_detection/package.zsh'
[6.892s] Level 1:colcon.colcon_core.environment:create_file_with_runtime_dependencies(/home/mscrobotics2425laptop16/Robotics_Team2/install/object_detection/share/colcon-core/packages/object_detection)
[6.928s] Level 1:colcon.colcon_core.environment:checking '/home/mscrobotics2425laptop16/Robotics_Team2/install/team2_nav' for CMake module files
[6.930s] DEBUG:colcon.colcon_core.event_handler.log_command:Invoked command in '/home/mscrobotics2425laptop16/Robotics_Team2/src/nav/team2_nav' returned '0': PYTHONPATH=/home/mscrobotics2425laptop16/Robotics_Team2/build/team2_nav/prefix_override:/usr/lib/python3/dist-packages/colcon_core/task/python/colcon_distutils_commands:/home/mscrobotics2425laptop16/Robotics_Team2/install/team2_nav/lib/python3.10/site-packages:${PYTHONPATH} /usr/bin/python3 -W ignore:setup.py install is deprecated -W ignore:easy_install command is deprecated setup.py egg_info --egg-base ../../../build/team2_nav build --build-base /home/mscrobotics2425laptop16/Robotics_Team2/build/team2_nav/build install --record /home/mscrobotics2425laptop16/Robotics_Team2/build/team2_nav/install.log --single-version-externally-managed install_data
[6.930s] Level 1:colcon.colcon_core.environment:checking '/home/mscrobotics2425laptop16/Robotics_Team2/install/team2_nav' for CMake config files
[6.931s] Level 1:colcon.colcon_core.environment:checking '/home/mscrobotics2425laptop16/Robotics_Team2/install/team2_nav/lib'
[6.931s] Level 1:colcon.colcon_core.environment:checking '/home/mscrobotics2425laptop16/Robotics_Team2/install/team2_nav/bin'
[6.932s] Level 1:colcon.colcon_core.environment:checking '/home/mscrobotics2425laptop16/Robotics_Team2/install/team2_nav/lib/pkgconfig/team2_nav.pc'
[6.932s] Level 1:colcon.colcon_core.environment:checking '/home/mscrobotics2425laptop16/Robotics_Team2/install/team2_nav/lib/python3.10/site-packages'
[6.932s] Level 1:colcon.colcon_core.shell:create_environment_hook('team2_nav', 'pythonpath')
[6.933s] INFO:colcon.colcon_core.shell:Creating environment hook '/home/mscrobotics2425laptop16/Robotics_Team2/install/team2_nav/share/team2_nav/hook/pythonpath.ps1'
[6.936s] INFO:colcon.colcon_core.shell:Creating environment descriptor '/home/mscrobotics2425laptop16/Robotics_Team2/install/team2_nav/share/team2_nav/hook/pythonpath.dsv'
[6.938s] INFO:colcon.colcon_core.shell:Creating environment hook '/home/mscrobotics2425laptop16/Robotics_Team2/install/team2_nav/share/team2_nav/hook/pythonpath.sh'
[6.940s] Level 1:colcon.colcon_core.environment:checking '/home/mscrobotics2425laptop16/Robotics_Team2/install/team2_nav/bin'
[6.940s] Level 1:colcon.colcon_core.environment:create_environment_scripts_only(team2_nav)
[6.941s] INFO:colcon.colcon_core.shell:Creating package script '/home/mscrobotics2425laptop16/Robotics_Team2/install/team2_nav/share/team2_nav/package.ps1'
[6.942s] INFO:colcon.colcon_core.shell:Creating package descriptor '/home/mscrobotics2425laptop16/Robotics_Team2/install/team2_nav/share/team2_nav/package.dsv'
[6.944s] INFO:colcon.colcon_core.shell:Creating package script '/home/mscrobotics2425laptop16/Robotics_Team2/install/team2_nav/share/team2_nav/package.sh'
[6.946s] INFO:colcon.colcon_core.shell:Creating package script '/home/mscrobotics2425laptop16/Robotics_Team2/install/team2_nav/share/team2_nav/package.bash'
[6.948s] INFO:colcon.colcon_core.shell:Creating package script '/home/mscrobotics2425laptop16/Robotics_Team2/install/team2_nav/share/team2_nav/package.zsh'
[6.950s] Level 1:colcon.colcon_core.environment:create_file_with_runtime_dependencies(/home/mscrobotics2425laptop16/Robotics_Team2/install/team2_nav/share/colcon-core/packages/team2_nav)
[6.954s] Level 1:colcon.colcon_core.environment:checking '/home/mscrobotics2425laptop16/Robotics_Team2/install/rpLidar_lab' for CMake module files
[6.956s] DEBUG:colcon.colcon_core.event_handler.log_command:Invoked command in '/home/mscrobotics2425laptop16/Robotics_Team2/src/rpLidar_lab' returned '0': PYTHONPATH=/home/mscrobotics2425laptop16/Robotics_Team2/build/rpLidar_lab/prefix_override:/usr/lib/python3/dist-packages/colcon_core/task/python/colcon_distutils_commands:/home/mscrobotics2425laptop16/Robotics_Team2/install/rpLidar_lab/lib/python3.10/site-packages:${PYTHONPATH} /usr/bin/python3 -W ignore:setup.py install is deprecated -W ignore:easy_install command is deprecated setup.py egg_info --egg-base ../../build/rpLidar_lab build --build-base /home/mscrobotics2425laptop16/Robotics_Team2/build/rpLidar_lab/build install --record /home/mscrobotics2425laptop16/Robotics_Team2/build/rpLidar_lab/install.log --single-version-externally-managed install_data
[6.957s] Level 1:colcon.colcon_core.environment:checking '/home/mscrobotics2425laptop16/Robotics_Team2/install/rpLidar_lab' for CMake config files
[6.958s] Level 1:colcon.colcon_core.environment:checking '/home/mscrobotics2425laptop16/Robotics_Team2/install/rpLidar_lab/lib'
[6.959s] Level 1:colcon.colcon_core.environment:checking '/home/mscrobotics2425laptop16/Robotics_Team2/install/rpLidar_lab/bin'
[6.959s] Level 1:colcon.colcon_core.environment:checking '/home/mscrobotics2425laptop16/Robotics_Team2/install/rpLidar_lab/lib/pkgconfig/rpLidar_lab.pc'
[6.959s] Level 1:colcon.colcon_core.environment:checking '/home/mscrobotics2425laptop16/Robotics_Team2/install/rpLidar_lab/lib/python3.10/site-packages'
[6.959s] Level 1:colcon.colcon_core.shell:create_environment_hook('rpLidar_lab', 'pythonpath')
[6.960s] INFO:colcon.colcon_core.shell:Creating environment hook '/home/mscrobotics2425laptop16/Robotics_Team2/install/rpLidar_lab/share/rpLidar_lab/hook/pythonpath.ps1'
[6.961s] INFO:colcon.colcon_core.shell:Creating environment descriptor '/home/mscrobotics2425laptop16/Robotics_Team2/install/rpLidar_lab/share/rpLidar_lab/hook/pythonpath.dsv'
[6.962s] INFO:colcon.colcon_core.shell:Creating environment hook '/home/mscrobotics2425laptop16/Robotics_Team2/install/rpLidar_lab/share/rpLidar_lab/hook/pythonpath.sh'
[6.963s] Level 1:colcon.colcon_core.environment:checking '/home/mscrobotics2425laptop16/Robotics_Team2/install/rpLidar_lab/bin'
[6.963s] Level 1:colcon.colcon_core.environment:create_environment_scripts_only(rpLidar_lab)
[6.964s] INFO:colcon.colcon_core.shell:Creating package script '/home/mscrobotics2425laptop16/Robotics_Team2/install/rpLidar_lab/share/rpLidar_lab/package.ps1'
[6.965s] INFO:colcon.colcon_core.shell:Creating package descriptor '/home/mscrobotics2425laptop16/Robotics_Team2/install/rpLidar_lab/share/rpLidar_lab/package.dsv'
[6.965s] INFO:colcon.colcon_core.shell:Creating package script '/home/mscrobotics2425laptop16/Robotics_Team2/install/rpLidar_lab/share/rpLidar_lab/package.sh'
[6.966s] INFO:colcon.colcon_core.shell:Creating package script '/home/mscrobotics2425laptop16/Robotics_Team2/install/rpLidar_lab/share/rpLidar_lab/package.bash'
[6.967s] INFO:colcon.colcon_core.shell:Creating package script '/home/mscrobotics2425laptop16/Robotics_Team2/install/rpLidar_lab/share/rpLidar_lab/package.zsh'
[6.967s] Level 1:colcon.colcon_core.environment:create_file_with_runtime_dependencies(/home/mscrobotics2425laptop16/Robotics_Team2/install/rpLidar_lab/share/colcon-core/packages/rpLidar_lab)
[6.968s] DEBUG:colcon.colcon_parallel_executor.executor.parallel:closing loop
[6.968s] DEBUG:colcon.colcon_parallel_executor.executor.parallel:loop closed
[6.969s] DEBUG:colcon.colcon_parallel_executor.executor.parallel:run_until_complete finished with '0'
[6.969s] DEBUG:colcon.colcon_core.event_reactor:joining thread
[6.980s] INFO:colcon.colcon_core.plugin_system:Skipping extension 'colcon_notification.desktop_notification.terminal_notifier': Not used on non-Darwin systems
[6.980s] INFO:colcon.colcon_core.plugin_system:Skipping extension 'colcon_notification.desktop_notification.win32': Not used on non-Windows systems
[6.980s] INFO:colcon.colcon_notification.desktop_notification:Sending desktop notification using 'notify2'
[7.003s] DEBUG:colcon.colcon_core.event_reactor:joined thread
[7.004s] INFO:colcon.colcon_core.shell:Creating prefix script '/home/mscrobotics2425laptop16/Robotics_Team2/install/local_setup.ps1'
[7.007s] INFO:colcon.colcon_core.shell:Creating prefix util module '/home/mscrobotics2425laptop16/Robotics_Team2/install/_local_setup_util_ps1.py'
[7.012s] INFO:colcon.colcon_core.shell:Creating prefix chain script '/home/mscrobotics2425laptop16/Robotics_Team2/install/setup.ps1'
[7.018s] INFO:colcon.colcon_core.shell:Creating prefix script '/home/mscrobotics2425laptop16/Robotics_Team2/install/local_setup.sh'
[7.019s] INFO:colcon.colcon_core.shell:Creating prefix util module '/home/mscrobotics2425laptop16/Robotics_Team2/install/_local_setup_util_sh.py'
[7.020s] INFO:colcon.colcon_core.shell:Creating prefix chain script '/home/mscrobotics2425laptop16/Robotics_Team2/install/setup.sh'
[7.022s] INFO:colcon.colcon_core.shell:Creating prefix script '/home/mscrobotics2425laptop16/Robotics_Team2/install/local_setup.bash'
[7.023s] INFO:colcon.colcon_core.shell:Creating prefix chain script '/home/mscrobotics2425laptop16/Robotics_Team2/install/setup.bash'
[7.027s] INFO:colcon.colcon_core.shell:Creating prefix script '/home/mscrobotics2425laptop16/Robotics_Team2/install/local_setup.zsh'
[7.029s] INFO:colcon.colcon_core.shell:Creating prefix chain script '/home/mscrobotics2425laptop16/Robotics_Team2/install/setup.zsh'
