[0.382s] Invoking command in '/home/mscrobotics2425laptop3/Robotics_Team2/src/manipulator': AMENT_PREFIX_PATH=/home/mscrobotics2425laptop3/Robotics_Team2/install/package_with_interfaces:${AMENT_PREFIX_PATH} CMAKE_PREFIX_PATH=/home/mscrobotics2425laptop3/Robotics_Team2/install/package_with_interfaces:${CMAKE_PREFIX_PATH} LD_LIBRARY_PATH=/home/mscrobotics2425laptop3/Robotics_Team2/install/package_with_interfaces/lib:${LD_LIBRARY_PATH} PYTHONPATH=/home/mscrobotics2425laptop3/Robotics_Team2/build/manipulator/prefix_override:/usr/lib/python3/dist-packages/colcon_core/task/python/colcon_distutils_commands:/home/mscrobotics2425laptop3/Robotics_Team2/install/manipulator/lib/python3.10/site-packages:/home/mscrobotics2425laptop3/Robotics_Team2/install/package_with_interfaces/local/lib/python3.10/dist-packages:${PYTHONPATH} /usr/bin/python3 -W ignore:setup.py install is deprecated -W ignore:easy_install command is deprecated setup.py egg_info --egg-base ../../build/manipulator build --build-base /home/mscrobotics2425laptop3/Robotics_Team2/build/manipulator/build install --record /home/mscrobotics2425laptop3/Robotics_Team2/build/manipulator/install.log --single-version-externally-managed install_data
[0.517s] running egg_info
[0.517s] creating ../../build/manipulator/manipulator.egg-info
[0.517s] writing ../../build/manipulator/manipulator.egg-info/PKG-INFO
[0.517s] writing dependency_links to ../../build/manipulator/manipulator.egg-info/dependency_links.txt
[0.517s] writing entry points to ../../build/manipulator/manipulator.egg-info/entry_points.txt
[0.517s] writing requirements to ../../build/manipulator/manipulator.egg-info/requires.txt
[0.517s] writing top-level names to ../../build/manipulator/manipulator.egg-info/top_level.txt
[0.517s] writing manifest file '../../build/manipulator/manipulator.egg-info/SOURCES.txt'
[0.519s] reading manifest file '../../build/manipulator/manipulator.egg-info/SOURCES.txt'
[0.519s] writing manifest file '../../build/manipulator/manipulator.egg-info/SOURCES.txt'
[0.519s] running build
[0.519s] running build_py
[0.519s] creating /home/mscrobotics2425laptop3/Robotics_Team2/build/manipulator/build
[0.519s] creating /home/mscrobotics2425laptop3/Robotics_Team2/build/manipulator/build/lib
[0.519s] creating /home/mscrobotics2425laptop3/Robotics_Team2/build/manipulator/build/lib/manipulator
[0.519s] copying manipulator/__init__.py -> /home/mscrobotics2425laptop3/Robotics_Team2/build/manipulator/build/lib/manipulator
[0.520s] copying manipulator/vertical_grasp.py -> /home/mscrobotics2425laptop3/Robotics_Team2/build/manipulator/build/lib/manipulator
[0.520s] copying manipulator/server_of_perception_for_grasp.py -> /home/mscrobotics2425laptop3/Robotics_Team2/build/manipulator/build/lib/manipulator
[0.520s] copying manipulator/ee_pose.py -> /home/mscrobotics2425laptop3/Robotics_Team2/build/manipulator/build/lib/manipulator
[0.520s] copying manipulator/pixel_to_base_verification.py -> /home/mscrobotics2425laptop3/Robotics_Team2/build/manipulator/build/lib/manipulator
[0.520s] creating /home/mscrobotics2425laptop3/Robotics_Team2/build/manipulator/build/lib/manipulator/grasp_transformation
[0.520s] copying manipulator/grasp_transformation/__init__.py -> /home/mscrobotics2425laptop3/Robotics_Team2/build/manipulator/build/lib/manipulator/grasp_transformation
[0.520s] copying manipulator/grasp_transformation/inverse_kinematics.py -> /home/mscrobotics2425laptop3/Robotics_Team2/build/manipulator/build/lib/manipulator/grasp_transformation
[0.520s] copying manipulator/grasp_transformation/grasp_trasformation.py -> /home/mscrobotics2425laptop3/Robotics_Team2/build/manipulator/build/lib/manipulator/grasp_transformation
[0.520s] copying manipulator/grasp_transformation/test_inverse.py -> /home/mscrobotics2425laptop3/Robotics_Team2/build/manipulator/build/lib/manipulator/grasp_transformation
[0.520s] copying manipulator/grasp_transformation/get_camera_infr.py -> /home/mscrobotics2425laptop3/Robotics_Team2/build/manipulator/build/lib/manipulator/grasp_transformation
[0.520s] running install
[0.520s] running install_lib
[0.521s] creating /home/mscrobotics2425laptop3/Robotics_Team2/install/manipulator/lib/python3.10/site-packages/manipulator
[0.521s] copying /home/mscrobotics2425laptop3/Robotics_Team2/build/manipulator/build/lib/manipulator/__init__.py -> /home/mscrobotics2425laptop3/Robotics_Team2/install/manipulator/lib/python3.10/site-packages/manipulator
[0.521s] copying /home/mscrobotics2425laptop3/Robotics_Team2/build/manipulator/build/lib/manipulator/vertical_grasp.py -> /home/mscrobotics2425laptop3/Robotics_Team2/install/manipulator/lib/python3.10/site-packages/manipulator
[0.521s] copying /home/mscrobotics2425laptop3/Robotics_Team2/build/manipulator/build/lib/manipulator/server_of_perception_for_grasp.py -> /home/mscrobotics2425laptop3/Robotics_Team2/install/manipulator/lib/python3.10/site-packages/manipulator
[0.521s] copying /home/mscrobotics2425laptop3/Robotics_Team2/build/manipulator/build/lib/manipulator/ee_pose.py -> /home/mscrobotics2425laptop3/Robotics_Team2/install/manipulator/lib/python3.10/site-packages/manipulator
[0.521s] creating /home/mscrobotics2425laptop3/Robotics_Team2/install/manipulator/lib/python3.10/site-packages/manipulator/grasp_transformation
[0.521s] copying /home/mscrobotics2425laptop3/Robotics_Team2/build/manipulator/build/lib/manipulator/grasp_transformation/__init__.py -> /home/mscrobotics2425laptop3/Robotics_Team2/install/manipulator/lib/python3.10/site-packages/manipulator/grasp_transformation
[0.521s] copying /home/mscrobotics2425laptop3/Robotics_Team2/build/manipulator/build/lib/manipulator/grasp_transformation/inverse_kinematics.py -> /home/mscrobotics2425laptop3/Robotics_Team2/install/manipulator/lib/python3.10/site-packages/manipulator/grasp_transformation
[0.521s] copying /home/mscrobotics2425laptop3/Robotics_Team2/build/manipulator/build/lib/manipulator/grasp_transformation/grasp_trasformation.py -> /home/mscrobotics2425laptop3/Robotics_Team2/install/manipulator/lib/python3.10/site-packages/manipulator/grasp_transformation
[0.521s] copying /home/mscrobotics2425laptop3/Robotics_Team2/build/manipulator/build/lib/manipulator/grasp_transformation/test_inverse.py -> /home/mscrobotics2425laptop3/Robotics_Team2/install/manipulator/lib/python3.10/site-packages/manipulator/grasp_transformation
[0.521s] copying /home/mscrobotics2425laptop3/Robotics_Team2/build/manipulator/build/lib/manipulator/grasp_transformation/get_camera_infr.py -> /home/mscrobotics2425laptop3/Robotics_Team2/install/manipulator/lib/python3.10/site-packages/manipulator/grasp_transformation
[0.521s] copying /home/mscrobotics2425laptop3/Robotics_Team2/build/manipulator/build/lib/manipulator/pixel_to_base_verification.py -> /home/mscrobotics2425laptop3/Robotics_Team2/install/manipulator/lib/python3.10/site-packages/manipulator
[0.521s] byte-compiling /home/mscrobotics2425laptop3/Robotics_Team2/install/manipulator/lib/python3.10/site-packages/manipulator/__init__.py to __init__.cpython-310.pyc
[0.522s] byte-compiling /home/mscrobotics2425laptop3/Robotics_Team2/install/manipulator/lib/python3.10/site-packages/manipulator/vertical_grasp.py to vertical_grasp.cpython-310.pyc
[0.523s] byte-compiling /home/mscrobotics2425laptop3/Robotics_Team2/install/manipulator/lib/python3.10/site-packages/manipulator/server_of_perception_for_grasp.py to server_of_perception_for_grasp.cpython-310.pyc
[0.523s] byte-compiling /home/mscrobotics2425laptop3/Robotics_Team2/install/manipulator/lib/python3.10/site-packages/manipulator/ee_pose.py to ee_pose.cpython-310.pyc
[0.524s] byte-compiling /home/mscrobotics2425laptop3/Robotics_Team2/install/manipulator/lib/python3.10/site-packages/manipulator/grasp_transformation/__init__.py to __init__.cpython-310.pyc
[0.524s] byte-compiling /home/mscrobotics2425laptop3/Robotics_Team2/install/manipulator/lib/python3.10/site-packages/manipulator/grasp_transformation/inverse_kinematics.py to inverse_kinematics.cpython-310.pyc
[0.524s] byte-compiling /home/mscrobotics2425laptop3/Robotics_Team2/install/manipulator/lib/python3.10/site-packages/manipulator/grasp_transformation/grasp_trasformation.py to grasp_trasformation.cpython-310.pyc
[0.525s] byte-compiling /home/mscrobotics2425laptop3/Robotics_Team2/install/manipulator/lib/python3.10/site-packages/manipulator/grasp_transformation/test_inverse.py to test_inverse.cpython-310.pyc
[0.525s] byte-compiling /home/mscrobotics2425laptop3/Robotics_Team2/install/manipulator/lib/python3.10/site-packages/manipulator/grasp_transformation/get_camera_infr.py to get_camera_infr.cpython-310.pyc
[0.525s] byte-compiling /home/mscrobotics2425laptop3/Robotics_Team2/install/manipulator/lib/python3.10/site-packages/manipulator/pixel_to_base_verification.py to pixel_to_base_verification.cpython-310.pyc
[0.526s] running install_data
[0.526s] creating /home/mscrobotics2425laptop3/Robotics_Team2/install/manipulator/share/ament_index
[0.526s] creating /home/mscrobotics2425laptop3/Robotics_Team2/install/manipulator/share/ament_index/resource_index
[0.526s] creating /home/mscrobotics2425laptop3/Robotics_Team2/install/manipulator/share/ament_index/resource_index/packages
[0.526s] copying resource/manipulator -> /home/mscrobotics2425laptop3/Robotics_Team2/install/manipulator/share/ament_index/resource_index/packages
[0.526s] copying package.xml -> /home/mscrobotics2425laptop3/Robotics_Team2/install/manipulator/share/manipulator
[0.526s] running install_egg_info
[0.527s] Copying ../../build/manipulator/manipulator.egg-info to /home/mscrobotics2425laptop3/Robotics_Team2/install/manipulator/lib/python3.10/site-packages/manipulator-0.0.0-py3.10.egg-info
[0.528s] running install_scripts
[0.544s] Installing ServerOfPerceptionAndGrasp script to /home/mscrobotics2425laptop3/Robotics_Team2/install/manipulator/lib/manipulator
[0.545s] Installing TEST_ServerOfPerceptionAndGrasp script to /home/mscrobotics2425laptop3/Robotics_Team2/install/manipulator/lib/manipulator
[0.545s] writing list of installed files to '/home/mscrobotics2425laptop3/Robotics_Team2/build/manipulator/install.log'
[0.569s] Invoked command in '/home/mscrobotics2425laptop3/Robotics_Team2/src/manipulator' returned '0': AMENT_PREFIX_PATH=/home/mscrobotics2425laptop3/Robotics_Team2/install/package_with_interfaces:${AMENT_PREFIX_PATH} CMAKE_PREFIX_PATH=/home/mscrobotics2425laptop3/Robotics_Team2/install/package_with_interfaces:${CMAKE_PREFIX_PATH} LD_LIBRARY_PATH=/home/mscrobotics2425laptop3/Robotics_Team2/install/package_with_interfaces/lib:${LD_LIBRARY_PATH} PYTHONPATH=/home/mscrobotics2425laptop3/Robotics_Team2/build/manipulator/prefix_override:/usr/lib/python3/dist-packages/colcon_core/task/python/colcon_distutils_commands:/home/mscrobotics2425laptop3/Robotics_Team2/install/manipulator/lib/python3.10/site-packages:/home/mscrobotics2425laptop3/Robotics_Team2/install/package_with_interfaces/local/lib/python3.10/dist-packages:${PYTHONPATH} /usr/bin/python3 -W ignore:setup.py install is deprecated -W ignore:easy_install command is deprecated setup.py egg_info --egg-base ../../build/manipulator build --build-base /home/mscrobotics2425laptop3/Robotics_Team2/build/manipulator/build install --record /home/mscrobotics2425laptop3/Robotics_Team2/build/manipulator/install.log --single-version-externally-managed install_data
