[5.784s] Invoking command in '/home/mscrobotics2425laptop16/Robotics_Team2/src/fake_arm': PYTHONPATH=/home/mscrobotics2425laptop16/Robotics_Team2/build/fake_arm/prefix_override:/usr/lib/python3/dist-packages/colcon_core/task/python/colcon_distutils_commands:/home/mscrobotics2425laptop16/Robotics_Team2/install/fake_arm/lib/python3.10/site-packages:${PYTHONPATH} /usr/bin/python3 -W ignore:setup.py install is deprecated -W ignore:easy_install command is deprecated setup.py egg_info --egg-base ../../build/fake_arm build --build-base /home/mscrobotics2425laptop16/Robotics_Team2/build/fake_arm/build install --record /home/mscrobotics2425laptop16/Robotics_Team2/build/fake_arm/install.log --single-version-externally-managed install_data
[6.370s] /home/mscrobotics2425laptop16/.local/lib/python3.10/site-packages/setuptools/_distutils/dist.py:261: UserWarning: Unknown distribution option: 'tests_require'
[6.370s]   warnings.warn(msg)
[6.694s] running egg_info
[6.759s] creating ../../build/fake_arm/fake_arm.egg-info
[6.759s] writing ../../build/fake_arm/fake_arm.egg-info/PKG-INFO
[6.761s] writing dependency_links to ../../build/fake_arm/fake_arm.egg-info/dependency_links.txt
[6.763s] writing entry points to ../../build/fake_arm/fake_arm.egg-info/entry_points.txt
[6.764s] writing requirements to ../../build/fake_arm/fake_arm.egg-info/requires.txt
[6.764s] writing top-level names to ../../build/fake_arm/fake_arm.egg-info/top_level.txt
[6.764s] writing manifest file '../../build/fake_arm/fake_arm.egg-info/SOURCES.txt'
[6.912s] reading manifest file '../../build/fake_arm/fake_arm.egg-info/SOURCES.txt'
[6.916s] writing manifest file '../../build/fake_arm/fake_arm.egg-info/SOURCES.txt'
[6.917s] running build
[6.918s] running build_py
[6.922s] creating /home/mscrobotics2425laptop16/Robotics_Team2/build/fake_arm/build/lib/fake_arm
[6.925s] copying fake_arm/fake.py -> /home/mscrobotics2425laptop16/Robotics_Team2/build/fake_arm/build/lib/fake_arm
[6.926s] copying fake_arm/__init__.py -> /home/mscrobotics2425laptop16/Robotics_Team2/build/fake_arm/build/lib/fake_arm
[6.927s] running install
[6.939s] running install_lib
[7.029s] creating /home/mscrobotics2425laptop16/Robotics_Team2/install/fake_arm/lib/python3.10/site-packages/fake_arm
[7.033s] copying /home/mscrobotics2425laptop16/Robotics_Team2/build/fake_arm/build/lib/fake_arm/fake.py -> /home/mscrobotics2425laptop16/Robotics_Team2/install/fake_arm/lib/python3.10/site-packages/fake_arm
[7.035s] copying /home/mscrobotics2425laptop16/Robotics_Team2/build/fake_arm/build/lib/fake_arm/__init__.py -> /home/mscrobotics2425laptop16/Robotics_Team2/install/fake_arm/lib/python3.10/site-packages/fake_arm
[7.038s] byte-compiling /home/mscrobotics2425laptop16/Robotics_Team2/install/fake_arm/lib/python3.10/site-packages/fake_arm/fake.py to fake.cpython-310.pyc
[7.038s] byte-compiling /home/mscrobotics2425laptop16/Robotics_Team2/install/fake_arm/lib/python3.10/site-packages/fake_arm/__init__.py to __init__.cpython-310.pyc
[7.038s] running install_data
[7.039s] creating /home/mscrobotics2425laptop16/Robotics_Team2/install/fake_arm/share/ament_index/resource_index/packages
[7.039s] copying resource/fake_arm -> /home/mscrobotics2425laptop16/Robotics_Team2/install/fake_arm/share/ament_index/resource_index/packages
[7.039s] copying package.xml -> /home/mscrobotics2425laptop16/Robotics_Team2/install/fake_arm/share/fake_arm
[7.039s] running install_egg_info
[7.144s] Copying ../../build/fake_arm/fake_arm.egg-info to /home/mscrobotics2425laptop16/Robotics_Team2/install/fake_arm/lib/python3.10/site-packages/fake_arm-0.0.0-py3.10.egg-info
[7.149s] running install_scripts
[7.908s] Installing fake script to /home/mscrobotics2425laptop16/Robotics_Team2/install/fake_arm/lib/fake_arm
[7.908s] writing list of installed files to '/home/mscrobotics2425laptop16/Robotics_Team2/build/fake_arm/install.log'
[8.040s] Invoked command in '/home/mscrobotics2425laptop16/Robotics_Team2/src/fake_arm' returned '0': PYTHONPATH=/home/mscrobotics2425laptop16/Robotics_Team2/build/fake_arm/prefix_override:/usr/lib/python3/dist-packages/colcon_core/task/python/colcon_distutils_commands:/home/mscrobotics2425laptop16/Robotics_Team2/install/fake_arm/lib/python3.10/site-packages:${PYTHONPATH} /usr/bin/python3 -W ignore:setup.py install is deprecated -W ignore:easy_install command is deprecated setup.py egg_info --egg-base ../../build/fake_arm build --build-base /home/mscrobotics2425laptop16/Robotics_Team2/build/fake_arm/build install --record /home/mscrobotics2425laptop16/Robotics_Team2/build/fake_arm/install.log --single-version-externally-managed install_data
