[1.545s] Invoking command in '/home/mscrobotics2425laptop3/Robotics_Team2/src/fake_arm': PYTHONPATH=/home/mscrobotics2425laptop3/Robotics_Team2/build/fake_arm/prefix_override:/usr/lib/python3/dist-packages/colcon_core/task/python/colcon_distutils_commands:/home/mscrobotics2425laptop3/Robotics_Team2/install/fake_arm/lib/python3.10/site-packages:${PYTHONPATH} /usr/bin/python3 -W ignore:setup.py install is deprecated -W ignore:easy_install command is deprecated setup.py egg_info --egg-base ../../build/fake_arm build --build-base /home/mscrobotics2425laptop3/Robotics_Team2/build/fake_arm/build install --record /home/mscrobotics2425laptop3/Robotics_Team2/build/fake_arm/install.log --single-version-externally-managed install_data
[1.759s] running egg_info
[1.759s] creating ../../build/fake_arm/fake_arm.egg-info
[1.760s] writing ../../build/fake_arm/fake_arm.egg-info/PKG-INFO
[1.760s] writing dependency_links to ../../build/fake_arm/fake_arm.egg-info/dependency_links.txt
[1.761s] writing entry points to ../../build/fake_arm/fake_arm.egg-info/entry_points.txt
[1.761s] writing requirements to ../../build/fake_arm/fake_arm.egg-info/requires.txt
[1.761s] writing top-level names to ../../build/fake_arm/fake_arm.egg-info/top_level.txt
[1.761s] writing manifest file '../../build/fake_arm/fake_arm.egg-info/SOURCES.txt'
[1.763s] reading manifest file '../../build/fake_arm/fake_arm.egg-info/SOURCES.txt'
[1.763s] writing manifest file '../../build/fake_arm/fake_arm.egg-info/SOURCES.txt'
[1.764s] running build
[1.764s] running build_py
[1.764s] creating /home/mscrobotics2425laptop3/Robotics_Team2/build/fake_arm/build
[1.764s] creating /home/mscrobotics2425laptop3/Robotics_Team2/build/fake_arm/build/lib
[1.765s] creating /home/mscrobotics2425laptop3/Robotics_Team2/build/fake_arm/build/lib/fake_arm
[1.765s] copying fake_arm/__init__.py -> /home/mscrobotics2425laptop3/Robotics_Team2/build/fake_arm/build/lib/fake_arm
[1.765s] copying fake_arm/fake.py -> /home/mscrobotics2425laptop3/Robotics_Team2/build/fake_arm/build/lib/fake_arm
[1.765s] running install
[1.765s] running install_lib
[1.766s] creating /home/mscrobotics2425laptop3/Robotics_Team2/install/fake_arm/lib/python3.10/site-packages/fake_arm
[1.766s] copying /home/mscrobotics2425laptop3/Robotics_Team2/build/fake_arm/build/lib/fake_arm/__init__.py -> /home/mscrobotics2425laptop3/Robotics_Team2/install/fake_arm/lib/python3.10/site-packages/fake_arm
[1.767s] copying /home/mscrobotics2425laptop3/Robotics_Team2/build/fake_arm/build/lib/fake_arm/fake.py -> /home/mscrobotics2425laptop3/Robotics_Team2/install/fake_arm/lib/python3.10/site-packages/fake_arm
[1.768s] byte-compiling /home/mscrobotics2425laptop3/Robotics_Team2/install/fake_arm/lib/python3.10/site-packages/fake_arm/__init__.py to __init__.cpython-310.pyc
[1.768s] byte-compiling /home/mscrobotics2425laptop3/Robotics_Team2/install/fake_arm/lib/python3.10/site-packages/fake_arm/fake.py to fake.cpython-310.pyc
[1.771s] running install_data
[1.771s] creating /home/mscrobotics2425laptop3/Robotics_Team2/install/fake_arm/share/ament_index
[1.771s] creating /home/mscrobotics2425laptop3/Robotics_Team2/install/fake_arm/share/ament_index/resource_index
[1.771s] creating /home/mscrobotics2425laptop3/Robotics_Team2/install/fake_arm/share/ament_index/resource_index/packages
[1.771s] copying resource/fake_arm -> /home/mscrobotics2425laptop3/Robotics_Team2/install/fake_arm/share/ament_index/resource_index/packages
[1.771s] copying package.xml -> /home/mscrobotics2425laptop3/Robotics_Team2/install/fake_arm/share/fake_arm
[1.771s] running install_egg_info
[1.772s] Copying ../../build/fake_arm/fake_arm.egg-info to /home/mscrobotics2425laptop3/Robotics_Team2/install/fake_arm/lib/python3.10/site-packages/fake_arm-0.0.0-py3.10.egg-info
[1.772s] running install_scripts
[1.804s] Installing fake script to /home/mscrobotics2425laptop3/Robotics_Team2/install/fake_arm/lib/fake_arm
[1.806s] writing list of installed files to '/home/mscrobotics2425laptop3/Robotics_Team2/build/fake_arm/install.log'
[1.859s] Invoked command in '/home/mscrobotics2425laptop3/Robotics_Team2/src/fake_arm' returned '0': PYTHONPATH=/home/mscrobotics2425laptop3/Robotics_Team2/build/fake_arm/prefix_override:/usr/lib/python3/dist-packages/colcon_core/task/python/colcon_distutils_commands:/home/mscrobotics2425laptop3/Robotics_Team2/install/fake_arm/lib/python3.10/site-packages:${PYTHONPATH} /usr/bin/python3 -W ignore:setup.py install is deprecated -W ignore:easy_install command is deprecated setup.py egg_info --egg-base ../../build/fake_arm build --build-base /home/mscrobotics2425laptop3/Robotics_Team2/build/fake_arm/build install --record /home/mscrobotics2425laptop3/Robotics_Team2/build/fake_arm/install.log --single-version-externally-managed install_data
