[4.416s] Invoking command in '/home/mscrobotics2425laptop3/Robotics_Team2/src/nav/team2_nav': PYTHONPATH=/home/mscrobotics2425laptop3/Robotics_Team2/build/team2_nav/prefix_override:/usr/lib/python3/dist-packages/colcon_core/task/python/colcon_distutils_commands:/home/mscrobotics2425laptop3/Robotics_Team2/install/team2_nav/lib/python3.10/site-packages:${PYTHONPATH} /usr/bin/python3 -W ignore:setup.py install is deprecated -W ignore:easy_install command is deprecated setup.py egg_info --egg-base ../../../build/team2_nav build --build-base /home/mscrobotics2425laptop3/Robotics_Team2/build/team2_nav/build install --record /home/mscrobotics2425laptop3/Robotics_Team2/build/team2_nav/install.log --single-version-externally-managed install_data
[5.204s] running egg_info
[5.205s] writing ../../../build/team2_nav/team2_nav.egg-info/PKG-INFO
[5.210s] writing dependency_links to ../../../build/team2_nav/team2_nav.egg-info/dependency_links.txt
[5.211s] writing entry points to ../../../build/team2_nav/team2_nav.egg-info/entry_points.txt
[5.211s] writing requirements to ../../../build/team2_nav/team2_nav.egg-info/requires.txt
[5.212s] writing top-level names to ../../../build/team2_nav/team2_nav.egg-info/top_level.txt
[5.220s] reading manifest file '../../../build/team2_nav/team2_nav.egg-info/SOURCES.txt'
[5.233s] writing manifest file '../../../build/team2_nav/team2_nav.egg-info/SOURCES.txt'
[5.233s] running build
[5.235s] running build_py
[5.235s] running install
[5.240s] running install_lib
[5.244s] running install_data
[5.248s] running install_egg_info
[5.256s] removing '/home/mscrobotics2425laptop3/Robotics_Team2/install/team2_nav/lib/python3.10/site-packages/team2_nav-0.0.0-py3.10.egg-info' (and everything under it)
[5.266s] Copying ../../../build/team2_nav/team2_nav.egg-info to /home/mscrobotics2425laptop3/Robotics_Team2/install/team2_nav/lib/python3.10/site-packages/team2_nav-0.0.0-py3.10.egg-info
[5.278s] running install_scripts
[5.333s] writing list of installed files to '/home/mscrobotics2425laptop3/Robotics_Team2/build/team2_nav/install.log'
[5.407s] Invoked command in '/home/mscrobotics2425laptop3/Robotics_Team2/src/nav/team2_nav' returned '0': PYTHONPATH=/home/mscrobotics2425laptop3/Robotics_Team2/build/team2_nav/prefix_override:/usr/lib/python3/dist-packages/colcon_core/task/python/colcon_distutils_commands:/home/mscrobotics2425laptop3/Robotics_Team2/install/team2_nav/lib/python3.10/site-packages:${PYTHONPATH} /usr/bin/python3 -W ignore:setup.py install is deprecated -W ignore:easy_install command is deprecated setup.py egg_info --egg-base ../../../build/team2_nav build --build-base /home/mscrobotics2425laptop3/Robotics_Team2/build/team2_nav/build install --record /home/mscrobotics2425laptop3/Robotics_Team2/build/team2_nav/install.log --single-version-externally-managed install_data
