[3.859s] Invoking command in '/home/mscrobotics2425laptop16/Robotics_Team2/src/nav/team2_nav': PYTHONPATH=/home/mscrobotics2425laptop16/Robotics_Team2/build/team2_nav/prefix_override:/usr/lib/python3/dist-packages/colcon_core/task/python/colcon_distutils_commands:/home/mscrobotics2425laptop16/Robotics_Team2/install/team2_nav/lib/python3.10/site-packages:${PYTHONPATH} /usr/bin/python3 -W ignore:setup.py install is deprecated -W ignore:easy_install command is deprecated setup.py egg_info --egg-base ../../../build/team2_nav build --build-base /home/mscrobotics2425laptop16/Robotics_Team2/build/team2_nav/build install --record /home/mscrobotics2425laptop16/Robotics_Team2/build/team2_nav/install.log --single-version-externally-managed install_data
[4.496s] /home/mscrobotics2425laptop16/.local/lib/python3.10/site-packages/setuptools/_distutils/dist.py:261: UserWarning: Unknown distribution option: 'tests_require'
[4.496s]   warnings.warn(msg)
[5.019s] running egg_info
[5.104s] writing ../../../build/team2_nav/team2_nav.egg-info/PKG-INFO
[5.106s] writing dependency_links to ../../../build/team2_nav/team2_nav.egg-info/dependency_links.txt
[5.111s] writing requirements to ../../../build/team2_nav/team2_nav.egg-info/requires.txt
[5.111s] writing top-level names to ../../../build/team2_nav/team2_nav.egg-info/top_level.txt
[5.279s] reading manifest file '../../../build/team2_nav/team2_nav.egg-info/SOURCES.txt'
[5.284s] writing manifest file '../../../build/team2_nav/team2_nav.egg-info/SOURCES.txt'
[5.284s] running build
[5.285s] running build_py
[5.285s] copying team2_nav/__init__.py -> /home/mscrobotics2425laptop16/Robotics_Team2/build/team2_nav/build/lib/team2_nav
[5.286s] running install
[5.302s] running install_lib
[5.382s] running install_data
[5.385s] copying resource/team2_nav -> /home/mscrobotics2425laptop16/Robotics_Team2/install/team2_nav/share/ament_index/resource_index/packages
[5.387s] copying package.xml -> /home/mscrobotics2425laptop16/Robotics_Team2/install/team2_nav/share/team2_nav
[5.387s] copying launch/leo_rover.launch.py -> /home/mscrobotics2425laptop16/Robotics_Team2/install/team2_nav/share/team2_nav/launch
[5.387s] copying launch/nav.launch.py -> /home/mscrobotics2425laptop16/Robotics_Team2/install/team2_nav/share/team2_nav/launch
[5.387s] copying config/controller.yaml -> /home/mscrobotics2425laptop16/Robotics_Team2/install/team2_nav/share/team2_nav/config
[5.390s] copying config/bt_nav.yaml -> /home/mscrobotics2425laptop16/Robotics_Team2/install/team2_nav/share/team2_nav/config
[5.391s] copying config/imu_filter_params.yaml -> /home/mscrobotics2425laptop16/Robotics_Team2/install/team2_nav/share/team2_nav/config
[5.392s] copying config/localization_params.yaml -> /home/mscrobotics2425laptop16/Robotics_Team2/install/team2_nav/share/team2_nav/config
[5.393s] copying config/planner.yaml -> /home/mscrobotics2425laptop16/Robotics_Team2/install/team2_nav/share/team2_nav/config
[5.394s] copying urdf/leo.urdf -> /home/mscrobotics2425laptop16/Robotics_Team2/install/team2_nav/share/team2_nav/urdf
[5.407s] copying meshes/Generic_100mm_lidar.stl -> /home/mscrobotics2425laptop16/Robotics_Team2/install/team2_nav/share/team2_nav/meshes
[5.407s] copying models/Wheel_outline.stl -> /home/mscrobotics2425laptop16/Robotics_Team2/install/team2_nav/share/team2_nav/models
[5.408s] copying models/Mecanum_wheel_outline.stl -> /home/mscrobotics2425laptop16/Robotics_Team2/install/team2_nav/share/team2_nav/models
[5.408s] copying models/Rocker_outline.stl -> /home/mscrobotics2425laptop16/Robotics_Team2/install/team2_nav/share/team2_nav/models
[5.408s] copying models/Chassis_outline.stl -> /home/mscrobotics2425laptop16/Robotics_Team2/install/team2_nav/share/team2_nav/models
[5.424s] copying models/WheelMecanumA.dae -> /home/mscrobotics2425laptop16/Robotics_Team2/install/team2_nav/share/team2_nav/models
[5.464s] copying models/Chassis.dae -> /home/mscrobotics2425laptop16/Robotics_Team2/install/team2_nav/share/team2_nav/models
[5.489s] copying models/Antenna.dae -> /home/mscrobotics2425laptop16/Robotics_Team2/install/team2_nav/share/team2_nav/models
[5.511s] copying models/WheelA.dae -> /home/mscrobotics2425laptop16/Robotics_Team2/install/team2_nav/share/team2_nav/models
[5.517s] copying models/Rocker.dae -> /home/mscrobotics2425laptop16/Robotics_Team2/install/team2_nav/share/team2_nav/models
[5.518s] copying models/WheelMecanumB.dae -> /home/mscrobotics2425laptop16/Robotics_Team2/install/team2_nav/share/team2_nav/models
[5.524s] copying models/WheelB.dae -> /home/mscrobotics2425laptop16/Robotics_Team2/install/team2_nav/share/team2_nav/models
[5.534s] running install_egg_info
[5.645s] removing '/home/mscrobotics2425laptop16/Robotics_Team2/install/team2_nav/lib/python3.10/site-packages/team2_nav-0.0.0-py3.10.egg-info' (and everything under it)
[5.646s] Copying ../../../build/team2_nav/team2_nav.egg-info to /home/mscrobotics2425laptop16/Robotics_Team2/install/team2_nav/lib/python3.10/site-packages/team2_nav-0.0.0-py3.10.egg-info
[5.651s] running install_scripts
[6.178s] writing list of installed files to '/home/mscrobotics2425laptop16/Robotics_Team2/build/team2_nav/install.log'
[6.268s] Invoked command in '/home/mscrobotics2425laptop16/Robotics_Team2/src/nav/team2_nav' returned '0': PYTHONPATH=/home/mscrobotics2425laptop16/Robotics_Team2/build/team2_nav/prefix_override:/usr/lib/python3/dist-packages/colcon_core/task/python/colcon_distutils_commands:/home/mscrobotics2425laptop16/Robotics_Team2/install/team2_nav/lib/python3.10/site-packages:${PYTHONPATH} /usr/bin/python3 -W ignore:setup.py install is deprecated -W ignore:easy_install command is deprecated setup.py egg_info --egg-base ../../../build/team2_nav build --build-base /home/mscrobotics2425laptop16/Robotics_Team2/build/team2_nav/build install --record /home/mscrobotics2425laptop16/Robotics_Team2/build/team2_nav/install.log --single-version-externally-managed install_data
