running egg_info
creating ../../build/object_detection/object_detection.egg-info
writing ../../build/object_detection/object_detection.egg-info/PKG-INFO
writing dependency_links to ../../build/object_detection/object_detection.egg-info/dependency_links.txt
writing entry points to ../../build/object_detection/object_detection.egg-info/entry_points.txt
writing requirements to ../../build/object_detection/object_detection.egg-info/requires.txt
writing top-level names to ../../build/object_detection/object_detection.egg-info/top_level.txt
writing manifest file '../../build/object_detection/object_detection.egg-info/SOURCES.txt'
reading manifest file '../../build/object_detection/object_detection.egg-info/SOURCES.txt'
writing manifest file '../../build/object_detection/object_detection.egg-info/SOURCES.txt'
running build
running build_py
creating /home/mscrobotics2425laptop21/Team2_Workspace/build/object_detection/build
creating /home/mscrobotics2425laptop21/Team2_Workspace/build/object_detection/build/lib
creating /home/mscrobotics2425laptop21/Team2_Workspace/build/object_detection/build/lib/object_detection
copying object_detection/__init__.py -> /home/mscrobotics2425laptop21/Team2_Workspace/build/object_detection/build/lib/object_detection
copying object_detection/collect_data.py -> /home/mscrobotics2425laptop21/Team2_Workspace/build/object_detection/build/lib/object_detection
copying object_detection/predict.py -> /home/mscrobotics2425laptop21/Team2_Workspace/build/object_detection/build/lib/object_detection
running install
running install_lib
creating /home/mscrobotics2425laptop21/Team2_Workspace/install/object_detection/lib/python3.10/site-packages/object_detection
copying /home/mscrobotics2425laptop21/Team2_Workspace/build/object_detection/build/lib/object_detection/__init__.py -> /home/mscrobotics2425laptop21/Team2_Workspace/install/object_detection/lib/python3.10/site-packages/object_detection
copying /home/mscrobotics2425laptop21/Team2_Workspace/build/object_detection/build/lib/object_detection/collect_data.py -> /home/mscrobotics2425laptop21/Team2_Workspace/install/object_detection/lib/python3.10/site-packages/object_detection
copying /home/mscrobotics2425laptop21/Team2_Workspace/build/object_detection/build/lib/object_detection/predict.py -> /home/mscrobotics2425laptop21/Team2_Workspace/install/object_detection/lib/python3.10/site-packages/object_detection
byte-compiling /home/mscrobotics2425laptop21/Team2_Workspace/install/object_detection/lib/python3.10/site-packages/object_detection/__init__.py to __init__.cpython-310.pyc
byte-compiling /home/mscrobotics2425laptop21/Team2_Workspace/install/object_detection/lib/python3.10/site-packages/object_detection/collect_data.py to collect_data.cpython-310.pyc
byte-compiling /home/mscrobotics2425laptop21/Team2_Workspace/install/object_detection/lib/python3.10/site-packages/object_detection/predict.py to predict.cpython-310.pyc
running install_data
creating /home/mscrobotics2425laptop21/Team2_Workspace/install/object_detection/share/ament_index
creating /home/mscrobotics2425laptop21/Team2_Workspace/install/object_detection/share/ament_index/resource_index
creating /home/mscrobotics2425laptop21/Team2_Workspace/install/object_detection/share/ament_index/resource_index/packages
