[6.353s] Invoking command in '/home/mscrobotics2425laptop16/Robotics_Team2/src/object_detection': PYTHONPATH=/home/mscrobotics2425laptop16/Robotics_Team2/src/build/object_detection/prefix_override:/usr/lib/python3/dist-packages/colcon_core/task/python/colcon_distutils_commands:/home/mscrobotics2425laptop16/Robotics_Team2/src/install/object_detection/lib/python3.10/site-packages:${PYTHONPATH} /usr/bin/python3 -W ignore:setup.py install is deprecated -W ignore:easy_install command is deprecated setup.py egg_info --egg-base ../build/object_detection build --build-base /home/mscrobotics2425laptop16/Robotics_Team2/src/build/object_detection/build install --record /home/mscrobotics2425laptop16/Robotics_Team2/src/build/object_detection/install.log --single-version-externally-managed install_data
[7.604s] running egg_info
[7.722s] creating ../build/object_detection/object_detection.egg-info
[7.722s] writing ../build/object_detection/object_detection.egg-info/PKG-INFO
[7.722s] writing dependency_links to ../build/object_detection/object_detection.egg-info/dependency_links.txt
[7.723s] writing entry points to ../build/object_detection/object_detection.egg-info/entry_points.txt
[7.723s] writing requirements to ../build/object_detection/object_detection.egg-info/requires.txt
[7.723s] writing top-level names to ../build/object_detection/object_detection.egg-info/top_level.txt
[7.723s] writing manifest file '../build/object_detection/object_detection.egg-info/SOURCES.txt'
[8.096s] reading manifest file '../build/object_detection/object_detection.egg-info/SOURCES.txt'
[8.101s] writing manifest file '../build/object_detection/object_detection.egg-info/SOURCES.txt'
[8.108s] running build
[8.108s] running build_py
[8.109s] creating /home/mscrobotics2425laptop16/Robotics_Team2/src/build/object_detection/build/lib/object_detection
[8.109s] copying object_detection/find_range.py -> /home/mscrobotics2425laptop16/Robotics_Team2/src/build/object_detection/build/lib/object_detection
[8.109s] copying object_detection/collect_data.py -> /home/mscrobotics2425laptop16/Robotics_Team2/src/build/object_detection/build/lib/object_detection
[8.126s] copying object_detection/test_status.py -> /home/mscrobotics2425laptop16/Robotics_Team2/src/build/object_detection/build/lib/object_detection
[8.126s] copying object_detection/__init__.py -> /home/mscrobotics2425laptop16/Robotics_Team2/src/build/object_detection/build/lib/object_detection
[8.127s] copying object_detection/color_predict.py -> /home/mscrobotics2425laptop16/Robotics_Team2/src/build/object_detection/build/lib/object_detection
[8.127s] copying object_detection/predict.py -> /home/mscrobotics2425laptop16/Robotics_Team2/src/build/object_detection/build/lib/object_detection
[8.129s] copying object_detection/predict_by_mask.py -> /home/mscrobotics2425laptop16/Robotics_Team2/src/build/object_detection/build/lib/object_detection
[8.130s] running install
[8.165s] running install_lib
[8.373s] creating /home/mscrobotics2425laptop16/Robotics_Team2/src/install/object_detection/lib/python3.10/site-packages/object_detection
[8.384s] copying /home/mscrobotics2425laptop16/Robotics_Team2/src/build/object_detection/build/lib/object_detection/find_range.py -> /home/mscrobotics2425laptop16/Robotics_Team2/src/install/object_detection/lib/python3.10/site-packages/object_detection
[8.390s] copying /home/mscrobotics2425laptop16/Robotics_Team2/src/build/object_detection/build/lib/object_detection/collect_data.py -> /home/mscrobotics2425laptop16/Robotics_Team2/src/install/object_detection/lib/python3.10/site-packages/object_detection
[8.395s] copying /home/mscrobotics2425laptop16/Robotics_Team2/src/build/object_detection/build/lib/object_detection/test_status.py -> /home/mscrobotics2425laptop16/Robotics_Team2/src/install/object_detection/lib/python3.10/site-packages/object_detection
[8.399s] copying /home/mscrobotics2425laptop16/Robotics_Team2/src/build/object_detection/build/lib/object_detection/__init__.py -> /home/mscrobotics2425laptop16/Robotics_Team2/src/install/object_detection/lib/python3.10/site-packages/object_detection
[8.399s] copying /home/mscrobotics2425laptop16/Robotics_Team2/src/build/object_detection/build/lib/object_detection/color_predict.py -> /home/mscrobotics2425laptop16/Robotics_Team2/src/install/object_detection/lib/python3.10/site-packages/object_detection
[8.400s] copying /home/mscrobotics2425laptop16/Robotics_Team2/src/build/object_detection/build/lib/object_detection/predict.py -> /home/mscrobotics2425laptop16/Robotics_Team2/src/install/object_detection/lib/python3.10/site-packages/object_detection
[8.408s] copying /home/mscrobotics2425laptop16/Robotics_Team2/src/build/object_detection/build/lib/object_detection/predict_by_mask.py -> /home/mscrobotics2425laptop16/Robotics_Team2/src/install/object_detection/lib/python3.10/site-packages/object_detection
[8.415s] byte-compiling /home/mscrobotics2425laptop16/Robotics_Team2/src/install/object_detection/lib/python3.10/site-packages/object_detection/find_range.py to find_range.cpython-310.pyc
[8.424s] byte-compiling /home/mscrobotics2425laptop16/Robotics_Team2/src/install/object_detection/lib/python3.10/site-packages/object_detection/collect_data.py to collect_data.cpython-310.pyc
[8.433s] byte-compiling /home/mscrobotics2425laptop16/Robotics_Team2/src/install/object_detection/lib/python3.10/site-packages/object_detection/test_status.py to test_status.cpython-310.pyc
[8.440s] byte-compiling /home/mscrobotics2425laptop16/Robotics_Team2/src/install/object_detection/lib/python3.10/site-packages/object_detection/__init__.py to __init__.cpython-310.pyc
[8.442s] byte-compiling /home/mscrobotics2425laptop16/Robotics_Team2/src/install/object_detection/lib/python3.10/site-packages/object_detection/color_predict.py to color_predict.cpython-310.pyc
[8.476s] byte-compiling /home/mscrobotics2425laptop16/Robotics_Team2/src/install/object_detection/lib/python3.10/site-packages/object_detection/predict.py to predict.cpython-310.pyc
[8.478s] byte-compiling /home/mscrobotics2425laptop16/Robotics_Team2/src/install/object_detection/lib/python3.10/site-packages/object_detection/predict_by_mask.py to predict_by_mask.cpython-310.pyc
[8.483s] running install_data
[8.484s] creating /home/mscrobotics2425laptop16/Robotics_Team2/src/install/object_detection/share/ament_index/resource_index/packages
[8.484s] copying resource/object_detection -> /home/mscrobotics2425laptop16/Robotics_Team2/src/install/object_detection/share/ament_index/resource_index/packages
[8.485s] copying package.xml -> /home/mscrobotics2425laptop16/Robotics_Team2/src/install/object_detection/share/object_detection
[8.489s] running install_egg_info
[8.625s] Copying ../build/object_detection/object_detection.egg-info to /home/mscrobotics2425laptop16/Robotics_Team2/src/install/object_detection/lib/python3.10/site-packages/object_detection-0.0.0-py3.10.egg-info
[8.651s] running install_scripts
[9.376s] Installing collect_data script to /home/mscrobotics2425laptop16/Robotics_Team2/src/install/object_detection/lib/object_detection
[9.377s] Installing color_predict script to /home/mscrobotics2425laptop16/Robotics_Team2/src/install/object_detection/lib/object_detection
[9.377s] Installing find_range script to /home/mscrobotics2425laptop16/Robotics_Team2/src/install/object_detection/lib/object_detection
[9.377s] Installing predict script to /home/mscrobotics2425laptop16/Robotics_Team2/src/install/object_detection/lib/object_detection
[9.377s] Installing predict_by_mask script to /home/mscrobotics2425laptop16/Robotics_Team2/src/install/object_detection/lib/object_detection
[9.379s] Installing test script to /home/mscrobotics2425laptop16/Robotics_Team2/src/install/object_detection/lib/object_detection
[9.379s] Installing test_status script to /home/mscrobotics2425laptop16/Robotics_Team2/src/install/object_detection/lib/object_detection
[9.380s] writing list of installed files to '/home/mscrobotics2425laptop16/Robotics_Team2/src/build/object_detection/install.log'
[9.500s] Invoked command in '/home/mscrobotics2425laptop16/Robotics_Team2/src/object_detection' returned '0': PYTHONPATH=/home/mscrobotics2425laptop16/Robotics_Team2/src/build/object_detection/prefix_override:/usr/lib/python3/dist-packages/colcon_core/task/python/colcon_distutils_commands:/home/mscrobotics2425laptop16/Robotics_Team2/src/install/object_detection/lib/python3.10/site-packages:${PYTHONPATH} /usr/bin/python3 -W ignore:setup.py install is deprecated -W ignore:easy_install command is deprecated setup.py egg_info --egg-base ../build/object_detection build --build-base /home/mscrobotics2425laptop16/Robotics_Team2/src/build/object_detection/build install --record /home/mscrobotics2425laptop16/Robotics_Team2/src/build/object_detection/install.log --single-version-externally-managed install_data
