[1.670s] Invoking command in '/home/mscrobotics2425laptop21/Team2_Workspace/src/object_detection': PYTHONPATH=/home/mscrobotics2425laptop21/Team2_Workspace/build/object_detection/prefix_override:/usr/lib/python3/dist-packages/colcon_core/task/python/colcon_distutils_commands:/home/mscrobotics2425laptop21/Team2_Workspace/install/object_detection/lib/python3.10/site-packages:${PYTHONPATH} /usr/bin/python3 -W ignore:setup.py install is deprecated setup.py egg_info --egg-base ../../build/object_detection build --build-base /home/mscrobotics2425laptop21/Team2_Workspace/build/object_detection/build install --record /home/mscrobotics2425laptop21/Team2_Workspace/build/object_detection/install.log --single-version-externally-managed install_data
[2.687s] running egg_info
[2.689s] writing ../../build/object_detection/object_detection.egg-info/PKG-INFO
[2.700s] writing dependency_links to ../../build/object_detection/object_detection.egg-info/dependency_links.txt
[2.712s] writing entry points to ../../build/object_detection/object_detection.egg-info/entry_points.txt
[2.718s] writing requirements to ../../build/object_detection/object_detection.egg-info/requires.txt
[2.718s] writing top-level names to ../../build/object_detection/object_detection.egg-info/top_level.txt
[2.728s] reading manifest file '../../build/object_detection/object_detection.egg-info/SOURCES.txt'
[2.763s] writing manifest file '../../build/object_detection/object_detection.egg-info/SOURCES.txt'
[2.764s] running build
[2.765s] running build_py
[2.765s] copying object_detection/predict.py -> /home/mscrobotics2425laptop21/Team2_Workspace/build/object_detection/build/lib/object_detection
[2.765s] running install
[2.766s] running install_lib
[2.769s] copying /home/mscrobotics2425laptop21/Team2_Workspace/build/object_detection/build/lib/object_detection/predict.py -> /home/mscrobotics2425laptop21/Team2_Workspace/install/object_detection/lib/python3.10/site-packages/object_detection
[2.771s] byte-compiling /home/mscrobotics2425laptop21/Team2_Workspace/install/object_detection/lib/python3.10/site-packages/object_detection/predict.py to predict.cpython-310.pyc
[2.773s] running install_data
[2.776s] running install_egg_info
[2.785s] removing '/home/mscrobotics2425laptop21/Team2_Workspace/install/object_detection/lib/python3.10/site-packages/object_detection-0.0.0-py3.10.egg-info' (and everything under it)
[2.793s] Copying ../../build/object_detection/object_detection.egg-info to /home/mscrobotics2425laptop21/Team2_Workspace/install/object_detection/lib/python3.10/site-packages/object_detection-0.0.0-py3.10.egg-info
[2.793s] running install_scripts
[2.896s] Installing collect_data script to /home/mscrobotics2425laptop21/Team2_Workspace/install/object_detection/lib/object_detection
[2.897s] Installing predict script to /home/mscrobotics2425laptop21/Team2_Workspace/install/object_detection/lib/object_detection
[2.897s] Installing test script to /home/mscrobotics2425laptop21/Team2_Workspace/install/object_detection/lib/object_detection
[2.899s] writing list of installed files to '/home/mscrobotics2425laptop21/Team2_Workspace/build/object_detection/install.log'
[3.081s] Invoked command in '/home/mscrobotics2425laptop21/Team2_Workspace/src/object_detection' returned '0': PYTHONPATH=/home/mscrobotics2425laptop21/Team2_Workspace/build/object_detection/prefix_override:/usr/lib/python3/dist-packages/colcon_core/task/python/colcon_distutils_commands:/home/mscrobotics2425laptop21/Team2_Workspace/install/object_detection/lib/python3.10/site-packages:${PYTHONPATH} /usr/bin/python3 -W ignore:setup.py install is deprecated setup.py egg_info --egg-base ../../build/object_detection build --build-base /home/mscrobotics2425laptop21/Team2_Workspace/build/object_detection/build install --record /home/mscrobotics2425laptop21/Team2_Workspace/build/object_detection/install.log --single-version-externally-managed install_data
