[4.186s] Invoking command in '/home/mscrobotics2425laptop16/Robotics_Team2/src/nav/team2_nav': PYTHONPATH=/home/mscrobotics2425laptop16/Robotics_Team2/build/team2_nav/prefix_override:/usr/lib/python3/dist-packages/colcon_core/task/python/colcon_distutils_commands:/home/mscrobotics2425laptop16/Robotics_Team2/install/team2_nav/lib/python3.10/site-packages:${PYTHONPATH} /usr/bin/python3 -W ignore:setup.py install is deprecated -W ignore:easy_install command is deprecated setup.py egg_info --egg-base ../../../build/team2_nav build --build-base /home/mscrobotics2425laptop16/Robotics_Team2/build/team2_nav/build install --record /home/mscrobotics2425laptop16/Robotics_Team2/build/team2_nav/install.log --single-version-externally-managed install_data
[4.787s] /home/mscrobotics2425laptop16/.local/lib/python3.10/site-packages/setuptools/_distutils/dist.py:261: UserWarning: Unknown distribution option: 'tests_require'
[4.788s]   warnings.warn(msg)
[5.281s] running egg_info
[5.360s] writing ../../../build/team2_nav/team2_nav.egg-info/PKG-INFO
[5.362s] writing dependency_links to ../../../build/team2_nav/team2_nav.egg-info/dependency_links.txt
[5.368s] writing requirements to ../../../build/team2_nav/team2_nav.egg-info/requires.txt
[5.368s] writing top-level names to ../../../build/team2_nav/team2_nav.egg-info/top_level.txt
[5.535s] reading manifest file '../../../build/team2_nav/team2_nav.egg-info/SOURCES.txt'
[5.541s] writing manifest file '../../../build/team2_nav/team2_nav.egg-info/SOURCES.txt'
[5.541s] running build
[5.542s] running build_py
[5.543s] copying team2_nav/__init__.py -> /home/mscrobotics2425laptop16/Robotics_Team2/build/team2_nav/build/lib/team2_nav
[5.544s] running install
[5.557s] running install_lib
[5.643s] running install_data
[5.644s] copying resource/team2_nav -> /home/mscrobotics2425laptop16/Robotics_Team2/install/team2_nav/share/ament_index/resource_index/packages
[5.645s] copying package.xml -> /home/mscrobotics2425laptop16/Robotics_Team2/install/team2_nav/share/team2_nav
[5.646s] copying launch/leo_rover.launch.py -> /home/mscrobotics2425laptop16/Robotics_Team2/install/team2_nav/share/team2_nav/launch
[5.647s] copying launch/nav.launch.py -> /home/mscrobotics2425laptop16/Robotics_Team2/install/team2_nav/share/team2_nav/launch
[5.649s] copying config/controller.yaml -> /home/mscrobotics2425laptop16/Robotics_Team2/install/team2_nav/share/team2_nav/config
[5.649s] copying config/bt_nav.yaml -> /home/mscrobotics2425laptop16/Robotics_Team2/install/team2_nav/share/team2_nav/config
[5.650s] copying config/imu_filter_params.yaml -> /home/mscrobotics2425laptop16/Robotics_Team2/install/team2_nav/share/team2_nav/config
[5.651s] copying config/localization_params.yaml -> /home/mscrobotics2425laptop16/Robotics_Team2/install/team2_nav/share/team2_nav/config
[5.651s] copying config/planner.yaml -> /home/mscrobotics2425laptop16/Robotics_Team2/install/team2_nav/share/team2_nav/config
[5.653s] copying urdf/leo.urdf -> /home/mscrobotics2425laptop16/Robotics_Team2/install/team2_nav/share/team2_nav/urdf
[5.654s] copying meshes/Generic_100mm_lidar.stl -> /home/mscrobotics2425laptop16/Robotics_Team2/install/team2_nav/share/team2_nav/meshes
[5.654s] copying models/Wheel_outline.stl -> /home/mscrobotics2425laptop16/Robotics_Team2/install/team2_nav/share/team2_nav/models
[5.656s] copying models/Mecanum_wheel_outline.stl -> /home/mscrobotics2425laptop16/Robotics_Team2/install/team2_nav/share/team2_nav/models
[5.656s] copying models/Rocker_outline.stl -> /home/mscrobotics2425laptop16/Robotics_Team2/install/team2_nav/share/team2_nav/models
[5.656s] copying models/Chassis_outline.stl -> /home/mscrobotics2425laptop16/Robotics_Team2/install/team2_nav/share/team2_nav/models
[5.658s] copying models/WheelMecanumA.dae -> /home/mscrobotics2425laptop16/Robotics_Team2/install/team2_nav/share/team2_nav/models
[5.676s] copying models/Chassis.dae -> /home/mscrobotics2425laptop16/Robotics_Team2/install/team2_nav/share/team2_nav/models
[5.705s] copying models/Antenna.dae -> /home/mscrobotics2425laptop16/Robotics_Team2/install/team2_nav/share/team2_nav/models
[5.706s] copying models/WheelA.dae -> /home/mscrobotics2425laptop16/Robotics_Team2/install/team2_nav/share/team2_nav/models
[5.711s] copying models/Rocker.dae -> /home/mscrobotics2425laptop16/Robotics_Team2/install/team2_nav/share/team2_nav/models
[5.724s] copying models/WheelMecanumB.dae -> /home/mscrobotics2425laptop16/Robotics_Team2/install/team2_nav/share/team2_nav/models
[5.740s] copying models/WheelB.dae -> /home/mscrobotics2425laptop16/Robotics_Team2/install/team2_nav/share/team2_nav/models
[5.748s] running install_egg_info
[5.828s] removing '/home/mscrobotics2425laptop16/Robotics_Team2/install/team2_nav/lib/python3.10/site-packages/team2_nav-0.0.0-py3.10.egg-info' (and everything under it)
[5.832s] Copying ../../../build/team2_nav/team2_nav.egg-info to /home/mscrobotics2425laptop16/Robotics_Team2/install/team2_nav/lib/python3.10/site-packages/team2_nav-0.0.0-py3.10.egg-info
[5.833s] running install_scripts
[6.230s] writing list of installed files to '/home/mscrobotics2425laptop16/Robotics_Team2/build/team2_nav/install.log'
[6.297s] Invoked command in '/home/mscrobotics2425laptop16/Robotics_Team2/src/nav/team2_nav' returned '0': PYTHONPATH=/home/mscrobotics2425laptop16/Robotics_Team2/build/team2_nav/prefix_override:/usr/lib/python3/dist-packages/colcon_core/task/python/colcon_distutils_commands:/home/mscrobotics2425laptop16/Robotics_Team2/install/team2_nav/lib/python3.10/site-packages:${PYTHONPATH} /usr/bin/python3 -W ignore:setup.py install is deprecated -W ignore:easy_install command is deprecated setup.py egg_info --egg-base ../../../build/team2_nav build --build-base /home/mscrobotics2425laptop16/Robotics_Team2/build/team2_nav/build install --record /home/mscrobotics2425laptop16/Robotics_Team2/build/team2_nav/install.log --single-version-externally-managed install_data
