[1.467s] Invoking command in '/home/mscrobotics2425laptop21/Team2_Workspace/src/rpLidar_lab': PYTHONPATH=/home/mscrobotics2425laptop21/Team2_Workspace/build/rpLidar_lab/prefix_override:/usr/lib/python3/dist-packages/colcon_core/task/python/colcon_distutils_commands:/home/mscrobotics2425laptop21/Team2_Workspace/install/rpLidar_lab/lib/python3.10/site-packages:${PYTHONPATH} /usr/bin/python3 -W ignore:setup.py install is deprecated setup.py egg_info --egg-base ../../build/rpLidar_lab build --build-base /home/mscrobotics2425laptop21/Team2_Workspace/build/rpLidar_lab/build install --record /home/mscrobotics2425laptop21/Team2_Workspace/build/rpLidar_lab/install.log --single-version-externally-managed install_data
[1.880s] running egg_info
[1.882s] writing ../../build/rpLidar_lab/rpLidar_lab.egg-info/PKG-INFO
[1.883s] writing dependency_links to ../../build/rpLidar_lab/rpLidar_lab.egg-info/dependency_links.txt
[1.884s] writing entry points to ../../build/rpLidar_lab/rpLidar_lab.egg-info/entry_points.txt
[1.884s] writing requirements to ../../build/rpLidar_lab/rpLidar_lab.egg-info/requires.txt
[1.884s] writing top-level names to ../../build/rpLidar_lab/rpLidar_lab.egg-info/top_level.txt
[1.890s] reading manifest file '../../build/rpLidar_lab/rpLidar_lab.egg-info/SOURCES.txt'
[1.895s] writing manifest file '../../build/rpLidar_lab/rpLidar_lab.egg-info/SOURCES.txt'
[1.895s] running build
[1.895s] running build_py
[1.896s] copying rpLidar_lab/lidar_data_collector.py -> /home/mscrobotics2425laptop21/Team2_Workspace/build/rpLidar_lab/build/lib/rpLidar_lab
[1.896s] running install
[1.897s] running install_lib
[1.899s] copying /home/mscrobotics2425laptop21/Team2_Workspace/build/rpLidar_lab/build/lib/rpLidar_lab/lidar_data_collector.py -> /home/mscrobotics2425laptop21/Team2_Workspace/install/rpLidar_lab/lib/python3.10/site-packages/rpLidar_lab
[1.901s] byte-compiling /home/mscrobotics2425laptop21/Team2_Workspace/install/rpLidar_lab/lib/python3.10/site-packages/rpLidar_lab/lidar_data_collector.py to lidar_data_collector.cpython-310.pyc
[1.903s] running install_data
[1.903s] running install_egg_info
[1.908s] removing '/home/mscrobotics2425laptop21/Team2_Workspace/install/rpLidar_lab/lib/python3.10/site-packages/rpLidar_lab-0.0.0-py3.10.egg-info' (and everything under it)
[1.909s] Copying ../../build/rpLidar_lab/rpLidar_lab.egg-info to /home/mscrobotics2425laptop21/Team2_Workspace/install/rpLidar_lab/lib/python3.10/site-packages/rpLidar_lab-0.0.0-py3.10.egg-info
[1.912s] running install_scripts
[1.956s] Installing lidar_lab script to /home/mscrobotics2425laptop21/Team2_Workspace/install/rpLidar_lab/lib/rpLidar_lab
[1.958s] writing list of installed files to '/home/mscrobotics2425laptop21/Team2_Workspace/build/rpLidar_lab/install.log'
[2.013s] Invoked command in '/home/mscrobotics2425laptop21/Team2_Workspace/src/rpLidar_lab' returned '0': PYTHONPATH=/home/mscrobotics2425laptop21/Team2_Workspace/build/rpLidar_lab/prefix_override:/usr/lib/python3/dist-packages/colcon_core/task/python/colcon_distutils_commands:/home/mscrobotics2425laptop21/Team2_Workspace/install/rpLidar_lab/lib/python3.10/site-packages:${PYTHONPATH} /usr/bin/python3 -W ignore:setup.py install is deprecated setup.py egg_info --egg-base ../../build/rpLidar_lab build --build-base /home/mscrobotics2425laptop21/Team2_Workspace/build/rpLidar_lab/build install --record /home/mscrobotics2425laptop21/Team2_Workspace/build/rpLidar_lab/install.log --single-version-externally-managed install_data
